TCP Ping trying to connect to server 192.168.1.110 (192.168.1.110) on port 1491
 ... connected to Pong server: asking for 501 repetitions of 8192 bytes TCP messages
 ... Pong server agreed :-)
tcp_ping received 8192 bytes back
Round trip time was 3.06048 milliseconds in repetition 1
tcp_ping received 8192 bytes back
Round trip time was 2.83073 milliseconds in repetition 2
tcp_ping received 8192 bytes back
Round trip time was 2.15421 milliseconds in repetition 3
tcp_ping received 8192 bytes back
Round trip time was 2.52596 milliseconds in repetition 4
tcp_ping received 8192 bytes back
Round trip time was 2.84988 milliseconds in repetition 5
tcp_ping received 8192 bytes back
Round trip time was 2.55335 milliseconds in repetition 6
tcp_ping received 8192 bytes back
Round trip time was 2.3845 milliseconds in repetition 7
tcp_ping received 8192 bytes back
Round trip time was 2.14528 milliseconds in repetition 8
tcp_ping received 8192 bytes back
Round trip time was 2.62775 milliseconds in repetition 9
tcp_ping received 8192 bytes back
Round trip time was 2.56442 milliseconds in repetition 10
tcp_ping received 8192 bytes back
Round trip time was 2.292 milliseconds in repetition 11
tcp_ping received 8192 bytes back
Round trip time was 2.40247 milliseconds in repetition 12
tcp_ping received 8192 bytes back
Round trip time was 3.1599 milliseconds in repetition 13
tcp_ping received 8192 bytes back
Round trip time was 2.32709 milliseconds in repetition 14
tcp_ping received 8192 bytes back
Round trip time was 2.41659 milliseconds in repetition 15
tcp_ping received 8192 bytes back
Round trip time was 2.86871 milliseconds in repetition 16
tcp_ping received 8192 bytes back
Round trip time was 2.34984 milliseconds in repetition 17
tcp_ping received 8192 bytes back
Round trip time was 2.58752 milliseconds in repetition 18
tcp_ping received 8192 bytes back
Round trip time was 3.04615 milliseconds in repetition 19
tcp_ping received 8192 bytes back
Round trip time was 2.39446 milliseconds in repetition 20
tcp_ping received 8192 bytes back
Round trip time was 2.445 milliseconds in repetition 21
tcp_ping received 8192 bytes back
Round trip time was 2.16131 milliseconds in repetition 22
tcp_ping received 8192 bytes back
Round trip time was 3.04653 milliseconds in repetition 23
tcp_ping received 8192 bytes back
Round trip time was 2.05703 milliseconds in repetition 24
tcp_ping received 8192 bytes back
Round trip time was 2.22091 milliseconds in repetition 25
tcp_ping received 8192 bytes back
Round trip time was 2.56171 milliseconds in repetition 26
tcp_ping received 8192 bytes back
Round trip time was 3.01346 milliseconds in repetition 27
tcp_ping received 8192 bytes back
Round trip time was 2.37127 milliseconds in repetition 28
tcp_ping received 8192 bytes back
Round trip time was 2.45582 milliseconds in repetition 29
tcp_ping received 8192 bytes back
Round trip time was 3.01975 milliseconds in repetition 30
tcp_ping received 8192 bytes back
Round trip time was 2.47277 milliseconds in repetition 31
tcp_ping received 8192 bytes back
Round trip time was 2.35154 milliseconds in repetition 32
tcp_ping received 8192 bytes back
Round trip time was 3.01693 milliseconds in repetition 33
tcp_ping received 8192 bytes back
Round trip time was 4.19816 milliseconds in repetition 34
tcp_ping received 8192 bytes back
Round trip time was 2.39733 milliseconds in repetition 35
tcp_ping received 8192 bytes back
Round trip time was 2.43732 milliseconds in repetition 36
tcp_ping received 8192 bytes back
Round trip time was 2.20909 milliseconds in repetition 37
tcp_ping received 8192 bytes back
Round trip time was 2.64874 milliseconds in repetition 38
tcp_ping received 8192 bytes back
Round trip time was 2.42141 milliseconds in repetition 39
tcp_ping received 8192 bytes back
Round trip time was 2.32479 milliseconds in repetition 40
tcp_ping received 8192 bytes back
Round trip time was 2.40249 milliseconds in repetition 41
tcp_ping received 8192 bytes back
Round trip time was 2.08731 milliseconds in repetition 42
tcp_ping received 8192 bytes back
Round trip time was 2.50873 milliseconds in repetition 43
tcp_ping received 8192 bytes back
Round trip time was 2.3847 milliseconds in repetition 44
tcp_ping received 8192 bytes back
Round trip time was 2.45743 milliseconds in repetition 45
tcp_ping received 8192 bytes back
Round trip time was 2.51159 milliseconds in repetition 46
tcp_ping received 8192 bytes back
Round trip time was 2.10141 milliseconds in repetition 47
tcp_ping received 8192 bytes back
Round trip time was 2.40965 milliseconds in repetition 48
tcp_ping received 8192 bytes back
Round trip time was 2.43199 milliseconds in repetition 49
tcp_ping received 8192 bytes back
Round trip time was 2.37807 milliseconds in repetition 50
tcp_ping received 8192 bytes back
Round trip time was 2.62122 milliseconds in repetition 51
tcp_ping received 8192 bytes back
Round trip time was 2.85062 milliseconds in repetition 52
tcp_ping received 8192 bytes back
Round trip time was 2.46199 milliseconds in repetition 53
tcp_ping received 8192 bytes back
Round trip time was 2.63966 milliseconds in repetition 54
tcp_ping received 8192 bytes back
Round trip time was 2.96574 milliseconds in repetition 55
tcp_ping received 8192 bytes back
Round trip time was 2.28787 milliseconds in repetition 56
tcp_ping received 8192 bytes back
Round trip time was 2.51633 milliseconds in repetition 57
tcp_ping received 8192 bytes back
Round trip time was 3.11113 milliseconds in repetition 58
tcp_ping received 8192 bytes back
Round trip time was 2.36709 milliseconds in repetition 59
tcp_ping received 8192 bytes back
Round trip time was 2.48514 milliseconds in repetition 60
tcp_ping received 8192 bytes back
Round trip time was 3.01856 milliseconds in repetition 61
tcp_ping received 8192 bytes back
Round trip time was 2.22622 milliseconds in repetition 62
tcp_ping received 8192 bytes back
Round trip time was 2.14602 milliseconds in repetition 63
tcp_ping received 8192 bytes back
Round trip time was 2.34623 milliseconds in repetition 64
tcp_ping received 8192 bytes back
Round trip time was 2.23359 milliseconds in repetition 65
tcp_ping received 8192 bytes back
Round trip time was 2.68573 milliseconds in repetition 66
tcp_ping received 8192 bytes back
Round trip time was 2.39819 milliseconds in repetition 67
tcp_ping received 8192 bytes back
Round trip time was 2.42586 milliseconds in repetition 68
tcp_ping received 8192 bytes back
Round trip time was 2.19533 milliseconds in repetition 69
tcp_ping received 8192 bytes back
Round trip time was 2.04549 milliseconds in repetition 70
tcp_ping received 8192 bytes back
Round trip time was 3.07685 milliseconds in repetition 71
tcp_ping received 8192 bytes back
Round trip time was 2.32254 milliseconds in repetition 72
tcp_ping received 8192 bytes back
Round trip time was 2.40535 milliseconds in repetition 73
tcp_ping received 8192 bytes back
Round trip time was 3.13467 milliseconds in repetition 74
tcp_ping received 8192 bytes back
Round trip time was 2.32803 milliseconds in repetition 75
tcp_ping received 8192 bytes back
Round trip time was 2.26661 milliseconds in repetition 76
tcp_ping received 8192 bytes back
Round trip time was 2.32199 milliseconds in repetition 77
tcp_ping received 8192 bytes back
Round trip time was 2.38055 milliseconds in repetition 78
tcp_ping received 8192 bytes back
Round trip time was 2.25536 milliseconds in repetition 79
tcp_ping received 8192 bytes back
Round trip time was 2.57223 milliseconds in repetition 80
tcp_ping received 8192 bytes back
Round trip time was 2.18725 milliseconds in repetition 81
tcp_ping received 8192 bytes back
Round trip time was 2.12841 milliseconds in repetition 82
tcp_ping received 8192 bytes back
Round trip time was 2.37641 milliseconds in repetition 83
tcp_ping received 8192 bytes back
Round trip time was 3.05163 milliseconds in repetition 84
tcp_ping received 8192 bytes back
Round trip time was 2.27577 milliseconds in repetition 85
tcp_ping received 8192 bytes back
Round trip time was 2.48704 milliseconds in repetition 86
tcp_ping received 8192 bytes back
Round trip time was 3.18747 milliseconds in repetition 87
tcp_ping received 8192 bytes back
Round trip time was 2.26449 milliseconds in repetition 88
tcp_ping received 8192 bytes back
Round trip time was 2.4054 milliseconds in repetition 89
tcp_ping received 8192 bytes back
Round trip time was 2.30168 milliseconds in repetition 90
tcp_ping received 8192 bytes back
Round trip time was 2.47636 milliseconds in repetition 91
tcp_ping received 8192 bytes back
Round trip time was 2.34403 milliseconds in repetition 92
tcp_ping received 8192 bytes back
Round trip time was 22.6386 milliseconds in repetition 93
tcp_ping received 8192 bytes back
Round trip time was 2.32478 milliseconds in repetition 94
tcp_ping received 8192 bytes back
Round trip time was 2.97489 milliseconds in repetition 95
tcp_ping received 8192 bytes back
Round trip time was 14.458 milliseconds in repetition 96
tcp_ping received 8192 bytes back
Round trip time was 2.16123 milliseconds in repetition 97
tcp_ping received 8192 bytes back
Round trip time was 2.54061 milliseconds in repetition 98
tcp_ping received 8192 bytes back
Round trip time was 2.78823 milliseconds in repetition 99
tcp_ping received 8192 bytes back
Round trip time was 2.80239 milliseconds in repetition 100
tcp_ping received 8192 bytes back
Round trip time was 3.23563 milliseconds in repetition 101
tcp_ping received 8192 bytes back
Round trip time was 2.38079 milliseconds in repetition 102
tcp_ping received 8192 bytes back
Round trip time was 2.56553 milliseconds in repetition 103
tcp_ping received 8192 bytes back
Round trip time was 2.5628 milliseconds in repetition 104
tcp_ping received 8192 bytes back
Round trip time was 2.59854 milliseconds in repetition 105
tcp_ping received 8192 bytes back
Round trip time was 2.52247 milliseconds in repetition 106
tcp_ping received 8192 bytes back
Round trip time was 3.20683 milliseconds in repetition 107
tcp_ping received 8192 bytes back
Round trip time was 2.33524 milliseconds in repetition 108
tcp_ping received 8192 bytes back
Round trip time was 2.65628 milliseconds in repetition 109
tcp_ping received 8192 bytes back
Round trip time was 2.95645 milliseconds in repetition 110
tcp_ping received 8192 bytes back
Round trip time was 2.38168 milliseconds in repetition 111
tcp_ping received 8192 bytes back
Round trip time was 2.39043 milliseconds in repetition 112
tcp_ping received 8192 bytes back
Round trip time was 2.90243 milliseconds in repetition 113
tcp_ping received 8192 bytes back
Round trip time was 2.44377 milliseconds in repetition 114
tcp_ping received 8192 bytes back
Round trip time was 3.62755 milliseconds in repetition 115
tcp_ping received 8192 bytes back
Round trip time was 3.156 milliseconds in repetition 116
tcp_ping received 8192 bytes back
Round trip time was 3.13882 milliseconds in repetition 117
tcp_ping received 8192 bytes back
Round trip time was 2.25107 milliseconds in repetition 118
tcp_ping received 8192 bytes back
Round trip time was 2.45816 milliseconds in repetition 119
tcp_ping received 8192 bytes back
Round trip time was 2.80153 milliseconds in repetition 120
tcp_ping received 8192 bytes back
Round trip time was 2.40354 milliseconds in repetition 121
tcp_ping received 8192 bytes back
Round trip time was 4.15101 milliseconds in repetition 122
tcp_ping received 8192 bytes back
Round trip time was 3.01079 milliseconds in repetition 123
tcp_ping received 8192 bytes back
Round trip time was 5.49044 milliseconds in repetition 124
tcp_ping received 8192 bytes back
Round trip time was 2.98546 milliseconds in repetition 125
tcp_ping received 8192 bytes back
Round trip time was 10.8952 milliseconds in repetition 126
tcp_ping received 8192 bytes back
Round trip time was 2.99436 milliseconds in repetition 127
tcp_ping received 8192 bytes back
Round trip time was 2.50746 milliseconds in repetition 128
tcp_ping received 8192 bytes back
Round trip time was 2.17272 milliseconds in repetition 129
tcp_ping received 8192 bytes back
Round trip time was 3.13426 milliseconds in repetition 130
tcp_ping received 8192 bytes back
Round trip time was 2.53139 milliseconds in repetition 131
tcp_ping received 8192 bytes back
Round trip time was 4.72798 milliseconds in repetition 132
tcp_ping received 8192 bytes back
Round trip time was 3.28188 milliseconds in repetition 133
tcp_ping received 8192 bytes back
Round trip time was 2.44503 milliseconds in repetition 134
tcp_ping received 8192 bytes back
Round trip time was 2.91748 milliseconds in repetition 135
tcp_ping received 8192 bytes back
Round trip time was 2.85158 milliseconds in repetition 136
tcp_ping received 8192 bytes back
Round trip time was 3.06149 milliseconds in repetition 137
tcp_ping received 8192 bytes back
Round trip time was 3.05993 milliseconds in repetition 138
tcp_ping received 8192 bytes back
Round trip time was 2.98212 milliseconds in repetition 139
tcp_ping received 8192 bytes back
Round trip time was 2.19326 milliseconds in repetition 140
tcp_ping received 8192 bytes back
Round trip time was 2.60963 milliseconds in repetition 141
tcp_ping received 8192 bytes back
Round trip time was 2.37008 milliseconds in repetition 142
tcp_ping received 8192 bytes back
Round trip time was 2.48092 milliseconds in repetition 143
tcp_ping received 8192 bytes back
Round trip time was 3.01721 milliseconds in repetition 144
tcp_ping received 8192 bytes back
Round trip time was 3.13084 milliseconds in repetition 145
tcp_ping received 8192 bytes back
Round trip time was 3.03362 milliseconds in repetition 146
tcp_ping received 8192 bytes back
Round trip time was 2.39667 milliseconds in repetition 147
tcp_ping received 8192 bytes back
Round trip time was 2.40217 milliseconds in repetition 148
tcp_ping received 8192 bytes back
Round trip time was 2.45413 milliseconds in repetition 149
tcp_ping received 8192 bytes back
Round trip time was 2.44117 milliseconds in repetition 150
tcp_ping received 8192 bytes back
Round trip time was 3.12498 milliseconds in repetition 151
tcp_ping received 8192 bytes back
Round trip time was 2.52771 milliseconds in repetition 152
tcp_ping received 8192 bytes back
Round trip time was 2.55884 milliseconds in repetition 153
tcp_ping received 8192 bytes back
Round trip time was 2.13218 milliseconds in repetition 154
tcp_ping received 8192 bytes back
Round trip time was 2.38745 milliseconds in repetition 155
tcp_ping received 8192 bytes back
Round trip time was 2.41102 milliseconds in repetition 156
tcp_ping received 8192 bytes back
Round trip time was 2.52699 milliseconds in repetition 157
tcp_ping received 8192 bytes back
Round trip time was 2.4527 milliseconds in repetition 158
tcp_ping received 8192 bytes back
Round trip time was 2.66311 milliseconds in repetition 159
tcp_ping received 8192 bytes back
Round trip time was 2.68172 milliseconds in repetition 160
tcp_ping received 8192 bytes back
Round trip time was 2.25782 milliseconds in repetition 161
tcp_ping received 8192 bytes back
Round trip time was 3.17226 milliseconds in repetition 162
tcp_ping received 8192 bytes back
Round trip time was 2.48238 milliseconds in repetition 163
tcp_ping received 8192 bytes back
Round trip time was 2.46595 milliseconds in repetition 164
tcp_ping received 8192 bytes back
Round trip time was 3.15097 milliseconds in repetition 165
tcp_ping received 8192 bytes back
Round trip time was 2.70904 milliseconds in repetition 166
tcp_ping received 8192 bytes back
Round trip time was 2.2716 milliseconds in repetition 167
tcp_ping received 8192 bytes back
Round trip time was 3.22957 milliseconds in repetition 168
tcp_ping received 8192 bytes back
Round trip time was 2.18807 milliseconds in repetition 169
tcp_ping received 8192 bytes back
Round trip time was 2.41615 milliseconds in repetition 170
tcp_ping received 8192 bytes back
Round trip time was 2.26446 milliseconds in repetition 171
tcp_ping received 8192 bytes back
Round trip time was 2.32426 milliseconds in repetition 172
tcp_ping received 8192 bytes back
Round trip time was 2.46686 milliseconds in repetition 173
tcp_ping received 8192 bytes back
Round trip time was 2.44069 milliseconds in repetition 174
tcp_ping received 8192 bytes back
Round trip time was 2.47632 milliseconds in repetition 175
tcp_ping received 8192 bytes back
Round trip time was 3.17562 milliseconds in repetition 176
tcp_ping received 8192 bytes back
Round trip time was 2.22511 milliseconds in repetition 177
tcp_ping received 8192 bytes back
Round trip time was 2.57623 milliseconds in repetition 178
tcp_ping received 8192 bytes back
Round trip time was 2.65222 milliseconds in repetition 179
tcp_ping received 8192 bytes back
Round trip time was 2.48338 milliseconds in repetition 180
tcp_ping received 8192 bytes back
Round trip time was 2.68276 milliseconds in repetition 181
tcp_ping received 8192 bytes back
Round trip time was 3.19725 milliseconds in repetition 182
tcp_ping received 8192 bytes back
Round trip time was 2.28635 milliseconds in repetition 183
tcp_ping received 8192 bytes back
Round trip time was 2.63511 milliseconds in repetition 184
tcp_ping received 8192 bytes back
Round trip time was 2.69765 milliseconds in repetition 185
tcp_ping received 8192 bytes back
Round trip time was 2.59621 milliseconds in repetition 186
tcp_ping received 8192 bytes back
Round trip time was 2.4622 milliseconds in repetition 187
tcp_ping received 8192 bytes back
Round trip time was 3.25928 milliseconds in repetition 188
tcp_ping received 8192 bytes back
Round trip time was 2.26821 milliseconds in repetition 189
tcp_ping received 8192 bytes back
Round trip time was 2.62918 milliseconds in repetition 190
tcp_ping received 8192 bytes back
Round trip time was 2.26262 milliseconds in repetition 191
tcp_ping received 8192 bytes back
Round trip time was 2.50798 milliseconds in repetition 192
tcp_ping received 8192 bytes back
Round trip time was 2.45012 milliseconds in repetition 193
tcp_ping received 8192 bytes back
Round trip time was 2.20454 milliseconds in repetition 194
tcp_ping received 8192 bytes back
Round trip time was 2.52329 milliseconds in repetition 195
tcp_ping received 8192 bytes back
Round trip time was 2.54229 milliseconds in repetition 196
tcp_ping received 8192 bytes back
Round trip time was 2.6358 milliseconds in repetition 197
tcp_ping received 8192 bytes back
Round trip time was 2.47933 milliseconds in repetition 198
tcp_ping received 8192 bytes back
Round trip time was 3.08762 milliseconds in repetition 199
tcp_ping received 8192 bytes back
Round trip time was 2.31725 milliseconds in repetition 200
tcp_ping received 8192 bytes back
Round trip time was 2.53306 milliseconds in repetition 201
tcp_ping received 8192 bytes back
Round trip time was 2.8845 milliseconds in repetition 202
tcp_ping received 8192 bytes back
Round trip time was 2.495 milliseconds in repetition 203
tcp_ping received 8192 bytes back
Round trip time was 2.12906 milliseconds in repetition 204
tcp_ping received 8192 bytes back
Round trip time was 2.36291 milliseconds in repetition 205
tcp_ping received 8192 bytes back
Round trip time was 2.42498 milliseconds in repetition 206
tcp_ping received 8192 bytes back
Round trip time was 2.61461 milliseconds in repetition 207
tcp_ping received 8192 bytes back
Round trip time was 2.58715 milliseconds in repetition 208
tcp_ping received 8192 bytes back
Round trip time was 2.24026 milliseconds in repetition 209
tcp_ping received 8192 bytes back
Round trip time was 2.96973 milliseconds in repetition 210
tcp_ping received 8192 bytes back
Round trip time was 2.52718 milliseconds in repetition 211
tcp_ping received 8192 bytes back
Round trip time was 2.50163 milliseconds in repetition 212
tcp_ping received 8192 bytes back
Round trip time was 3.15069 milliseconds in repetition 213
tcp_ping received 8192 bytes back
Round trip time was 2.43498 milliseconds in repetition 214
tcp_ping received 8192 bytes back
Round trip time was 2.3981 milliseconds in repetition 215
tcp_ping received 8192 bytes back
Round trip time was 2.91673 milliseconds in repetition 216
tcp_ping received 8192 bytes back
Round trip time was 2.25975 milliseconds in repetition 217
tcp_ping received 8192 bytes back
Round trip time was 2.56276 milliseconds in repetition 218
tcp_ping received 8192 bytes back
Round trip time was 3.10134 milliseconds in repetition 219
tcp_ping received 8192 bytes back
Round trip time was 2.52588 milliseconds in repetition 220
tcp_ping received 8192 bytes back
Round trip time was 2.38635 milliseconds in repetition 221
tcp_ping received 8192 bytes back
Round trip time was 2.92256 milliseconds in repetition 222
tcp_ping received 8192 bytes back
Round trip time was 2.57238 milliseconds in repetition 223
tcp_ping received 8192 bytes back
Round trip time was 2.48895 milliseconds in repetition 224
tcp_ping received 8192 bytes back
Round trip time was 3.26024 milliseconds in repetition 225
tcp_ping received 8192 bytes back
Round trip time was 2.15143 milliseconds in repetition 226
tcp_ping received 8192 bytes back
Round trip time was 2.48071 milliseconds in repetition 227
tcp_ping received 8192 bytes back
Round trip time was 2.80416 milliseconds in repetition 228
tcp_ping received 8192 bytes back
Round trip time was 2.70599 milliseconds in repetition 229
tcp_ping received 8192 bytes back
Round trip time was 2.43652 milliseconds in repetition 230
tcp_ping received 8192 bytes back
Round trip time was 2.75792 milliseconds in repetition 231
tcp_ping received 8192 bytes back
Round trip time was 2.69122 milliseconds in repetition 232
tcp_ping received 8192 bytes back
Round trip time was 2.4657 milliseconds in repetition 233
tcp_ping received 8192 bytes back
Round trip time was 2.07057 milliseconds in repetition 234
tcp_ping received 8192 bytes back
Round trip time was 2.55468 milliseconds in repetition 235
tcp_ping received 8192 bytes back
Round trip time was 2.15802 milliseconds in repetition 236
tcp_ping received 8192 bytes back
Round trip time was 2.6657 milliseconds in repetition 237
tcp_ping received 8192 bytes back
Round trip time was 2.48985 milliseconds in repetition 238
tcp_ping received 8192 bytes back
Round trip time was 2.08005 milliseconds in repetition 239
tcp_ping received 8192 bytes back
Round trip time was 2.44192 milliseconds in repetition 240
tcp_ping received 8192 bytes back
Round trip time was 2.40241 milliseconds in repetition 241
tcp_ping received 8192 bytes back
Round trip time was 2.45814 milliseconds in repetition 242
tcp_ping received 8192 bytes back
Round trip time was 2.24331 milliseconds in repetition 243
tcp_ping received 8192 bytes back
Round trip time was 3.26777 milliseconds in repetition 244
tcp_ping received 8192 bytes back
Round trip time was 2.40872 milliseconds in repetition 245
tcp_ping received 8192 bytes back
Round trip time was 2.45618 milliseconds in repetition 246
tcp_ping received 8192 bytes back
Round trip time was 3.19268 milliseconds in repetition 247
tcp_ping received 8192 bytes back
Round trip time was 2.27835 milliseconds in repetition 248
tcp_ping received 8192 bytes back
Round trip time was 2.41835 milliseconds in repetition 249
tcp_ping received 8192 bytes back
Round trip time was 3.95715 milliseconds in repetition 250
tcp_ping received 8192 bytes back
Round trip time was 2.21692 milliseconds in repetition 251
tcp_ping received 8192 bytes back
Round trip time was 2.38355 milliseconds in repetition 252
tcp_ping received 8192 bytes back
Round trip time was 2.34368 milliseconds in repetition 253
tcp_ping received 8192 bytes back
Round trip time was 2.45897 milliseconds in repetition 254
tcp_ping received 8192 bytes back
Round trip time was 2.55267 milliseconds in repetition 255
tcp_ping received 8192 bytes back
Round trip time was 2.04916 milliseconds in repetition 256
tcp_ping received 8192 bytes back
Round trip time was 2.60922 milliseconds in repetition 257
tcp_ping received 8192 bytes back
Round trip time was 2.60123 milliseconds in repetition 258
tcp_ping received 8192 bytes back
Round trip time was 2.29368 milliseconds in repetition 259
tcp_ping received 8192 bytes back
Round trip time was 2.369 milliseconds in repetition 260
tcp_ping received 8192 bytes back
Round trip time was 2.14573 milliseconds in repetition 261
tcp_ping received 8192 bytes back
Round trip time was 2.44187 milliseconds in repetition 262
tcp_ping received 8192 bytes back
Round trip time was 2.50564 milliseconds in repetition 263
tcp_ping received 8192 bytes back
Round trip time was 4.29536 milliseconds in repetition 264
tcp_ping received 8192 bytes back
Round trip time was 2.16134 milliseconds in repetition 265
tcp_ping received 8192 bytes back
Round trip time was 2.49185 milliseconds in repetition 266
tcp_ping received 8192 bytes back
Round trip time was 2.22982 milliseconds in repetition 267
tcp_ping received 8192 bytes back
Round trip time was 2.98916 milliseconds in repetition 268
tcp_ping received 8192 bytes back
Round trip time was 2.52741 milliseconds in repetition 269
tcp_ping received 8192 bytes back
Round trip time was 3.20602 milliseconds in repetition 270
tcp_ping received 8192 bytes back
Round trip time was 2.32524 milliseconds in repetition 271
tcp_ping received 8192 bytes back
Round trip time was 2.38956 milliseconds in repetition 272
tcp_ping received 8192 bytes back
Round trip time was 3.20417 milliseconds in repetition 273
tcp_ping received 8192 bytes back
Round trip time was 2.24342 milliseconds in repetition 274
tcp_ping received 8192 bytes back
Round trip time was 2.59693 milliseconds in repetition 275
tcp_ping received 8192 bytes back
Round trip time was 2.75696 milliseconds in repetition 276
tcp_ping received 8192 bytes back
Round trip time was 2.3811 milliseconds in repetition 277
tcp_ping received 8192 bytes back
Round trip time was 2.41215 milliseconds in repetition 278
tcp_ping received 8192 bytes back
Round trip time was 3.17703 milliseconds in repetition 279
tcp_ping received 8192 bytes back
Round trip time was 2.50525 milliseconds in repetition 280
tcp_ping received 8192 bytes back
Round trip time was 2.27076 milliseconds in repetition 281
tcp_ping received 8192 bytes back
Round trip time was 5.41546 milliseconds in repetition 282
tcp_ping received 8192 bytes back
Round trip time was 2.99056 milliseconds in repetition 283
tcp_ping received 8192 bytes back
Round trip time was 2.07402 milliseconds in repetition 284
tcp_ping received 8192 bytes back
Round trip time was 2.44092 milliseconds in repetition 285
tcp_ping received 8192 bytes back
Round trip time was 2.62201 milliseconds in repetition 286
tcp_ping received 8192 bytes back
Round trip time was 2.22696 milliseconds in repetition 287
tcp_ping received 8192 bytes back
Round trip time was 2.37838 milliseconds in repetition 288
tcp_ping received 8192 bytes back
Round trip time was 2.98451 milliseconds in repetition 289
tcp_ping received 8192 bytes back
Round trip time was 2.31528 milliseconds in repetition 290
tcp_ping received 8192 bytes back
Round trip time was 2.27916 milliseconds in repetition 291
tcp_ping received 8192 bytes back
Round trip time was 3.13268 milliseconds in repetition 292
tcp_ping received 8192 bytes back
Round trip time was 2.11164 milliseconds in repetition 293
tcp_ping received 8192 bytes back
Round trip time was 2.57205 milliseconds in repetition 294
tcp_ping received 8192 bytes back
Round trip time was 2.11541 milliseconds in repetition 295
tcp_ping received 8192 bytes back
Round trip time was 2.34118 milliseconds in repetition 296
tcp_ping received 8192 bytes back
Round trip time was 2.67606 milliseconds in repetition 297
tcp_ping received 8192 bytes back
Round trip time was 7.75544 milliseconds in repetition 298
tcp_ping received 8192 bytes back
Round trip time was 2.98949 milliseconds in repetition 299
tcp_ping received 8192 bytes back
Round trip time was 2.36214 milliseconds in repetition 300
tcp_ping received 8192 bytes back
Round trip time was 2.2659 milliseconds in repetition 301
tcp_ping received 8192 bytes back
Round trip time was 5.87106 milliseconds in repetition 302
tcp_ping received 8192 bytes back
Round trip time was 2.82592 milliseconds in repetition 303
tcp_ping received 8192 bytes back
Round trip time was 7.17292 milliseconds in repetition 304
tcp_ping received 8192 bytes back
Round trip time was 2.95806 milliseconds in repetition 305
tcp_ping received 8192 bytes back
Round trip time was 2.30618 milliseconds in repetition 306
tcp_ping received 8192 bytes back
Round trip time was 2.31597 milliseconds in repetition 307
tcp_ping received 8192 bytes back
Round trip time was 2.3905 milliseconds in repetition 308
tcp_ping received 8192 bytes back
Round trip time was 2.79005 milliseconds in repetition 309
tcp_ping received 8192 bytes back
Round trip time was 2.54125 milliseconds in repetition 310
tcp_ping received 8192 bytes back
Round trip time was 2.26001 milliseconds in repetition 311
tcp_ping received 8192 bytes back
Round trip time was 3.00044 milliseconds in repetition 312
tcp_ping received 8192 bytes back
Round trip time was 2.49133 milliseconds in repetition 313
tcp_ping received 8192 bytes back
Round trip time was 2.2248 milliseconds in repetition 314
tcp_ping received 8192 bytes back
Round trip time was 2.12921 milliseconds in repetition 315
tcp_ping received 8192 bytes back
Round trip time was 2.68922 milliseconds in repetition 316
tcp_ping received 8192 bytes back
Round trip time was 2.37194 milliseconds in repetition 317
tcp_ping received 8192 bytes back
Round trip time was 2.56162 milliseconds in repetition 318
tcp_ping received 8192 bytes back
Round trip time was 2.56135 milliseconds in repetition 319
tcp_ping received 8192 bytes back
Round trip time was 3.19045 milliseconds in repetition 320
tcp_ping received 8192 bytes back
Round trip time was 2.23857 milliseconds in repetition 321
tcp_ping received 8192 bytes back
Round trip time was 2.12186 milliseconds in repetition 322
tcp_ping received 8192 bytes back
Round trip time was 2.1652 milliseconds in repetition 323
tcp_ping received 8192 bytes back
Round trip time was 2.2021 milliseconds in repetition 324
tcp_ping received 8192 bytes back
Round trip time was 2.15466 milliseconds in repetition 325
tcp_ping received 8192 bytes back
Round trip time was 2.31425 milliseconds in repetition 326
tcp_ping received 8192 bytes back
Round trip time was 2.24792 milliseconds in repetition 327
tcp_ping received 8192 bytes back
Round trip time was 2.05894 milliseconds in repetition 328
tcp_ping received 8192 bytes back
Round trip time was 2.1424 milliseconds in repetition 329
tcp_ping received 8192 bytes back
Round trip time was 2.19677 milliseconds in repetition 330
tcp_ping received 8192 bytes back
Round trip time was 2.20168 milliseconds in repetition 331
tcp_ping received 8192 bytes back
Round trip time was 2.31218 milliseconds in repetition 332
tcp_ping received 8192 bytes back
Round trip time was 2.17593 milliseconds in repetition 333
tcp_ping received 8192 bytes back
Round trip time was 2.21391 milliseconds in repetition 334
tcp_ping received 8192 bytes back
Round trip time was 2.25449 milliseconds in repetition 335
tcp_ping received 8192 bytes back
Round trip time was 2.1519 milliseconds in repetition 336
tcp_ping received 8192 bytes back
Round trip time was 2.04668 milliseconds in repetition 337
tcp_ping received 8192 bytes back
Round trip time was 2.10585 milliseconds in repetition 338
tcp_ping received 8192 bytes back
Round trip time was 2.05045 milliseconds in repetition 339
tcp_ping received 8192 bytes back
Round trip time was 2.03125 milliseconds in repetition 340
tcp_ping received 8192 bytes back
Round trip time was 2.06292 milliseconds in repetition 341
tcp_ping received 8192 bytes back
Round trip time was 2.14425 milliseconds in repetition 342
tcp_ping received 8192 bytes back
Round trip time was 2.13079 milliseconds in repetition 343
tcp_ping received 8192 bytes back
Round trip time was 2.01122 milliseconds in repetition 344
tcp_ping received 8192 bytes back
Round trip time was 2.18527 milliseconds in repetition 345
tcp_ping received 8192 bytes back
Round trip time was 2.12297 milliseconds in repetition 346
tcp_ping received 8192 bytes back
Round trip time was 2.30872 milliseconds in repetition 347
tcp_ping received 8192 bytes back
Round trip time was 2.18955 milliseconds in repetition 348
tcp_ping received 8192 bytes back
Round trip time was 2.14802 milliseconds in repetition 349
tcp_ping received 8192 bytes back
Round trip time was 2.2016 milliseconds in repetition 350
tcp_ping received 8192 bytes back
Round trip time was 2.17566 milliseconds in repetition 351
tcp_ping received 8192 bytes back
Round trip time was 2.17574 milliseconds in repetition 352
tcp_ping received 8192 bytes back
Round trip time was 2.20497 milliseconds in repetition 353
tcp_ping received 8192 bytes back
Round trip time was 2.02271 milliseconds in repetition 354
tcp_ping received 8192 bytes back
Round trip time was 2.13495 milliseconds in repetition 355
tcp_ping received 8192 bytes back
Round trip time was 2.10174 milliseconds in repetition 356
tcp_ping received 8192 bytes back
Round trip time was 2.13192 milliseconds in repetition 357
tcp_ping received 8192 bytes back
Round trip time was 3.06195 milliseconds in repetition 358
tcp_ping received 8192 bytes back
Round trip time was 2.40348 milliseconds in repetition 359
tcp_ping received 8192 bytes back
Round trip time was 2.31331 milliseconds in repetition 360
tcp_ping received 8192 bytes back
Round trip time was 3.08488 milliseconds in repetition 361
tcp_ping received 8192 bytes back
Round trip time was 2.322 milliseconds in repetition 362
tcp_ping received 8192 bytes back
Round trip time was 2.1455 milliseconds in repetition 363
tcp_ping received 8192 bytes back
Round trip time was 2.01409 milliseconds in repetition 364
tcp_ping received 8192 bytes back
Round trip time was 2.22058 milliseconds in repetition 365
tcp_ping received 8192 bytes back
Round trip time was 2.1781 milliseconds in repetition 366
tcp_ping received 8192 bytes back
Round trip time was 2.46375 milliseconds in repetition 367
tcp_ping received 8192 bytes back
Round trip time was 2.53236 milliseconds in repetition 368
tcp_ping received 8192 bytes back
Round trip time was 2.50361 milliseconds in repetition 369
tcp_ping received 8192 bytes back
Round trip time was 2.33266 milliseconds in repetition 370
tcp_ping received 8192 bytes back
Round trip time was 3.04113 milliseconds in repetition 371
tcp_ping received 8192 bytes back
Round trip time was 2.58609 milliseconds in repetition 372
tcp_ping received 8192 bytes back
Round trip time was 2.49966 milliseconds in repetition 373
tcp_ping received 8192 bytes back
Round trip time was 3.13872 milliseconds in repetition 374
tcp_ping received 8192 bytes back
Round trip time was 2.27581 milliseconds in repetition 375
tcp_ping received 8192 bytes back
Round trip time was 2.25048 milliseconds in repetition 376
tcp_ping received 8192 bytes back
Round trip time was 2.0983 milliseconds in repetition 377
tcp_ping received 8192 bytes back
Round trip time was 2.41557 milliseconds in repetition 378
tcp_ping received 8192 bytes back
Round trip time was 2.5289 milliseconds in repetition 379
tcp_ping received 8192 bytes back
Round trip time was 2.47923 milliseconds in repetition 380
tcp_ping received 8192 bytes back
Round trip time was 2.42693 milliseconds in repetition 381
tcp_ping received 8192 bytes back
Round trip time was 3.09066 milliseconds in repetition 382
tcp_ping received 8192 bytes back
Round trip time was 2.39711 milliseconds in repetition 383
tcp_ping received 8192 bytes back
Round trip time was 2.68242 milliseconds in repetition 384
tcp_ping received 8192 bytes back
Round trip time was 3.0845 milliseconds in repetition 385
tcp_ping received 8192 bytes back
Round trip time was 2.41545 milliseconds in repetition 386
tcp_ping received 8192 bytes back
Round trip time was 2.38968 milliseconds in repetition 387
tcp_ping received 8192 bytes back
Round trip time was 3.21459 milliseconds in repetition 388
tcp_ping received 8192 bytes back
Round trip time was 2.3778 milliseconds in repetition 389
tcp_ping received 8192 bytes back
Round trip time was 2.41116 milliseconds in repetition 390
tcp_ping received 8192 bytes back
Round trip time was 2.38553 milliseconds in repetition 391
tcp_ping received 8192 bytes back
Round trip time was 2.48597 milliseconds in repetition 392
tcp_ping received 8192 bytes back
Round trip time was 2.48213 milliseconds in repetition 393
tcp_ping received 8192 bytes back
Round trip time was 2.21162 milliseconds in repetition 394
tcp_ping received 8192 bytes back
Round trip time was 2.42224 milliseconds in repetition 395
tcp_ping received 8192 bytes back
Round trip time was 3.00487 milliseconds in repetition 396
tcp_ping received 8192 bytes back
Round trip time was 2.40926 milliseconds in repetition 397
tcp_ping received 8192 bytes back
Round trip time was 2.56971 milliseconds in repetition 398
tcp_ping received 8192 bytes back
Round trip time was 2.7115 milliseconds in repetition 399
tcp_ping received 8192 bytes back
Round trip time was 2.64305 milliseconds in repetition 400
tcp_ping received 8192 bytes back
Round trip time was 2.44048 milliseconds in repetition 401
tcp_ping received 8192 bytes back
Round trip time was 4.69477 milliseconds in repetition 402
tcp_ping received 8192 bytes back
Round trip time was 2.94823 milliseconds in repetition 403
tcp_ping received 8192 bytes back
Round trip time was 2.20006 milliseconds in repetition 404
tcp_ping received 8192 bytes back
Round trip time was 2.52394 milliseconds in repetition 405
tcp_ping received 8192 bytes back
Round trip time was 2.4288 milliseconds in repetition 406
tcp_ping received 8192 bytes back
Round trip time was 2.60162 milliseconds in repetition 407
tcp_ping received 8192 bytes back
Round trip time was 2.50246 milliseconds in repetition 408
tcp_ping received 8192 bytes back
Round trip time was 2.96807 milliseconds in repetition 409
tcp_ping received 8192 bytes back
Round trip time was 2.41044 milliseconds in repetition 410
tcp_ping received 8192 bytes back
Round trip time was 2.47339 milliseconds in repetition 411
tcp_ping received 8192 bytes back
Round trip time was 2.88422 milliseconds in repetition 412
tcp_ping received 8192 bytes back
Round trip time was 2.36135 milliseconds in repetition 413
tcp_ping received 8192 bytes back
Round trip time was 2.46807 milliseconds in repetition 414
tcp_ping received 8192 bytes back
Round trip time was 3.09398 milliseconds in repetition 415
tcp_ping received 8192 bytes back
Round trip time was 2.13072 milliseconds in repetition 416
tcp_ping received 8192 bytes back
Round trip time was 2.65266 milliseconds in repetition 417
tcp_ping received 8192 bytes back
Round trip time was 3.10868 milliseconds in repetition 418
tcp_ping received 8192 bytes back
Round trip time was 2.5008 milliseconds in repetition 419
tcp_ping received 8192 bytes back
Round trip time was 2.54193 milliseconds in repetition 420
tcp_ping received 8192 bytes back
Round trip time was 2.09516 milliseconds in repetition 421
tcp_ping received 8192 bytes back
Round trip time was 2.47335 milliseconds in repetition 422
tcp_ping received 8192 bytes back
Round trip time was 2.51504 milliseconds in repetition 423
tcp_ping received 8192 bytes back
Round trip time was 2.46928 milliseconds in repetition 424
tcp_ping received 8192 bytes back
Round trip time was 2.46788 milliseconds in repetition 425
tcp_ping received 8192 bytes back
Round trip time was 3.23228 milliseconds in repetition 426
tcp_ping received 8192 bytes back
Round trip time was 2.22594 milliseconds in repetition 427
tcp_ping received 8192 bytes back
Round trip time was 2.468 milliseconds in repetition 428
tcp_ping received 8192 bytes back
Round trip time was 2.24144 milliseconds in repetition 429
tcp_ping received 8192 bytes back
Round trip time was 2.49021 milliseconds in repetition 430
tcp_ping received 8192 bytes back
Round trip time was 2.46628 milliseconds in repetition 431
tcp_ping received 8192 bytes back
Round trip time was 2.2577 milliseconds in repetition 432
tcp_ping received 8192 bytes back
Round trip time was 2.44572 milliseconds in repetition 433
tcp_ping received 8192 bytes back
Round trip time was 3.16648 milliseconds in repetition 434
tcp_ping received 8192 bytes back
Round trip time was 2.41204 milliseconds in repetition 435
tcp_ping received 8192 bytes back
Round trip time was 2.46621 milliseconds in repetition 436
tcp_ping received 8192 bytes back
Round trip time was 2.16038 milliseconds in repetition 437
tcp_ping received 8192 bytes back
Round trip time was 2.50969 milliseconds in repetition 438
tcp_ping received 8192 bytes back
Round trip time was 2.49275 milliseconds in repetition 439
tcp_ping received 8192 bytes back
Round trip time was 2.20747 milliseconds in repetition 440
tcp_ping received 8192 bytes back
Round trip time was 2.42915 milliseconds in repetition 441
tcp_ping received 8192 bytes back
Round trip time was 2.96359 milliseconds in repetition 442
tcp_ping received 8192 bytes back
Round trip time was 2.41969 milliseconds in repetition 443
tcp_ping received 8192 bytes back
Round trip time was 2.45371 milliseconds in repetition 444
tcp_ping received 8192 bytes back
Round trip time was 3.16389 milliseconds in repetition 445
tcp_ping received 8192 bytes back
Round trip time was 2.34429 milliseconds in repetition 446
tcp_ping received 8192 bytes back
Round trip time was 2.42083 milliseconds in repetition 447
tcp_ping received 8192 bytes back
Round trip time was 2.91646 milliseconds in repetition 448
tcp_ping received 8192 bytes back
Round trip time was 2.4706 milliseconds in repetition 449
tcp_ping received 8192 bytes back
Round trip time was 2.43164 milliseconds in repetition 450
tcp_ping received 8192 bytes back
Round trip time was 2.10772 milliseconds in repetition 451
tcp_ping received 8192 bytes back
Round trip time was 2.36133 milliseconds in repetition 452
tcp_ping received 8192 bytes back
Round trip time was 2.65959 milliseconds in repetition 453
tcp_ping received 8192 bytes back
Round trip time was 2.55399 milliseconds in repetition 454
tcp_ping received 8192 bytes back
Round trip time was 2.30968 milliseconds in repetition 455
tcp_ping received 8192 bytes back
Round trip time was 2.86556 milliseconds in repetition 456
tcp_ping received 8192 bytes back
Round trip time was 2.44379 milliseconds in repetition 457
tcp_ping received 8192 bytes back
Round trip time was 2.55434 milliseconds in repetition 458
tcp_ping received 8192 bytes back
Round trip time was 3.17962 milliseconds in repetition 459
tcp_ping received 8192 bytes back
Round trip time was 2.29037 milliseconds in repetition 460
tcp_ping received 8192 bytes back
Round trip time was 2.68817 milliseconds in repetition 461
tcp_ping received 8192 bytes back
Round trip time was 2.8115 milliseconds in repetition 462
tcp_ping received 8192 bytes back
Round trip time was 2.4112 milliseconds in repetition 463
tcp_ping received 8192 bytes back
Round trip time was 2.59401 milliseconds in repetition 464
tcp_ping received 8192 bytes back
Round trip time was 3.21339 milliseconds in repetition 465
tcp_ping received 8192 bytes back
Round trip time was 2.19667 milliseconds in repetition 466
tcp_ping received 8192 bytes back
Round trip time was 2.48451 milliseconds in repetition 467
tcp_ping received 8192 bytes back
Round trip time was 2.22613 milliseconds in repetition 468
tcp_ping received 8192 bytes back
Round trip time was 2.56606 milliseconds in repetition 469
tcp_ping received 8192 bytes back
Round trip time was 2.51449 milliseconds in repetition 470
tcp_ping received 8192 bytes back
Round trip time was 2.24114 milliseconds in repetition 471
tcp_ping received 8192 bytes back
Round trip time was 2.52166 milliseconds in repetition 472
tcp_ping received 8192 bytes back
Round trip time was 2.69652 milliseconds in repetition 473
tcp_ping received 8192 bytes back
Round trip time was 2.44832 milliseconds in repetition 474
tcp_ping received 8192 bytes back
Round trip time was 2.57206 milliseconds in repetition 475
tcp_ping received 8192 bytes back
Round trip time was 2.97014 milliseconds in repetition 476
tcp_ping received 8192 bytes back
Round trip time was 2.47278 milliseconds in repetition 477
tcp_ping received 8192 bytes back
Round trip time was 2.73974 milliseconds in repetition 478
tcp_ping received 8192 bytes back
Round trip time was 2.88767 milliseconds in repetition 479
tcp_ping received 8192 bytes back
Round trip time was 2.34714 milliseconds in repetition 480
tcp_ping received 8192 bytes back
Round trip time was 2.20964 milliseconds in repetition 481
tcp_ping received 8192 bytes back
Round trip time was 3.19513 milliseconds in repetition 482
tcp_ping received 8192 bytes back
Round trip time was 2.44086 milliseconds in repetition 483
tcp_ping received 8192 bytes back
Round trip time was 2.62724 milliseconds in repetition 484
tcp_ping received 8192 bytes back
Round trip time was 2.09658 milliseconds in repetition 485
tcp_ping received 8192 bytes back
Round trip time was 2.63439 milliseconds in repetition 486
tcp_ping received 8192 bytes back
Round trip time was 2.69776 milliseconds in repetition 487
tcp_ping received 8192 bytes back
Round trip time was 2.20334 milliseconds in repetition 488
tcp_ping received 8192 bytes back
Round trip time was 2.65996 milliseconds in repetition 489
tcp_ping received 8192 bytes back
Round trip time was 2.51346 milliseconds in repetition 490
tcp_ping received 8192 bytes back
Round trip time was 2.43058 milliseconds in repetition 491
tcp_ping received 8192 bytes back
Round trip time was 2.394 milliseconds in repetition 492
tcp_ping received 8192 bytes back
Round trip time was 3.01177 milliseconds in repetition 493
tcp_ping received 8192 bytes back
Round trip time was 2.21248 milliseconds in repetition 494
tcp_ping received 8192 bytes back
Round trip time was 2.4468 milliseconds in repetition 495
tcp_ping received 8192 bytes back
Round trip time was 2.17629 milliseconds in repetition 496
tcp_ping received 8192 bytes back
Round trip time was 2.4508 milliseconds in repetition 497
tcp_ping received 8192 bytes back
Round trip time was 2.52581 milliseconds in repetition 498
tcp_ping received 8192 bytes back
Round trip time was 2.45203 milliseconds in repetition 499
tcp_ping received 8192 bytes back
Round trip time was 2.47254 milliseconds in repetition 500
tcp_ping received 8192 bytes back
Round trip time was 3.14723 milliseconds in repetition 501

 ... clock resolution was 1e-06
TCP Ping:  Statistics over 501 repetitions of 8192 byte messages

RTT : percentile 10: 2.1652, median: 2.4657, percentile 90: 3.11113, average: 2.66357, variance: 1.50608

RTT histogram:
   overall Throughput : 6151.14 KB/s

