TCP Ping trying to connect to server 192.168.1.110 (192.168.1.110) on port 1491
 ... connected to Pong server: asking for 501 repetitions of 196608 bytes TCP messages
 ... Pong server agreed :-)
tcp_ping received 196608 bytes back
Round trip time was 36.1952 milliseconds in repetition 1
tcp_ping received 196608 bytes back
Round trip time was 34.0047 milliseconds in repetition 2
tcp_ping received 196608 bytes back
Round trip time was 33.9914 milliseconds in repetition 3
tcp_ping received 196608 bytes back
Round trip time was 33.9933 milliseconds in repetition 4
tcp_ping received 196608 bytes back
Round trip time was 34.0532 milliseconds in repetition 5
tcp_ping received 196608 bytes back
Round trip time was 34.1452 milliseconds in repetition 6
tcp_ping received 196608 bytes back
Round trip time was 34.1248 milliseconds in repetition 7
tcp_ping received 196608 bytes back
Round trip time was 34.0704 milliseconds in repetition 8
tcp_ping received 196608 bytes back
Round trip time was 34.0939 milliseconds in repetition 9
tcp_ping received 196608 bytes back
Round trip time was 34.4607 milliseconds in repetition 10
tcp_ping received 196608 bytes back
Round trip time was 34.0721 milliseconds in repetition 11
tcp_ping received 196608 bytes back
Round trip time was 34.0786 milliseconds in repetition 12
tcp_ping received 196608 bytes back
Round trip time was 34.1488 milliseconds in repetition 13
tcp_ping received 196608 bytes back
Round trip time was 34.0882 milliseconds in repetition 14
tcp_ping received 196608 bytes back
Round trip time was 33.982 milliseconds in repetition 15
tcp_ping received 196608 bytes back
Round trip time was 34.094 milliseconds in repetition 16
tcp_ping received 196608 bytes back
Round trip time was 34.1202 milliseconds in repetition 17
tcp_ping received 196608 bytes back
Round trip time was 33.9938 milliseconds in repetition 18
tcp_ping received 196608 bytes back
Round trip time was 33.9961 milliseconds in repetition 19
tcp_ping received 196608 bytes back
Round trip time was 34.2017 milliseconds in repetition 20
tcp_ping received 196608 bytes back
Round trip time was 34.2915 milliseconds in repetition 21
tcp_ping received 196608 bytes back
Round trip time was 34.177 milliseconds in repetition 22
tcp_ping received 196608 bytes back
Round trip time was 34.1787 milliseconds in repetition 23
tcp_ping received 196608 bytes back
Round trip time was 34.1149 milliseconds in repetition 24
tcp_ping received 196608 bytes back
Round trip time was 34.2249 milliseconds in repetition 25
tcp_ping received 196608 bytes back
Round trip time was 34.108 milliseconds in repetition 26
tcp_ping received 196608 bytes back
Round trip time was 34.1714 milliseconds in repetition 27
tcp_ping received 196608 bytes back
Round trip time was 34.0548 milliseconds in repetition 28
tcp_ping received 196608 bytes back
Round trip time was 33.9918 milliseconds in repetition 29
tcp_ping received 196608 bytes back
Round trip time was 34.1734 milliseconds in repetition 30
tcp_ping received 196608 bytes back
Round trip time was 34.0658 milliseconds in repetition 31
tcp_ping received 196608 bytes back
Round trip time was 34.0856 milliseconds in repetition 32
tcp_ping received 196608 bytes back
Round trip time was 34.0513 milliseconds in repetition 33
tcp_ping received 196608 bytes back
Round trip time was 33.9867 milliseconds in repetition 34
tcp_ping received 196608 bytes back
Round trip time was 34.093 milliseconds in repetition 35
tcp_ping received 196608 bytes back
Round trip time was 34.1007 milliseconds in repetition 36
tcp_ping received 196608 bytes back
Round trip time was 34.1565 milliseconds in repetition 37
tcp_ping received 196608 bytes back
Round trip time was 34.1827 milliseconds in repetition 38
tcp_ping received 196608 bytes back
Round trip time was 34.3511 milliseconds in repetition 39
tcp_ping received 196608 bytes back
Round trip time was 34.2262 milliseconds in repetition 40
tcp_ping received 196608 bytes back
Round trip time was 34.0268 milliseconds in repetition 41
tcp_ping received 196608 bytes back
Round trip time was 34.2132 milliseconds in repetition 42
tcp_ping received 196608 bytes back
Round trip time was 34.122 milliseconds in repetition 43
tcp_ping received 196608 bytes back
Round trip time was 34.1046 milliseconds in repetition 44
tcp_ping received 196608 bytes back
Round trip time was 34.1709 milliseconds in repetition 45
tcp_ping received 196608 bytes back
Round trip time was 34.0809 milliseconds in repetition 46
tcp_ping received 196608 bytes back
Round trip time was 33.9871 milliseconds in repetition 47
tcp_ping received 196608 bytes back
Round trip time was 34.0676 milliseconds in repetition 48
tcp_ping received 196608 bytes back
Round trip time was 34.1171 milliseconds in repetition 49
tcp_ping received 196608 bytes back
Round trip time was 34.0803 milliseconds in repetition 50
tcp_ping received 196608 bytes back
Round trip time was 34.0311 milliseconds in repetition 51
tcp_ping received 196608 bytes back
Round trip time was 34.0337 milliseconds in repetition 52
tcp_ping received 196608 bytes back
Round trip time was 34.1251 milliseconds in repetition 53
tcp_ping received 196608 bytes back
Round trip time was 34.1992 milliseconds in repetition 54
tcp_ping received 196608 bytes back
Round trip time was 34.2778 milliseconds in repetition 55
tcp_ping received 196608 bytes back
Round trip time was 34.0521 milliseconds in repetition 56
tcp_ping received 196608 bytes back
Round trip time was 34.2549 milliseconds in repetition 57
tcp_ping received 196608 bytes back
Round trip time was 34.1317 milliseconds in repetition 58
tcp_ping received 196608 bytes back
Round trip time was 34.9885 milliseconds in repetition 59
tcp_ping received 196608 bytes back
Round trip time was 34.1316 milliseconds in repetition 60
tcp_ping received 196608 bytes back
Round trip time was 34.3024 milliseconds in repetition 61
tcp_ping received 196608 bytes back
Round trip time was 34.1206 milliseconds in repetition 62
tcp_ping received 196608 bytes back
Round trip time was 34.2712 milliseconds in repetition 63
tcp_ping received 196608 bytes back
Round trip time was 34.0663 milliseconds in repetition 64
tcp_ping received 196608 bytes back
Round trip time was 34.1535 milliseconds in repetition 65
tcp_ping received 196608 bytes back
Round trip time was 34.1512 milliseconds in repetition 66
tcp_ping received 196608 bytes back
Round trip time was 34.0146 milliseconds in repetition 67
tcp_ping received 196608 bytes back
Round trip time was 34.1574 milliseconds in repetition 68
tcp_ping received 196608 bytes back
Round trip time was 34.1087 milliseconds in repetition 69
tcp_ping received 196608 bytes back
Round trip time was 34.1181 milliseconds in repetition 70
tcp_ping received 196608 bytes back
Round trip time was 34.0701 milliseconds in repetition 71
tcp_ping received 196608 bytes back
Round trip time was 34.0466 milliseconds in repetition 72
tcp_ping received 196608 bytes back
Round trip time was 34.0867 milliseconds in repetition 73
tcp_ping received 196608 bytes back
Round trip time was 34 milliseconds in repetition 74
tcp_ping received 196608 bytes back
Round trip time was 34.0459 milliseconds in repetition 75
tcp_ping received 196608 bytes back
Round trip time was 33.962 milliseconds in repetition 76
tcp_ping received 196608 bytes back
Round trip time was 34.0648 milliseconds in repetition 77
tcp_ping received 196608 bytes back
Round trip time was 33.9975 milliseconds in repetition 78
tcp_ping received 196608 bytes back
Round trip time was 34.0021 milliseconds in repetition 79
tcp_ping received 196608 bytes back
Round trip time was 34.1035 milliseconds in repetition 80
tcp_ping received 196608 bytes back
Round trip time was 34.1134 milliseconds in repetition 81
tcp_ping received 196608 bytes back
Round trip time was 34.0238 milliseconds in repetition 82
tcp_ping received 196608 bytes back
Round trip time was 34.2684 milliseconds in repetition 83
tcp_ping received 196608 bytes back
Round trip time was 34.0976 milliseconds in repetition 84
tcp_ping received 196608 bytes back
Round trip time was 34.0144 milliseconds in repetition 85
tcp_ping received 196608 bytes back
Round trip time was 34.115 milliseconds in repetition 86
tcp_ping received 196608 bytes back
Round trip time was 34.1971 milliseconds in repetition 87
tcp_ping received 196608 bytes back
Round trip time was 34.1126 milliseconds in repetition 88
tcp_ping received 196608 bytes back
Round trip time was 34.1098 milliseconds in repetition 89
tcp_ping received 196608 bytes back
Round trip time was 34.2458 milliseconds in repetition 90
tcp_ping received 196608 bytes back
Round trip time was 34.0698 milliseconds in repetition 91
tcp_ping received 196608 bytes back
Round trip time was 34.0158 milliseconds in repetition 92
tcp_ping received 196608 bytes back
Round trip time was 34.0597 milliseconds in repetition 93
tcp_ping received 196608 bytes back
Round trip time was 34.0549 milliseconds in repetition 94
tcp_ping received 196608 bytes back
Round trip time was 34.0644 milliseconds in repetition 95
tcp_ping received 196608 bytes back
Round trip time was 34.0016 milliseconds in repetition 96
tcp_ping received 196608 bytes back
Round trip time was 34.0909 milliseconds in repetition 97
tcp_ping received 196608 bytes back
Round trip time was 34.0567 milliseconds in repetition 98
tcp_ping received 196608 bytes back
Round trip time was 34.0004 milliseconds in repetition 99
tcp_ping received 196608 bytes back
Round trip time was 34.1272 milliseconds in repetition 100
tcp_ping received 196608 bytes back
Round trip time was 34.0979 milliseconds in repetition 101
tcp_ping received 196608 bytes back
Round trip time was 34.0236 milliseconds in repetition 102
tcp_ping received 196608 bytes back
Round trip time was 34.1947 milliseconds in repetition 103
tcp_ping received 196608 bytes back
Round trip time was 34.1787 milliseconds in repetition 104
tcp_ping received 196608 bytes back
Round trip time was 34.2197 milliseconds in repetition 105
tcp_ping received 196608 bytes back
Round trip time was 34.1004 milliseconds in repetition 106
tcp_ping received 196608 bytes back
Round trip time was 34.0629 milliseconds in repetition 107
tcp_ping received 196608 bytes back
Round trip time was 34.14 milliseconds in repetition 108
tcp_ping received 196608 bytes back
Round trip time was 34.1022 milliseconds in repetition 109
tcp_ping received 196608 bytes back
Round trip time was 34.0339 milliseconds in repetition 110
tcp_ping received 196608 bytes back
Round trip time was 34.0697 milliseconds in repetition 111
tcp_ping received 196608 bytes back
Round trip time was 34.2135 milliseconds in repetition 112
tcp_ping received 196608 bytes back
Round trip time was 34.1233 milliseconds in repetition 113
tcp_ping received 196608 bytes back
Round trip time was 34.079 milliseconds in repetition 114
tcp_ping received 196608 bytes back
Round trip time was 34.068 milliseconds in repetition 115
tcp_ping received 196608 bytes back
Round trip time was 34.2093 milliseconds in repetition 116
tcp_ping received 196608 bytes back
Round trip time was 34.0626 milliseconds in repetition 117
tcp_ping received 196608 bytes back
Round trip time was 34.046 milliseconds in repetition 118
tcp_ping received 196608 bytes back
Round trip time was 34.14 milliseconds in repetition 119
tcp_ping received 196608 bytes back
Round trip time was 34.0544 milliseconds in repetition 120
tcp_ping received 196608 bytes back
Round trip time was 34.2357 milliseconds in repetition 121
tcp_ping received 196608 bytes back
Round trip time was 34.1018 milliseconds in repetition 122
tcp_ping received 196608 bytes back
Round trip time was 34.1594 milliseconds in repetition 123
tcp_ping received 196608 bytes back
Round trip time was 34.1327 milliseconds in repetition 124
tcp_ping received 196608 bytes back
Round trip time was 34.0527 milliseconds in repetition 125
tcp_ping received 196608 bytes back
Round trip time was 34.1131 milliseconds in repetition 126
tcp_ping received 196608 bytes back
Round trip time was 34.1255 milliseconds in repetition 127
tcp_ping received 196608 bytes back
Round trip time was 34.1707 milliseconds in repetition 128
tcp_ping received 196608 bytes back
Round trip time was 34.0092 milliseconds in repetition 129
tcp_ping received 196608 bytes back
Round trip time was 34.0218 milliseconds in repetition 130
tcp_ping received 196608 bytes back
Round trip time was 34.1306 milliseconds in repetition 131
tcp_ping received 196608 bytes back
Round trip time was 34.1501 milliseconds in repetition 132
tcp_ping received 196608 bytes back
Round trip time was 34.1068 milliseconds in repetition 133
tcp_ping received 196608 bytes back
Round trip time was 34.0473 milliseconds in repetition 134
tcp_ping received 196608 bytes back
Round trip time was 34.1144 milliseconds in repetition 135
tcp_ping received 196608 bytes back
Round trip time was 34.2045 milliseconds in repetition 136
tcp_ping received 196608 bytes back
Round trip time was 34.0188 milliseconds in repetition 137
tcp_ping received 196608 bytes back
Round trip time was 34.1057 milliseconds in repetition 138
tcp_ping received 196608 bytes back
Round trip time was 33.9663 milliseconds in repetition 139
tcp_ping received 196608 bytes back
Round trip time was 34.1061 milliseconds in repetition 140
tcp_ping received 196608 bytes back
Round trip time was 34.1038 milliseconds in repetition 141
tcp_ping received 196608 bytes back
Round trip time was 34.2523 milliseconds in repetition 142
tcp_ping received 196608 bytes back
Round trip time was 34.1579 milliseconds in repetition 143
tcp_ping received 196608 bytes back
Round trip time was 34.1257 milliseconds in repetition 144
tcp_ping received 196608 bytes back
Round trip time was 34.1784 milliseconds in repetition 145
tcp_ping received 196608 bytes back
Round trip time was 34.1348 milliseconds in repetition 146
tcp_ping received 196608 bytes back
Round trip time was 34.1063 milliseconds in repetition 147
tcp_ping received 196608 bytes back
Round trip time was 34.1648 milliseconds in repetition 148
tcp_ping received 196608 bytes back
Round trip time was 34.1074 milliseconds in repetition 149
tcp_ping received 196608 bytes back
Round trip time was 34.0228 milliseconds in repetition 150
tcp_ping received 196608 bytes back
Round trip time was 34.0122 milliseconds in repetition 151
tcp_ping received 196608 bytes back
Round trip time was 34.076 milliseconds in repetition 152
tcp_ping received 196608 bytes back
Round trip time was 34.0271 milliseconds in repetition 153
tcp_ping received 196608 bytes back
Round trip time was 34.1171 milliseconds in repetition 154
tcp_ping received 196608 bytes back
Round trip time was 34.0438 milliseconds in repetition 155
tcp_ping received 196608 bytes back
Round trip time was 34.0773 milliseconds in repetition 156
tcp_ping received 196608 bytes back
Round trip time was 34.0056 milliseconds in repetition 157
tcp_ping received 196608 bytes back
Round trip time was 33.9969 milliseconds in repetition 158
tcp_ping received 196608 bytes back
Round trip time was 33.977 milliseconds in repetition 159
tcp_ping received 196608 bytes back
Round trip time was 34.0106 milliseconds in repetition 160
tcp_ping received 196608 bytes back
Round trip time was 34.1419 milliseconds in repetition 161
tcp_ping received 196608 bytes back
Round trip time was 34.0235 milliseconds in repetition 162
tcp_ping received 196608 bytes back
Round trip time was 34.1476 milliseconds in repetition 163
tcp_ping received 196608 bytes back
Round trip time was 34.0428 milliseconds in repetition 164
tcp_ping received 196608 bytes back
Round trip time was 34.0632 milliseconds in repetition 165
tcp_ping received 196608 bytes back
Round trip time was 33.9745 milliseconds in repetition 166
tcp_ping received 196608 bytes back
Round trip time was 34.0139 milliseconds in repetition 167
tcp_ping received 196608 bytes back
Round trip time was 34.2229 milliseconds in repetition 168
tcp_ping received 196608 bytes back
Round trip time was 34.0347 milliseconds in repetition 169
tcp_ping received 196608 bytes back
Round trip time was 34.0746 milliseconds in repetition 170
tcp_ping received 196608 bytes back
Round trip time was 34.0561 milliseconds in repetition 171
tcp_ping received 196608 bytes back
Round trip time was 34.102 milliseconds in repetition 172
tcp_ping received 196608 bytes back
Round trip time was 34.0466 milliseconds in repetition 173
tcp_ping received 196608 bytes back
Round trip time was 33.99 milliseconds in repetition 174
tcp_ping received 196608 bytes back
Round trip time was 34.0263 milliseconds in repetition 175
tcp_ping received 196608 bytes back
Round trip time was 33.999 milliseconds in repetition 176
tcp_ping received 196608 bytes back
Round trip time was 33.9656 milliseconds in repetition 177
tcp_ping received 196608 bytes back
Round trip time was 34.0313 milliseconds in repetition 178
tcp_ping received 196608 bytes back
Round trip time was 34.0444 milliseconds in repetition 179
tcp_ping received 196608 bytes back
Round trip time was 33.9637 milliseconds in repetition 180
tcp_ping received 196608 bytes back
Round trip time was 33.9801 milliseconds in repetition 181
tcp_ping received 196608 bytes back
Round trip time was 33.9672 milliseconds in repetition 182
tcp_ping received 196608 bytes back
Round trip time was 33.9387 milliseconds in repetition 183
tcp_ping received 196608 bytes back
Round trip time was 34.004 milliseconds in repetition 184
tcp_ping received 196608 bytes back
Round trip time was 34.0348 milliseconds in repetition 185
tcp_ping received 196608 bytes back
Round trip time was 34.0958 milliseconds in repetition 186
tcp_ping received 196608 bytes back
Round trip time was 34.0651 milliseconds in repetition 187
tcp_ping received 196608 bytes back
Round trip time was 34.0109 milliseconds in repetition 188
tcp_ping received 196608 bytes back
Round trip time was 34.0294 milliseconds in repetition 189
tcp_ping received 196608 bytes back
Round trip time was 33.9626 milliseconds in repetition 190
tcp_ping received 196608 bytes back
Round trip time was 34.0331 milliseconds in repetition 191
tcp_ping received 196608 bytes back
Round trip time was 34.0365 milliseconds in repetition 192
tcp_ping received 196608 bytes back
Round trip time was 34.0525 milliseconds in repetition 193
tcp_ping received 196608 bytes back
Round trip time was 34.0345 milliseconds in repetition 194
tcp_ping received 196608 bytes back
Round trip time was 34.0664 milliseconds in repetition 195
tcp_ping received 196608 bytes back
Round trip time was 34.0362 milliseconds in repetition 196
tcp_ping received 196608 bytes back
Round trip time was 33.9457 milliseconds in repetition 197
tcp_ping received 196608 bytes back
Round trip time was 34.0815 milliseconds in repetition 198
tcp_ping received 196608 bytes back
Round trip time was 34.1478 milliseconds in repetition 199
tcp_ping received 196608 bytes back
Round trip time was 34.1286 milliseconds in repetition 200
tcp_ping received 196608 bytes back
Round trip time was 34.0869 milliseconds in repetition 201
tcp_ping received 196608 bytes back
Round trip time was 34.0493 milliseconds in repetition 202
tcp_ping received 196608 bytes back
Round trip time was 33.9554 milliseconds in repetition 203
tcp_ping received 196608 bytes back
Round trip time was 34.0306 milliseconds in repetition 204
tcp_ping received 196608 bytes back
Round trip time was 34.0712 milliseconds in repetition 205
tcp_ping received 196608 bytes back
Round trip time was 34.1248 milliseconds in repetition 206
tcp_ping received 196608 bytes back
Round trip time was 34.0906 milliseconds in repetition 207
tcp_ping received 196608 bytes back
Round trip time was 34.0981 milliseconds in repetition 208
tcp_ping received 196608 bytes back
Round trip time was 34.0408 milliseconds in repetition 209
tcp_ping received 196608 bytes back
Round trip time was 34.1214 milliseconds in repetition 210
tcp_ping received 196608 bytes back
Round trip time was 34.0558 milliseconds in repetition 211
tcp_ping received 196608 bytes back
Round trip time was 34.043 milliseconds in repetition 212
tcp_ping received 196608 bytes back
Round trip time was 34.0763 milliseconds in repetition 213
tcp_ping received 196608 bytes back
Round trip time was 34.0449 milliseconds in repetition 214
tcp_ping received 196608 bytes back
Round trip time was 34.0849 milliseconds in repetition 215
tcp_ping received 196608 bytes back
Round trip time was 34.0191 milliseconds in repetition 216
tcp_ping received 196608 bytes back
Round trip time was 33.9579 milliseconds in repetition 217
tcp_ping received 196608 bytes back
Round trip time was 34.0879 milliseconds in repetition 218
tcp_ping received 196608 bytes back
Round trip time was 33.9993 milliseconds in repetition 219
tcp_ping received 196608 bytes back
Round trip time was 33.9579 milliseconds in repetition 220
tcp_ping received 196608 bytes back
Round trip time was 34.0425 milliseconds in repetition 221
tcp_ping received 196608 bytes back
Round trip time was 34.1066 milliseconds in repetition 222
tcp_ping received 196608 bytes back
Round trip time was 34.028 milliseconds in repetition 223
tcp_ping received 196608 bytes back
Round trip time was 33.9975 milliseconds in repetition 224
tcp_ping received 196608 bytes back
Round trip time was 33.9992 milliseconds in repetition 225
tcp_ping received 196608 bytes back
Round trip time was 34.0061 milliseconds in repetition 226
tcp_ping received 196608 bytes back
Round trip time was 33.9861 milliseconds in repetition 227
tcp_ping received 196608 bytes back
Round trip time was 33.9945 milliseconds in repetition 228
tcp_ping received 196608 bytes back
Round trip time was 34.0543 milliseconds in repetition 229
tcp_ping received 196608 bytes back
Round trip time was 34.0004 milliseconds in repetition 230
tcp_ping received 196608 bytes back
Round trip time was 33.9602 milliseconds in repetition 231
tcp_ping received 196608 bytes back
Round trip time was 33.9507 milliseconds in repetition 232
tcp_ping received 196608 bytes back
Round trip time was 34.0953 milliseconds in repetition 233
tcp_ping received 196608 bytes back
Round trip time was 34.0492 milliseconds in repetition 234
tcp_ping received 196608 bytes back
Round trip time was 34.0191 milliseconds in repetition 235
tcp_ping received 196608 bytes back
Round trip time was 34.0319 milliseconds in repetition 236
tcp_ping received 196608 bytes back
Round trip time was 34.1026 milliseconds in repetition 237
tcp_ping received 196608 bytes back
Round trip time was 34.5414 milliseconds in repetition 238
tcp_ping received 196608 bytes back
Round trip time was 34.1722 milliseconds in repetition 239
tcp_ping received 196608 bytes back
Round trip time was 34.0978 milliseconds in repetition 240
tcp_ping received 196608 bytes back
Round trip time was 33.9928 milliseconds in repetition 241
tcp_ping received 196608 bytes back
Round trip time was 34.0597 milliseconds in repetition 242
tcp_ping received 196608 bytes back
Round trip time was 34.123 milliseconds in repetition 243
tcp_ping received 196608 bytes back
Round trip time was 34.0312 milliseconds in repetition 244
tcp_ping received 196608 bytes back
Round trip time was 34.0524 milliseconds in repetition 245
tcp_ping received 196608 bytes back
Round trip time was 34.0424 milliseconds in repetition 246
tcp_ping received 196608 bytes back
Round trip time was 34.0086 milliseconds in repetition 247
tcp_ping received 196608 bytes back
Round trip time was 34.0967 milliseconds in repetition 248
tcp_ping received 196608 bytes back
Round trip time was 33.9586 milliseconds in repetition 249
tcp_ping received 196608 bytes back
Round trip time was 34.0566 milliseconds in repetition 250
tcp_ping received 196608 bytes back
Round trip time was 34.0302 milliseconds in repetition 251
tcp_ping received 196608 bytes back
Round trip time was 34.0249 milliseconds in repetition 252
tcp_ping received 196608 bytes back
Round trip time was 34.0668 milliseconds in repetition 253
tcp_ping received 196608 bytes back
Round trip time was 34.1324 milliseconds in repetition 254
tcp_ping received 196608 bytes back
Round trip time was 34.1049 milliseconds in repetition 255
tcp_ping received 196608 bytes back
Round trip time was 34.0791 milliseconds in repetition 256
tcp_ping received 196608 bytes back
Round trip time was 33.9981 milliseconds in repetition 257
tcp_ping received 196608 bytes back
Round trip time was 33.928 milliseconds in repetition 258
tcp_ping received 196608 bytes back
Round trip time was 33.9725 milliseconds in repetition 259
tcp_ping received 196608 bytes back
Round trip time was 33.9727 milliseconds in repetition 260
tcp_ping received 196608 bytes back
Round trip time was 34.0021 milliseconds in repetition 261
tcp_ping received 196608 bytes back
Round trip time was 33.9999 milliseconds in repetition 262
tcp_ping received 196608 bytes back
Round trip time was 34.1792 milliseconds in repetition 263
tcp_ping received 196608 bytes back
Round trip time was 34.1139 milliseconds in repetition 264
tcp_ping received 196608 bytes back
Round trip time was 34.0095 milliseconds in repetition 265
tcp_ping received 196608 bytes back
Round trip time was 34.0639 milliseconds in repetition 266
tcp_ping received 196608 bytes back
Round trip time was 34.0654 milliseconds in repetition 267
tcp_ping received 196608 bytes back
Round trip time was 34.0418 milliseconds in repetition 268
tcp_ping received 196608 bytes back
Round trip time was 33.9361 milliseconds in repetition 269
tcp_ping received 196608 bytes back
Round trip time was 34.0804 milliseconds in repetition 270
tcp_ping received 196608 bytes back
Round trip time was 34.0547 milliseconds in repetition 271
tcp_ping received 196608 bytes back
Round trip time was 34.1226 milliseconds in repetition 272
tcp_ping received 196608 bytes back
Round trip time was 34.0798 milliseconds in repetition 273
tcp_ping received 196608 bytes back
Round trip time was 34.1085 milliseconds in repetition 274
tcp_ping received 196608 bytes back
Round trip time was 34.1093 milliseconds in repetition 275
tcp_ping received 196608 bytes back
Round trip time was 34.0303 milliseconds in repetition 276
tcp_ping received 196608 bytes back
Round trip time was 33.9237 milliseconds in repetition 277
tcp_ping received 196608 bytes back
Round trip time was 33.9555 milliseconds in repetition 278
tcp_ping received 196608 bytes back
Round trip time was 34.059 milliseconds in repetition 279
tcp_ping received 196608 bytes back
Round trip time was 34.1337 milliseconds in repetition 280
tcp_ping received 196608 bytes back
Round trip time was 34.0356 milliseconds in repetition 281
tcp_ping received 196608 bytes back
Round trip time was 34.1219 milliseconds in repetition 282
tcp_ping received 196608 bytes back
Round trip time was 34.1191 milliseconds in repetition 283
tcp_ping received 196608 bytes back
Round trip time was 34.0615 milliseconds in repetition 284
tcp_ping received 196608 bytes back
Round trip time was 33.9757 milliseconds in repetition 285
tcp_ping received 196608 bytes back
Round trip time was 34.03 milliseconds in repetition 286
tcp_ping received 196608 bytes back
Round trip time was 34.0369 milliseconds in repetition 287
tcp_ping received 196608 bytes back
Round trip time was 34.0554 milliseconds in repetition 288
tcp_ping received 196608 bytes back
Round trip time was 34.04 milliseconds in repetition 289
tcp_ping received 196608 bytes back
Round trip time was 34.0381 milliseconds in repetition 290
tcp_ping received 196608 bytes back
Round trip time was 34.0349 milliseconds in repetition 291
tcp_ping received 196608 bytes back
Round trip time was 34.0502 milliseconds in repetition 292
tcp_ping received 196608 bytes back
Round trip time was 34.1119 milliseconds in repetition 293
tcp_ping received 196608 bytes back
Round trip time was 34.0211 milliseconds in repetition 294
tcp_ping received 196608 bytes back
Round trip time was 33.9545 milliseconds in repetition 295
tcp_ping received 196608 bytes back
Round trip time was 34.0376 milliseconds in repetition 296
tcp_ping received 196608 bytes back
Round trip time was 33.985 milliseconds in repetition 297
tcp_ping received 196608 bytes back
Round trip time was 33.9674 milliseconds in repetition 298
tcp_ping received 196608 bytes back
Round trip time was 34.1181 milliseconds in repetition 299
tcp_ping received 196608 bytes back
Round trip time was 34.1355 milliseconds in repetition 300
tcp_ping received 196608 bytes back
Round trip time was 34.0711 milliseconds in repetition 301
tcp_ping received 196608 bytes back
Round trip time was 34.0606 milliseconds in repetition 302
tcp_ping received 196608 bytes back
Round trip time was 34.0597 milliseconds in repetition 303
tcp_ping received 196608 bytes back
Round trip time was 34.084 milliseconds in repetition 304
tcp_ping received 196608 bytes back
Round trip time was 34.0284 milliseconds in repetition 305
tcp_ping received 196608 bytes back
Round trip time was 34.0132 milliseconds in repetition 306
tcp_ping received 196608 bytes back
Round trip time was 33.9365 milliseconds in repetition 307
tcp_ping received 196608 bytes back
Round trip time was 34.0506 milliseconds in repetition 308
tcp_ping received 196608 bytes back
Round trip time was 34.0986 milliseconds in repetition 309
tcp_ping received 196608 bytes back
Round trip time was 34.0573 milliseconds in repetition 310
tcp_ping received 196608 bytes back
Round trip time was 34.0592 milliseconds in repetition 311
tcp_ping received 196608 bytes back
Round trip time was 34.037 milliseconds in repetition 312
tcp_ping received 196608 bytes back
Round trip time was 34.0897 milliseconds in repetition 313
tcp_ping received 196608 bytes back
Round trip time was 34.0937 milliseconds in repetition 314
tcp_ping received 196608 bytes back
Round trip time was 34.0448 milliseconds in repetition 315
tcp_ping received 196608 bytes back
Round trip time was 34.1032 milliseconds in repetition 316
tcp_ping received 196608 bytes back
Round trip time was 34.0156 milliseconds in repetition 317
tcp_ping received 196608 bytes back
Round trip time was 34.0638 milliseconds in repetition 318
tcp_ping received 196608 bytes back
Round trip time was 34.0401 milliseconds in repetition 319
tcp_ping received 196608 bytes back
Round trip time was 34.1008 milliseconds in repetition 320
tcp_ping received 196608 bytes back
Round trip time was 34.0196 milliseconds in repetition 321
tcp_ping received 196608 bytes back
Round trip time was 34.0702 milliseconds in repetition 322
tcp_ping received 196608 bytes back
Round trip time was 42.0192 milliseconds in repetition 323
tcp_ping received 196608 bytes back
Round trip time was 34.0456 milliseconds in repetition 324
tcp_ping received 196608 bytes back
Round trip time was 34.0971 milliseconds in repetition 325
tcp_ping received 196608 bytes back
Round trip time was 34.0307 milliseconds in repetition 326
tcp_ping received 196608 bytes back
Round trip time was 33.9438 milliseconds in repetition 327
tcp_ping received 196608 bytes back
Round trip time was 33.9752 milliseconds in repetition 328
tcp_ping received 196608 bytes back
Round trip time was 34.1075 milliseconds in repetition 329
tcp_ping received 196608 bytes back
Round trip time was 34.0529 milliseconds in repetition 330
tcp_ping received 196608 bytes back
Round trip time was 34.1362 milliseconds in repetition 331
tcp_ping received 196608 bytes back
Round trip time was 34.1085 milliseconds in repetition 332
tcp_ping received 196608 bytes back
Round trip time was 34.0072 milliseconds in repetition 333
tcp_ping received 196608 bytes back
Round trip time was 34.0424 milliseconds in repetition 334
tcp_ping received 196608 bytes back
Round trip time was 34.0746 milliseconds in repetition 335
tcp_ping received 196608 bytes back
Round trip time was 34.0423 milliseconds in repetition 336
tcp_ping received 196608 bytes back
Round trip time was 34.0326 milliseconds in repetition 337
tcp_ping received 196608 bytes back
Round trip time was 34.1118 milliseconds in repetition 338
tcp_ping received 196608 bytes back
Round trip time was 34.0982 milliseconds in repetition 339
tcp_ping received 196608 bytes back
Round trip time was 34.0821 milliseconds in repetition 340
tcp_ping received 196608 bytes back
Round trip time was 34.1813 milliseconds in repetition 341
tcp_ping received 196608 bytes back
Round trip time was 33.9822 milliseconds in repetition 342
tcp_ping received 196608 bytes back
Round trip time was 34.0343 milliseconds in repetition 343
tcp_ping received 196608 bytes back
Round trip time was 34.0412 milliseconds in repetition 344
tcp_ping received 196608 bytes back
Round trip time was 34.0096 milliseconds in repetition 345
tcp_ping received 196608 bytes back
Round trip time was 34.039 milliseconds in repetition 346
tcp_ping received 196608 bytes back
Round trip time was 34.0011 milliseconds in repetition 347
tcp_ping received 196608 bytes back
Round trip time was 34.0594 milliseconds in repetition 348
tcp_ping received 196608 bytes back
Round trip time was 33.9201 milliseconds in repetition 349
tcp_ping received 196608 bytes back
Round trip time was 34.0457 milliseconds in repetition 350
tcp_ping received 196608 bytes back
Round trip time was 34.1575 milliseconds in repetition 351
tcp_ping received 196608 bytes back
Round trip time was 34.0871 milliseconds in repetition 352
tcp_ping received 196608 bytes back
Round trip time was 34.15 milliseconds in repetition 353
tcp_ping received 196608 bytes back
Round trip time was 34.0373 milliseconds in repetition 354
tcp_ping received 196608 bytes back
Round trip time was 33.9879 milliseconds in repetition 355
tcp_ping received 196608 bytes back
Round trip time was 34.0828 milliseconds in repetition 356
tcp_ping received 196608 bytes back
Round trip time was 34.0953 milliseconds in repetition 357
tcp_ping received 196608 bytes back
Round trip time was 34.0914 milliseconds in repetition 358
tcp_ping received 196608 bytes back
Round trip time was 33.9902 milliseconds in repetition 359
tcp_ping received 196608 bytes back
Round trip time was 33.9812 milliseconds in repetition 360
tcp_ping received 196608 bytes back
Round trip time was 33.9866 milliseconds in repetition 361
tcp_ping received 196608 bytes back
Round trip time was 34.0043 milliseconds in repetition 362
tcp_ping received 196608 bytes back
Round trip time was 33.9372 milliseconds in repetition 363
tcp_ping received 196608 bytes back
Round trip time was 34.2642 milliseconds in repetition 364
tcp_ping received 196608 bytes back
Round trip time was 34.1238 milliseconds in repetition 365
tcp_ping received 196608 bytes back
Round trip time was 34.0178 milliseconds in repetition 366
tcp_ping received 196608 bytes back
Round trip time was 34.1635 milliseconds in repetition 367
tcp_ping received 196608 bytes back
Round trip time was 34.0424 milliseconds in repetition 368
tcp_ping received 196608 bytes back
Round trip time was 33.9905 milliseconds in repetition 369
tcp_ping received 196608 bytes back
Round trip time was 33.9553 milliseconds in repetition 370
tcp_ping received 196608 bytes back
Round trip time was 33.9878 milliseconds in repetition 371
tcp_ping received 196608 bytes back
Round trip time was 34.023 milliseconds in repetition 372
tcp_ping received 196608 bytes back
Round trip time was 34.0184 milliseconds in repetition 373
tcp_ping received 196608 bytes back
Round trip time was 34.1086 milliseconds in repetition 374
tcp_ping received 196608 bytes back
Round trip time was 34.1173 milliseconds in repetition 375
tcp_ping received 196608 bytes back
Round trip time was 33.9655 milliseconds in repetition 376
tcp_ping received 196608 bytes back
Round trip time was 34.0366 milliseconds in repetition 377
tcp_ping received 196608 bytes back
Round trip time was 34.0095 milliseconds in repetition 378
tcp_ping received 196608 bytes back
Round trip time was 34.0305 milliseconds in repetition 379
tcp_ping received 196608 bytes back
Round trip time was 34.0464 milliseconds in repetition 380
tcp_ping received 196608 bytes back
Round trip time was 34.0156 milliseconds in repetition 381
tcp_ping received 196608 bytes back
Round trip time was 33.971 milliseconds in repetition 382
tcp_ping received 196608 bytes back
Round trip time was 44.4377 milliseconds in repetition 383
tcp_ping received 196608 bytes back
Round trip time was 34.0603 milliseconds in repetition 384
tcp_ping received 196608 bytes back
Round trip time was 34.0597 milliseconds in repetition 385
tcp_ping received 196608 bytes back
Round trip time was 34.121 milliseconds in repetition 386
tcp_ping received 196608 bytes back
Round trip time was 34.0242 milliseconds in repetition 387
tcp_ping received 196608 bytes back
Round trip time was 34.0052 milliseconds in repetition 388
tcp_ping received 196608 bytes back
Round trip time was 34.0885 milliseconds in repetition 389
tcp_ping received 196608 bytes back
Round trip time was 34.1596 milliseconds in repetition 390
tcp_ping received 196608 bytes back
Round trip time was 34.0297 milliseconds in repetition 391
tcp_ping received 196608 bytes back
Round trip time was 34.0742 milliseconds in repetition 392
tcp_ping received 196608 bytes back
Round trip time was 35.7758 milliseconds in repetition 393
tcp_ping received 196608 bytes back
Round trip time was 34.3409 milliseconds in repetition 394
tcp_ping received 196608 bytes back
Round trip time was 34.2831 milliseconds in repetition 395
tcp_ping received 196608 bytes back
Round trip time was 34.0924 milliseconds in repetition 396
tcp_ping received 196608 bytes back
Round trip time was 34.1173 milliseconds in repetition 397
tcp_ping received 196608 bytes back
Round trip time was 34.0754 milliseconds in repetition 398
tcp_ping received 196608 bytes back
Round trip time was 33.976 milliseconds in repetition 399
tcp_ping received 196608 bytes back
Round trip time was 34.0277 milliseconds in repetition 400
tcp_ping received 196608 bytes back
Round trip time was 34.0532 milliseconds in repetition 401
tcp_ping received 196608 bytes back
Round trip time was 34.0851 milliseconds in repetition 402
tcp_ping received 196608 bytes back
Round trip time was 34.1516 milliseconds in repetition 403
tcp_ping received 196608 bytes back
Round trip time was 34.0458 milliseconds in repetition 404
tcp_ping received 196608 bytes back
Round trip time was 34.137 milliseconds in repetition 405
tcp_ping received 196608 bytes back
Round trip time was 34.0549 milliseconds in repetition 406
tcp_ping received 196608 bytes back
Round trip time was 34.0336 milliseconds in repetition 407
tcp_ping received 196608 bytes back
Round trip time was 34.0168 milliseconds in repetition 408
tcp_ping received 196608 bytes back
Round trip time was 33.949 milliseconds in repetition 409
tcp_ping received 196608 bytes back
Round trip time was 34.091 milliseconds in repetition 410
tcp_ping received 196608 bytes back
Round trip time was 33.9457 milliseconds in repetition 411
tcp_ping received 196608 bytes back
Round trip time was 34.006 milliseconds in repetition 412
tcp_ping received 196608 bytes back
Round trip time was 34.0659 milliseconds in repetition 413
tcp_ping received 196608 bytes back
Round trip time was 34.1414 milliseconds in repetition 414
tcp_ping received 196608 bytes back
Round trip time was 33.9864 milliseconds in repetition 415
tcp_ping received 196608 bytes back
Round trip time was 34.0571 milliseconds in repetition 416
tcp_ping received 196608 bytes back
Round trip time was 34.0773 milliseconds in repetition 417
tcp_ping received 196608 bytes back
Round trip time was 34.1453 milliseconds in repetition 418
tcp_ping received 196608 bytes back
Round trip time was 34.0614 milliseconds in repetition 419
tcp_ping received 196608 bytes back
Round trip time was 34.0702 milliseconds in repetition 420
tcp_ping received 196608 bytes back
Round trip time was 34.0379 milliseconds in repetition 421
tcp_ping received 196608 bytes back
Round trip time was 34.0748 milliseconds in repetition 422
tcp_ping received 196608 bytes back
Round trip time was 34.0399 milliseconds in repetition 423
tcp_ping received 196608 bytes back
Round trip time was 34.1043 milliseconds in repetition 424
tcp_ping received 196608 bytes back
Round trip time was 34.0551 milliseconds in repetition 425
tcp_ping received 196608 bytes back
Round trip time was 34.1154 milliseconds in repetition 426
tcp_ping received 196608 bytes back
Round trip time was 34.0296 milliseconds in repetition 427
tcp_ping received 196608 bytes back
Round trip time was 34.0936 milliseconds in repetition 428
tcp_ping received 196608 bytes back
Round trip time was 33.9938 milliseconds in repetition 429
tcp_ping received 196608 bytes back
Round trip time was 33.9943 milliseconds in repetition 430
tcp_ping received 196608 bytes back
Round trip time was 33.9924 milliseconds in repetition 431
tcp_ping received 196608 bytes back
Round trip time was 33.9807 milliseconds in repetition 432
tcp_ping received 196608 bytes back
Round trip time was 33.9798 milliseconds in repetition 433
tcp_ping received 196608 bytes back
Round trip time was 34.0461 milliseconds in repetition 434
tcp_ping received 196608 bytes back
Round trip time was 34.0752 milliseconds in repetition 435
tcp_ping received 196608 bytes back
Round trip time was 34.025 milliseconds in repetition 436
tcp_ping received 196608 bytes back
Round trip time was 33.9794 milliseconds in repetition 437
tcp_ping received 196608 bytes back
Round trip time was 34.1617 milliseconds in repetition 438
tcp_ping received 196608 bytes back
Round trip time was 34.2048 milliseconds in repetition 439
tcp_ping received 196608 bytes back
Round trip time was 34.0362 milliseconds in repetition 440
tcp_ping received 196608 bytes back
Round trip time was 34.1675 milliseconds in repetition 441
tcp_ping received 196608 bytes back
Round trip time was 34.0512 milliseconds in repetition 442
tcp_ping received 196608 bytes back
Round trip time was 34.1544 milliseconds in repetition 443
tcp_ping received 196608 bytes back
Round trip time was 34.083 milliseconds in repetition 444
tcp_ping received 196608 bytes back
Round trip time was 34.038 milliseconds in repetition 445
tcp_ping received 196608 bytes back
Round trip time was 34.0844 milliseconds in repetition 446
tcp_ping received 196608 bytes back
Round trip time was 34.127 milliseconds in repetition 447
tcp_ping received 196608 bytes back
Round trip time was 33.9299 milliseconds in repetition 448
tcp_ping received 196608 bytes back
Round trip time was 33.9453 milliseconds in repetition 449
tcp_ping received 196608 bytes back
Round trip time was 33.9761 milliseconds in repetition 450
tcp_ping received 196608 bytes back
Round trip time was 33.9432 milliseconds in repetition 451
tcp_ping received 196608 bytes back
Round trip time was 34.1805 milliseconds in repetition 452
tcp_ping received 196608 bytes back
Round trip time was 34.0013 milliseconds in repetition 453
tcp_ping received 196608 bytes back
Round trip time was 34.1272 milliseconds in repetition 454
tcp_ping received 196608 bytes back
Round trip time was 34.0208 milliseconds in repetition 455
tcp_ping received 196608 bytes back
Round trip time was 34.18 milliseconds in repetition 456
tcp_ping received 196608 bytes back
Round trip time was 33.9679 milliseconds in repetition 457
tcp_ping received 196608 bytes back
Round trip time was 34.0432 milliseconds in repetition 458
tcp_ping received 196608 bytes back
Round trip time was 34.0888 milliseconds in repetition 459
tcp_ping received 196608 bytes back
Round trip time was 34.1105 milliseconds in repetition 460
tcp_ping received 196608 bytes back
Round trip time was 34.198 milliseconds in repetition 461
tcp_ping received 196608 bytes back
Round trip time was 34.2694 milliseconds in repetition 462
tcp_ping received 196608 bytes back
Round trip time was 34.0322 milliseconds in repetition 463
tcp_ping received 196608 bytes back
Round trip time was 34.1712 milliseconds in repetition 464
tcp_ping received 196608 bytes back
Round trip time was 34.1505 milliseconds in repetition 465
tcp_ping received 196608 bytes back
Round trip time was 34.1682 milliseconds in repetition 466
tcp_ping received 196608 bytes back
Round trip time was 34.7279 milliseconds in repetition 467
tcp_ping received 196608 bytes back
Round trip time was 33.9762 milliseconds in repetition 468
tcp_ping received 196608 bytes back
Round trip time was 35.8567 milliseconds in repetition 469
tcp_ping received 196608 bytes back
Round trip time was 34.2919 milliseconds in repetition 470
tcp_ping received 196608 bytes back
Round trip time was 34.1234 milliseconds in repetition 471
tcp_ping received 196608 bytes back
Round trip time was 34.4479 milliseconds in repetition 472
tcp_ping received 196608 bytes back
Round trip time was 34.2666 milliseconds in repetition 473
tcp_ping received 196608 bytes back
Round trip time was 34.0861 milliseconds in repetition 474
tcp_ping received 196608 bytes back
Round trip time was 34.2228 milliseconds in repetition 475
tcp_ping received 196608 bytes back
Round trip time was 34.2165 milliseconds in repetition 476
tcp_ping received 196608 bytes back
Round trip time was 34.2582 milliseconds in repetition 477
tcp_ping received 196608 bytes back
Round trip time was 34.3655 milliseconds in repetition 478
tcp_ping received 196608 bytes back
Round trip time was 34.1558 milliseconds in repetition 479
tcp_ping received 196608 bytes back
Round trip time was 34.2258 milliseconds in repetition 480
tcp_ping received 196608 bytes back
Round trip time was 34.1566 milliseconds in repetition 481
tcp_ping received 196608 bytes back
Round trip time was 34.0619 milliseconds in repetition 482
tcp_ping received 196608 bytes back
Round trip time was 33.9097 milliseconds in repetition 483
tcp_ping received 196608 bytes back
Round trip time was 33.988 milliseconds in repetition 484
tcp_ping received 196608 bytes back
Round trip time was 35.649 milliseconds in repetition 485
tcp_ping received 196608 bytes back
Round trip time was 34.093 milliseconds in repetition 486
tcp_ping received 196608 bytes back
Round trip time was 34.0049 milliseconds in repetition 487
tcp_ping received 196608 bytes back
Round trip time was 34.0225 milliseconds in repetition 488
tcp_ping received 196608 bytes back
Round trip time was 34.0633 milliseconds in repetition 489
tcp_ping received 196608 bytes back
Round trip time was 34.0462 milliseconds in repetition 490
tcp_ping received 196608 bytes back
Round trip time was 34.0689 milliseconds in repetition 491
tcp_ping received 196608 bytes back
Round trip time was 34.0576 milliseconds in repetition 492
tcp_ping received 196608 bytes back
Round trip time was 34.0277 milliseconds in repetition 493
tcp_ping received 196608 bytes back
Round trip time was 34.0808 milliseconds in repetition 494
tcp_ping received 196608 bytes back
Round trip time was 34.097 milliseconds in repetition 495
tcp_ping received 196608 bytes back
Round trip time was 34.1096 milliseconds in repetition 496
tcp_ping received 196608 bytes back
Round trip time was 34.0732 milliseconds in repetition 497
tcp_ping received 196608 bytes back
Round trip time was 34.1604 milliseconds in repetition 498
tcp_ping received 196608 bytes back
Round trip time was 34.0528 milliseconds in repetition 499
tcp_ping received 196608 bytes back
Round trip time was 34.0553 milliseconds in repetition 500
tcp_ping received 196608 bytes back
Round trip time was 34.1112 milliseconds in repetition 501

 ... clock resolution was 1e-06
TCP Ping:  Statistics over 501 repetitions of 196608 byte messages

RTT : percentile 10: 33.985, median: 34.0638, percentile 90: 34.1792, average: 34.1285, variance: 0.373398

RTT histogram:
   overall Throughput : 11521.6 KB/s

