TCP Ping trying to connect to server 192.168.1.110 (192.168.1.110) on port 1491
 ... connected to Pong server: asking for 501 repetitions of 2048 bytes TCP messages
 ... Pong server agreed :-)
tcp_ping received 2048 bytes back
Round trip time was 1.54835 milliseconds in repetition 1
tcp_ping received 2048 bytes back
Round trip time was 2.14203 milliseconds in repetition 2
tcp_ping received 2048 bytes back
Round trip time was 1.70703 milliseconds in repetition 3
tcp_ping received 2048 bytes back
Round trip time was 1.89359 milliseconds in repetition 4
tcp_ping received 2048 bytes back
Round trip time was 2.16024 milliseconds in repetition 5
tcp_ping received 2048 bytes back
Round trip time was 2.13771 milliseconds in repetition 6
tcp_ping received 2048 bytes back
Round trip time was 1.71665 milliseconds in repetition 7
tcp_ping received 2048 bytes back
Round trip time was 2.14945 milliseconds in repetition 8
tcp_ping received 2048 bytes back
Round trip time was 1.94622 milliseconds in repetition 9
tcp_ping received 2048 bytes back
Round trip time was 2.25474 milliseconds in repetition 10
tcp_ping received 2048 bytes back
Round trip time was 1.71907 milliseconds in repetition 11
tcp_ping received 2048 bytes back
Round trip time was 2.13937 milliseconds in repetition 12
tcp_ping received 2048 bytes back
Round trip time was 1.85989 milliseconds in repetition 13
tcp_ping received 2048 bytes back
Round trip time was 2.27756 milliseconds in repetition 14
tcp_ping received 2048 bytes back
Round trip time was 1.64684 milliseconds in repetition 15
tcp_ping received 2048 bytes back
Round trip time was 2.139 milliseconds in repetition 16
tcp_ping received 2048 bytes back
Round trip time was 1.86953 milliseconds in repetition 17
tcp_ping received 2048 bytes back
Round trip time was 2.21183 milliseconds in repetition 18
tcp_ping received 2048 bytes back
Round trip time was 1.67489 milliseconds in repetition 19
tcp_ping received 2048 bytes back
Round trip time was 2.13804 milliseconds in repetition 20
tcp_ping received 2048 bytes back
Round trip time was 1.83891 milliseconds in repetition 21
tcp_ping received 2048 bytes back
Round trip time was 2.14717 milliseconds in repetition 22
tcp_ping received 2048 bytes back
Round trip time was 1.8034 milliseconds in repetition 23
tcp_ping received 2048 bytes back
Round trip time was 2.12575 milliseconds in repetition 24
tcp_ping received 2048 bytes back
Round trip time was 1.81577 milliseconds in repetition 25
tcp_ping received 2048 bytes back
Round trip time was 2.12711 milliseconds in repetition 26
tcp_ping received 2048 bytes back
Round trip time was 1.83327 milliseconds in repetition 27
tcp_ping received 2048 bytes back
Round trip time was 2.1364 milliseconds in repetition 28
tcp_ping received 2048 bytes back
Round trip time was 1.61127 milliseconds in repetition 29
tcp_ping received 2048 bytes back
Round trip time was 2.1365 milliseconds in repetition 30
tcp_ping received 2048 bytes back
Round trip time was 2.05959 milliseconds in repetition 31
tcp_ping received 2048 bytes back
Round trip time was 2.16891 milliseconds in repetition 32
tcp_ping received 2048 bytes back
Round trip time was 1.7523 milliseconds in repetition 33
tcp_ping received 2048 bytes back
Round trip time was 2.40458 milliseconds in repetition 34
tcp_ping received 2048 bytes back
Round trip time was 1.59045 milliseconds in repetition 35
tcp_ping received 2048 bytes back
Round trip time was 2.16048 milliseconds in repetition 36
tcp_ping received 2048 bytes back
Round trip time was 1.7887 milliseconds in repetition 37
tcp_ping received 2048 bytes back
Round trip time was 2.20219 milliseconds in repetition 38
tcp_ping received 2048 bytes back
Round trip time was 1.70213 milliseconds in repetition 39
tcp_ping received 2048 bytes back
Round trip time was 2.19426 milliseconds in repetition 40
tcp_ping received 2048 bytes back
Round trip time was 1.80775 milliseconds in repetition 41
tcp_ping received 2048 bytes back
Round trip time was 2.23677 milliseconds in repetition 42
tcp_ping received 2048 bytes back
Round trip time was 2.11059 milliseconds in repetition 43
tcp_ping received 2048 bytes back
Round trip time was 2.16132 milliseconds in repetition 44
tcp_ping received 2048 bytes back
Round trip time was 1.14067 milliseconds in repetition 45
tcp_ping received 2048 bytes back
Round trip time was 1.14627 milliseconds in repetition 46
tcp_ping received 2048 bytes back
Round trip time was 2.12289 milliseconds in repetition 47
tcp_ping received 2048 bytes back
Round trip time was 1.02914 milliseconds in repetition 48
tcp_ping received 2048 bytes back
Round trip time was 2.14444 milliseconds in repetition 49
tcp_ping received 2048 bytes back
Round trip time was 1.656 milliseconds in repetition 50
tcp_ping received 2048 bytes back
Round trip time was 2.14941 milliseconds in repetition 51
tcp_ping received 2048 bytes back
Round trip time was 1.87669 milliseconds in repetition 52
tcp_ping received 2048 bytes back
Round trip time was 2.16156 milliseconds in repetition 53
tcp_ping received 2048 bytes back
Round trip time was 1.70596 milliseconds in repetition 54
tcp_ping received 2048 bytes back
Round trip time was 1.6301 milliseconds in repetition 55
tcp_ping received 2048 bytes back
Round trip time was 2.29867 milliseconds in repetition 56
tcp_ping received 2048 bytes back
Round trip time was 2.17695 milliseconds in repetition 57
tcp_ping received 2048 bytes back
Round trip time was 1.06959 milliseconds in repetition 58
tcp_ping received 2048 bytes back
Round trip time was 2.13733 milliseconds in repetition 59
tcp_ping received 2048 bytes back
Round trip time was 2.19875 milliseconds in repetition 60
tcp_ping received 2048 bytes back
Round trip time was 2.1328 milliseconds in repetition 61
tcp_ping received 2048 bytes back
Round trip time was 2.17342 milliseconds in repetition 62
tcp_ping received 2048 bytes back
Round trip time was 2.34024 milliseconds in repetition 63
tcp_ping received 2048 bytes back
Round trip time was 1.65569 milliseconds in repetition 64
tcp_ping received 2048 bytes back
Round trip time was 2.15999 milliseconds in repetition 65
tcp_ping received 2048 bytes back
Round trip time was 1.80156 milliseconds in repetition 66
tcp_ping received 2048 bytes back
Round trip time was 2.15131 milliseconds in repetition 67
tcp_ping received 2048 bytes back
Round trip time was 1.79906 milliseconds in repetition 68
tcp_ping received 2048 bytes back
Round trip time was 2.18869 milliseconds in repetition 69
tcp_ping received 2048 bytes back
Round trip time was 1.77191 milliseconds in repetition 70
tcp_ping received 2048 bytes back
Round trip time was 2.3331 milliseconds in repetition 71
tcp_ping received 2048 bytes back
Round trip time was 2.14111 milliseconds in repetition 72
tcp_ping received 2048 bytes back
Round trip time was 2.1879 milliseconds in repetition 73
tcp_ping received 2048 bytes back
Round trip time was 1.07552 milliseconds in repetition 74
tcp_ping received 2048 bytes back
Round trip time was 2.20659 milliseconds in repetition 75
tcp_ping received 2048 bytes back
Round trip time was 1.98314 milliseconds in repetition 76
tcp_ping received 2048 bytes back
Round trip time was 2.14175 milliseconds in repetition 77
tcp_ping received 2048 bytes back
Round trip time was 1.74903 milliseconds in repetition 78
tcp_ping received 2048 bytes back
Round trip time was 2.18982 milliseconds in repetition 79
tcp_ping received 2048 bytes back
Round trip time was 1.41837 milliseconds in repetition 80
tcp_ping received 2048 bytes back
Round trip time was 2.19219 milliseconds in repetition 81
tcp_ping received 2048 bytes back
Round trip time was 2.12335 milliseconds in repetition 82
tcp_ping received 2048 bytes back
Round trip time was 2.15999 milliseconds in repetition 83
tcp_ping received 2048 bytes back
Round trip time was 1.79955 milliseconds in repetition 84
tcp_ping received 2048 bytes back
Round trip time was 2.31033 milliseconds in repetition 85
tcp_ping received 2048 bytes back
Round trip time was 1.72211 milliseconds in repetition 86
tcp_ping received 2048 bytes back
Round trip time was 2.20653 milliseconds in repetition 87
tcp_ping received 2048 bytes back
Round trip time was 1.97926 milliseconds in repetition 88
tcp_ping received 2048 bytes back
Round trip time was 2.08803 milliseconds in repetition 89
tcp_ping received 2048 bytes back
Round trip time was 1.50557 milliseconds in repetition 90
tcp_ping received 2048 bytes back
Round trip time was 2.0957 milliseconds in repetition 91
tcp_ping received 2048 bytes back
Round trip time was 1.86831 milliseconds in repetition 92
tcp_ping received 2048 bytes back
Round trip time was 2.15652 milliseconds in repetition 93
tcp_ping received 2048 bytes back
Round trip time was 1.82908 milliseconds in repetition 94
tcp_ping received 2048 bytes back
Round trip time was 2.1144 milliseconds in repetition 95
tcp_ping received 2048 bytes back
Round trip time was 1.62649 milliseconds in repetition 96
tcp_ping received 2048 bytes back
Round trip time was 1.8883 milliseconds in repetition 97
tcp_ping received 2048 bytes back
Round trip time was 2.17411 milliseconds in repetition 98
tcp_ping received 2048 bytes back
Round trip time was 2.17782 milliseconds in repetition 99
tcp_ping received 2048 bytes back
Round trip time was 1.87387 milliseconds in repetition 100
tcp_ping received 2048 bytes back
Round trip time was 2.21296 milliseconds in repetition 101
tcp_ping received 2048 bytes back
Round trip time was 1.78134 milliseconds in repetition 102
tcp_ping received 2048 bytes back
Round trip time was 2.17095 milliseconds in repetition 103
tcp_ping received 2048 bytes back
Round trip time was 2.22374 milliseconds in repetition 104
tcp_ping received 2048 bytes back
Round trip time was 1.08124 milliseconds in repetition 105
tcp_ping received 2048 bytes back
Round trip time was 2.20361 milliseconds in repetition 106
tcp_ping received 2048 bytes back
Round trip time was 2.16874 milliseconds in repetition 107
tcp_ping received 2048 bytes back
Round trip time was 1.99205 milliseconds in repetition 108
tcp_ping received 2048 bytes back
Round trip time was 2.16866 milliseconds in repetition 109
tcp_ping received 2048 bytes back
Round trip time was 2.21042 milliseconds in repetition 110
tcp_ping received 2048 bytes back
Round trip time was 2.15467 milliseconds in repetition 111
tcp_ping received 2048 bytes back
Round trip time was 1.35468 milliseconds in repetition 112
tcp_ping received 2048 bytes back
Round trip time was 2.20068 milliseconds in repetition 113
tcp_ping received 2048 bytes back
Round trip time was 1.82572 milliseconds in repetition 114
tcp_ping received 2048 bytes back
Round trip time was 2.15106 milliseconds in repetition 115
tcp_ping received 2048 bytes back
Round trip time was 1.70479 milliseconds in repetition 116
tcp_ping received 2048 bytes back
Round trip time was 2.15376 milliseconds in repetition 117
tcp_ping received 2048 bytes back
Round trip time was 1.8714 milliseconds in repetition 118
tcp_ping received 2048 bytes back
Round trip time was 2.18831 milliseconds in repetition 119
tcp_ping received 2048 bytes back
Round trip time was 1.75282 milliseconds in repetition 120
tcp_ping received 2048 bytes back
Round trip time was 2.3522 milliseconds in repetition 121
tcp_ping received 2048 bytes back
Round trip time was 2.23628 milliseconds in repetition 122
tcp_ping received 2048 bytes back
Round trip time was 2.1577 milliseconds in repetition 123
tcp_ping received 2048 bytes back
Round trip time was 0.994686 milliseconds in repetition 124
tcp_ping received 2048 bytes back
Round trip time was 2.20563 milliseconds in repetition 125
tcp_ping received 2048 bytes back
Round trip time was 2.02917 milliseconds in repetition 126
tcp_ping received 2048 bytes back
Round trip time was 2.15211 milliseconds in repetition 127
tcp_ping received 2048 bytes back
Round trip time was 2.18759 milliseconds in repetition 128
tcp_ping received 2048 bytes back
Round trip time was 2.12716 milliseconds in repetition 129
tcp_ping received 2048 bytes back
Round trip time was 1.1975 milliseconds in repetition 130
tcp_ping received 2048 bytes back
Round trip time was 2.26242 milliseconds in repetition 131
tcp_ping received 2048 bytes back
Round trip time was 1.90573 milliseconds in repetition 132
tcp_ping received 2048 bytes back
Round trip time was 2.14264 milliseconds in repetition 133
tcp_ping received 2048 bytes back
Round trip time was 2.2177 milliseconds in repetition 134
tcp_ping received 2048 bytes back
Round trip time was 2.22738 milliseconds in repetition 135
tcp_ping received 2048 bytes back
Round trip time was 1.10435 milliseconds in repetition 136
tcp_ping received 2048 bytes back
Round trip time was 2.13574 milliseconds in repetition 137
tcp_ping received 2048 bytes back
Round trip time was 1.97104 milliseconds in repetition 138
tcp_ping received 2048 bytes back
Round trip time was 2.12423 milliseconds in repetition 139
tcp_ping received 2048 bytes back
Round trip time was 2.14518 milliseconds in repetition 140
tcp_ping received 2048 bytes back
Round trip time was 2.19352 milliseconds in repetition 141
tcp_ping received 2048 bytes back
Round trip time was 1.47135 milliseconds in repetition 142
tcp_ping received 2048 bytes back
Round trip time was 2.21498 milliseconds in repetition 143
tcp_ping received 2048 bytes back
Round trip time was 1.72914 milliseconds in repetition 144
tcp_ping received 2048 bytes back
Round trip time was 2.1007 milliseconds in repetition 145
tcp_ping received 2048 bytes back
Round trip time was 2.23678 milliseconds in repetition 146
tcp_ping received 2048 bytes back
Round trip time was 2.3481 milliseconds in repetition 147
tcp_ping received 2048 bytes back
Round trip time was 1.20457 milliseconds in repetition 148
tcp_ping received 2048 bytes back
Round trip time was 2.27558 milliseconds in repetition 149
tcp_ping received 2048 bytes back
Round trip time was 1.66292 milliseconds in repetition 150
tcp_ping received 2048 bytes back
Round trip time was 2.14729 milliseconds in repetition 151
tcp_ping received 2048 bytes back
Round trip time was 2.22324 milliseconds in repetition 152
tcp_ping received 2048 bytes back
Round trip time was 2.23007 milliseconds in repetition 153
tcp_ping received 2048 bytes back
Round trip time was 1.18982 milliseconds in repetition 154
tcp_ping received 2048 bytes back
Round trip time was 1.55477 milliseconds in repetition 155
tcp_ping received 2048 bytes back
Round trip time was 2.31505 milliseconds in repetition 156
tcp_ping received 2048 bytes back
Round trip time was 2.1809 milliseconds in repetition 157
tcp_ping received 2048 bytes back
Round trip time was 2.0665 milliseconds in repetition 158
tcp_ping received 2048 bytes back
Round trip time was 2.23737 milliseconds in repetition 159
tcp_ping received 2048 bytes back
Round trip time was 1.65299 milliseconds in repetition 160
tcp_ping received 2048 bytes back
Round trip time was 2.3587 milliseconds in repetition 161
tcp_ping received 2048 bytes back
Round trip time was 1.63315 milliseconds in repetition 162
tcp_ping received 2048 bytes back
Round trip time was 2.18491 milliseconds in repetition 163
tcp_ping received 2048 bytes back
Round trip time was 2.17852 milliseconds in repetition 164
tcp_ping received 2048 bytes back
Round trip time was 2.08902 milliseconds in repetition 165
tcp_ping received 2048 bytes back
Round trip time was 1.36192 milliseconds in repetition 166
tcp_ping received 2048 bytes back
Round trip time was 2.13722 milliseconds in repetition 167
tcp_ping received 2048 bytes back
Round trip time was 1.87797 milliseconds in repetition 168
tcp_ping received 2048 bytes back
Round trip time was 2.17406 milliseconds in repetition 169
tcp_ping received 2048 bytes back
Round trip time was 2.19301 milliseconds in repetition 170
tcp_ping received 2048 bytes back
Round trip time was 2.18086 milliseconds in repetition 171
tcp_ping received 2048 bytes back
Round trip time was 1.35803 milliseconds in repetition 172
tcp_ping received 2048 bytes back
Round trip time was 2.17178 milliseconds in repetition 173
tcp_ping received 2048 bytes back
Round trip time was 1.84315 milliseconds in repetition 174
tcp_ping received 2048 bytes back
Round trip time was 2.19617 milliseconds in repetition 175
tcp_ping received 2048 bytes back
Round trip time was 2.18709 milliseconds in repetition 176
tcp_ping received 2048 bytes back
Round trip time was 2.18201 milliseconds in repetition 177
tcp_ping received 2048 bytes back
Round trip time was 1.07059 milliseconds in repetition 178
tcp_ping received 2048 bytes back
Round trip time was 2.12987 milliseconds in repetition 179
tcp_ping received 2048 bytes back
Round trip time was 1.51191 milliseconds in repetition 180
tcp_ping received 2048 bytes back
Round trip time was 2.14858 milliseconds in repetition 181
tcp_ping received 2048 bytes back
Round trip time was 2.17632 milliseconds in repetition 182
tcp_ping received 2048 bytes back
Round trip time was 2.15111 milliseconds in repetition 183
tcp_ping received 2048 bytes back
Round trip time was 1.97188 milliseconds in repetition 184
tcp_ping received 2048 bytes back
Round trip time was 2.29375 milliseconds in repetition 185
tcp_ping received 2048 bytes back
Round trip time was 2.30379 milliseconds in repetition 186
tcp_ping received 2048 bytes back
Round trip time was 2.22227 milliseconds in repetition 187
tcp_ping received 2048 bytes back
Round trip time was 1.09296 milliseconds in repetition 188
tcp_ping received 2048 bytes back
Round trip time was 2.17419 milliseconds in repetition 189
tcp_ping received 2048 bytes back
Round trip time was 1.83302 milliseconds in repetition 190
tcp_ping received 2048 bytes back
Round trip time was 2.14532 milliseconds in repetition 191
tcp_ping received 2048 bytes back
Round trip time was 1.74201 milliseconds in repetition 192
tcp_ping received 2048 bytes back
Round trip time was 2.10032 milliseconds in repetition 193
tcp_ping received 2048 bytes back
Round trip time was 2.15092 milliseconds in repetition 194
tcp_ping received 2048 bytes back
Round trip time was 2.17353 milliseconds in repetition 195
tcp_ping received 2048 bytes back
Round trip time was 1.50751 milliseconds in repetition 196
tcp_ping received 2048 bytes back
Round trip time was 2.17433 milliseconds in repetition 197
tcp_ping received 2048 bytes back
Round trip time was 1.76704 milliseconds in repetition 198
tcp_ping received 2048 bytes back
Round trip time was 2.14297 milliseconds in repetition 199
tcp_ping received 2048 bytes back
Round trip time was 2.19864 milliseconds in repetition 200
tcp_ping received 2048 bytes back
Round trip time was 2.17505 milliseconds in repetition 201
tcp_ping received 2048 bytes back
Round trip time was 1.42601 milliseconds in repetition 202
tcp_ping received 2048 bytes back
Round trip time was 2.20779 milliseconds in repetition 203
tcp_ping received 2048 bytes back
Round trip time was 1.72875 milliseconds in repetition 204
tcp_ping received 2048 bytes back
Round trip time was 1.40137 milliseconds in repetition 205
tcp_ping received 2048 bytes back
Round trip time was 2.33906 milliseconds in repetition 206
tcp_ping received 2048 bytes back
Round trip time was 2.18555 milliseconds in repetition 207
tcp_ping received 2048 bytes back
Round trip time was 2.04008 milliseconds in repetition 208
tcp_ping received 2048 bytes back
Round trip time was 2.20575 milliseconds in repetition 209
tcp_ping received 2048 bytes back
Round trip time was 1.58834 milliseconds in repetition 210
tcp_ping received 2048 bytes back
Round trip time was 2.18115 milliseconds in repetition 211
tcp_ping received 2048 bytes back
Round trip time was 2.14744 milliseconds in repetition 212
tcp_ping received 2048 bytes back
Round trip time was 1.77175 milliseconds in repetition 213
tcp_ping received 2048 bytes back
Round trip time was 1.9217 milliseconds in repetition 214
tcp_ping received 2048 bytes back
Round trip time was 2.10688 milliseconds in repetition 215
tcp_ping received 2048 bytes back
Round trip time was 1.84976 milliseconds in repetition 216
tcp_ping received 2048 bytes back
Round trip time was 2.12399 milliseconds in repetition 217
tcp_ping received 2048 bytes back
Round trip time was 1.91043 milliseconds in repetition 218
tcp_ping received 2048 bytes back
Round trip time was 2.20628 milliseconds in repetition 219
tcp_ping received 2048 bytes back
Round trip time was 2.15016 milliseconds in repetition 220
tcp_ping received 2048 bytes back
Round trip time was 2.12099 milliseconds in repetition 221
tcp_ping received 2048 bytes back
Round trip time was 1.31362 milliseconds in repetition 222
tcp_ping received 2048 bytes back
Round trip time was 2.14379 milliseconds in repetition 223
tcp_ping received 2048 bytes back
Round trip time was 2.56355 milliseconds in repetition 224
tcp_ping received 2048 bytes back
Round trip time was 2.20718 milliseconds in repetition 225
tcp_ping received 2048 bytes back
Round trip time was 2.09636 milliseconds in repetition 226
tcp_ping received 2048 bytes back
Round trip time was 2.16119 milliseconds in repetition 227
tcp_ping received 2048 bytes back
Round trip time was 2.15144 milliseconds in repetition 228
tcp_ping received 2048 bytes back
Round trip time was 1.86418 milliseconds in repetition 229
tcp_ping received 2048 bytes back
Round trip time was 4.56006 milliseconds in repetition 230
tcp_ping received 2048 bytes back
Round trip time was 2.37666 milliseconds in repetition 231
tcp_ping received 2048 bytes back
Round trip time was 3.90122 milliseconds in repetition 232
tcp_ping received 2048 bytes back
Round trip time was 2.20349 milliseconds in repetition 233
tcp_ping received 2048 bytes back
Round trip time was 1.61398 milliseconds in repetition 234
tcp_ping received 2048 bytes back
Round trip time was 1.97734 milliseconds in repetition 235
tcp_ping received 2048 bytes back
Round trip time was 5.00679 milliseconds in repetition 236
tcp_ping received 2048 bytes back
Round trip time was 2.70337 milliseconds in repetition 237
tcp_ping received 2048 bytes back
Round trip time was 2.36037 milliseconds in repetition 238
tcp_ping received 2048 bytes back
Round trip time was 1.8511 milliseconds in repetition 239
tcp_ping received 2048 bytes back
Round trip time was 1.41207 milliseconds in repetition 240
tcp_ping received 2048 bytes back
Round trip time was 1.02917 milliseconds in repetition 241
tcp_ping received 2048 bytes back
Round trip time was 1.33048 milliseconds in repetition 242
tcp_ping received 2048 bytes back
Round trip time was 6.12094 milliseconds in repetition 243
tcp_ping received 2048 bytes back
Round trip time was 4.41755 milliseconds in repetition 244
tcp_ping received 2048 bytes back
Round trip time was 8.58252 milliseconds in repetition 245
tcp_ping received 2048 bytes back
Round trip time was 2.21172 milliseconds in repetition 246
tcp_ping received 2048 bytes back
Round trip time was 2.32475 milliseconds in repetition 247
tcp_ping received 2048 bytes back
Round trip time was 3.20976 milliseconds in repetition 248
tcp_ping received 2048 bytes back
Round trip time was 1.00209 milliseconds in repetition 249
tcp_ping received 2048 bytes back
Round trip time was 2.30428 milliseconds in repetition 250
tcp_ping received 2048 bytes back
Round trip time was 2.33914 milliseconds in repetition 251
tcp_ping received 2048 bytes back
Round trip time was 1.24242 milliseconds in repetition 252
tcp_ping received 2048 bytes back
Round trip time was 2.09262 milliseconds in repetition 253
tcp_ping received 2048 bytes back
Round trip time was 2.1547 milliseconds in repetition 254
tcp_ping received 2048 bytes back
Round trip time was 2.3132 milliseconds in repetition 255
tcp_ping received 2048 bytes back
Round trip time was 2.18665 milliseconds in repetition 256
tcp_ping received 2048 bytes back
Round trip time was 1.15892 milliseconds in repetition 257
tcp_ping received 2048 bytes back
Round trip time was 2.65425 milliseconds in repetition 258
tcp_ping received 2048 bytes back
Round trip time was 2.19885 milliseconds in repetition 259
tcp_ping received 2048 bytes back
Round trip time was 1.75638 milliseconds in repetition 260
tcp_ping received 2048 bytes back
Round trip time was 9.21223 milliseconds in repetition 261
tcp_ping received 2048 bytes back
Round trip time was 1.45669 milliseconds in repetition 262
tcp_ping received 2048 bytes back
Round trip time was 1.13899 milliseconds in repetition 263
tcp_ping received 2048 bytes back
Round trip time was 1.10672 milliseconds in repetition 264
tcp_ping received 2048 bytes back
Round trip time was 0.922764 milliseconds in repetition 265
tcp_ping received 2048 bytes back
Round trip time was 1.08136 milliseconds in repetition 266
tcp_ping received 2048 bytes back
Round trip time was 0.9067 milliseconds in repetition 267
tcp_ping received 2048 bytes back
Round trip time was 0.886575 milliseconds in repetition 268
tcp_ping received 2048 bytes back
Round trip time was 0.883036 milliseconds in repetition 269
tcp_ping received 2048 bytes back
Round trip time was 0.867786 milliseconds in repetition 270
tcp_ping received 2048 bytes back
Round trip time was 0.883255 milliseconds in repetition 271
tcp_ping received 2048 bytes back
Round trip time was 13.268 milliseconds in repetition 272
tcp_ping received 2048 bytes back
Round trip time was 3.51436 milliseconds in repetition 273
tcp_ping received 2048 bytes back
Round trip time was 8.33478 milliseconds in repetition 274
tcp_ping received 2048 bytes back
Round trip time was 1.33501 milliseconds in repetition 275
tcp_ping received 2048 bytes back
Round trip time was 1.11251 milliseconds in repetition 276
tcp_ping received 2048 bytes back
Round trip time was 1.26737 milliseconds in repetition 277
tcp_ping received 2048 bytes back
Round trip time was 1.49158 milliseconds in repetition 278
tcp_ping received 2048 bytes back
Round trip time was 6.75432 milliseconds in repetition 279
tcp_ping received 2048 bytes back
Round trip time was 2.30865 milliseconds in repetition 280
tcp_ping received 2048 bytes back
Round trip time was 1.99823 milliseconds in repetition 281
tcp_ping received 2048 bytes back
Round trip time was 2.10622 milliseconds in repetition 282
tcp_ping received 2048 bytes back
Round trip time was 1.82683 milliseconds in repetition 283
tcp_ping received 2048 bytes back
Round trip time was 1.18089 milliseconds in repetition 284
tcp_ping received 2048 bytes back
Round trip time was 1.97496 milliseconds in repetition 285
tcp_ping received 2048 bytes back
Round trip time was 1.0085 milliseconds in repetition 286
tcp_ping received 2048 bytes back
Round trip time was 2.1161 milliseconds in repetition 287
tcp_ping received 2048 bytes back
Round trip time was 1.64693 milliseconds in repetition 288
tcp_ping received 2048 bytes back
Round trip time was 2.22617 milliseconds in repetition 289
tcp_ping received 2048 bytes back
Round trip time was 1.77087 milliseconds in repetition 290
tcp_ping received 2048 bytes back
Round trip time was 2.04595 milliseconds in repetition 291
tcp_ping received 2048 bytes back
Round trip time was 2.11322 milliseconds in repetition 292
tcp_ping received 2048 bytes back
Round trip time was 13.2125 milliseconds in repetition 293
tcp_ping received 2048 bytes back
Round trip time was 2.18614 milliseconds in repetition 294
tcp_ping received 2048 bytes back
Round trip time was 2.41254 milliseconds in repetition 295
tcp_ping received 2048 bytes back
Round trip time was 4.71736 milliseconds in repetition 296
tcp_ping received 2048 bytes back
Round trip time was 1.17683 milliseconds in repetition 297
tcp_ping received 2048 bytes back
Round trip time was 2.07603 milliseconds in repetition 298
tcp_ping received 2048 bytes back
Round trip time was 1.79834 milliseconds in repetition 299
tcp_ping received 2048 bytes back
Round trip time was 2.12132 milliseconds in repetition 300
tcp_ping received 2048 bytes back
Round trip time was 2.01542 milliseconds in repetition 301
tcp_ping received 2048 bytes back
Round trip time was 4.61432 milliseconds in repetition 302
tcp_ping received 2048 bytes back
Round trip time was 5.45236 milliseconds in repetition 303
tcp_ping received 2048 bytes back
Round trip time was 3.77716 milliseconds in repetition 304
tcp_ping received 2048 bytes back
Round trip time was 6.1084 milliseconds in repetition 305
tcp_ping received 2048 bytes back
Round trip time was 2.8974 milliseconds in repetition 306
tcp_ping received 2048 bytes back
Round trip time was 3.94502 milliseconds in repetition 307
tcp_ping received 2048 bytes back
Round trip time was 12.2471 milliseconds in repetition 308
tcp_ping received 2048 bytes back
Round trip time was 3.43742 milliseconds in repetition 309
tcp_ping received 2048 bytes back
Round trip time was 2.92597 milliseconds in repetition 310
tcp_ping received 2048 bytes back
Round trip time was 12.395 milliseconds in repetition 311
tcp_ping received 2048 bytes back
Round trip time was 2.9141 milliseconds in repetition 312
tcp_ping received 2048 bytes back
Round trip time was 3.136 milliseconds in repetition 313
tcp_ping received 2048 bytes back
Round trip time was 4.04255 milliseconds in repetition 314
tcp_ping received 2048 bytes back
Round trip time was 6.65587 milliseconds in repetition 315
tcp_ping received 2048 bytes back
Round trip time was 4.1929 milliseconds in repetition 316
tcp_ping received 2048 bytes back
Round trip time was 7.69889 milliseconds in repetition 317
tcp_ping received 2048 bytes back
Round trip time was 5.7437 milliseconds in repetition 318
tcp_ping received 2048 bytes back
Round trip time was 3.06464 milliseconds in repetition 319
tcp_ping received 2048 bytes back
Round trip time was 2.68374 milliseconds in repetition 320
tcp_ping received 2048 bytes back
Round trip time was 2.41497 milliseconds in repetition 321
tcp_ping received 2048 bytes back
Round trip time was 1.88243 milliseconds in repetition 322
tcp_ping received 2048 bytes back
Round trip time was 1.03409 milliseconds in repetition 323
tcp_ping received 2048 bytes back
Round trip time was 2.052 milliseconds in repetition 324
tcp_ping received 2048 bytes back
Round trip time was 2.39792 milliseconds in repetition 325
tcp_ping received 2048 bytes back
Round trip time was 2.26236 milliseconds in repetition 326
tcp_ping received 2048 bytes back
Round trip time was 1.10133 milliseconds in repetition 327
tcp_ping received 2048 bytes back
Round trip time was 2.39867 milliseconds in repetition 328
tcp_ping received 2048 bytes back
Round trip time was 2.25407 milliseconds in repetition 329
tcp_ping received 2048 bytes back
Round trip time was 2.62757 milliseconds in repetition 330
tcp_ping received 2048 bytes back
Round trip time was 2.25674 milliseconds in repetition 331
tcp_ping received 2048 bytes back
Round trip time was 2.28649 milliseconds in repetition 332
tcp_ping received 2048 bytes back
Round trip time was 2.42505 milliseconds in repetition 333
tcp_ping received 2048 bytes back
Round trip time was 1.57669 milliseconds in repetition 334
tcp_ping received 2048 bytes back
Round trip time was 2.16772 milliseconds in repetition 335
tcp_ping received 2048 bytes back
Round trip time was 2.22268 milliseconds in repetition 336
tcp_ping received 2048 bytes back
Round trip time was 2.66386 milliseconds in repetition 337
tcp_ping received 2048 bytes back
Round trip time was 1.17485 milliseconds in repetition 338
tcp_ping received 2048 bytes back
Round trip time was 2.19481 milliseconds in repetition 339
tcp_ping received 2048 bytes back
Round trip time was 1.19951 milliseconds in repetition 340
tcp_ping received 2048 bytes back
Round trip time was 2.15327 milliseconds in repetition 341
tcp_ping received 2048 bytes back
Round trip time was 2.00083 milliseconds in repetition 342
tcp_ping received 2048 bytes back
Round trip time was 2.39937 milliseconds in repetition 343
tcp_ping received 2048 bytes back
Round trip time was 1.70552 milliseconds in repetition 344
tcp_ping received 2048 bytes back
Round trip time was 2.18704 milliseconds in repetition 345
tcp_ping received 2048 bytes back
Round trip time was 2.17023 milliseconds in repetition 346
tcp_ping received 2048 bytes back
Round trip time was 2.71291 milliseconds in repetition 347
tcp_ping received 2048 bytes back
Round trip time was 2.40682 milliseconds in repetition 348
tcp_ping received 2048 bytes back
Round trip time was 2.48099 milliseconds in repetition 349
tcp_ping received 2048 bytes back
Round trip time was 2.21115 milliseconds in repetition 350
tcp_ping received 2048 bytes back
Round trip time was 2.49113 milliseconds in repetition 351
tcp_ping received 2048 bytes back
Round trip time was 2.77594 milliseconds in repetition 352
tcp_ping received 2048 bytes back
Round trip time was 1.78227 milliseconds in repetition 353
tcp_ping received 2048 bytes back
Round trip time was 2.19216 milliseconds in repetition 354
tcp_ping received 2048 bytes back
Round trip time was 7.31606 milliseconds in repetition 355
tcp_ping received 2048 bytes back
Round trip time was 3.14269 milliseconds in repetition 356
tcp_ping received 2048 bytes back
Round trip time was 2.65797 milliseconds in repetition 357
tcp_ping received 2048 bytes back
Round trip time was 13.2397 milliseconds in repetition 358
tcp_ping received 2048 bytes back
Round trip time was 9.16347 milliseconds in repetition 359
tcp_ping received 2048 bytes back
Round trip time was 7.15481 milliseconds in repetition 360
tcp_ping received 2048 bytes back
Round trip time was 6.27907 milliseconds in repetition 361
tcp_ping received 2048 bytes back
Round trip time was 2.8274 milliseconds in repetition 362
tcp_ping received 2048 bytes back
Round trip time was 3.08646 milliseconds in repetition 363
tcp_ping received 2048 bytes back
Round trip time was 3.29032 milliseconds in repetition 364
tcp_ping received 2048 bytes back
Round trip time was 2.32054 milliseconds in repetition 365
tcp_ping received 2048 bytes back
Round trip time was 1.73718 milliseconds in repetition 366
tcp_ping received 2048 bytes back
Round trip time was 6.45703 milliseconds in repetition 367
tcp_ping received 2048 bytes back
Round trip time was 1.63385 milliseconds in repetition 368
tcp_ping received 2048 bytes back
Round trip time was 1.24677 milliseconds in repetition 369
tcp_ping received 2048 bytes back
Round trip time was 2.53217 milliseconds in repetition 370
tcp_ping received 2048 bytes back
Round trip time was 6.95537 milliseconds in repetition 371
tcp_ping received 2048 bytes back
Round trip time was 7.97686 milliseconds in repetition 372
tcp_ping received 2048 bytes back
Round trip time was 2.5668 milliseconds in repetition 373
tcp_ping received 2048 bytes back
Round trip time was 2.51964 milliseconds in repetition 374
tcp_ping received 2048 bytes back
Round trip time was 1.30658 milliseconds in repetition 375
tcp_ping received 2048 bytes back
Round trip time was 11.5116 milliseconds in repetition 376
tcp_ping received 2048 bytes back
Round trip time was 6.09071 milliseconds in repetition 377
tcp_ping received 2048 bytes back
Round trip time was 2.43136 milliseconds in repetition 378
tcp_ping received 2048 bytes back
Round trip time was 3.8382 milliseconds in repetition 379
tcp_ping received 2048 bytes back
Round trip time was 2.32786 milliseconds in repetition 380
tcp_ping received 2048 bytes back
Round trip time was 3.80978 milliseconds in repetition 381
tcp_ping received 2048 bytes back
Round trip time was 2.91153 milliseconds in repetition 382
tcp_ping received 2048 bytes back
Round trip time was 6.03882 milliseconds in repetition 383
tcp_ping received 2048 bytes back
Round trip time was 8.34502 milliseconds in repetition 384
tcp_ping received 2048 bytes back
Round trip time was 2.23265 milliseconds in repetition 385
tcp_ping received 2048 bytes back
Round trip time was 1.84279 milliseconds in repetition 386
tcp_ping received 2048 bytes back
Round trip time was 2.35938 milliseconds in repetition 387
tcp_ping received 2048 bytes back
Round trip time was 9.8871 milliseconds in repetition 388
tcp_ping received 2048 bytes back
Round trip time was 5.22069 milliseconds in repetition 389
tcp_ping received 2048 bytes back
Round trip time was 8.09937 milliseconds in repetition 390
tcp_ping received 2048 bytes back
Round trip time was 2.70802 milliseconds in repetition 391
tcp_ping received 2048 bytes back
Round trip time was 2.1406 milliseconds in repetition 392
tcp_ping received 2048 bytes back
Round trip time was 2.79831 milliseconds in repetition 393
tcp_ping received 2048 bytes back
Round trip time was 2.21904 milliseconds in repetition 394
tcp_ping received 2048 bytes back
Round trip time was 2.15998 milliseconds in repetition 395
tcp_ping received 2048 bytes back
Round trip time was 2.17863 milliseconds in repetition 396
tcp_ping received 2048 bytes back
Round trip time was 2.12219 milliseconds in repetition 397
tcp_ping received 2048 bytes back
Round trip time was 2.35038 milliseconds in repetition 398
tcp_ping received 2048 bytes back
Round trip time was 2.15886 milliseconds in repetition 399
tcp_ping received 2048 bytes back
Round trip time was 1.44246 milliseconds in repetition 400
tcp_ping received 2048 bytes back
Round trip time was 1.53589 milliseconds in repetition 401
tcp_ping received 2048 bytes back
Round trip time was 2.20197 milliseconds in repetition 402
tcp_ping received 2048 bytes back
Round trip time was 2.18052 milliseconds in repetition 403
tcp_ping received 2048 bytes back
Round trip time was 1.97477 milliseconds in repetition 404
tcp_ping received 2048 bytes back
Round trip time was 2.12933 milliseconds in repetition 405
tcp_ping received 2048 bytes back
Round trip time was 2.14461 milliseconds in repetition 406
tcp_ping received 2048 bytes back
Round trip time was 2.17706 milliseconds in repetition 407
tcp_ping received 2048 bytes back
Round trip time was 1.39848 milliseconds in repetition 408
tcp_ping received 2048 bytes back
Round trip time was 2.09441 milliseconds in repetition 409
tcp_ping received 2048 bytes back
Round trip time was 2.10986 milliseconds in repetition 410
tcp_ping received 2048 bytes back
Round trip time was 2.11147 milliseconds in repetition 411
tcp_ping received 2048 bytes back
Round trip time was 1.63843 milliseconds in repetition 412
tcp_ping received 2048 bytes back
Round trip time was 2.07514 milliseconds in repetition 413
tcp_ping received 2048 bytes back
Round trip time was 1.87571 milliseconds in repetition 414
tcp_ping received 2048 bytes back
Round trip time was 2.33328 milliseconds in repetition 415
tcp_ping received 2048 bytes back
Round trip time was 1.69733 milliseconds in repetition 416
tcp_ping received 2048 bytes back
Round trip time was 2.22213 milliseconds in repetition 417
tcp_ping received 2048 bytes back
Round trip time was 2.20638 milliseconds in repetition 418
tcp_ping received 2048 bytes back
Round trip time was 2.27427 milliseconds in repetition 419
tcp_ping received 2048 bytes back
Round trip time was 1.90081 milliseconds in repetition 420
tcp_ping received 2048 bytes back
Round trip time was 2.16369 milliseconds in repetition 421
tcp_ping received 2048 bytes back
Round trip time was 1.1735 milliseconds in repetition 422
tcp_ping received 2048 bytes back
Round trip time was 2.214 milliseconds in repetition 423
tcp_ping received 2048 bytes back
Round trip time was 1.52264 milliseconds in repetition 424
tcp_ping received 2048 bytes back
Round trip time was 2.13268 milliseconds in repetition 425
tcp_ping received 2048 bytes back
Round trip time was 1.3824 milliseconds in repetition 426
tcp_ping received 2048 bytes back
Round trip time was 2.15282 milliseconds in repetition 427
tcp_ping received 2048 bytes back
Round trip time was 2.22494 milliseconds in repetition 428
tcp_ping received 2048 bytes back
Round trip time was 2.13585 milliseconds in repetition 429
tcp_ping received 2048 bytes back
Round trip time was 1.91282 milliseconds in repetition 430
tcp_ping received 2048 bytes back
Round trip time was 2.15604 milliseconds in repetition 431
tcp_ping received 2048 bytes back
Round trip time was 2.25574 milliseconds in repetition 432
tcp_ping received 2048 bytes back
Round trip time was 2.15165 milliseconds in repetition 433
tcp_ping received 2048 bytes back
Round trip time was 1.1921 milliseconds in repetition 434
tcp_ping received 2048 bytes back
Round trip time was 2.24238 milliseconds in repetition 435
tcp_ping received 2048 bytes back
Round trip time was 1.92054 milliseconds in repetition 436
tcp_ping received 2048 bytes back
Round trip time was 2.11953 milliseconds in repetition 437
tcp_ping received 2048 bytes back
Round trip time was 2.13307 milliseconds in repetition 438
tcp_ping received 2048 bytes back
Round trip time was 2.11333 milliseconds in repetition 439
tcp_ping received 2048 bytes back
Round trip time was 1.60688 milliseconds in repetition 440
tcp_ping received 2048 bytes back
Round trip time was 2.09992 milliseconds in repetition 441
tcp_ping received 2048 bytes back
Round trip time was 1.70688 milliseconds in repetition 442
tcp_ping received 2048 bytes back
Round trip time was 2.1502 milliseconds in repetition 443
tcp_ping received 2048 bytes back
Round trip time was 2.29077 milliseconds in repetition 444
tcp_ping received 2048 bytes back
Round trip time was 2.11863 milliseconds in repetition 445
tcp_ping received 2048 bytes back
Round trip time was 1.12379 milliseconds in repetition 446
tcp_ping received 2048 bytes back
Round trip time was 2.14899 milliseconds in repetition 447
tcp_ping received 2048 bytes back
Round trip time was 2.06109 milliseconds in repetition 448
tcp_ping received 2048 bytes back
Round trip time was 2.11006 milliseconds in repetition 449
tcp_ping received 2048 bytes back
Round trip time was 2.41433 milliseconds in repetition 450
tcp_ping received 2048 bytes back
Round trip time was 2.18414 milliseconds in repetition 451
tcp_ping received 2048 bytes back
Round trip time was 0.982608 milliseconds in repetition 452
tcp_ping received 2048 bytes back
Round trip time was 2.13272 milliseconds in repetition 453
tcp_ping received 2048 bytes back
Round trip time was 2.20396 milliseconds in repetition 454
tcp_ping received 2048 bytes back
Round trip time was 2.09504 milliseconds in repetition 455
tcp_ping received 2048 bytes back
Round trip time was 2.14259 milliseconds in repetition 456
tcp_ping received 2048 bytes back
Round trip time was 2.11701 milliseconds in repetition 457
tcp_ping received 2048 bytes back
Round trip time was 1.22103 milliseconds in repetition 458
tcp_ping received 2048 bytes back
Round trip time was 2.19809 milliseconds in repetition 459
tcp_ping received 2048 bytes back
Round trip time was 1.96855 milliseconds in repetition 460
tcp_ping received 2048 bytes back
Round trip time was 2.16821 milliseconds in repetition 461
tcp_ping received 2048 bytes back
Round trip time was 2.2892 milliseconds in repetition 462
tcp_ping received 2048 bytes back
Round trip time was 2.10898 milliseconds in repetition 463
tcp_ping received 2048 bytes back
Round trip time was 1.09814 milliseconds in repetition 464
tcp_ping received 2048 bytes back
Round trip time was 2.43956 milliseconds in repetition 465
tcp_ping received 2048 bytes back
Round trip time was 1.74415 milliseconds in repetition 466
tcp_ping received 2048 bytes back
Round trip time was 2.19696 milliseconds in repetition 467
tcp_ping received 2048 bytes back
Round trip time was 2.19694 milliseconds in repetition 468
tcp_ping received 2048 bytes back
Round trip time was 2.16075 milliseconds in repetition 469
tcp_ping received 2048 bytes back
Round trip time was 1.10472 milliseconds in repetition 470
tcp_ping received 2048 bytes back
Round trip time was 2.18059 milliseconds in repetition 471
tcp_ping received 2048 bytes back
Round trip time was 1.96847 milliseconds in repetition 472
tcp_ping received 2048 bytes back
Round trip time was 2.16977 milliseconds in repetition 473
tcp_ping received 2048 bytes back
Round trip time was 2.14476 milliseconds in repetition 474
tcp_ping received 2048 bytes back
Round trip time was 2.15265 milliseconds in repetition 475
tcp_ping received 2048 bytes back
Round trip time was 1.5045 milliseconds in repetition 476
tcp_ping received 2048 bytes back
Round trip time was 2.21761 milliseconds in repetition 477
tcp_ping received 2048 bytes back
Round trip time was 1.6362 milliseconds in repetition 478
tcp_ping received 2048 bytes back
Round trip time was 2.11492 milliseconds in repetition 479
tcp_ping received 2048 bytes back
Round trip time was 2.1301 milliseconds in repetition 480
tcp_ping received 2048 bytes back
Round trip time was 2.12147 milliseconds in repetition 481
tcp_ping received 2048 bytes back
Round trip time was 1.56153 milliseconds in repetition 482
tcp_ping received 2048 bytes back
Round trip time was 2.11633 milliseconds in repetition 483
tcp_ping received 2048 bytes back
Round trip time was 1.8781 milliseconds in repetition 484
tcp_ping received 2048 bytes back
Round trip time was 2.13204 milliseconds in repetition 485
tcp_ping received 2048 bytes back
Round trip time was 2.04126 milliseconds in repetition 486
tcp_ping received 2048 bytes back
Round trip time was 2.20156 milliseconds in repetition 487
tcp_ping received 2048 bytes back
Round trip time was 1.41163 milliseconds in repetition 488
tcp_ping received 2048 bytes back
Round trip time was 2.4372 milliseconds in repetition 489
tcp_ping received 2048 bytes back
Round trip time was 1.51864 milliseconds in repetition 490
tcp_ping received 2048 bytes back
Round trip time was 2.34894 milliseconds in repetition 491
tcp_ping received 2048 bytes back
Round trip time was 2.26211 milliseconds in repetition 492
tcp_ping received 2048 bytes back
Round trip time was 2.19673 milliseconds in repetition 493
tcp_ping received 2048 bytes back
Round trip time was 1.12085 milliseconds in repetition 494
tcp_ping received 2048 bytes back
Round trip time was 2.09574 milliseconds in repetition 495
tcp_ping received 2048 bytes back
Round trip time was 1.94527 milliseconds in repetition 496
tcp_ping received 2048 bytes back
Round trip time was 2.09371 milliseconds in repetition 497
tcp_ping received 2048 bytes back
Round trip time was 1.91985 milliseconds in repetition 498
tcp_ping received 2048 bytes back
Round trip time was 3.06596 milliseconds in repetition 499
tcp_ping received 2048 bytes back
Round trip time was 1.12943 milliseconds in repetition 500
tcp_ping received 2048 bytes back
Round trip time was 2.10471 milliseconds in repetition 501

 ... clock resolution was 1e-06
TCP Ping:  Statistics over 501 repetitions of 2048 byte messages

RTT : percentile 10: 1.35803, median: 2.14532, percentile 90: 2.92597, average: 2.41882, variance: 2.80675

RTT histogram:
   overall Throughput : 1693.39 KB/s

