TCP Ping trying to connect to server 192.168.1.110 (192.168.1.110) on port 1491
 ... connected to Pong server: asking for 501 repetitions of 24576 bytes TCP messages
 ... Pong server agreed :-)
tcp_ping received 24576 bytes back
Round trip time was 5.12357 milliseconds in repetition 1
tcp_ping received 24576 bytes back
Round trip time was 4.95911 milliseconds in repetition 2
tcp_ping received 24576 bytes back
Round trip time was 4.92704 milliseconds in repetition 3
tcp_ping received 24576 bytes back
Round trip time was 4.97157 milliseconds in repetition 4
tcp_ping received 24576 bytes back
Round trip time was 4.85541 milliseconds in repetition 5
tcp_ping received 24576 bytes back
Round trip time was 4.8066 milliseconds in repetition 6
tcp_ping received 24576 bytes back
Round trip time was 4.83745 milliseconds in repetition 7
tcp_ping received 24576 bytes back
Round trip time was 4.80265 milliseconds in repetition 8
tcp_ping received 24576 bytes back
Round trip time was 5.11724 milliseconds in repetition 9
tcp_ping received 24576 bytes back
Round trip time was 4.91807 milliseconds in repetition 10
tcp_ping received 24576 bytes back
Round trip time was 5.02552 milliseconds in repetition 11
tcp_ping received 24576 bytes back
Round trip time was 5.08054 milliseconds in repetition 12
tcp_ping received 24576 bytes back
Round trip time was 4.97222 milliseconds in repetition 13
tcp_ping received 24576 bytes back
Round trip time was 4.97883 milliseconds in repetition 14
tcp_ping received 24576 bytes back
Round trip time was 4.99861 milliseconds in repetition 15
tcp_ping received 24576 bytes back
Round trip time was 4.99573 milliseconds in repetition 16
tcp_ping received 24576 bytes back
Round trip time was 4.88239 milliseconds in repetition 17
tcp_ping received 24576 bytes back
Round trip time was 4.95872 milliseconds in repetition 18
tcp_ping received 24576 bytes back
Round trip time was 4.97791 milliseconds in repetition 19
tcp_ping received 24576 bytes back
Round trip time was 4.79999 milliseconds in repetition 20
tcp_ping received 24576 bytes back
Round trip time was 5.08288 milliseconds in repetition 21
tcp_ping received 24576 bytes back
Round trip time was 4.99298 milliseconds in repetition 22
tcp_ping received 24576 bytes back
Round trip time was 4.88471 milliseconds in repetition 23
tcp_ping received 24576 bytes back
Round trip time was 5.46034 milliseconds in repetition 24
tcp_ping received 24576 bytes back
Round trip time was 5.14765 milliseconds in repetition 25
tcp_ping received 24576 bytes back
Round trip time was 4.86582 milliseconds in repetition 26
tcp_ping received 24576 bytes back
Round trip time was 4.94529 milliseconds in repetition 27
tcp_ping received 24576 bytes back
Round trip time was 5.06486 milliseconds in repetition 28
tcp_ping received 24576 bytes back
Round trip time was 10.5415 milliseconds in repetition 29
tcp_ping received 24576 bytes back
Round trip time was 7.02556 milliseconds in repetition 30
tcp_ping received 24576 bytes back
Round trip time was 4.80352 milliseconds in repetition 31
tcp_ping received 24576 bytes back
Round trip time was 4.91204 milliseconds in repetition 32
tcp_ping received 24576 bytes back
Round trip time was 4.77309 milliseconds in repetition 33
tcp_ping received 24576 bytes back
Round trip time was 4.92933 milliseconds in repetition 34
tcp_ping received 24576 bytes back
Round trip time was 4.89905 milliseconds in repetition 35
tcp_ping received 24576 bytes back
Round trip time was 4.88 milliseconds in repetition 36
tcp_ping received 24576 bytes back
Round trip time was 4.91916 milliseconds in repetition 37
tcp_ping received 24576 bytes back
Round trip time was 4.8928 milliseconds in repetition 38
tcp_ping received 24576 bytes back
Round trip time was 4.81248 milliseconds in repetition 39
tcp_ping received 24576 bytes back
Round trip time was 4.96372 milliseconds in repetition 40
tcp_ping received 24576 bytes back
Round trip time was 4.92158 milliseconds in repetition 41
tcp_ping received 24576 bytes back
Round trip time was 4.87975 milliseconds in repetition 42
tcp_ping received 24576 bytes back
Round trip time was 4.85896 milliseconds in repetition 43
tcp_ping received 24576 bytes back
Round trip time was 5.0038 milliseconds in repetition 44
tcp_ping received 24576 bytes back
Round trip time was 4.8514 milliseconds in repetition 45
tcp_ping received 24576 bytes back
Round trip time was 5.01482 milliseconds in repetition 46
tcp_ping received 24576 bytes back
Round trip time was 4.91599 milliseconds in repetition 47
tcp_ping received 24576 bytes back
Round trip time was 4.92427 milliseconds in repetition 48
tcp_ping received 24576 bytes back
Round trip time was 4.89559 milliseconds in repetition 49
tcp_ping received 24576 bytes back
Round trip time was 4.77037 milliseconds in repetition 50
tcp_ping received 24576 bytes back
Round trip time was 4.90983 milliseconds in repetition 51
tcp_ping received 24576 bytes back
Round trip time was 4.88166 milliseconds in repetition 52
tcp_ping received 24576 bytes back
Round trip time was 4.8547 milliseconds in repetition 53
tcp_ping received 24576 bytes back
Round trip time was 4.88335 milliseconds in repetition 54
tcp_ping received 24576 bytes back
Round trip time was 4.87872 milliseconds in repetition 55
tcp_ping received 24576 bytes back
Round trip time was 4.82161 milliseconds in repetition 56
tcp_ping received 24576 bytes back
Round trip time was 4.89034 milliseconds in repetition 57
tcp_ping received 24576 bytes back
Round trip time was 5.02233 milliseconds in repetition 58
tcp_ping received 24576 bytes back
Round trip time was 4.8728 milliseconds in repetition 59
tcp_ping received 24576 bytes back
Round trip time was 4.81392 milliseconds in repetition 60
tcp_ping received 24576 bytes back
Round trip time was 4.89733 milliseconds in repetition 61
tcp_ping received 24576 bytes back
Round trip time was 5.16875 milliseconds in repetition 62
tcp_ping received 24576 bytes back
Round trip time was 4.81335 milliseconds in repetition 63
tcp_ping received 24576 bytes back
Round trip time was 4.74357 milliseconds in repetition 64
tcp_ping received 24576 bytes back
Round trip time was 4.8569 milliseconds in repetition 65
tcp_ping received 24576 bytes back
Round trip time was 4.75265 milliseconds in repetition 66
tcp_ping received 24576 bytes back
Round trip time was 4.90307 milliseconds in repetition 67
tcp_ping received 24576 bytes back
Round trip time was 4.86557 milliseconds in repetition 68
tcp_ping received 24576 bytes back
Round trip time was 4.75989 milliseconds in repetition 69
tcp_ping received 24576 bytes back
Round trip time was 4.75169 milliseconds in repetition 70
tcp_ping received 24576 bytes back
Round trip time was 4.83437 milliseconds in repetition 71
tcp_ping received 24576 bytes back
Round trip time was 5.17111 milliseconds in repetition 72
tcp_ping received 24576 bytes back
Round trip time was 4.76546 milliseconds in repetition 73
tcp_ping received 24576 bytes back
Round trip time was 4.90122 milliseconds in repetition 74
tcp_ping received 24576 bytes back
Round trip time was 4.73655 milliseconds in repetition 75
tcp_ping received 24576 bytes back
Round trip time was 5.0025 milliseconds in repetition 76
tcp_ping received 24576 bytes back
Round trip time was 5.04894 milliseconds in repetition 77
tcp_ping received 24576 bytes back
Round trip time was 4.92254 milliseconds in repetition 78
tcp_ping received 24576 bytes back
Round trip time was 4.76502 milliseconds in repetition 79
tcp_ping received 24576 bytes back
Round trip time was 5.17358 milliseconds in repetition 80
tcp_ping received 24576 bytes back
Round trip time was 4.91158 milliseconds in repetition 81
tcp_ping received 24576 bytes back
Round trip time was 4.93162 milliseconds in repetition 82
tcp_ping received 24576 bytes back
Round trip time was 4.79176 milliseconds in repetition 83
tcp_ping received 24576 bytes back
Round trip time was 4.94396 milliseconds in repetition 84
tcp_ping received 24576 bytes back
Round trip time was 4.90075 milliseconds in repetition 85
tcp_ping received 24576 bytes back
Round trip time was 4.97542 milliseconds in repetition 86
tcp_ping received 24576 bytes back
Round trip time was 4.84508 milliseconds in repetition 87
tcp_ping received 24576 bytes back
Round trip time was 4.87503 milliseconds in repetition 88
tcp_ping received 24576 bytes back
Round trip time was 4.78538 milliseconds in repetition 89
tcp_ping received 24576 bytes back
Round trip time was 4.86486 milliseconds in repetition 90
tcp_ping received 24576 bytes back
Round trip time was 4.76244 milliseconds in repetition 91
tcp_ping received 24576 bytes back
Round trip time was 4.88257 milliseconds in repetition 92
tcp_ping received 24576 bytes back
Round trip time was 4.92754 milliseconds in repetition 93
tcp_ping received 24576 bytes back
Round trip time was 4.83631 milliseconds in repetition 94
tcp_ping received 24576 bytes back
Round trip time was 11.5995 milliseconds in repetition 95
tcp_ping received 24576 bytes back
Round trip time was 4.98213 milliseconds in repetition 96
tcp_ping received 24576 bytes back
Round trip time was 5.07535 milliseconds in repetition 97
tcp_ping received 24576 bytes back
Round trip time was 4.97914 milliseconds in repetition 98
tcp_ping received 24576 bytes back
Round trip time was 4.80177 milliseconds in repetition 99
tcp_ping received 24576 bytes back
Round trip time was 4.90208 milliseconds in repetition 100
tcp_ping received 24576 bytes back
Round trip time was 4.80129 milliseconds in repetition 101
tcp_ping received 24576 bytes back
Round trip time was 4.93179 milliseconds in repetition 102
tcp_ping received 24576 bytes back
Round trip time was 5.00365 milliseconds in repetition 103
tcp_ping received 24576 bytes back
Round trip time was 4.91394 milliseconds in repetition 104
tcp_ping received 24576 bytes back
Round trip time was 4.80123 milliseconds in repetition 105
tcp_ping received 24576 bytes back
Round trip time was 5.04713 milliseconds in repetition 106
tcp_ping received 24576 bytes back
Round trip time was 4.8004 milliseconds in repetition 107
tcp_ping received 24576 bytes back
Round trip time was 4.94328 milliseconds in repetition 108
tcp_ping received 24576 bytes back
Round trip time was 5.07726 milliseconds in repetition 109
tcp_ping received 24576 bytes back
Round trip time was 5.17386 milliseconds in repetition 110
tcp_ping received 24576 bytes back
Round trip time was 5.00892 milliseconds in repetition 111
tcp_ping received 24576 bytes back
Round trip time was 5.03277 milliseconds in repetition 112
tcp_ping received 24576 bytes back
Round trip time was 4.77707 milliseconds in repetition 113
tcp_ping received 24576 bytes back
Round trip time was 4.82076 milliseconds in repetition 114
tcp_ping received 24576 bytes back
Round trip time was 4.79678 milliseconds in repetition 115
tcp_ping received 24576 bytes back
Round trip time was 4.83511 milliseconds in repetition 116
tcp_ping received 24576 bytes back
Round trip time was 4.98082 milliseconds in repetition 117
tcp_ping received 24576 bytes back
Round trip time was 4.87086 milliseconds in repetition 118
tcp_ping received 24576 bytes back
Round trip time was 5.06642 milliseconds in repetition 119
tcp_ping received 24576 bytes back
Round trip time was 5.00859 milliseconds in repetition 120
tcp_ping received 24576 bytes back
Round trip time was 5.27654 milliseconds in repetition 121
tcp_ping received 24576 bytes back
Round trip time was 5.11882 milliseconds in repetition 122
tcp_ping received 24576 bytes back
Round trip time was 5.11892 milliseconds in repetition 123
tcp_ping received 24576 bytes back
Round trip time was 4.82537 milliseconds in repetition 124
tcp_ping received 24576 bytes back
Round trip time was 5.00685 milliseconds in repetition 125
tcp_ping received 24576 bytes back
Round trip time was 4.81312 milliseconds in repetition 126
tcp_ping received 24576 bytes back
Round trip time was 4.90989 milliseconds in repetition 127
tcp_ping received 24576 bytes back
Round trip time was 5.1009 milliseconds in repetition 128
tcp_ping received 24576 bytes back
Round trip time was 4.9652 milliseconds in repetition 129
tcp_ping received 24576 bytes back
Round trip time was 4.79741 milliseconds in repetition 130
tcp_ping received 24576 bytes back
Round trip time was 4.8381 milliseconds in repetition 131
tcp_ping received 24576 bytes back
Round trip time was 4.80613 milliseconds in repetition 132
tcp_ping received 24576 bytes back
Round trip time was 5.08787 milliseconds in repetition 133
tcp_ping received 24576 bytes back
Round trip time was 5.06752 milliseconds in repetition 134
tcp_ping received 24576 bytes back
Round trip time was 4.95337 milliseconds in repetition 135
tcp_ping received 24576 bytes back
Round trip time was 4.83248 milliseconds in repetition 136
tcp_ping received 24576 bytes back
Round trip time was 4.86948 milliseconds in repetition 137
tcp_ping received 24576 bytes back
Round trip time was 4.8711 milliseconds in repetition 138
tcp_ping received 24576 bytes back
Round trip time was 4.89638 milliseconds in repetition 139
tcp_ping received 24576 bytes back
Round trip time was 4.83708 milliseconds in repetition 140
tcp_ping received 24576 bytes back
Round trip time was 4.77002 milliseconds in repetition 141
tcp_ping received 24576 bytes back
Round trip time was 4.91336 milliseconds in repetition 142
tcp_ping received 24576 bytes back
Round trip time was 4.83551 milliseconds in repetition 143
tcp_ping received 24576 bytes back
Round trip time was 4.98582 milliseconds in repetition 144
tcp_ping received 24576 bytes back
Round trip time was 4.91345 milliseconds in repetition 145
tcp_ping received 24576 bytes back
Round trip time was 4.99261 milliseconds in repetition 146
tcp_ping received 24576 bytes back
Round trip time was 4.83241 milliseconds in repetition 147
tcp_ping received 24576 bytes back
Round trip time was 4.88222 milliseconds in repetition 148
tcp_ping received 24576 bytes back
Round trip time was 4.93512 milliseconds in repetition 149
tcp_ping received 24576 bytes back
Round trip time was 4.81284 milliseconds in repetition 150
tcp_ping received 24576 bytes back
Round trip time was 4.94607 milliseconds in repetition 151
tcp_ping received 24576 bytes back
Round trip time was 4.87879 milliseconds in repetition 152
tcp_ping received 24576 bytes back
Round trip time was 4.84754 milliseconds in repetition 153
tcp_ping received 24576 bytes back
Round trip time was 4.768 milliseconds in repetition 154
tcp_ping received 24576 bytes back
Round trip time was 4.94691 milliseconds in repetition 155
tcp_ping received 24576 bytes back
Round trip time was 4.86155 milliseconds in repetition 156
tcp_ping received 24576 bytes back
Round trip time was 4.78607 milliseconds in repetition 157
tcp_ping received 24576 bytes back
Round trip time was 4.8657 milliseconds in repetition 158
tcp_ping received 24576 bytes back
Round trip time was 4.87762 milliseconds in repetition 159
tcp_ping received 24576 bytes back
Round trip time was 4.87827 milliseconds in repetition 160
tcp_ping received 24576 bytes back
Round trip time was 5.11503 milliseconds in repetition 161
tcp_ping received 24576 bytes back
Round trip time was 4.81186 milliseconds in repetition 162
tcp_ping received 24576 bytes back
Round trip time was 4.9348 milliseconds in repetition 163
tcp_ping received 24576 bytes back
Round trip time was 4.98836 milliseconds in repetition 164
tcp_ping received 24576 bytes back
Round trip time was 4.80592 milliseconds in repetition 165
tcp_ping received 24576 bytes back
Round trip time was 4.95784 milliseconds in repetition 166
tcp_ping received 24576 bytes back
Round trip time was 4.87194 milliseconds in repetition 167
tcp_ping received 24576 bytes back
Round trip time was 4.8019 milliseconds in repetition 168
tcp_ping received 24576 bytes back
Round trip time was 4.90114 milliseconds in repetition 169
tcp_ping received 24576 bytes back
Round trip time was 4.93349 milliseconds in repetition 170
tcp_ping received 24576 bytes back
Round trip time was 4.89358 milliseconds in repetition 171
tcp_ping received 24576 bytes back
Round trip time was 4.82616 milliseconds in repetition 172
tcp_ping received 24576 bytes back
Round trip time was 4.84803 milliseconds in repetition 173
tcp_ping received 24576 bytes back
Round trip time was 4.78576 milliseconds in repetition 174
tcp_ping received 24576 bytes back
Round trip time was 4.99988 milliseconds in repetition 175
tcp_ping received 24576 bytes back
Round trip time was 5.06122 milliseconds in repetition 176
tcp_ping received 24576 bytes back
Round trip time was 4.89554 milliseconds in repetition 177
tcp_ping received 24576 bytes back
Round trip time was 4.90275 milliseconds in repetition 178
tcp_ping received 24576 bytes back
Round trip time was 4.90344 milliseconds in repetition 179
tcp_ping received 24576 bytes back
Round trip time was 4.93052 milliseconds in repetition 180
tcp_ping received 24576 bytes back
Round trip time was 5.0143 milliseconds in repetition 181
tcp_ping received 24576 bytes back
Round trip time was 5.00438 milliseconds in repetition 182
tcp_ping received 24576 bytes back
Round trip time was 4.94187 milliseconds in repetition 183
tcp_ping received 24576 bytes back
Round trip time was 4.88273 milliseconds in repetition 184
tcp_ping received 24576 bytes back
Round trip time was 4.89041 milliseconds in repetition 185
tcp_ping received 24576 bytes back
Round trip time was 4.80288 milliseconds in repetition 186
tcp_ping received 24576 bytes back
Round trip time was 4.85632 milliseconds in repetition 187
tcp_ping received 24576 bytes back
Round trip time was 4.82046 milliseconds in repetition 188
tcp_ping received 24576 bytes back
Round trip time was 5.03667 milliseconds in repetition 189
tcp_ping received 24576 bytes back
Round trip time was 4.86414 milliseconds in repetition 190
tcp_ping received 24576 bytes back
Round trip time was 4.86698 milliseconds in repetition 191
tcp_ping received 24576 bytes back
Round trip time was 4.86925 milliseconds in repetition 192
tcp_ping received 24576 bytes back
Round trip time was 4.849 milliseconds in repetition 193
tcp_ping received 24576 bytes back
Round trip time was 5.04459 milliseconds in repetition 194
tcp_ping received 24576 bytes back
Round trip time was 4.96091 milliseconds in repetition 195
tcp_ping received 24576 bytes back
Round trip time was 5.19946 milliseconds in repetition 196
tcp_ping received 24576 bytes back
Round trip time was 5.07827 milliseconds in repetition 197
tcp_ping received 24576 bytes back
Round trip time was 4.91486 milliseconds in repetition 198
tcp_ping received 24576 bytes back
Round trip time was 5.00654 milliseconds in repetition 199
tcp_ping received 24576 bytes back
Round trip time was 4.77428 milliseconds in repetition 200
tcp_ping received 24576 bytes back
Round trip time was 4.86653 milliseconds in repetition 201
tcp_ping received 24576 bytes back
Round trip time was 4.86074 milliseconds in repetition 202
tcp_ping received 24576 bytes back
Round trip time was 4.81004 milliseconds in repetition 203
tcp_ping received 24576 bytes back
Round trip time was 4.79465 milliseconds in repetition 204
tcp_ping received 24576 bytes back
Round trip time was 4.92078 milliseconds in repetition 205
tcp_ping received 24576 bytes back
Round trip time was 4.92648 milliseconds in repetition 206
tcp_ping received 24576 bytes back
Round trip time was 4.90084 milliseconds in repetition 207
tcp_ping received 24576 bytes back
Round trip time was 4.93503 milliseconds in repetition 208
tcp_ping received 24576 bytes back
Round trip time was 4.77785 milliseconds in repetition 209
tcp_ping received 24576 bytes back
Round trip time was 4.85128 milliseconds in repetition 210
tcp_ping received 24576 bytes back
Round trip time was 4.68318 milliseconds in repetition 211
tcp_ping received 24576 bytes back
Round trip time was 4.72276 milliseconds in repetition 212
tcp_ping received 24576 bytes back
Round trip time was 4.74366 milliseconds in repetition 213
tcp_ping received 24576 bytes back
Round trip time was 4.89936 milliseconds in repetition 214
tcp_ping received 24576 bytes back
Round trip time was 4.90846 milliseconds in repetition 215
tcp_ping received 24576 bytes back
Round trip time was 4.74407 milliseconds in repetition 216
tcp_ping received 24576 bytes back
Round trip time was 4.98644 milliseconds in repetition 217
tcp_ping received 24576 bytes back
Round trip time was 4.74861 milliseconds in repetition 218
tcp_ping received 24576 bytes back
Round trip time was 4.85048 milliseconds in repetition 219
tcp_ping received 24576 bytes back
Round trip time was 4.83093 milliseconds in repetition 220
tcp_ping received 24576 bytes back
Round trip time was 4.85084 milliseconds in repetition 221
tcp_ping received 24576 bytes back
Round trip time was 4.67813 milliseconds in repetition 222
tcp_ping received 24576 bytes back
Round trip time was 4.91392 milliseconds in repetition 223
tcp_ping received 24576 bytes back
Round trip time was 4.88855 milliseconds in repetition 224
tcp_ping received 24576 bytes back
Round trip time was 4.98644 milliseconds in repetition 225
tcp_ping received 24576 bytes back
Round trip time was 4.85248 milliseconds in repetition 226
tcp_ping received 24576 bytes back
Round trip time was 5.85849 milliseconds in repetition 227
tcp_ping received 24576 bytes back
Round trip time was 4.97686 milliseconds in repetition 228
tcp_ping received 24576 bytes back
Round trip time was 4.99398 milliseconds in repetition 229
tcp_ping received 24576 bytes back
Round trip time was 4.87184 milliseconds in repetition 230
tcp_ping received 24576 bytes back
Round trip time was 4.87985 milliseconds in repetition 231
tcp_ping received 24576 bytes back
Round trip time was 4.93277 milliseconds in repetition 232
tcp_ping received 24576 bytes back
Round trip time was 4.86673 milliseconds in repetition 233
tcp_ping received 24576 bytes back
Round trip time was 4.84849 milliseconds in repetition 234
tcp_ping received 24576 bytes back
Round trip time was 4.91678 milliseconds in repetition 235
tcp_ping received 24576 bytes back
Round trip time was 4.87177 milliseconds in repetition 236
tcp_ping received 24576 bytes back
Round trip time was 4.85203 milliseconds in repetition 237
tcp_ping received 24576 bytes back
Round trip time was 4.76254 milliseconds in repetition 238
tcp_ping received 24576 bytes back
Round trip time was 4.92483 milliseconds in repetition 239
tcp_ping received 24576 bytes back
Round trip time was 4.79736 milliseconds in repetition 240
tcp_ping received 24576 bytes back
Round trip time was 4.82824 milliseconds in repetition 241
tcp_ping received 24576 bytes back
Round trip time was 4.85884 milliseconds in repetition 242
tcp_ping received 24576 bytes back
Round trip time was 4.68019 milliseconds in repetition 243
tcp_ping received 24576 bytes back
Round trip time was 4.84868 milliseconds in repetition 244
tcp_ping received 24576 bytes back
Round trip time was 4.70438 milliseconds in repetition 245
tcp_ping received 24576 bytes back
Round trip time was 4.83683 milliseconds in repetition 246
tcp_ping received 24576 bytes back
Round trip time was 4.80816 milliseconds in repetition 247
tcp_ping received 24576 bytes back
Round trip time was 4.73463 milliseconds in repetition 248
tcp_ping received 24576 bytes back
Round trip time was 4.82673 milliseconds in repetition 249
tcp_ping received 24576 bytes back
Round trip time was 4.71248 milliseconds in repetition 250
tcp_ping received 24576 bytes back
Round trip time was 4.88384 milliseconds in repetition 251
tcp_ping received 24576 bytes back
Round trip time was 4.94029 milliseconds in repetition 252
tcp_ping received 24576 bytes back
Round trip time was 4.79559 milliseconds in repetition 253
tcp_ping received 24576 bytes back
Round trip time was 4.75427 milliseconds in repetition 254
tcp_ping received 24576 bytes back
Round trip time was 5.01758 milliseconds in repetition 255
tcp_ping received 24576 bytes back
Round trip time was 4.85684 milliseconds in repetition 256
tcp_ping received 24576 bytes back
Round trip time was 4.80884 milliseconds in repetition 257
tcp_ping received 24576 bytes back
Round trip time was 4.80682 milliseconds in repetition 258
tcp_ping received 24576 bytes back
Round trip time was 4.84824 milliseconds in repetition 259
tcp_ping received 24576 bytes back
Round trip time was 4.87844 milliseconds in repetition 260
tcp_ping received 24576 bytes back
Round trip time was 4.78737 milliseconds in repetition 261
tcp_ping received 24576 bytes back
Round trip time was 4.81502 milliseconds in repetition 262
tcp_ping received 24576 bytes back
Round trip time was 4.89173 milliseconds in repetition 263
tcp_ping received 24576 bytes back
Round trip time was 4.90654 milliseconds in repetition 264
tcp_ping received 24576 bytes back
Round trip time was 4.89063 milliseconds in repetition 265
tcp_ping received 24576 bytes back
Round trip time was 4.75147 milliseconds in repetition 266
tcp_ping received 24576 bytes back
Round trip time was 4.84413 milliseconds in repetition 267
tcp_ping received 24576 bytes back
Round trip time was 4.78854 milliseconds in repetition 268
tcp_ping received 24576 bytes back
Round trip time was 4.72847 milliseconds in repetition 269
tcp_ping received 24576 bytes back
Round trip time was 4.79843 milliseconds in repetition 270
tcp_ping received 24576 bytes back
Round trip time was 4.83694 milliseconds in repetition 271
tcp_ping received 24576 bytes back
Round trip time was 4.84824 milliseconds in repetition 272
tcp_ping received 24576 bytes back
Round trip time was 4.72023 milliseconds in repetition 273
tcp_ping received 24576 bytes back
Round trip time was 4.73206 milliseconds in repetition 274
tcp_ping received 24576 bytes back
Round trip time was 4.92834 milliseconds in repetition 275
tcp_ping received 24576 bytes back
Round trip time was 4.72473 milliseconds in repetition 276
tcp_ping received 24576 bytes back
Round trip time was 4.73877 milliseconds in repetition 277
tcp_ping received 24576 bytes back
Round trip time was 4.89273 milliseconds in repetition 278
tcp_ping received 24576 bytes back
Round trip time was 4.89494 milliseconds in repetition 279
tcp_ping received 24576 bytes back
Round trip time was 5.06564 milliseconds in repetition 280
tcp_ping received 24576 bytes back
Round trip time was 4.94784 milliseconds in repetition 281
tcp_ping received 24576 bytes back
Round trip time was 5.00504 milliseconds in repetition 282
tcp_ping received 24576 bytes back
Round trip time was 4.81264 milliseconds in repetition 283
tcp_ping received 24576 bytes back
Round trip time was 4.70026 milliseconds in repetition 284
tcp_ping received 24576 bytes back
Round trip time was 4.75243 milliseconds in repetition 285
tcp_ping received 24576 bytes back
Round trip time was 4.67548 milliseconds in repetition 286
tcp_ping received 24576 bytes back
Round trip time was 4.84123 milliseconds in repetition 287
tcp_ping received 24576 bytes back
Round trip time was 4.69016 milliseconds in repetition 288
tcp_ping received 24576 bytes back
Round trip time was 4.74847 milliseconds in repetition 289
tcp_ping received 24576 bytes back
Round trip time was 4.78024 milliseconds in repetition 290
tcp_ping received 24576 bytes back
Round trip time was 4.66787 milliseconds in repetition 291
tcp_ping received 24576 bytes back
Round trip time was 4.76762 milliseconds in repetition 292
tcp_ping received 24576 bytes back
Round trip time was 4.70095 milliseconds in repetition 293
tcp_ping received 24576 bytes back
Round trip time was 4.72821 milliseconds in repetition 294
tcp_ping received 24576 bytes back
Round trip time was 4.73424 milliseconds in repetition 295
tcp_ping received 24576 bytes back
Round trip time was 4.89138 milliseconds in repetition 296
tcp_ping received 24576 bytes back
Round trip time was 4.89383 milliseconds in repetition 297
tcp_ping received 24576 bytes back
Round trip time was 4.81043 milliseconds in repetition 298
tcp_ping received 24576 bytes back
Round trip time was 4.79294 milliseconds in repetition 299
tcp_ping received 24576 bytes back
Round trip time was 4.84563 milliseconds in repetition 300
tcp_ping received 24576 bytes back
Round trip time was 4.82684 milliseconds in repetition 301
tcp_ping received 24576 bytes back
Round trip time was 4.94463 milliseconds in repetition 302
tcp_ping received 24576 bytes back
Round trip time was 4.92325 milliseconds in repetition 303
tcp_ping received 24576 bytes back
Round trip time was 4.69598 milliseconds in repetition 304
tcp_ping received 24576 bytes back
Round trip time was 4.75183 milliseconds in repetition 305
tcp_ping received 24576 bytes back
Round trip time was 4.90351 milliseconds in repetition 306
tcp_ping received 24576 bytes back
Round trip time was 4.78496 milliseconds in repetition 307
tcp_ping received 24576 bytes back
Round trip time was 4.75884 milliseconds in repetition 308
tcp_ping received 24576 bytes back
Round trip time was 4.78026 milliseconds in repetition 309
tcp_ping received 24576 bytes back
Round trip time was 4.77014 milliseconds in repetition 310
tcp_ping received 24576 bytes back
Round trip time was 4.70828 milliseconds in repetition 311
tcp_ping received 24576 bytes back
Round trip time was 4.78398 milliseconds in repetition 312
tcp_ping received 24576 bytes back
Round trip time was 4.87872 milliseconds in repetition 313
tcp_ping received 24576 bytes back
Round trip time was 4.90819 milliseconds in repetition 314
tcp_ping received 24576 bytes back
Round trip time was 4.94484 milliseconds in repetition 315
tcp_ping received 24576 bytes back
Round trip time was 4.83363 milliseconds in repetition 316
tcp_ping received 24576 bytes back
Round trip time was 4.81168 milliseconds in repetition 317
tcp_ping received 24576 bytes back
Round trip time was 4.74983 milliseconds in repetition 318
tcp_ping received 24576 bytes back
Round trip time was 4.95104 milliseconds in repetition 319
tcp_ping received 24576 bytes back
Round trip time was 4.86508 milliseconds in repetition 320
tcp_ping received 24576 bytes back
Round trip time was 4.76004 milliseconds in repetition 321
tcp_ping received 24576 bytes back
Round trip time was 4.83648 milliseconds in repetition 322
tcp_ping received 24576 bytes back
Round trip time was 4.74164 milliseconds in repetition 323
tcp_ping received 24576 bytes back
Round trip time was 4.66816 milliseconds in repetition 324
tcp_ping received 24576 bytes back
Round trip time was 4.78493 milliseconds in repetition 325
tcp_ping received 24576 bytes back
Round trip time was 17.8487 milliseconds in repetition 326
tcp_ping received 24576 bytes back
Round trip time was 5.04055 milliseconds in repetition 327
tcp_ping received 24576 bytes back
Round trip time was 4.95684 milliseconds in repetition 328
tcp_ping received 24576 bytes back
Round trip time was 5.06114 milliseconds in repetition 329
tcp_ping received 24576 bytes back
Round trip time was 4.71239 milliseconds in repetition 330
tcp_ping received 24576 bytes back
Round trip time was 5.21254 milliseconds in repetition 331
tcp_ping received 24576 bytes back
Round trip time was 4.76214 milliseconds in repetition 332
tcp_ping received 24576 bytes back
Round trip time was 4.86435 milliseconds in repetition 333
tcp_ping received 24576 bytes back
Round trip time was 4.86517 milliseconds in repetition 334
tcp_ping received 24576 bytes back
Round trip time was 4.75916 milliseconds in repetition 335
tcp_ping received 24576 bytes back
Round trip time was 4.72358 milliseconds in repetition 336
tcp_ping received 24576 bytes back
Round trip time was 4.78923 milliseconds in repetition 337
tcp_ping received 24576 bytes back
Round trip time was 4.80963 milliseconds in repetition 338
tcp_ping received 24576 bytes back
Round trip time was 5.34164 milliseconds in repetition 339
tcp_ping received 24576 bytes back
Round trip time was 4.97576 milliseconds in repetition 340
tcp_ping received 24576 bytes back
Round trip time was 4.80823 milliseconds in repetition 341
tcp_ping received 24576 bytes back
Round trip time was 4.97483 milliseconds in repetition 342
tcp_ping received 24576 bytes back
Round trip time was 4.87876 milliseconds in repetition 343
tcp_ping received 24576 bytes back
Round trip time was 4.82444 milliseconds in repetition 344
tcp_ping received 24576 bytes back
Round trip time was 5.04129 milliseconds in repetition 345
tcp_ping received 24576 bytes back
Round trip time was 4.80283 milliseconds in repetition 346
tcp_ping received 24576 bytes back
Round trip time was 4.82043 milliseconds in repetition 347
tcp_ping received 24576 bytes back
Round trip time was 4.88633 milliseconds in repetition 348
tcp_ping received 24576 bytes back
Round trip time was 4.73097 milliseconds in repetition 349
tcp_ping received 24576 bytes back
Round trip time was 4.83784 milliseconds in repetition 350
tcp_ping received 24576 bytes back
Round trip time was 4.69168 milliseconds in repetition 351
tcp_ping received 24576 bytes back
Round trip time was 4.87293 milliseconds in repetition 352
tcp_ping received 24576 bytes back
Round trip time was 5.03435 milliseconds in repetition 353
tcp_ping received 24576 bytes back
Round trip time was 4.79548 milliseconds in repetition 354
tcp_ping received 24576 bytes back
Round trip time was 4.73251 milliseconds in repetition 355
tcp_ping received 24576 bytes back
Round trip time was 4.92044 milliseconds in repetition 356
tcp_ping received 24576 bytes back
Round trip time was 4.77478 milliseconds in repetition 357
tcp_ping received 24576 bytes back
Round trip time was 4.73504 milliseconds in repetition 358
tcp_ping received 24576 bytes back
Round trip time was 4.67115 milliseconds in repetition 359
tcp_ping received 24576 bytes back
Round trip time was 4.75243 milliseconds in repetition 360
tcp_ping received 24576 bytes back
Round trip time was 4.84162 milliseconds in repetition 361
tcp_ping received 24576 bytes back
Round trip time was 4.70195 milliseconds in repetition 362
tcp_ping received 24576 bytes back
Round trip time was 4.75267 milliseconds in repetition 363
tcp_ping received 24576 bytes back
Round trip time was 4.95794 milliseconds in repetition 364
tcp_ping received 24576 bytes back
Round trip time was 4.72835 milliseconds in repetition 365
tcp_ping received 24576 bytes back
Round trip time was 4.91103 milliseconds in repetition 366
tcp_ping received 24576 bytes back
Round trip time was 4.85506 milliseconds in repetition 367
tcp_ping received 24576 bytes back
Round trip time was 4.92913 milliseconds in repetition 368
tcp_ping received 24576 bytes back
Round trip time was 4.87346 milliseconds in repetition 369
tcp_ping received 24576 bytes back
Round trip time was 4.75945 milliseconds in repetition 370
tcp_ping received 24576 bytes back
Round trip time was 4.74523 milliseconds in repetition 371
tcp_ping received 24576 bytes back
Round trip time was 4.78458 milliseconds in repetition 372
tcp_ping received 24576 bytes back
Round trip time was 4.69011 milliseconds in repetition 373
tcp_ping received 24576 bytes back
Round trip time was 4.79274 milliseconds in repetition 374
tcp_ping received 24576 bytes back
Round trip time was 4.98173 milliseconds in repetition 375
tcp_ping received 24576 bytes back
Round trip time was 4.75468 milliseconds in repetition 376
tcp_ping received 24576 bytes back
Round trip time was 4.74857 milliseconds in repetition 377
tcp_ping received 24576 bytes back
Round trip time was 4.98261 milliseconds in repetition 378
tcp_ping received 24576 bytes back
Round trip time was 4.79488 milliseconds in repetition 379
tcp_ping received 24576 bytes back
Round trip time was 4.67903 milliseconds in repetition 380
tcp_ping received 24576 bytes back
Round trip time was 4.83473 milliseconds in repetition 381
tcp_ping received 24576 bytes back
Round trip time was 4.87565 milliseconds in repetition 382
tcp_ping received 24576 bytes back
Round trip time was 4.74004 milliseconds in repetition 383
tcp_ping received 24576 bytes back
Round trip time was 4.86883 milliseconds in repetition 384
tcp_ping received 24576 bytes back
Round trip time was 4.95101 milliseconds in repetition 385
tcp_ping received 24576 bytes back
Round trip time was 4.77357 milliseconds in repetition 386
tcp_ping received 24576 bytes back
Round trip time was 4.87742 milliseconds in repetition 387
tcp_ping received 24576 bytes back
Round trip time was 4.83108 milliseconds in repetition 388
tcp_ping received 24576 bytes back
Round trip time was 4.82138 milliseconds in repetition 389
tcp_ping received 24576 bytes back
Round trip time was 4.67298 milliseconds in repetition 390
tcp_ping received 24576 bytes back
Round trip time was 4.67067 milliseconds in repetition 391
tcp_ping received 24576 bytes back
Round trip time was 4.85903 milliseconds in repetition 392
tcp_ping received 24576 bytes back
Round trip time was 4.87678 milliseconds in repetition 393
tcp_ping received 24576 bytes back
Round trip time was 4.86856 milliseconds in repetition 394
tcp_ping received 24576 bytes back
Round trip time was 4.82836 milliseconds in repetition 395
tcp_ping received 24576 bytes back
Round trip time was 4.83724 milliseconds in repetition 396
tcp_ping received 24576 bytes back
Round trip time was 4.78297 milliseconds in repetition 397
tcp_ping received 24576 bytes back
Round trip time was 4.67557 milliseconds in repetition 398
tcp_ping received 24576 bytes back
Round trip time was 4.75148 milliseconds in repetition 399
tcp_ping received 24576 bytes back
Round trip time was 4.91784 milliseconds in repetition 400
tcp_ping received 24576 bytes back
Round trip time was 4.77926 milliseconds in repetition 401
tcp_ping received 24576 bytes back
Round trip time was 4.66668 milliseconds in repetition 402
tcp_ping received 24576 bytes back
Round trip time was 4.66338 milliseconds in repetition 403
tcp_ping received 24576 bytes back
Round trip time was 4.82656 milliseconds in repetition 404
tcp_ping received 24576 bytes back
Round trip time was 4.81173 milliseconds in repetition 405
tcp_ping received 24576 bytes back
Round trip time was 4.7874 milliseconds in repetition 406
tcp_ping received 24576 bytes back
Round trip time was 4.91347 milliseconds in repetition 407
tcp_ping received 24576 bytes back
Round trip time was 4.69767 milliseconds in repetition 408
tcp_ping received 24576 bytes back
Round trip time was 4.81937 milliseconds in repetition 409
tcp_ping received 24576 bytes back
Round trip time was 4.90425 milliseconds in repetition 410
tcp_ping received 24576 bytes back
Round trip time was 4.85814 milliseconds in repetition 411
tcp_ping received 24576 bytes back
Round trip time was 4.69867 milliseconds in repetition 412
tcp_ping received 24576 bytes back
Round trip time was 4.80784 milliseconds in repetition 413
tcp_ping received 24576 bytes back
Round trip time was 4.95807 milliseconds in repetition 414
tcp_ping received 24576 bytes back
Round trip time was 4.77206 milliseconds in repetition 415
tcp_ping received 24576 bytes back
Round trip time was 4.76004 milliseconds in repetition 416
tcp_ping received 24576 bytes back
Round trip time was 4.86577 milliseconds in repetition 417
tcp_ping received 24576 bytes back
Round trip time was 5.02635 milliseconds in repetition 418
tcp_ping received 24576 bytes back
Round trip time was 4.80103 milliseconds in repetition 419
tcp_ping received 24576 bytes back
Round trip time was 4.94872 milliseconds in repetition 420
tcp_ping received 24576 bytes back
Round trip time was 4.84613 milliseconds in repetition 421
tcp_ping received 24576 bytes back
Round trip time was 4.78696 milliseconds in repetition 422
tcp_ping received 24576 bytes back
Round trip time was 4.73907 milliseconds in repetition 423
tcp_ping received 24576 bytes back
Round trip time was 4.98083 milliseconds in repetition 424
tcp_ping received 24576 bytes back
Round trip time was 8.57504 milliseconds in repetition 425
tcp_ping received 24576 bytes back
Round trip time was 9.31369 milliseconds in repetition 426
tcp_ping received 24576 bytes back
Round trip time was 5.55582 milliseconds in repetition 427
tcp_ping received 24576 bytes back
Round trip time was 4.90906 milliseconds in repetition 428
tcp_ping received 24576 bytes back
Round trip time was 4.89603 milliseconds in repetition 429
tcp_ping received 24576 bytes back
Round trip time was 4.83687 milliseconds in repetition 430
tcp_ping received 24576 bytes back
Round trip time was 4.85365 milliseconds in repetition 431
tcp_ping received 24576 bytes back
Round trip time was 4.89309 milliseconds in repetition 432
tcp_ping received 24576 bytes back
Round trip time was 4.86179 milliseconds in repetition 433
tcp_ping received 24576 bytes back
Round trip time was 4.76783 milliseconds in repetition 434
tcp_ping received 24576 bytes back
Round trip time was 4.80074 milliseconds in repetition 435
tcp_ping received 24576 bytes back
Round trip time was 4.80471 milliseconds in repetition 436
tcp_ping received 24576 bytes back
Round trip time was 4.8471 milliseconds in repetition 437
tcp_ping received 24576 bytes back
Round trip time was 4.72758 milliseconds in repetition 438
tcp_ping received 24576 bytes back
Round trip time was 4.79834 milliseconds in repetition 439
tcp_ping received 24576 bytes back
Round trip time was 4.69807 milliseconds in repetition 440
tcp_ping received 24576 bytes back
Round trip time was 4.8335 milliseconds in repetition 441
tcp_ping received 24576 bytes back
Round trip time was 4.80025 milliseconds in repetition 442
tcp_ping received 24576 bytes back
Round trip time was 4.81185 milliseconds in repetition 443
tcp_ping received 24576 bytes back
Round trip time was 4.88166 milliseconds in repetition 444
tcp_ping received 24576 bytes back
Round trip time was 4.68863 milliseconds in repetition 445
tcp_ping received 24576 bytes back
Round trip time was 4.81294 milliseconds in repetition 446
tcp_ping received 24576 bytes back
Round trip time was 4.88576 milliseconds in repetition 447
tcp_ping received 24576 bytes back
Round trip time was 4.82724 milliseconds in repetition 448
tcp_ping received 24576 bytes back
Round trip time was 4.67635 milliseconds in repetition 449
tcp_ping received 24576 bytes back
Round trip time was 4.66134 milliseconds in repetition 450
tcp_ping received 24576 bytes back
Round trip time was 4.79804 milliseconds in repetition 451
tcp_ping received 24576 bytes back
Round trip time was 4.66186 milliseconds in repetition 452
tcp_ping received 24576 bytes back
Round trip time was 4.66355 milliseconds in repetition 453
tcp_ping received 24576 bytes back
Round trip time was 4.66806 milliseconds in repetition 454
tcp_ping received 24576 bytes back
Round trip time was 4.81544 milliseconds in repetition 455
tcp_ping received 24576 bytes back
Round trip time was 4.87475 milliseconds in repetition 456
tcp_ping received 24576 bytes back
Round trip time was 4.81514 milliseconds in repetition 457
tcp_ping received 24576 bytes back
Round trip time was 4.86422 milliseconds in repetition 458
tcp_ping received 24576 bytes back
Round trip time was 4.85045 milliseconds in repetition 459
tcp_ping received 24576 bytes back
Round trip time was 4.73727 milliseconds in repetition 460
tcp_ping received 24576 bytes back
Round trip time was 4.65747 milliseconds in repetition 461
tcp_ping received 24576 bytes back
Round trip time was 4.85118 milliseconds in repetition 462
tcp_ping received 24576 bytes back
Round trip time was 4.68979 milliseconds in repetition 463
tcp_ping received 24576 bytes back
Round trip time was 4.66618 milliseconds in repetition 464
tcp_ping received 24576 bytes back
Round trip time was 4.79689 milliseconds in repetition 465
tcp_ping received 24576 bytes back
Round trip time was 4.67189 milliseconds in repetition 466
tcp_ping received 24576 bytes back
Round trip time was 4.83694 milliseconds in repetition 467
tcp_ping received 24576 bytes back
Round trip time was 4.85968 milliseconds in repetition 468
tcp_ping received 24576 bytes back
Round trip time was 4.71705 milliseconds in repetition 469
tcp_ping received 24576 bytes back
Round trip time was 4.83408 milliseconds in repetition 470
tcp_ping received 24576 bytes back
Round trip time was 4.68806 milliseconds in repetition 471
tcp_ping received 24576 bytes back
Round trip time was 4.71574 milliseconds in repetition 472
tcp_ping received 24576 bytes back
Round trip time was 4.78005 milliseconds in repetition 473
tcp_ping received 24576 bytes back
Round trip time was 4.70546 milliseconds in repetition 474
tcp_ping received 24576 bytes back
Round trip time was 4.73167 milliseconds in repetition 475
tcp_ping received 24576 bytes back
Round trip time was 4.84657 milliseconds in repetition 476
tcp_ping received 24576 bytes back
Round trip time was 4.81086 milliseconds in repetition 477
tcp_ping received 24576 bytes back
Round trip time was 4.81089 milliseconds in repetition 478
tcp_ping received 24576 bytes back
Round trip time was 4.74827 milliseconds in repetition 479
tcp_ping received 24576 bytes back
Round trip time was 4.71982 milliseconds in repetition 480
tcp_ping received 24576 bytes back
Round trip time was 4.69229 milliseconds in repetition 481
tcp_ping received 24576 bytes back
Round trip time was 4.91989 milliseconds in repetition 482
tcp_ping received 24576 bytes back
Round trip time was 4.84226 milliseconds in repetition 483
tcp_ping received 24576 bytes back
Round trip time was 4.73314 milliseconds in repetition 484
tcp_ping received 24576 bytes back
Round trip time was 4.89623 milliseconds in repetition 485
tcp_ping received 24576 bytes back
Round trip time was 4.76097 milliseconds in repetition 486
tcp_ping received 24576 bytes back
Round trip time was 4.70638 milliseconds in repetition 487
tcp_ping received 24576 bytes back
Round trip time was 4.70255 milliseconds in repetition 488
tcp_ping received 24576 bytes back
Round trip time was 4.69116 milliseconds in repetition 489
tcp_ping received 24576 bytes back
Round trip time was 4.80256 milliseconds in repetition 490
tcp_ping received 24576 bytes back
Round trip time was 4.94595 milliseconds in repetition 491
tcp_ping received 24576 bytes back
Round trip time was 4.83467 milliseconds in repetition 492
tcp_ping received 24576 bytes back
Round trip time was 4.72886 milliseconds in repetition 493
tcp_ping received 24576 bytes back
Round trip time was 4.76306 milliseconds in repetition 494
tcp_ping received 24576 bytes back
Round trip time was 4.80216 milliseconds in repetition 495
tcp_ping received 24576 bytes back
Round trip time was 4.70612 milliseconds in repetition 496
tcp_ping received 24576 bytes back
Round trip time was 4.84244 milliseconds in repetition 497
tcp_ping received 24576 bytes back
Round trip time was 4.78038 milliseconds in repetition 498
tcp_ping received 24576 bytes back
Round trip time was 4.77586 milliseconds in repetition 499
tcp_ping received 24576 bytes back
Round trip time was 4.64018 milliseconds in repetition 500
tcp_ping received 24576 bytes back
Round trip time was 4.8958 milliseconds in repetition 501

 ... clock resolution was 1e-06
TCP Ping:  Statistics over 501 repetitions of 24576 byte messages

RTT : percentile 10: 4.72358, median: 4.85118, percentile 90: 5.00892, average: 4.93324, variance: 0.57991

RTT histogram:
   overall Throughput : 9963.42 KB/s

