TCP Ping trying to connect to server 192.168.1.110 (192.168.1.110) on port 1491
 ... connected to Pong server: asking for 501 repetitions of 48 bytes TCP messages
 ... Pong server agreed :-)
tcp_ping received 48 bytes back
Round trip time was 2.13148 milliseconds in repetition 1
tcp_ping received 48 bytes back
Round trip time was 2.26645 milliseconds in repetition 2
tcp_ping received 48 bytes back
Round trip time was 2.08197 milliseconds in repetition 3
tcp_ping received 48 bytes back
Round trip time was 2.41634 milliseconds in repetition 4
tcp_ping received 48 bytes back
Round trip time was 2.01107 milliseconds in repetition 5
tcp_ping received 48 bytes back
Round trip time was 1.98094 milliseconds in repetition 6
tcp_ping received 48 bytes back
Round trip time was 2.08381 milliseconds in repetition 7
tcp_ping received 48 bytes back
Round trip time was 2.03789 milliseconds in repetition 8
tcp_ping received 48 bytes back
Round trip time was 1.97073 milliseconds in repetition 9
tcp_ping received 48 bytes back
Round trip time was 2.17458 milliseconds in repetition 10
tcp_ping received 48 bytes back
Round trip time was 1.65634 milliseconds in repetition 11
tcp_ping received 48 bytes back
Round trip time was 2.52878 milliseconds in repetition 12
tcp_ping received 48 bytes back
Round trip time was 1.22702 milliseconds in repetition 13
tcp_ping received 48 bytes back
Round trip time was 2.61194 milliseconds in repetition 14
tcp_ping received 48 bytes back
Round trip time was 1.86982 milliseconds in repetition 15
tcp_ping received 48 bytes back
Round trip time was 2.32988 milliseconds in repetition 16
tcp_ping received 48 bytes back
Round trip time was 1.54242 milliseconds in repetition 17
tcp_ping received 48 bytes back
Round trip time was 2.45421 milliseconds in repetition 18
tcp_ping received 48 bytes back
Round trip time was 1.64366 milliseconds in repetition 19
tcp_ping received 48 bytes back
Round trip time was 2.5049 milliseconds in repetition 20
tcp_ping received 48 bytes back
Round trip time was 0.969849 milliseconds in repetition 21
tcp_ping received 48 bytes back
Round trip time was 2.55757 milliseconds in repetition 22
tcp_ping received 48 bytes back
Round trip time was 1.79807 milliseconds in repetition 23
tcp_ping received 48 bytes back
Round trip time was 2.21589 milliseconds in repetition 24
tcp_ping received 48 bytes back
Round trip time was 2.6123 milliseconds in repetition 25
tcp_ping received 48 bytes back
Round trip time was 2.48004 milliseconds in repetition 26
tcp_ping received 48 bytes back
Round trip time was 2.38964 milliseconds in repetition 27
tcp_ping received 48 bytes back
Round trip time was 2.16646 milliseconds in repetition 28
tcp_ping received 48 bytes back
Round trip time was 2.54985 milliseconds in repetition 29
tcp_ping received 48 bytes back
Round trip time was 2.52957 milliseconds in repetition 30
tcp_ping received 48 bytes back
Round trip time was 2.52529 milliseconds in repetition 31
tcp_ping received 48 bytes back
Round trip time was 2.58442 milliseconds in repetition 32
tcp_ping received 48 bytes back
Round trip time was 1.84485 milliseconds in repetition 33
tcp_ping received 48 bytes back
Round trip time was 2.50799 milliseconds in repetition 34
tcp_ping received 48 bytes back
Round trip time was 1.07906 milliseconds in repetition 35
tcp_ping received 48 bytes back
Round trip time was 2.58484 milliseconds in repetition 36
tcp_ping received 48 bytes back
Round trip time was 2.55677 milliseconds in repetition 37
tcp_ping received 48 bytes back
Round trip time was 2.28865 milliseconds in repetition 38
tcp_ping received 48 bytes back
Round trip time was 2.52725 milliseconds in repetition 39
tcp_ping received 48 bytes back
Round trip time was 2.0911 milliseconds in repetition 40
tcp_ping received 48 bytes back
Round trip time was 2.70094 milliseconds in repetition 41
tcp_ping received 48 bytes back
Round trip time was 2.56677 milliseconds in repetition 42
tcp_ping received 48 bytes back
Round trip time was 2.52049 milliseconds in repetition 43
tcp_ping received 48 bytes back
Round trip time was 2.30804 milliseconds in repetition 44
tcp_ping received 48 bytes back
Round trip time was 2.59439 milliseconds in repetition 45
tcp_ping received 48 bytes back
Round trip time was 2.48656 milliseconds in repetition 46
tcp_ping received 48 bytes back
Round trip time was 2.02433 milliseconds in repetition 47
tcp_ping received 48 bytes back
Round trip time was 2.46998 milliseconds in repetition 48
tcp_ping received 48 bytes back
Round trip time was 2.62217 milliseconds in repetition 49
tcp_ping received 48 bytes back
Round trip time was 1.69114 milliseconds in repetition 50
tcp_ping received 48 bytes back
Round trip time was 2.35939 milliseconds in repetition 51
tcp_ping received 48 bytes back
Round trip time was 2.53857 milliseconds in repetition 52
tcp_ping received 48 bytes back
Round trip time was 2.39334 milliseconds in repetition 53
tcp_ping received 48 bytes back
Round trip time was 2.3851 milliseconds in repetition 54
tcp_ping received 48 bytes back
Round trip time was 2.63816 milliseconds in repetition 55
tcp_ping received 48 bytes back
Round trip time was 2.60206 milliseconds in repetition 56
tcp_ping received 48 bytes back
Round trip time was 2.44915 milliseconds in repetition 57
tcp_ping received 48 bytes back
Round trip time was 2.5449 milliseconds in repetition 58
tcp_ping received 48 bytes back
Round trip time was 2.52227 milliseconds in repetition 59
tcp_ping received 48 bytes back
Round trip time was 2.56855 milliseconds in repetition 60
tcp_ping received 48 bytes back
Round trip time was 1.39836 milliseconds in repetition 61
tcp_ping received 48 bytes back
Round trip time was 2.57807 milliseconds in repetition 62
tcp_ping received 48 bytes back
Round trip time was 2.60107 milliseconds in repetition 63
tcp_ping received 48 bytes back
Round trip time was 2.36528 milliseconds in repetition 64
tcp_ping received 48 bytes back
Round trip time was 2.65492 milliseconds in repetition 65
tcp_ping received 48 bytes back
Round trip time was 2.32596 milliseconds in repetition 66
tcp_ping received 48 bytes back
Round trip time was 2.41417 milliseconds in repetition 67
tcp_ping received 48 bytes back
Round trip time was 1.59554 milliseconds in repetition 68
tcp_ping received 48 bytes back
Round trip time was 2.56609 milliseconds in repetition 69
tcp_ping received 48 bytes back
Round trip time was 1.93749 milliseconds in repetition 70
tcp_ping received 48 bytes back
Round trip time was 2.27114 milliseconds in repetition 71
tcp_ping received 48 bytes back
Round trip time was 2.52365 milliseconds in repetition 72
tcp_ping received 48 bytes back
Round trip time was 2.08555 milliseconds in repetition 73
tcp_ping received 48 bytes back
Round trip time was 2.58124 milliseconds in repetition 74
tcp_ping received 48 bytes back
Round trip time was 2.35392 milliseconds in repetition 75
tcp_ping received 48 bytes back
Round trip time was 2.58036 milliseconds in repetition 76
tcp_ping received 48 bytes back
Round trip time was 1.29048 milliseconds in repetition 77
tcp_ping received 48 bytes back
Round trip time was 2.37716 milliseconds in repetition 78
tcp_ping received 48 bytes back
Round trip time was 1.73327 milliseconds in repetition 79
tcp_ping received 48 bytes back
Round trip time was 2.40075 milliseconds in repetition 80
tcp_ping received 48 bytes back
Round trip time was 1.36066 milliseconds in repetition 81
tcp_ping received 48 bytes back
Round trip time was 2.63418 milliseconds in repetition 82
tcp_ping received 48 bytes back
Round trip time was 2.29517 milliseconds in repetition 83
tcp_ping received 48 bytes back
Round trip time was 2.58523 milliseconds in repetition 84
tcp_ping received 48 bytes back
Round trip time was 2.395 milliseconds in repetition 85
tcp_ping received 48 bytes back
Round trip time was 2.11153 milliseconds in repetition 86
tcp_ping received 48 bytes back
Round trip time was 1.89359 milliseconds in repetition 87
tcp_ping received 48 bytes back
Round trip time was 1.60667 milliseconds in repetition 88
tcp_ping received 48 bytes back
Round trip time was 2.37859 milliseconds in repetition 89
tcp_ping received 48 bytes back
Round trip time was 1.93868 milliseconds in repetition 90
tcp_ping received 48 bytes back
Round trip time was 1.57344 milliseconds in repetition 91
tcp_ping received 48 bytes back
Round trip time was 2.56211 milliseconds in repetition 92
tcp_ping received 48 bytes back
Round trip time was 2.16173 milliseconds in repetition 93
tcp_ping received 48 bytes back
Round trip time was 1.74668 milliseconds in repetition 94
tcp_ping received 48 bytes back
Round trip time was 2.0673 milliseconds in repetition 95
tcp_ping received 48 bytes back
Round trip time was 2.49102 milliseconds in repetition 96
tcp_ping received 48 bytes back
Round trip time was 2.15282 milliseconds in repetition 97
tcp_ping received 48 bytes back
Round trip time was 2.51313 milliseconds in repetition 98
tcp_ping received 48 bytes back
Round trip time was 2.521 milliseconds in repetition 99
tcp_ping received 48 bytes back
Round trip time was 2.21588 milliseconds in repetition 100
tcp_ping received 48 bytes back
Round trip time was 1.78701 milliseconds in repetition 101
tcp_ping received 48 bytes back
Round trip time was 2.25535 milliseconds in repetition 102
tcp_ping received 48 bytes back
Round trip time was 1.49368 milliseconds in repetition 103
tcp_ping received 48 bytes back
Round trip time was 2.25387 milliseconds in repetition 104
tcp_ping received 48 bytes back
Round trip time was 2.56715 milliseconds in repetition 105
tcp_ping received 48 bytes back
Round trip time was 2.19392 milliseconds in repetition 106
tcp_ping received 48 bytes back
Round trip time was 0.905852 milliseconds in repetition 107
tcp_ping received 48 bytes back
Round trip time was 2.31506 milliseconds in repetition 108
tcp_ping received 48 bytes back
Round trip time was 2.31929 milliseconds in repetition 109
tcp_ping received 48 bytes back
Round trip time was 2.0521 milliseconds in repetition 110
tcp_ping received 48 bytes back
Round trip time was 2.08889 milliseconds in repetition 111
tcp_ping received 48 bytes back
Round trip time was 2.07888 milliseconds in repetition 112
tcp_ping received 48 bytes back
Round trip time was 0.781847 milliseconds in repetition 113
tcp_ping received 48 bytes back
Round trip time was 2.39557 milliseconds in repetition 114
tcp_ping received 48 bytes back
Round trip time was 1.57797 milliseconds in repetition 115
tcp_ping received 48 bytes back
Round trip time was 1.78048 milliseconds in repetition 116
tcp_ping received 48 bytes back
Round trip time was 2.39292 milliseconds in repetition 117
tcp_ping received 48 bytes back
Round trip time was 2.51469 milliseconds in repetition 118
tcp_ping received 48 bytes back
Round trip time was 1.72946 milliseconds in repetition 119
tcp_ping received 48 bytes back
Round trip time was 2.55622 milliseconds in repetition 120
tcp_ping received 48 bytes back
Round trip time was 2.56521 milliseconds in repetition 121
tcp_ping received 48 bytes back
Round trip time was 2.45358 milliseconds in repetition 122
tcp_ping received 48 bytes back
Round trip time was 2.2325 milliseconds in repetition 123
tcp_ping received 48 bytes back
Round trip time was 2.04127 milliseconds in repetition 124
tcp_ping received 48 bytes back
Round trip time was 2.55486 milliseconds in repetition 125
tcp_ping received 48 bytes back
Round trip time was 1.30402 milliseconds in repetition 126
tcp_ping received 48 bytes back
Round trip time was 2.48882 milliseconds in repetition 127
tcp_ping received 48 bytes back
Round trip time was 1.55872 milliseconds in repetition 128
tcp_ping received 48 bytes back
Round trip time was 2.56635 milliseconds in repetition 129
tcp_ping received 48 bytes back
Round trip time was 2.25109 milliseconds in repetition 130
tcp_ping received 48 bytes back
Round trip time was 2.26582 milliseconds in repetition 131
tcp_ping received 48 bytes back
Round trip time was 2.24155 milliseconds in repetition 132
tcp_ping received 48 bytes back
Round trip time was 2.58871 milliseconds in repetition 133
tcp_ping received 48 bytes back
Round trip time was 2.59165 milliseconds in repetition 134
tcp_ping received 48 bytes back
Round trip time was 1.13548 milliseconds in repetition 135
tcp_ping received 48 bytes back
Round trip time was 2.55641 milliseconds in repetition 136
tcp_ping received 48 bytes back
Round trip time was 1.71725 milliseconds in repetition 137
tcp_ping received 48 bytes back
Round trip time was 1.25381 milliseconds in repetition 138
tcp_ping received 48 bytes back
Round trip time was 2.54751 milliseconds in repetition 139
tcp_ping received 48 bytes back
Round trip time was 2.60463 milliseconds in repetition 140
tcp_ping received 48 bytes back
Round trip time was 2.60119 milliseconds in repetition 141
tcp_ping received 48 bytes back
Round trip time was 2.57868 milliseconds in repetition 142
tcp_ping received 48 bytes back
Round trip time was 2.48012 milliseconds in repetition 143
tcp_ping received 48 bytes back
Round trip time was 2.51029 milliseconds in repetition 144
tcp_ping received 48 bytes back
Round trip time was 1.04935 milliseconds in repetition 145
tcp_ping received 48 bytes back
Round trip time was 2.43393 milliseconds in repetition 146
tcp_ping received 48 bytes back
Round trip time was 2.23266 milliseconds in repetition 147
tcp_ping received 48 bytes back
Round trip time was 0.669358 milliseconds in repetition 148
tcp_ping received 48 bytes back
Round trip time was 7.22703 milliseconds in repetition 149
tcp_ping received 48 bytes back
Round trip time was 7.63758 milliseconds in repetition 150
tcp_ping received 48 bytes back
Round trip time was 6.98114 milliseconds in repetition 151
tcp_ping received 48 bytes back
Round trip time was 1.61651 milliseconds in repetition 152
tcp_ping received 48 bytes back
Round trip time was 1.37318 milliseconds in repetition 153
tcp_ping received 48 bytes back
Round trip time was 0.853558 milliseconds in repetition 154
tcp_ping received 48 bytes back
Round trip time was 2.17834 milliseconds in repetition 155
tcp_ping received 48 bytes back
Round trip time was 2.15883 milliseconds in repetition 156
tcp_ping received 48 bytes back
Round trip time was 2.18242 milliseconds in repetition 157
tcp_ping received 48 bytes back
Round trip time was 2.11661 milliseconds in repetition 158
tcp_ping received 48 bytes back
Round trip time was 2.19274 milliseconds in repetition 159
tcp_ping received 48 bytes back
Round trip time was 2.40479 milliseconds in repetition 160
tcp_ping received 48 bytes back
Round trip time was 2.46279 milliseconds in repetition 161
tcp_ping received 48 bytes back
Round trip time was 2.42125 milliseconds in repetition 162
tcp_ping received 48 bytes back
Round trip time was 2.56973 milliseconds in repetition 163
tcp_ping received 48 bytes back
Round trip time was 2.07116 milliseconds in repetition 164
tcp_ping received 48 bytes back
Round trip time was 2.57642 milliseconds in repetition 165
tcp_ping received 48 bytes back
Round trip time was 2.57306 milliseconds in repetition 166
tcp_ping received 48 bytes back
Round trip time was 2.55666 milliseconds in repetition 167
tcp_ping received 48 bytes back
Round trip time was 2.28165 milliseconds in repetition 168
tcp_ping received 48 bytes back
Round trip time was 2.32874 milliseconds in repetition 169
tcp_ping received 48 bytes back
Round trip time was 2.50042 milliseconds in repetition 170
tcp_ping received 48 bytes back
Round trip time was 2.54265 milliseconds in repetition 171
tcp_ping received 48 bytes back
Round trip time was 2.57907 milliseconds in repetition 172
tcp_ping received 48 bytes back
Round trip time was 2.21354 milliseconds in repetition 173
tcp_ping received 48 bytes back
Round trip time was 2.50764 milliseconds in repetition 174
tcp_ping received 48 bytes back
Round trip time was 2.57158 milliseconds in repetition 175
tcp_ping received 48 bytes back
Round trip time was 1.87727 milliseconds in repetition 176
tcp_ping received 48 bytes back
Round trip time was 2.5735 milliseconds in repetition 177
tcp_ping received 48 bytes back
Round trip time was 2.60084 milliseconds in repetition 178
tcp_ping received 48 bytes back
Round trip time was 1.03622 milliseconds in repetition 179
tcp_ping received 48 bytes back
Round trip time was 2.36076 milliseconds in repetition 180
tcp_ping received 48 bytes back
Round trip time was 2.54832 milliseconds in repetition 181
tcp_ping received 48 bytes back
Round trip time was 2.18204 milliseconds in repetition 182
tcp_ping received 48 bytes back
Round trip time was 0.973533 milliseconds in repetition 183
tcp_ping received 48 bytes back
Round trip time was 2.15512 milliseconds in repetition 184
tcp_ping received 48 bytes back
Round trip time was 2.56647 milliseconds in repetition 185
tcp_ping received 48 bytes back
Round trip time was 2.47289 milliseconds in repetition 186
tcp_ping received 48 bytes back
Round trip time was 2.37837 milliseconds in repetition 187
tcp_ping received 48 bytes back
Round trip time was 2.49763 milliseconds in repetition 188
tcp_ping received 48 bytes back
Round trip time was 2.24371 milliseconds in repetition 189
tcp_ping received 48 bytes back
Round trip time was 2.57636 milliseconds in repetition 190
tcp_ping received 48 bytes back
Round trip time was 1.80603 milliseconds in repetition 191
tcp_ping received 48 bytes back
Round trip time was 0.986172 milliseconds in repetition 192
tcp_ping received 48 bytes back
Round trip time was 2.4726 milliseconds in repetition 193
tcp_ping received 48 bytes back
Round trip time was 2.3653 milliseconds in repetition 194
tcp_ping received 48 bytes back
Round trip time was 2.464 milliseconds in repetition 195
tcp_ping received 48 bytes back
Round trip time was 2.41984 milliseconds in repetition 196
tcp_ping received 48 bytes back
Round trip time was 2.52977 milliseconds in repetition 197
tcp_ping received 48 bytes back
Round trip time was 2.47534 milliseconds in repetition 198
tcp_ping received 48 bytes back
Round trip time was 0.776328 milliseconds in repetition 199
tcp_ping received 48 bytes back
Round trip time was 2.42271 milliseconds in repetition 200
tcp_ping received 48 bytes back
Round trip time was 1.62969 milliseconds in repetition 201
tcp_ping received 48 bytes back
Round trip time was 2.41165 milliseconds in repetition 202
tcp_ping received 48 bytes back
Round trip time was 2.52273 milliseconds in repetition 203
tcp_ping received 48 bytes back
Round trip time was 2.20803 milliseconds in repetition 204
tcp_ping received 48 bytes back
Round trip time was 2.51235 milliseconds in repetition 205
tcp_ping received 48 bytes back
Round trip time was 2.37841 milliseconds in repetition 206
tcp_ping received 48 bytes back
Round trip time was 2.26336 milliseconds in repetition 207
tcp_ping received 48 bytes back
Round trip time was 2.1108 milliseconds in repetition 208
tcp_ping received 48 bytes back
Round trip time was 2.58383 milliseconds in repetition 209
tcp_ping received 48 bytes back
Round trip time was 1.09902 milliseconds in repetition 210
tcp_ping received 48 bytes back
Round trip time was 2.53398 milliseconds in repetition 211
tcp_ping received 48 bytes back
Round trip time was 1.7044 milliseconds in repetition 212
tcp_ping received 48 bytes back
Round trip time was 2.59931 milliseconds in repetition 213
tcp_ping received 48 bytes back
Round trip time was 2.03775 milliseconds in repetition 214
tcp_ping received 48 bytes back
Round trip time was 2.00213 milliseconds in repetition 215
tcp_ping received 48 bytes back
Round trip time was 2.59169 milliseconds in repetition 216
tcp_ping received 48 bytes back
Round trip time was 2.5844 milliseconds in repetition 217
tcp_ping received 48 bytes back
Round trip time was 2.18883 milliseconds in repetition 218
tcp_ping received 48 bytes back
Round trip time was 2.53616 milliseconds in repetition 219
tcp_ping received 48 bytes back
Round trip time was 2.61255 milliseconds in repetition 220
tcp_ping received 48 bytes back
Round trip time was 2.02185 milliseconds in repetition 221
tcp_ping received 48 bytes back
Round trip time was 2.57352 milliseconds in repetition 222
tcp_ping received 48 bytes back
Round trip time was 2.59621 milliseconds in repetition 223
tcp_ping received 48 bytes back
Round trip time was 2.49322 milliseconds in repetition 224
tcp_ping received 48 bytes back
Round trip time was 2.01745 milliseconds in repetition 225
tcp_ping received 48 bytes back
Round trip time was 2.54865 milliseconds in repetition 226
tcp_ping received 48 bytes back
Round trip time was 2.0227 milliseconds in repetition 227
tcp_ping received 48 bytes back
Round trip time was 2.11699 milliseconds in repetition 228
tcp_ping received 48 bytes back
Round trip time was 2.07769 milliseconds in repetition 229
tcp_ping received 48 bytes back
Round trip time was 2.58674 milliseconds in repetition 230
tcp_ping received 48 bytes back
Round trip time was 2.48797 milliseconds in repetition 231
tcp_ping received 48 bytes back
Round trip time was 2.55159 milliseconds in repetition 232
tcp_ping received 48 bytes back
Round trip time was 2.62428 milliseconds in repetition 233
tcp_ping received 48 bytes back
Round trip time was 2.20346 milliseconds in repetition 234
tcp_ping received 48 bytes back
Round trip time was 2.08774 milliseconds in repetition 235
tcp_ping received 48 bytes back
Round trip time was 2.53788 milliseconds in repetition 236
tcp_ping received 48 bytes back
Round trip time was 2.52399 milliseconds in repetition 237
tcp_ping received 48 bytes back
Round trip time was 2.22188 milliseconds in repetition 238
tcp_ping received 48 bytes back
Round trip time was 1.95953 milliseconds in repetition 239
tcp_ping received 48 bytes back
Round trip time was 1.3524 milliseconds in repetition 240
tcp_ping received 48 bytes back
Round trip time was 1.28943 milliseconds in repetition 241
tcp_ping received 48 bytes back
Round trip time was 1.16759 milliseconds in repetition 242
tcp_ping received 48 bytes back
Round trip time was 1.1244 milliseconds in repetition 243
tcp_ping received 48 bytes back
Round trip time was 1.43305 milliseconds in repetition 244
tcp_ping received 48 bytes back
Round trip time was 0.864413 milliseconds in repetition 245
tcp_ping received 48 bytes back
Round trip time was 0.949405 milliseconds in repetition 246
tcp_ping received 48 bytes back
Round trip time was 0.904772 milliseconds in repetition 247
tcp_ping received 48 bytes back
Round trip time was 1.51832 milliseconds in repetition 248
tcp_ping received 48 bytes back
Round trip time was 1.27005 milliseconds in repetition 249
tcp_ping received 48 bytes back
Round trip time was 1.41543 milliseconds in repetition 250
tcp_ping received 48 bytes back
Round trip time was 1.05622 milliseconds in repetition 251
tcp_ping received 48 bytes back
Round trip time was 0.903024 milliseconds in repetition 252
tcp_ping received 48 bytes back
Round trip time was 1.54023 milliseconds in repetition 253
tcp_ping received 48 bytes back
Round trip time was 1.3373 milliseconds in repetition 254
tcp_ping received 48 bytes back
Round trip time was 0.91951 milliseconds in repetition 255
tcp_ping received 48 bytes back
Round trip time was 0.974319 milliseconds in repetition 256
tcp_ping received 48 bytes back
Round trip time was 1.26907 milliseconds in repetition 257
tcp_ping received 48 bytes back
Round trip time was 1.512 milliseconds in repetition 258
tcp_ping received 48 bytes back
Round trip time was 0.87935 milliseconds in repetition 259
tcp_ping received 48 bytes back
Round trip time was 1.26237 milliseconds in repetition 260
tcp_ping received 48 bytes back
Round trip time was 1.50934 milliseconds in repetition 261
tcp_ping received 48 bytes back
Round trip time was 1.26389 milliseconds in repetition 262
tcp_ping received 48 bytes back
Round trip time was 1.30683 milliseconds in repetition 263
tcp_ping received 48 bytes back
Round trip time was 0.90268 milliseconds in repetition 264
tcp_ping received 48 bytes back
Round trip time was 1.21317 milliseconds in repetition 265
tcp_ping received 48 bytes back
Round trip time was 1.5238 milliseconds in repetition 266
tcp_ping received 48 bytes back
Round trip time was 1.34771 milliseconds in repetition 267
tcp_ping received 48 bytes back
Round trip time was 1.45519 milliseconds in repetition 268
tcp_ping received 48 bytes back
Round trip time was 1.40609 milliseconds in repetition 269
tcp_ping received 48 bytes back
Round trip time was 1.23424 milliseconds in repetition 270
tcp_ping received 48 bytes back
Round trip time was 1.19096 milliseconds in repetition 271
tcp_ping received 48 bytes back
Round trip time was 1.22523 milliseconds in repetition 272
tcp_ping received 48 bytes back
Round trip time was 1.26757 milliseconds in repetition 273
tcp_ping received 48 bytes back
Round trip time was 1.0345 milliseconds in repetition 274
tcp_ping received 48 bytes back
Round trip time was 1.17982 milliseconds in repetition 275
tcp_ping received 48 bytes back
Round trip time was 1.07269 milliseconds in repetition 276
tcp_ping received 48 bytes back
Round trip time was 1.07469 milliseconds in repetition 277
tcp_ping received 48 bytes back
Round trip time was 1.40777 milliseconds in repetition 278
tcp_ping received 48 bytes back
Round trip time was 0.89258 milliseconds in repetition 279
tcp_ping received 48 bytes back
Round trip time was 0.825361 milliseconds in repetition 280
tcp_ping received 48 bytes back
Round trip time was 0.900197 milliseconds in repetition 281
tcp_ping received 48 bytes back
Round trip time was 1.37478 milliseconds in repetition 282
tcp_ping received 48 bytes back
Round trip time was 1.33504 milliseconds in repetition 283
tcp_ping received 48 bytes back
Round trip time was 1.30272 milliseconds in repetition 284
tcp_ping received 48 bytes back
Round trip time was 1.4036 milliseconds in repetition 285
tcp_ping received 48 bytes back
Round trip time was 1.08983 milliseconds in repetition 286
tcp_ping received 48 bytes back
Round trip time was 1.43774 milliseconds in repetition 287
tcp_ping received 48 bytes back
Round trip time was 1.21179 milliseconds in repetition 288
tcp_ping received 48 bytes back
Round trip time was 1.13535 milliseconds in repetition 289
tcp_ping received 48 bytes back
Round trip time was 0.756166 milliseconds in repetition 290
tcp_ping received 48 bytes back
Round trip time was 0.842794 milliseconds in repetition 291
tcp_ping received 48 bytes back
Round trip time was 0.812569 milliseconds in repetition 292
tcp_ping received 48 bytes back
Round trip time was 0.711777 milliseconds in repetition 293
tcp_ping received 48 bytes back
Round trip time was 0.924275 milliseconds in repetition 294
tcp_ping received 48 bytes back
Round trip time was 1.03939 milliseconds in repetition 295
tcp_ping received 48 bytes back
Round trip time was 1.22505 milliseconds in repetition 296
tcp_ping received 48 bytes back
Round trip time was 1.57134 milliseconds in repetition 297
tcp_ping received 48 bytes back
Round trip time was 1.21966 milliseconds in repetition 298
tcp_ping received 48 bytes back
Round trip time was 1.15275 milliseconds in repetition 299
tcp_ping received 48 bytes back
Round trip time was 1.37232 milliseconds in repetition 300
tcp_ping received 48 bytes back
Round trip time was 0.895402 milliseconds in repetition 301
tcp_ping received 48 bytes back
Round trip time was 0.944624 milliseconds in repetition 302
tcp_ping received 48 bytes back
Round trip time was 1.39011 milliseconds in repetition 303
tcp_ping received 48 bytes back
Round trip time was 1.30831 milliseconds in repetition 304
tcp_ping received 48 bytes back
Round trip time was 1.92983 milliseconds in repetition 305
tcp_ping received 48 bytes back
Round trip time was 2.13878 milliseconds in repetition 306
tcp_ping received 48 bytes back
Round trip time was 2.1432 milliseconds in repetition 307
tcp_ping received 48 bytes back
Round trip time was 2.01688 milliseconds in repetition 308
tcp_ping received 48 bytes back
Round trip time was 2.18474 milliseconds in repetition 309
tcp_ping received 48 bytes back
Round trip time was 1.9577 milliseconds in repetition 310
tcp_ping received 48 bytes back
Round trip time was 0.981563 milliseconds in repetition 311
tcp_ping received 48 bytes back
Round trip time was 2.07375 milliseconds in repetition 312
tcp_ping received 48 bytes back
Round trip time was 1.97988 milliseconds in repetition 313
tcp_ping received 48 bytes back
Round trip time was 2.02514 milliseconds in repetition 314
tcp_ping received 48 bytes back
Round trip time was 2.55459 milliseconds in repetition 315
tcp_ping received 48 bytes back
Round trip time was 2.59219 milliseconds in repetition 316
tcp_ping received 48 bytes back
Round trip time was 2.60444 milliseconds in repetition 317
tcp_ping received 48 bytes back
Round trip time was 1.82144 milliseconds in repetition 318
tcp_ping received 48 bytes back
Round trip time was 2.42316 milliseconds in repetition 319
tcp_ping received 48 bytes back
Round trip time was 2.41525 milliseconds in repetition 320
tcp_ping received 48 bytes back
Round trip time was 2.45474 milliseconds in repetition 321
tcp_ping received 48 bytes back
Round trip time was 1.03315 milliseconds in repetition 322
tcp_ping received 48 bytes back
Round trip time was 2.5176 milliseconds in repetition 323
tcp_ping received 48 bytes back
Round trip time was 2.53138 milliseconds in repetition 324
tcp_ping received 48 bytes back
Round trip time was 2.4685 milliseconds in repetition 325
tcp_ping received 48 bytes back
Round trip time was 2.22379 milliseconds in repetition 326
tcp_ping received 48 bytes back
Round trip time was 1.98372 milliseconds in repetition 327
tcp_ping received 48 bytes back
Round trip time was 2.58194 milliseconds in repetition 328
tcp_ping received 48 bytes back
Round trip time was 1.87112 milliseconds in repetition 329
tcp_ping received 48 bytes back
Round trip time was 2.58823 milliseconds in repetition 330
tcp_ping received 48 bytes back
Round trip time was 1.09248 milliseconds in repetition 331
tcp_ping received 48 bytes back
Round trip time was 2.55754 milliseconds in repetition 332
tcp_ping received 48 bytes back
Round trip time was 2.167 milliseconds in repetition 333
tcp_ping received 48 bytes back
Round trip time was 2.07916 milliseconds in repetition 334
tcp_ping received 48 bytes back
Round trip time was 2.37994 milliseconds in repetition 335
tcp_ping received 48 bytes back
Round trip time was 2.54186 milliseconds in repetition 336
tcp_ping received 48 bytes back
Round trip time was 2.56318 milliseconds in repetition 337
tcp_ping received 48 bytes back
Round trip time was 1.82015 milliseconds in repetition 338
tcp_ping received 48 bytes back
Round trip time was 2.57322 milliseconds in repetition 339
tcp_ping received 48 bytes back
Round trip time was 1.11081 milliseconds in repetition 340
tcp_ping received 48 bytes back
Round trip time was 1.29638 milliseconds in repetition 341
tcp_ping received 48 bytes back
Round trip time was 2.47183 milliseconds in repetition 342
tcp_ping received 48 bytes back
Round trip time was 2.56449 milliseconds in repetition 343
tcp_ping received 48 bytes back
Round trip time was 2.56702 milliseconds in repetition 344
tcp_ping received 48 bytes back
Round trip time was 2.58731 milliseconds in repetition 345
tcp_ping received 48 bytes back
Round trip time was 2.58835 milliseconds in repetition 346
tcp_ping received 48 bytes back
Round trip time was 1.84011 milliseconds in repetition 347
tcp_ping received 48 bytes back
Round trip time was 1.74629 milliseconds in repetition 348
tcp_ping received 48 bytes back
Round trip time was 2.50265 milliseconds in repetition 349
tcp_ping received 48 bytes back
Round trip time was 2.4729 milliseconds in repetition 350
tcp_ping received 48 bytes back
Round trip time was 2.20479 milliseconds in repetition 351
tcp_ping received 48 bytes back
Round trip time was 2.53115 milliseconds in repetition 352
tcp_ping received 48 bytes back
Round trip time was 2.60088 milliseconds in repetition 353
tcp_ping received 48 bytes back
Round trip time was 2.47112 milliseconds in repetition 354
tcp_ping received 48 bytes back
Round trip time was 1.62512 milliseconds in repetition 355
tcp_ping received 48 bytes back
Round trip time was 1.61697 milliseconds in repetition 356
tcp_ping received 48 bytes back
Round trip time was 2.58668 milliseconds in repetition 357
tcp_ping received 48 bytes back
Round trip time was 1.42889 milliseconds in repetition 358
tcp_ping received 48 bytes back
Round trip time was 2.46798 milliseconds in repetition 359
tcp_ping received 48 bytes back
Round trip time was 2.58273 milliseconds in repetition 360
tcp_ping received 48 bytes back
Round trip time was 2.49101 milliseconds in repetition 361
tcp_ping received 48 bytes back
Round trip time was 2.22896 milliseconds in repetition 362
tcp_ping received 48 bytes back
Round trip time was 1.46654 milliseconds in repetition 363
tcp_ping received 48 bytes back
Round trip time was 2.57387 milliseconds in repetition 364
tcp_ping received 48 bytes back
Round trip time was 1.09623 milliseconds in repetition 365
tcp_ping received 48 bytes back
Round trip time was 1.66676 milliseconds in repetition 366
tcp_ping received 48 bytes back
Round trip time was 2.58482 milliseconds in repetition 367
tcp_ping received 48 bytes back
Round trip time was 2.59336 milliseconds in repetition 368
tcp_ping received 48 bytes back
Round trip time was 1.83233 milliseconds in repetition 369
tcp_ping received 48 bytes back
Round trip time was 2.30921 milliseconds in repetition 370
tcp_ping received 48 bytes back
Round trip time was 1.66328 milliseconds in repetition 371
tcp_ping received 48 bytes back
Round trip time was 2.57331 milliseconds in repetition 372
tcp_ping received 48 bytes back
Round trip time was 1.73329 milliseconds in repetition 373
tcp_ping received 48 bytes back
Round trip time was 2.58629 milliseconds in repetition 374
tcp_ping received 48 bytes back
Round trip time was 0.797505 milliseconds in repetition 375
tcp_ping received 48 bytes back
Round trip time was 2.44403 milliseconds in repetition 376
tcp_ping received 48 bytes back
Round trip time was 2.31076 milliseconds in repetition 377
tcp_ping received 48 bytes back
Round trip time was 2.24684 milliseconds in repetition 378
tcp_ping received 48 bytes back
Round trip time was 1.95911 milliseconds in repetition 379
tcp_ping received 48 bytes back
Round trip time was 2.35344 milliseconds in repetition 380
tcp_ping received 48 bytes back
Round trip time was 2.48649 milliseconds in repetition 381
tcp_ping received 48 bytes back
Round trip time was 2.55342 milliseconds in repetition 382
tcp_ping received 48 bytes back
Round trip time was 2.41251 milliseconds in repetition 383
tcp_ping received 48 bytes back
Round trip time was 1.56719 milliseconds in repetition 384
tcp_ping received 48 bytes back
Round trip time was 2.15014 milliseconds in repetition 385
tcp_ping received 48 bytes back
Round trip time was 2.42807 milliseconds in repetition 386
tcp_ping received 48 bytes back
Round trip time was 2.33346 milliseconds in repetition 387
tcp_ping received 48 bytes back
Round trip time was 2.55526 milliseconds in repetition 388
tcp_ping received 48 bytes back
Round trip time was 2.48459 milliseconds in repetition 389
tcp_ping received 48 bytes back
Round trip time was 2.25511 milliseconds in repetition 390
tcp_ping received 48 bytes back
Round trip time was 2.50734 milliseconds in repetition 391
tcp_ping received 48 bytes back
Round trip time was 2.38777 milliseconds in repetition 392
tcp_ping received 48 bytes back
Round trip time was 2.4047 milliseconds in repetition 393
tcp_ping received 48 bytes back
Round trip time was 2.04541 milliseconds in repetition 394
tcp_ping received 48 bytes back
Round trip time was 2.58035 milliseconds in repetition 395
tcp_ping received 48 bytes back
Round trip time was 2.31879 milliseconds in repetition 396
tcp_ping received 48 bytes back
Round trip time was 2.531 milliseconds in repetition 397
tcp_ping received 48 bytes back
Round trip time was 2.42371 milliseconds in repetition 398
tcp_ping received 48 bytes back
Round trip time was 2.53468 milliseconds in repetition 399
tcp_ping received 48 bytes back
Round trip time was 2.25069 milliseconds in repetition 400
tcp_ping received 48 bytes back
Round trip time was 1.48542 milliseconds in repetition 401
tcp_ping received 48 bytes back
Round trip time was 2.47938 milliseconds in repetition 402
tcp_ping received 48 bytes back
Round trip time was 0.914971 milliseconds in repetition 403
tcp_ping received 48 bytes back
Round trip time was 2.43318 milliseconds in repetition 404
tcp_ping received 48 bytes back
Round trip time was 2.30183 milliseconds in repetition 405
tcp_ping received 48 bytes back
Round trip time was 2.27158 milliseconds in repetition 406
tcp_ping received 48 bytes back
Round trip time was 2.59255 milliseconds in repetition 407
tcp_ping received 48 bytes back
Round trip time was 1.84778 milliseconds in repetition 408
tcp_ping received 48 bytes back
Round trip time was 2.46093 milliseconds in repetition 409
tcp_ping received 48 bytes back
Round trip time was 1.98286 milliseconds in repetition 410
tcp_ping received 48 bytes back
Round trip time was 2.558 milliseconds in repetition 411
tcp_ping received 48 bytes back
Round trip time was 1.68788 milliseconds in repetition 412
tcp_ping received 48 bytes back
Round trip time was 2.32966 milliseconds in repetition 413
tcp_ping received 48 bytes back
Round trip time was 2.54213 milliseconds in repetition 414
tcp_ping received 48 bytes back
Round trip time was 2.50354 milliseconds in repetition 415
tcp_ping received 48 bytes back
Round trip time was 2.35029 milliseconds in repetition 416
tcp_ping received 48 bytes back
Round trip time was 2.5698 milliseconds in repetition 417
tcp_ping received 48 bytes back
Round trip time was 2.55432 milliseconds in repetition 418
tcp_ping received 48 bytes back
Round trip time was 2.45951 milliseconds in repetition 419
tcp_ping received 48 bytes back
Round trip time was 2.23391 milliseconds in repetition 420
tcp_ping received 48 bytes back
Round trip time was 2.55419 milliseconds in repetition 421
tcp_ping received 48 bytes back
Round trip time was 2.34432 milliseconds in repetition 422
tcp_ping received 48 bytes back
Round trip time was 2.21147 milliseconds in repetition 423
tcp_ping received 48 bytes back
Round trip time was 2.48343 milliseconds in repetition 424
tcp_ping received 48 bytes back
Round trip time was 2.5703 milliseconds in repetition 425
tcp_ping received 48 bytes back
Round trip time was 2.31895 milliseconds in repetition 426
tcp_ping received 48 bytes back
Round trip time was 1.85308 milliseconds in repetition 427
tcp_ping received 48 bytes back
Round trip time was 2.559 milliseconds in repetition 428
tcp_ping received 48 bytes back
Round trip time was 2.46911 milliseconds in repetition 429
tcp_ping received 48 bytes back
Round trip time was 2.53616 milliseconds in repetition 430
tcp_ping received 48 bytes back
Round trip time was 2.58496 milliseconds in repetition 431
tcp_ping received 48 bytes back
Round trip time was 1.73774 milliseconds in repetition 432
tcp_ping received 48 bytes back
Round trip time was 2.18969 milliseconds in repetition 433
tcp_ping received 48 bytes back
Round trip time was 1.73875 milliseconds in repetition 434
tcp_ping received 48 bytes back
Round trip time was 2.56822 milliseconds in repetition 435
tcp_ping received 48 bytes back
Round trip time was 1.03078 milliseconds in repetition 436
tcp_ping received 48 bytes back
Round trip time was 1.91264 milliseconds in repetition 437
tcp_ping received 48 bytes back
Round trip time was 2.52316 milliseconds in repetition 438
tcp_ping received 48 bytes back
Round trip time was 2.58148 milliseconds in repetition 439
tcp_ping received 48 bytes back
Round trip time was 1.18463 milliseconds in repetition 440
tcp_ping received 48 bytes back
Round trip time was 2.31994 milliseconds in repetition 441
tcp_ping received 48 bytes back
Round trip time was 1.376 milliseconds in repetition 442
tcp_ping received 48 bytes back
Round trip time was 2.59241 milliseconds in repetition 443
tcp_ping received 48 bytes back
Round trip time was 2.06511 milliseconds in repetition 444
tcp_ping received 48 bytes back
Round trip time was 2.01948 milliseconds in repetition 445
tcp_ping received 48 bytes back
Round trip time was 2.50089 milliseconds in repetition 446
tcp_ping received 48 bytes back
Round trip time was 2.60476 milliseconds in repetition 447
tcp_ping received 48 bytes back
Round trip time was 1.64145 milliseconds in repetition 448
tcp_ping received 48 bytes back
Round trip time was 2.00168 milliseconds in repetition 449
tcp_ping received 48 bytes back
Round trip time was 2.52733 milliseconds in repetition 450
tcp_ping received 48 bytes back
Round trip time was 2.56136 milliseconds in repetition 451
tcp_ping received 48 bytes back
Round trip time was 2.5004 milliseconds in repetition 452
tcp_ping received 48 bytes back
Round trip time was 2.56622 milliseconds in repetition 453
tcp_ping received 48 bytes back
Round trip time was 2.59388 milliseconds in repetition 454
tcp_ping received 48 bytes back
Round trip time was 2.21873 milliseconds in repetition 455
tcp_ping received 48 bytes back
Round trip time was 1.3073 milliseconds in repetition 456
tcp_ping received 48 bytes back
Round trip time was 2.38917 milliseconds in repetition 457
tcp_ping received 48 bytes back
Round trip time was 1.92322 milliseconds in repetition 458
tcp_ping received 48 bytes back
Round trip time was 2.54581 milliseconds in repetition 459
tcp_ping received 48 bytes back
Round trip time was 2.61268 milliseconds in repetition 460
tcp_ping received 48 bytes back
Round trip time was 2.60795 milliseconds in repetition 461
tcp_ping received 48 bytes back
Round trip time was 2.19396 milliseconds in repetition 462
tcp_ping received 48 bytes back
Round trip time was 2.64927 milliseconds in repetition 463
tcp_ping received 48 bytes back
Round trip time was 2.43202 milliseconds in repetition 464
tcp_ping received 48 bytes back
Round trip time was 2.59076 milliseconds in repetition 465
tcp_ping received 48 bytes back
Round trip time was 2.12213 milliseconds in repetition 466
tcp_ping received 48 bytes back
Round trip time was 2.53313 milliseconds in repetition 467
tcp_ping received 48 bytes back
Round trip time was 1.29596 milliseconds in repetition 468
tcp_ping received 48 bytes back
Round trip time was 2.22498 milliseconds in repetition 469
tcp_ping received 48 bytes back
Round trip time was 2.61734 milliseconds in repetition 470
tcp_ping received 48 bytes back
Round trip time was 2.43421 milliseconds in repetition 471
tcp_ping received 48 bytes back
Round trip time was 2.44388 milliseconds in repetition 472
tcp_ping received 48 bytes back
Round trip time was 2.54223 milliseconds in repetition 473
tcp_ping received 48 bytes back
Round trip time was 2.5793 milliseconds in repetition 474
tcp_ping received 48 bytes back
Round trip time was 2.43558 milliseconds in repetition 475
tcp_ping received 48 bytes back
Round trip time was 2.55478 milliseconds in repetition 476
tcp_ping received 48 bytes back
Round trip time was 2.42633 milliseconds in repetition 477
tcp_ping received 48 bytes back
Round trip time was 2.52101 milliseconds in repetition 478
tcp_ping received 48 bytes back
Round trip time was 2.56686 milliseconds in repetition 479
tcp_ping received 48 bytes back
Round trip time was 2.06246 milliseconds in repetition 480
tcp_ping received 48 bytes back
Round trip time was 2.64901 milliseconds in repetition 481
tcp_ping received 48 bytes back
Round trip time was 2.02937 milliseconds in repetition 482
tcp_ping received 48 bytes back
Round trip time was 1.65553 milliseconds in repetition 483
tcp_ping received 48 bytes back
Round trip time was 2.37635 milliseconds in repetition 484
tcp_ping received 48 bytes back
Round trip time was 1.69824 milliseconds in repetition 485
tcp_ping received 48 bytes back
Round trip time was 2.59578 milliseconds in repetition 486
tcp_ping received 48 bytes back
Round trip time was 2.6114 milliseconds in repetition 487
tcp_ping received 48 bytes back
Round trip time was 2.37855 milliseconds in repetition 488
tcp_ping received 48 bytes back
Round trip time was 2.31285 milliseconds in repetition 489
tcp_ping received 48 bytes back
Round trip time was 2.49413 milliseconds in repetition 490
tcp_ping received 48 bytes back
Round trip time was 2.36484 milliseconds in repetition 491
tcp_ping received 48 bytes back
Round trip time was 2.44359 milliseconds in repetition 492
tcp_ping received 48 bytes back
Round trip time was 2.57238 milliseconds in repetition 493
tcp_ping received 48 bytes back
Round trip time was 2.58851 milliseconds in repetition 494
tcp_ping received 48 bytes back
Round trip time was 2.45312 milliseconds in repetition 495
tcp_ping received 48 bytes back
Round trip time was 2.44051 milliseconds in repetition 496
tcp_ping received 48 bytes back
Round trip time was 2.5672 milliseconds in repetition 497
tcp_ping received 48 bytes back
Round trip time was 2.58196 milliseconds in repetition 498
tcp_ping received 48 bytes back
Round trip time was 2.58451 milliseconds in repetition 499
tcp_ping received 48 bytes back
Round trip time was 2.59907 milliseconds in repetition 500
tcp_ping received 48 bytes back
Round trip time was 1.65351 milliseconds in repetition 501

 ... clock resolution was 1e-06
TCP Ping:  Statistics over 501 repetitions of 48 byte messages

RTT : percentile 10: 1.18463, median: 2.31285, percentile 90: 2.58482, average: 2.11594, variance: 0.454898

RTT histogram:
   overall Throughput : 45.37 KB/s

