TCP Ping trying to connect to server 192.168.1.110 (192.168.1.110) on port 1491
 ... connected to Pong server: asking for 501 repetitions of 32768 bytes TCP messages
 ... Pong server agreed :-)
tcp_ping received 32768 bytes back
Round trip time was 6.25267 milliseconds in repetition 1
tcp_ping received 32768 bytes back
Round trip time was 6.51111 milliseconds in repetition 2
tcp_ping received 32768 bytes back
Round trip time was 6.38947 milliseconds in repetition 3
tcp_ping received 32768 bytes back
Round trip time was 6.4813 milliseconds in repetition 4
tcp_ping received 32768 bytes back
Round trip time was 6.33481 milliseconds in repetition 5
tcp_ping received 32768 bytes back
Round trip time was 6.43137 milliseconds in repetition 6
tcp_ping received 32768 bytes back
Round trip time was 6.45638 milliseconds in repetition 7
tcp_ping received 32768 bytes back
Round trip time was 6.14255 milliseconds in repetition 8
tcp_ping received 32768 bytes back
Round trip time was 6.23507 milliseconds in repetition 9
tcp_ping received 32768 bytes back
Round trip time was 6.26093 milliseconds in repetition 10
tcp_ping received 32768 bytes back
Round trip time was 6.10559 milliseconds in repetition 11
tcp_ping received 32768 bytes back
Round trip time was 6.36606 milliseconds in repetition 12
tcp_ping received 32768 bytes back
Round trip time was 6.25437 milliseconds in repetition 13
tcp_ping received 32768 bytes back
Round trip time was 6.27004 milliseconds in repetition 14
tcp_ping received 32768 bytes back
Round trip time was 6.26286 milliseconds in repetition 15
tcp_ping received 32768 bytes back
Round trip time was 6.29427 milliseconds in repetition 16
tcp_ping received 32768 bytes back
Round trip time was 6.31428 milliseconds in repetition 17
tcp_ping received 32768 bytes back
Round trip time was 6.25123 milliseconds in repetition 18
tcp_ping received 32768 bytes back
Round trip time was 6.26447 milliseconds in repetition 19
tcp_ping received 32768 bytes back
Round trip time was 6.34605 milliseconds in repetition 20
tcp_ping received 32768 bytes back
Round trip time was 6.30132 milliseconds in repetition 21
tcp_ping received 32768 bytes back
Round trip time was 6.33013 milliseconds in repetition 22
tcp_ping received 32768 bytes back
Round trip time was 6.22603 milliseconds in repetition 23
tcp_ping received 32768 bytes back
Round trip time was 6.15296 milliseconds in repetition 24
tcp_ping received 32768 bytes back
Round trip time was 6.28257 milliseconds in repetition 25
tcp_ping received 32768 bytes back
Round trip time was 6.34762 milliseconds in repetition 26
tcp_ping received 32768 bytes back
Round trip time was 6.39875 milliseconds in repetition 27
tcp_ping received 32768 bytes back
Round trip time was 6.27705 milliseconds in repetition 28
tcp_ping received 32768 bytes back
Round trip time was 6.23856 milliseconds in repetition 29
tcp_ping received 32768 bytes back
Round trip time was 6.16237 milliseconds in repetition 30
tcp_ping received 32768 bytes back
Round trip time was 6.26405 milliseconds in repetition 31
tcp_ping received 32768 bytes back
Round trip time was 6.36674 milliseconds in repetition 32
tcp_ping received 32768 bytes back
Round trip time was 6.26963 milliseconds in repetition 33
tcp_ping received 32768 bytes back
Round trip time was 6.10652 milliseconds in repetition 34
tcp_ping received 32768 bytes back
Round trip time was 6.26766 milliseconds in repetition 35
tcp_ping received 32768 bytes back
Round trip time was 6.17846 milliseconds in repetition 36
tcp_ping received 32768 bytes back
Round trip time was 6.23796 milliseconds in repetition 37
tcp_ping received 32768 bytes back
Round trip time was 6.32088 milliseconds in repetition 38
tcp_ping received 32768 bytes back
Round trip time was 6.20397 milliseconds in repetition 39
tcp_ping received 32768 bytes back
Round trip time was 6.30585 milliseconds in repetition 40
tcp_ping received 32768 bytes back
Round trip time was 6.30966 milliseconds in repetition 41
tcp_ping received 32768 bytes back
Round trip time was 6.24337 milliseconds in repetition 42
tcp_ping received 32768 bytes back
Round trip time was 6.26145 milliseconds in repetition 43
tcp_ping received 32768 bytes back
Round trip time was 6.21665 milliseconds in repetition 44
tcp_ping received 32768 bytes back
Round trip time was 6.40866 milliseconds in repetition 45
tcp_ping received 32768 bytes back
Round trip time was 6.30455 milliseconds in repetition 46
tcp_ping received 32768 bytes back
Round trip time was 6.22206 milliseconds in repetition 47
tcp_ping received 32768 bytes back
Round trip time was 6.14616 milliseconds in repetition 48
tcp_ping received 32768 bytes back
Round trip time was 6.26047 milliseconds in repetition 49
tcp_ping received 32768 bytes back
Round trip time was 6.19156 milliseconds in repetition 50
tcp_ping received 32768 bytes back
Round trip time was 6.18983 milliseconds in repetition 51
tcp_ping received 32768 bytes back
Round trip time was 6.26007 milliseconds in repetition 52
tcp_ping received 32768 bytes back
Round trip time was 6.19924 milliseconds in repetition 53
tcp_ping received 32768 bytes back
Round trip time was 7.05666 milliseconds in repetition 54
tcp_ping received 32768 bytes back
Round trip time was 6.26274 milliseconds in repetition 55
tcp_ping received 32768 bytes back
Round trip time was 6.21425 milliseconds in repetition 56
tcp_ping received 32768 bytes back
Round trip time was 6.28567 milliseconds in repetition 57
tcp_ping received 32768 bytes back
Round trip time was 6.13474 milliseconds in repetition 58
tcp_ping received 32768 bytes back
Round trip time was 6.31315 milliseconds in repetition 59
tcp_ping received 32768 bytes back
Round trip time was 29.7226 milliseconds in repetition 60
tcp_ping received 32768 bytes back
Round trip time was 6.39708 milliseconds in repetition 61
tcp_ping received 32768 bytes back
Round trip time was 9.60612 milliseconds in repetition 62
tcp_ping received 32768 bytes back
Round trip time was 7.83722 milliseconds in repetition 63
tcp_ping received 32768 bytes back
Round trip time was 6.41146 milliseconds in repetition 64
tcp_ping received 32768 bytes back
Round trip time was 6.39824 milliseconds in repetition 65
tcp_ping received 32768 bytes back
Round trip time was 6.35445 milliseconds in repetition 66
tcp_ping received 32768 bytes back
Round trip time was 6.54624 milliseconds in repetition 67
tcp_ping received 32768 bytes back
Round trip time was 6.33314 milliseconds in repetition 68
tcp_ping received 32768 bytes back
Round trip time was 6.29964 milliseconds in repetition 69
tcp_ping received 32768 bytes back
Round trip time was 6.33634 milliseconds in repetition 70
tcp_ping received 32768 bytes back
Round trip time was 6.3065 milliseconds in repetition 71
tcp_ping received 32768 bytes back
Round trip time was 6.36641 milliseconds in repetition 72
tcp_ping received 32768 bytes back
Round trip time was 6.4835 milliseconds in repetition 73
tcp_ping received 32768 bytes back
Round trip time was 6.31206 milliseconds in repetition 74
tcp_ping received 32768 bytes back
Round trip time was 6.4617 milliseconds in repetition 75
tcp_ping received 32768 bytes back
Round trip time was 6.34262 milliseconds in repetition 76
tcp_ping received 32768 bytes back
Round trip time was 6.42247 milliseconds in repetition 77
tcp_ping received 32768 bytes back
Round trip time was 6.52769 milliseconds in repetition 78
tcp_ping received 32768 bytes back
Round trip time was 6.28981 milliseconds in repetition 79
tcp_ping received 32768 bytes back
Round trip time was 6.26261 milliseconds in repetition 80
tcp_ping received 32768 bytes back
Round trip time was 6.25153 milliseconds in repetition 81
tcp_ping received 32768 bytes back
Round trip time was 6.18138 milliseconds in repetition 82
tcp_ping received 32768 bytes back
Round trip time was 6.22525 milliseconds in repetition 83
tcp_ping received 32768 bytes back
Round trip time was 6.37915 milliseconds in repetition 84
tcp_ping received 32768 bytes back
Round trip time was 6.33967 milliseconds in repetition 85
tcp_ping received 32768 bytes back
Round trip time was 6.15514 milliseconds in repetition 86
tcp_ping received 32768 bytes back
Round trip time was 6.26958 milliseconds in repetition 87
tcp_ping received 32768 bytes back
Round trip time was 6.32214 milliseconds in repetition 88
tcp_ping received 32768 bytes back
Round trip time was 6.24623 milliseconds in repetition 89
tcp_ping received 32768 bytes back
Round trip time was 6.22937 milliseconds in repetition 90
tcp_ping received 32768 bytes back
Round trip time was 6.27564 milliseconds in repetition 91
tcp_ping received 32768 bytes back
Round trip time was 6.37988 milliseconds in repetition 92
tcp_ping received 32768 bytes back
Round trip time was 6.28054 milliseconds in repetition 93
tcp_ping received 32768 bytes back
Round trip time was 6.27005 milliseconds in repetition 94
tcp_ping received 32768 bytes back
Round trip time was 6.2905 milliseconds in repetition 95
tcp_ping received 32768 bytes back
Round trip time was 6.33118 milliseconds in repetition 96
tcp_ping received 32768 bytes back
Round trip time was 6.34375 milliseconds in repetition 97
tcp_ping received 32768 bytes back
Round trip time was 6.30753 milliseconds in repetition 98
tcp_ping received 32768 bytes back
Round trip time was 6.24114 milliseconds in repetition 99
tcp_ping received 32768 bytes back
Round trip time was 6.23712 milliseconds in repetition 100
tcp_ping received 32768 bytes back
Round trip time was 6.26367 milliseconds in repetition 101
tcp_ping received 32768 bytes back
Round trip time was 6.22543 milliseconds in repetition 102
tcp_ping received 32768 bytes back
Round trip time was 6.26775 milliseconds in repetition 103
tcp_ping received 32768 bytes back
Round trip time was 6.29282 milliseconds in repetition 104
tcp_ping received 32768 bytes back
Round trip time was 6.33563 milliseconds in repetition 105
tcp_ping received 32768 bytes back
Round trip time was 6.22895 milliseconds in repetition 106
tcp_ping received 32768 bytes back
Round trip time was 6.26603 milliseconds in repetition 107
tcp_ping received 32768 bytes back
Round trip time was 6.34587 milliseconds in repetition 108
tcp_ping received 32768 bytes back
Round trip time was 6.37895 milliseconds in repetition 109
tcp_ping received 32768 bytes back
Round trip time was 6.45853 milliseconds in repetition 110
tcp_ping received 32768 bytes back
Round trip time was 6.34868 milliseconds in repetition 111
tcp_ping received 32768 bytes back
Round trip time was 6.19995 milliseconds in repetition 112
tcp_ping received 32768 bytes back
Round trip time was 6.25054 milliseconds in repetition 113
tcp_ping received 32768 bytes back
Round trip time was 6.16691 milliseconds in repetition 114
tcp_ping received 32768 bytes back
Round trip time was 6.37944 milliseconds in repetition 115
tcp_ping received 32768 bytes back
Round trip time was 6.31472 milliseconds in repetition 116
tcp_ping received 32768 bytes back
Round trip time was 6.17986 milliseconds in repetition 117
tcp_ping received 32768 bytes back
Round trip time was 6.22025 milliseconds in repetition 118
tcp_ping received 32768 bytes back
Round trip time was 6.26216 milliseconds in repetition 119
tcp_ping received 32768 bytes back
Round trip time was 6.29915 milliseconds in repetition 120
tcp_ping received 32768 bytes back
Round trip time was 6.30573 milliseconds in repetition 121
tcp_ping received 32768 bytes back
Round trip time was 6.31493 milliseconds in repetition 122
tcp_ping received 32768 bytes back
Round trip time was 6.21753 milliseconds in repetition 123
tcp_ping received 32768 bytes back
Round trip time was 6.29084 milliseconds in repetition 124
tcp_ping received 32768 bytes back
Round trip time was 6.32413 milliseconds in repetition 125
tcp_ping received 32768 bytes back
Round trip time was 6.24605 milliseconds in repetition 126
tcp_ping received 32768 bytes back
Round trip time was 6.27792 milliseconds in repetition 127
tcp_ping received 32768 bytes back
Round trip time was 6.18112 milliseconds in repetition 128
tcp_ping received 32768 bytes back
Round trip time was 6.37793 milliseconds in repetition 129
tcp_ping received 32768 bytes back
Round trip time was 6.25114 milliseconds in repetition 130
tcp_ping received 32768 bytes back
Round trip time was 6.23105 milliseconds in repetition 131
tcp_ping received 32768 bytes back
Round trip time was 6.23476 milliseconds in repetition 132
tcp_ping received 32768 bytes back
Round trip time was 6.18525 milliseconds in repetition 133
tcp_ping received 32768 bytes back
Round trip time was 6.29975 milliseconds in repetition 134
tcp_ping received 32768 bytes back
Round trip time was 6.17434 milliseconds in repetition 135
tcp_ping received 32768 bytes back
Round trip time was 6.25945 milliseconds in repetition 136
tcp_ping received 32768 bytes back
Round trip time was 6.32609 milliseconds in repetition 137
tcp_ping received 32768 bytes back
Round trip time was 6.35254 milliseconds in repetition 138
tcp_ping received 32768 bytes back
Round trip time was 6.20147 milliseconds in repetition 139
tcp_ping received 32768 bytes back
Round trip time was 6.19173 milliseconds in repetition 140
tcp_ping received 32768 bytes back
Round trip time was 6.26516 milliseconds in repetition 141
tcp_ping received 32768 bytes back
Round trip time was 6.32415 milliseconds in repetition 142
tcp_ping received 32768 bytes back
Round trip time was 6.23235 milliseconds in repetition 143
tcp_ping received 32768 bytes back
Round trip time was 6.20824 milliseconds in repetition 144
tcp_ping received 32768 bytes back
Round trip time was 6.18215 milliseconds in repetition 145
tcp_ping received 32768 bytes back
Round trip time was 6.28916 milliseconds in repetition 146
tcp_ping received 32768 bytes back
Round trip time was 6.21676 milliseconds in repetition 147
tcp_ping received 32768 bytes back
Round trip time was 6.24416 milliseconds in repetition 148
tcp_ping received 32768 bytes back
Round trip time was 6.33302 milliseconds in repetition 149
tcp_ping received 32768 bytes back
Round trip time was 6.40883 milliseconds in repetition 150
tcp_ping received 32768 bytes back
Round trip time was 6.16533 milliseconds in repetition 151
tcp_ping received 32768 bytes back
Round trip time was 6.29583 milliseconds in repetition 152
tcp_ping received 32768 bytes back
Round trip time was 6.30097 milliseconds in repetition 153
tcp_ping received 32768 bytes back
Round trip time was 6.26694 milliseconds in repetition 154
tcp_ping received 32768 bytes back
Round trip time was 6.33375 milliseconds in repetition 155
tcp_ping received 32768 bytes back
Round trip time was 23.4951 milliseconds in repetition 156
tcp_ping received 32768 bytes back
Round trip time was 14.8535 milliseconds in repetition 157
tcp_ping received 32768 bytes back
Round trip time was 7.49682 milliseconds in repetition 158
tcp_ping received 32768 bytes back
Round trip time was 6.28296 milliseconds in repetition 159
tcp_ping received 32768 bytes back
Round trip time was 6.29363 milliseconds in repetition 160
tcp_ping received 32768 bytes back
Round trip time was 6.22432 milliseconds in repetition 161
tcp_ping received 32768 bytes back
Round trip time was 6.26139 milliseconds in repetition 162
tcp_ping received 32768 bytes back
Round trip time was 6.38324 milliseconds in repetition 163
tcp_ping received 32768 bytes back
Round trip time was 6.30942 milliseconds in repetition 164
tcp_ping received 32768 bytes back
Round trip time was 6.35452 milliseconds in repetition 165
tcp_ping received 32768 bytes back
Round trip time was 6.29575 milliseconds in repetition 166
tcp_ping received 32768 bytes back
Round trip time was 6.22816 milliseconds in repetition 167
tcp_ping received 32768 bytes back
Round trip time was 6.19333 milliseconds in repetition 168
tcp_ping received 32768 bytes back
Round trip time was 6.37985 milliseconds in repetition 169
tcp_ping received 32768 bytes back
Round trip time was 6.13626 milliseconds in repetition 170
tcp_ping received 32768 bytes back
Round trip time was 6.21515 milliseconds in repetition 171
tcp_ping received 32768 bytes back
Round trip time was 6.21746 milliseconds in repetition 172
tcp_ping received 32768 bytes back
Round trip time was 6.31336 milliseconds in repetition 173
tcp_ping received 32768 bytes back
Round trip time was 6.30537 milliseconds in repetition 174
tcp_ping received 32768 bytes back
Round trip time was 6.14923 milliseconds in repetition 175
tcp_ping received 32768 bytes back
Round trip time was 6.24327 milliseconds in repetition 176
tcp_ping received 32768 bytes back
Round trip time was 6.15024 milliseconds in repetition 177
tcp_ping received 32768 bytes back
Round trip time was 6.37153 milliseconds in repetition 178
tcp_ping received 32768 bytes back
Round trip time was 6.28284 milliseconds in repetition 179
tcp_ping received 32768 bytes back
Round trip time was 6.24565 milliseconds in repetition 180
tcp_ping received 32768 bytes back
Round trip time was 6.37833 milliseconds in repetition 181
tcp_ping received 32768 bytes back
Round trip time was 6.21284 milliseconds in repetition 182
tcp_ping received 32768 bytes back
Round trip time was 6.32474 milliseconds in repetition 183
tcp_ping received 32768 bytes back
Round trip time was 6.18745 milliseconds in repetition 184
tcp_ping received 32768 bytes back
Round trip time was 6.28987 milliseconds in repetition 185
tcp_ping received 32768 bytes back
Round trip time was 6.18024 milliseconds in repetition 186
tcp_ping received 32768 bytes back
Round trip time was 6.25085 milliseconds in repetition 187
tcp_ping received 32768 bytes back
Round trip time was 6.25115 milliseconds in repetition 188
tcp_ping received 32768 bytes back
Round trip time was 6.26413 milliseconds in repetition 189
tcp_ping received 32768 bytes back
Round trip time was 6.18976 milliseconds in repetition 190
tcp_ping received 32768 bytes back
Round trip time was 6.25854 milliseconds in repetition 191
tcp_ping received 32768 bytes back
Round trip time was 6.29593 milliseconds in repetition 192
tcp_ping received 32768 bytes back
Round trip time was 6.32224 milliseconds in repetition 193
tcp_ping received 32768 bytes back
Round trip time was 6.38173 milliseconds in repetition 194
tcp_ping received 32768 bytes back
Round trip time was 6.27443 milliseconds in repetition 195
tcp_ping received 32768 bytes back
Round trip time was 6.27224 milliseconds in repetition 196
tcp_ping received 32768 bytes back
Round trip time was 6.30915 milliseconds in repetition 197
tcp_ping received 32768 bytes back
Round trip time was 6.16914 milliseconds in repetition 198
tcp_ping received 32768 bytes back
Round trip time was 6.51635 milliseconds in repetition 199
tcp_ping received 32768 bytes back
Round trip time was 6.38764 milliseconds in repetition 200
tcp_ping received 32768 bytes back
Round trip time was 6.23975 milliseconds in repetition 201
tcp_ping received 32768 bytes back
Round trip time was 6.30645 milliseconds in repetition 202
tcp_ping received 32768 bytes back
Round trip time was 6.20578 milliseconds in repetition 203
tcp_ping received 32768 bytes back
Round trip time was 6.2359 milliseconds in repetition 204
tcp_ping received 32768 bytes back
Round trip time was 6.24543 milliseconds in repetition 205
tcp_ping received 32768 bytes back
Round trip time was 6.23125 milliseconds in repetition 206
tcp_ping received 32768 bytes back
Round trip time was 6.29942 milliseconds in repetition 207
tcp_ping received 32768 bytes back
Round trip time was 6.28801 milliseconds in repetition 208
tcp_ping received 32768 bytes back
Round trip time was 6.30089 milliseconds in repetition 209
tcp_ping received 32768 bytes back
Round trip time was 6.24099 milliseconds in repetition 210
tcp_ping received 32768 bytes back
Round trip time was 6.21613 milliseconds in repetition 211
tcp_ping received 32768 bytes back
Round trip time was 6.34201 milliseconds in repetition 212
tcp_ping received 32768 bytes back
Round trip time was 6.22422 milliseconds in repetition 213
tcp_ping received 32768 bytes back
Round trip time was 6.13371 milliseconds in repetition 214
tcp_ping received 32768 bytes back
Round trip time was 6.28631 milliseconds in repetition 215
tcp_ping received 32768 bytes back
Round trip time was 6.32147 milliseconds in repetition 216
tcp_ping received 32768 bytes back
Round trip time was 6.30659 milliseconds in repetition 217
tcp_ping received 32768 bytes back
Round trip time was 6.24962 milliseconds in repetition 218
tcp_ping received 32768 bytes back
Round trip time was 6.17312 milliseconds in repetition 219
tcp_ping received 32768 bytes back
Round trip time was 6.2549 milliseconds in repetition 220
tcp_ping received 32768 bytes back
Round trip time was 6.32242 milliseconds in repetition 221
tcp_ping received 32768 bytes back
Round trip time was 6.20693 milliseconds in repetition 222
tcp_ping received 32768 bytes back
Round trip time was 6.30247 milliseconds in repetition 223
tcp_ping received 32768 bytes back
Round trip time was 6.20941 milliseconds in repetition 224
tcp_ping received 32768 bytes back
Round trip time was 6.24273 milliseconds in repetition 225
tcp_ping received 32768 bytes back
Round trip time was 6.17562 milliseconds in repetition 226
tcp_ping received 32768 bytes back
Round trip time was 6.24882 milliseconds in repetition 227
tcp_ping received 32768 bytes back
Round trip time was 6.19412 milliseconds in repetition 228
tcp_ping received 32768 bytes back
Round trip time was 6.21912 milliseconds in repetition 229
tcp_ping received 32768 bytes back
Round trip time was 6.21832 milliseconds in repetition 230
tcp_ping received 32768 bytes back
Round trip time was 6.22892 milliseconds in repetition 231
tcp_ping received 32768 bytes back
Round trip time was 6.29937 milliseconds in repetition 232
tcp_ping received 32768 bytes back
Round trip time was 6.25255 milliseconds in repetition 233
tcp_ping received 32768 bytes back
Round trip time was 6.20841 milliseconds in repetition 234
tcp_ping received 32768 bytes back
Round trip time was 6.19192 milliseconds in repetition 235
tcp_ping received 32768 bytes back
Round trip time was 6.22348 milliseconds in repetition 236
tcp_ping received 32768 bytes back
Round trip time was 6.24509 milliseconds in repetition 237
tcp_ping received 32768 bytes back
Round trip time was 6.20036 milliseconds in repetition 238
tcp_ping received 32768 bytes back
Round trip time was 6.25049 milliseconds in repetition 239
tcp_ping received 32768 bytes back
Round trip time was 6.29498 milliseconds in repetition 240
tcp_ping received 32768 bytes back
Round trip time was 6.17138 milliseconds in repetition 241
tcp_ping received 32768 bytes back
Round trip time was 6.19262 milliseconds in repetition 242
tcp_ping received 32768 bytes back
Round trip time was 6.29671 milliseconds in repetition 243
tcp_ping received 32768 bytes back
Round trip time was 6.25546 milliseconds in repetition 244
tcp_ping received 32768 bytes back
Round trip time was 6.25424 milliseconds in repetition 245
tcp_ping received 32768 bytes back
Round trip time was 6.23159 milliseconds in repetition 246
tcp_ping received 32768 bytes back
Round trip time was 6.16692 milliseconds in repetition 247
tcp_ping received 32768 bytes back
Round trip time was 6.24787 milliseconds in repetition 248
tcp_ping received 32768 bytes back
Round trip time was 6.47699 milliseconds in repetition 249
tcp_ping received 32768 bytes back
Round trip time was 6.35881 milliseconds in repetition 250
tcp_ping received 32768 bytes back
Round trip time was 6.26929 milliseconds in repetition 251
tcp_ping received 32768 bytes back
Round trip time was 6.36586 milliseconds in repetition 252
tcp_ping received 32768 bytes back
Round trip time was 6.41219 milliseconds in repetition 253
tcp_ping received 32768 bytes back
Round trip time was 19.5133 milliseconds in repetition 254
tcp_ping received 32768 bytes back
Round trip time was 22.1506 milliseconds in repetition 255
tcp_ping received 32768 bytes back
Round trip time was 7.38061 milliseconds in repetition 256
tcp_ping received 32768 bytes back
Round trip time was 6.39496 milliseconds in repetition 257
tcp_ping received 32768 bytes back
Round trip time was 6.38175 milliseconds in repetition 258
tcp_ping received 32768 bytes back
Round trip time was 6.31318 milliseconds in repetition 259
tcp_ping received 32768 bytes back
Round trip time was 6.51497 milliseconds in repetition 260
tcp_ping received 32768 bytes back
Round trip time was 6.31882 milliseconds in repetition 261
tcp_ping received 32768 bytes back
Round trip time was 6.25554 milliseconds in repetition 262
tcp_ping received 32768 bytes back
Round trip time was 6.31484 milliseconds in repetition 263
tcp_ping received 32768 bytes back
Round trip time was 6.33772 milliseconds in repetition 264
tcp_ping received 32768 bytes back
Round trip time was 6.45591 milliseconds in repetition 265
tcp_ping received 32768 bytes back
Round trip time was 6.37604 milliseconds in repetition 266
tcp_ping received 32768 bytes back
Round trip time was 6.40517 milliseconds in repetition 267
tcp_ping received 32768 bytes back
Round trip time was 6.35066 milliseconds in repetition 268
tcp_ping received 32768 bytes back
Round trip time was 6.37185 milliseconds in repetition 269
tcp_ping received 32768 bytes back
Round trip time was 6.4747 milliseconds in repetition 270
tcp_ping received 32768 bytes back
Round trip time was 6.36975 milliseconds in repetition 271
tcp_ping received 32768 bytes back
Round trip time was 6.36882 milliseconds in repetition 272
tcp_ping received 32768 bytes back
Round trip time was 6.33309 milliseconds in repetition 273
tcp_ping received 32768 bytes back
Round trip time was 6.37745 milliseconds in repetition 274
tcp_ping received 32768 bytes back
Round trip time was 6.57684 milliseconds in repetition 275
tcp_ping received 32768 bytes back
Round trip time was 6.29444 milliseconds in repetition 276
tcp_ping received 32768 bytes back
Round trip time was 6.34792 milliseconds in repetition 277
tcp_ping received 32768 bytes back
Round trip time was 6.18747 milliseconds in repetition 278
tcp_ping received 32768 bytes back
Round trip time was 6.25219 milliseconds in repetition 279
tcp_ping received 32768 bytes back
Round trip time was 6.36705 milliseconds in repetition 280
tcp_ping received 32768 bytes back
Round trip time was 6.25494 milliseconds in repetition 281
tcp_ping received 32768 bytes back
Round trip time was 6.22637 milliseconds in repetition 282
tcp_ping received 32768 bytes back
Round trip time was 6.30037 milliseconds in repetition 283
tcp_ping received 32768 bytes back
Round trip time was 6.46654 milliseconds in repetition 284
tcp_ping received 32768 bytes back
Round trip time was 6.41173 milliseconds in repetition 285
tcp_ping received 32768 bytes back
Round trip time was 6.29692 milliseconds in repetition 286
tcp_ping received 32768 bytes back
Round trip time was 6.2519 milliseconds in repetition 287
tcp_ping received 32768 bytes back
Round trip time was 6.34347 milliseconds in repetition 288
tcp_ping received 32768 bytes back
Round trip time was 6.28486 milliseconds in repetition 289
tcp_ping received 32768 bytes back
Round trip time was 6.25149 milliseconds in repetition 290
tcp_ping received 32768 bytes back
Round trip time was 6.19272 milliseconds in repetition 291
tcp_ping received 32768 bytes back
Round trip time was 6.26604 milliseconds in repetition 292
tcp_ping received 32768 bytes back
Round trip time was 6.32838 milliseconds in repetition 293
tcp_ping received 32768 bytes back
Round trip time was 6.2391 milliseconds in repetition 294
tcp_ping received 32768 bytes back
Round trip time was 6.28263 milliseconds in repetition 295
tcp_ping received 32768 bytes back
Round trip time was 6.23918 milliseconds in repetition 296
tcp_ping received 32768 bytes back
Round trip time was 6.36279 milliseconds in repetition 297
tcp_ping received 32768 bytes back
Round trip time was 6.23112 milliseconds in repetition 298
tcp_ping received 32768 bytes back
Round trip time was 6.24158 milliseconds in repetition 299
tcp_ping received 32768 bytes back
Round trip time was 6.39211 milliseconds in repetition 300
tcp_ping received 32768 bytes back
Round trip time was 6.30636 milliseconds in repetition 301
tcp_ping received 32768 bytes back
Round trip time was 6.25497 milliseconds in repetition 302
tcp_ping received 32768 bytes back
Round trip time was 6.26553 milliseconds in repetition 303
tcp_ping received 32768 bytes back
Round trip time was 6.3466 milliseconds in repetition 304
tcp_ping received 32768 bytes back
Round trip time was 6.37713 milliseconds in repetition 305
tcp_ping received 32768 bytes back
Round trip time was 6.46953 milliseconds in repetition 306
tcp_ping received 32768 bytes back
Round trip time was 6.32476 milliseconds in repetition 307
tcp_ping received 32768 bytes back
Round trip time was 6.1941 milliseconds in repetition 308
tcp_ping received 32768 bytes back
Round trip time was 6.31816 milliseconds in repetition 309
tcp_ping received 32768 bytes back
Round trip time was 6.33388 milliseconds in repetition 310
tcp_ping received 32768 bytes back
Round trip time was 6.26545 milliseconds in repetition 311
tcp_ping received 32768 bytes back
Round trip time was 6.30186 milliseconds in repetition 312
tcp_ping received 32768 bytes back
Round trip time was 6.25419 milliseconds in repetition 313
tcp_ping received 32768 bytes back
Round trip time was 6.28676 milliseconds in repetition 314
tcp_ping received 32768 bytes back
Round trip time was 6.34317 milliseconds in repetition 315
tcp_ping received 32768 bytes back
Round trip time was 6.35264 milliseconds in repetition 316
tcp_ping received 32768 bytes back
Round trip time was 6.31991 milliseconds in repetition 317
tcp_ping received 32768 bytes back
Round trip time was 6.54778 milliseconds in repetition 318
tcp_ping received 32768 bytes back
Round trip time was 6.2621 milliseconds in repetition 319
tcp_ping received 32768 bytes back
Round trip time was 6.19896 milliseconds in repetition 320
tcp_ping received 32768 bytes back
Round trip time was 6.34305 milliseconds in repetition 321
tcp_ping received 32768 bytes back
Round trip time was 6.31128 milliseconds in repetition 322
tcp_ping received 32768 bytes back
Round trip time was 6.40912 milliseconds in repetition 323
tcp_ping received 32768 bytes back
Round trip time was 6.35163 milliseconds in repetition 324
tcp_ping received 32768 bytes back
Round trip time was 6.41031 milliseconds in repetition 325
tcp_ping received 32768 bytes back
Round trip time was 6.27609 milliseconds in repetition 326
tcp_ping received 32768 bytes back
Round trip time was 6.23393 milliseconds in repetition 327
tcp_ping received 32768 bytes back
Round trip time was 6.36221 milliseconds in repetition 328
tcp_ping received 32768 bytes back
Round trip time was 6.30118 milliseconds in repetition 329
tcp_ping received 32768 bytes back
Round trip time was 6.35959 milliseconds in repetition 330
tcp_ping received 32768 bytes back
Round trip time was 6.34071 milliseconds in repetition 331
tcp_ping received 32768 bytes back
Round trip time was 6.38804 milliseconds in repetition 332
tcp_ping received 32768 bytes back
Round trip time was 6.29582 milliseconds in repetition 333
tcp_ping received 32768 bytes back
Round trip time was 6.24956 milliseconds in repetition 334
tcp_ping received 32768 bytes back
Round trip time was 6.52291 milliseconds in repetition 335
tcp_ping received 32768 bytes back
Round trip time was 6.28733 milliseconds in repetition 336
tcp_ping received 32768 bytes back
Round trip time was 6.40375 milliseconds in repetition 337
tcp_ping received 32768 bytes back
Round trip time was 6.27564 milliseconds in repetition 338
tcp_ping received 32768 bytes back
Round trip time was 6.34863 milliseconds in repetition 339
tcp_ping received 32768 bytes back
Round trip time was 6.30434 milliseconds in repetition 340
tcp_ping received 32768 bytes back
Round trip time was 6.28147 milliseconds in repetition 341
tcp_ping received 32768 bytes back
Round trip time was 6.31581 milliseconds in repetition 342
tcp_ping received 32768 bytes back
Round trip time was 6.22686 milliseconds in repetition 343
tcp_ping received 32768 bytes back
Round trip time was 6.28577 milliseconds in repetition 344
tcp_ping received 32768 bytes back
Round trip time was 6.26125 milliseconds in repetition 345
tcp_ping received 32768 bytes back
Round trip time was 6.47306 milliseconds in repetition 346
tcp_ping received 32768 bytes back
Round trip time was 6.34417 milliseconds in repetition 347
tcp_ping received 32768 bytes back
Round trip time was 6.2187 milliseconds in repetition 348
tcp_ping received 32768 bytes back
Round trip time was 6.24539 milliseconds in repetition 349
tcp_ping received 32768 bytes back
Round trip time was 6.29007 milliseconds in repetition 350
tcp_ping received 32768 bytes back
Round trip time was 6.37193 milliseconds in repetition 351
tcp_ping received 32768 bytes back
Round trip time was 6.268 milliseconds in repetition 352
tcp_ping received 32768 bytes back
Round trip time was 6.37898 milliseconds in repetition 353
tcp_ping received 32768 bytes back
Round trip time was 6.40905 milliseconds in repetition 354
tcp_ping received 32768 bytes back
Round trip time was 6.36595 milliseconds in repetition 355
tcp_ping received 32768 bytes back
Round trip time was 6.22689 milliseconds in repetition 356
tcp_ping received 32768 bytes back
Round trip time was 6.26614 milliseconds in repetition 357
tcp_ping received 32768 bytes back
Round trip time was 6.38304 milliseconds in repetition 358
tcp_ping received 32768 bytes back
Round trip time was 6.27852 milliseconds in repetition 359
tcp_ping received 32768 bytes back
Round trip time was 6.2717 milliseconds in repetition 360
tcp_ping received 32768 bytes back
Round trip time was 6.31608 milliseconds in repetition 361
tcp_ping received 32768 bytes back
Round trip time was 6.36294 milliseconds in repetition 362
tcp_ping received 32768 bytes back
Round trip time was 6.19085 milliseconds in repetition 363
tcp_ping received 32768 bytes back
Round trip time was 6.2065 milliseconds in repetition 364
tcp_ping received 32768 bytes back
Round trip time was 6.28294 milliseconds in repetition 365
tcp_ping received 32768 bytes back
Round trip time was 6.21632 milliseconds in repetition 366
tcp_ping received 32768 bytes back
Round trip time was 6.25031 milliseconds in repetition 367
tcp_ping received 32768 bytes back
Round trip time was 6.14651 milliseconds in repetition 368
tcp_ping received 32768 bytes back
Round trip time was 6.28975 milliseconds in repetition 369
tcp_ping received 32768 bytes back
Round trip time was 6.28083 milliseconds in repetition 370
tcp_ping received 32768 bytes back
Round trip time was 6.29005 milliseconds in repetition 371
tcp_ping received 32768 bytes back
Round trip time was 6.35476 milliseconds in repetition 372
tcp_ping received 32768 bytes back
Round trip time was 6.22656 milliseconds in repetition 373
tcp_ping received 32768 bytes back
Round trip time was 6.45999 milliseconds in repetition 374
tcp_ping received 32768 bytes back
Round trip time was 6.27972 milliseconds in repetition 375
tcp_ping received 32768 bytes back
Round trip time was 6.40215 milliseconds in repetition 376
tcp_ping received 32768 bytes back
Round trip time was 6.27611 milliseconds in repetition 377
tcp_ping received 32768 bytes back
Round trip time was 6.26791 milliseconds in repetition 378
tcp_ping received 32768 bytes back
Round trip time was 6.34497 milliseconds in repetition 379
tcp_ping received 32768 bytes back
Round trip time was 6.27062 milliseconds in repetition 380
tcp_ping received 32768 bytes back
Round trip time was 6.2204 milliseconds in repetition 381
tcp_ping received 32768 bytes back
Round trip time was 6.23668 milliseconds in repetition 382
tcp_ping received 32768 bytes back
Round trip time was 6.42395 milliseconds in repetition 383
tcp_ping received 32768 bytes back
Round trip time was 6.32496 milliseconds in repetition 384
tcp_ping received 32768 bytes back
Round trip time was 6.40986 milliseconds in repetition 385
tcp_ping received 32768 bytes back
Round trip time was 6.31312 milliseconds in repetition 386
tcp_ping received 32768 bytes back
Round trip time was 6.2912 milliseconds in repetition 387
tcp_ping received 32768 bytes back
Round trip time was 6.35973 milliseconds in repetition 388
tcp_ping received 32768 bytes back
Round trip time was 6.29573 milliseconds in repetition 389
tcp_ping received 32768 bytes back
Round trip time was 6.39934 milliseconds in repetition 390
tcp_ping received 32768 bytes back
Round trip time was 6.34234 milliseconds in repetition 391
tcp_ping received 32768 bytes back
Round trip time was 6.32566 milliseconds in repetition 392
tcp_ping received 32768 bytes back
Round trip time was 6.24592 milliseconds in repetition 393
tcp_ping received 32768 bytes back
Round trip time was 6.32586 milliseconds in repetition 394
tcp_ping received 32768 bytes back
Round trip time was 6.1756 milliseconds in repetition 395
tcp_ping received 32768 bytes back
Round trip time was 6.26414 milliseconds in repetition 396
tcp_ping received 32768 bytes back
Round trip time was 6.32415 milliseconds in repetition 397
tcp_ping received 32768 bytes back
Round trip time was 6.36411 milliseconds in repetition 398
tcp_ping received 32768 bytes back
Round trip time was 6.21557 milliseconds in repetition 399
tcp_ping received 32768 bytes back
Round trip time was 6.51602 milliseconds in repetition 400
tcp_ping received 32768 bytes back
Round trip time was 6.27328 milliseconds in repetition 401
tcp_ping received 32768 bytes back
Round trip time was 6.22827 milliseconds in repetition 402
tcp_ping received 32768 bytes back
Round trip time was 6.29212 milliseconds in repetition 403
tcp_ping received 32768 bytes back
Round trip time was 6.35764 milliseconds in repetition 404
tcp_ping received 32768 bytes back
Round trip time was 6.38229 milliseconds in repetition 405
tcp_ping received 32768 bytes back
Round trip time was 6.3581 milliseconds in repetition 406
tcp_ping received 32768 bytes back
Round trip time was 6.31331 milliseconds in repetition 407
tcp_ping received 32768 bytes back
Round trip time was 6.27342 milliseconds in repetition 408
tcp_ping received 32768 bytes back
Round trip time was 6.33973 milliseconds in repetition 409
tcp_ping received 32768 bytes back
Round trip time was 6.21972 milliseconds in repetition 410
tcp_ping received 32768 bytes back
Round trip time was 13.0801 milliseconds in repetition 411
tcp_ping received 32768 bytes back
Round trip time was 6.26165 milliseconds in repetition 412
tcp_ping received 32768 bytes back
Round trip time was 7.71838 milliseconds in repetition 413
tcp_ping received 32768 bytes back
Round trip time was 6.31778 milliseconds in repetition 414
tcp_ping received 32768 bytes back
Round trip time was 6.27285 milliseconds in repetition 415
tcp_ping received 32768 bytes back
Round trip time was 6.40612 milliseconds in repetition 416
tcp_ping received 32768 bytes back
Round trip time was 6.35044 milliseconds in repetition 417
tcp_ping received 32768 bytes back
Round trip time was 6.25239 milliseconds in repetition 418
tcp_ping received 32768 bytes back
Round trip time was 6.26842 milliseconds in repetition 419
tcp_ping received 32768 bytes back
Round trip time was 6.17926 milliseconds in repetition 420
tcp_ping received 32768 bytes back
Round trip time was 6.25471 milliseconds in repetition 421
tcp_ping received 32768 bytes back
Round trip time was 6.25883 milliseconds in repetition 422
tcp_ping received 32768 bytes back
Round trip time was 6.2268 milliseconds in repetition 423
tcp_ping received 32768 bytes back
Round trip time was 6.22466 milliseconds in repetition 424
tcp_ping received 32768 bytes back
Round trip time was 6.20406 milliseconds in repetition 425
tcp_ping received 32768 bytes back
Round trip time was 6.39049 milliseconds in repetition 426
tcp_ping received 32768 bytes back
Round trip time was 6.30246 milliseconds in repetition 427
tcp_ping received 32768 bytes back
Round trip time was 6.42023 milliseconds in repetition 428
tcp_ping received 32768 bytes back
Round trip time was 6.35478 milliseconds in repetition 429
tcp_ping received 32768 bytes back
Round trip time was 6.22383 milliseconds in repetition 430
tcp_ping received 32768 bytes back
Round trip time was 6.26891 milliseconds in repetition 431
tcp_ping received 32768 bytes back
Round trip time was 6.20018 milliseconds in repetition 432
tcp_ping received 32768 bytes back
Round trip time was 6.28202 milliseconds in repetition 433
tcp_ping received 32768 bytes back
Round trip time was 6.27632 milliseconds in repetition 434
tcp_ping received 32768 bytes back
Round trip time was 6.25719 milliseconds in repetition 435
tcp_ping received 32768 bytes back
Round trip time was 6.62504 milliseconds in repetition 436
tcp_ping received 32768 bytes back
Round trip time was 6.24616 milliseconds in repetition 437
tcp_ping received 32768 bytes back
Round trip time was 6.27643 milliseconds in repetition 438
tcp_ping received 32768 bytes back
Round trip time was 6.28106 milliseconds in repetition 439
tcp_ping received 32768 bytes back
Round trip time was 6.31599 milliseconds in repetition 440
tcp_ping received 32768 bytes back
Round trip time was 6.27419 milliseconds in repetition 441
tcp_ping received 32768 bytes back
Round trip time was 6.38582 milliseconds in repetition 442
tcp_ping received 32768 bytes back
Round trip time was 6.35079 milliseconds in repetition 443
tcp_ping received 32768 bytes back
Round trip time was 6.26718 milliseconds in repetition 444
tcp_ping received 32768 bytes back
Round trip time was 6.31156 milliseconds in repetition 445
tcp_ping received 32768 bytes back
Round trip time was 6.30853 milliseconds in repetition 446
tcp_ping received 32768 bytes back
Round trip time was 6.17764 milliseconds in repetition 447
tcp_ping received 32768 bytes back
Round trip time was 6.32557 milliseconds in repetition 448
tcp_ping received 32768 bytes back
Round trip time was 6.26439 milliseconds in repetition 449
tcp_ping received 32768 bytes back
Round trip time was 6.25805 milliseconds in repetition 450
tcp_ping received 32768 bytes back
Round trip time was 6.24609 milliseconds in repetition 451
tcp_ping received 32768 bytes back
Round trip time was 6.24964 milliseconds in repetition 452
tcp_ping received 32768 bytes back
Round trip time was 6.32903 milliseconds in repetition 453
tcp_ping received 32768 bytes back
Round trip time was 6.2538 milliseconds in repetition 454
tcp_ping received 32768 bytes back
Round trip time was 6.17089 milliseconds in repetition 455
tcp_ping received 32768 bytes back
Round trip time was 6.22319 milliseconds in repetition 456
tcp_ping received 32768 bytes back
Round trip time was 6.26689 milliseconds in repetition 457
tcp_ping received 32768 bytes back
Round trip time was 6.32356 milliseconds in repetition 458
tcp_ping received 32768 bytes back
Round trip time was 6.20071 milliseconds in repetition 459
tcp_ping received 32768 bytes back
Round trip time was 6.32385 milliseconds in repetition 460
tcp_ping received 32768 bytes back
Round trip time was 6.20571 milliseconds in repetition 461
tcp_ping received 32768 bytes back
Round trip time was 6.3419 milliseconds in repetition 462
tcp_ping received 32768 bytes back
Round trip time was 6.24561 milliseconds in repetition 463
tcp_ping received 32768 bytes back
Round trip time was 6.34517 milliseconds in repetition 464
tcp_ping received 32768 bytes back
Round trip time was 6.34247 milliseconds in repetition 465
tcp_ping received 32768 bytes back
Round trip time was 6.19472 milliseconds in repetition 466
tcp_ping received 32768 bytes back
Round trip time was 6.29485 milliseconds in repetition 467
tcp_ping received 32768 bytes back
Round trip time was 6.26169 milliseconds in repetition 468
tcp_ping received 32768 bytes back
Round trip time was 6.28671 milliseconds in repetition 469
tcp_ping received 32768 bytes back
Round trip time was 6.22263 milliseconds in repetition 470
tcp_ping received 32768 bytes back
Round trip time was 6.26683 milliseconds in repetition 471
tcp_ping received 32768 bytes back
Round trip time was 6.36444 milliseconds in repetition 472
tcp_ping received 32768 bytes back
Round trip time was 6.23719 milliseconds in repetition 473
tcp_ping received 32768 bytes back
Round trip time was 6.29185 milliseconds in repetition 474
tcp_ping received 32768 bytes back
Round trip time was 6.27209 milliseconds in repetition 475
tcp_ping received 32768 bytes back
Round trip time was 6.25942 milliseconds in repetition 476
tcp_ping received 32768 bytes back
Round trip time was 6.27634 milliseconds in repetition 477
tcp_ping received 32768 bytes back
Round trip time was 6.38115 milliseconds in repetition 478
tcp_ping received 32768 bytes back
Round trip time was 6.28322 milliseconds in repetition 479
tcp_ping received 32768 bytes back
Round trip time was 6.28333 milliseconds in repetition 480
tcp_ping received 32768 bytes back
Round trip time was 6.72701 milliseconds in repetition 481
tcp_ping received 32768 bytes back
Round trip time was 6.32099 milliseconds in repetition 482
tcp_ping received 32768 bytes back
Round trip time was 6.25398 milliseconds in repetition 483
tcp_ping received 32768 bytes back
Round trip time was 6.35671 milliseconds in repetition 484
tcp_ping received 32768 bytes back
Round trip time was 6.24824 milliseconds in repetition 485
tcp_ping received 32768 bytes back
Round trip time was 6.23295 milliseconds in repetition 486
tcp_ping received 32768 bytes back
Round trip time was 6.33071 milliseconds in repetition 487
tcp_ping received 32768 bytes back
Round trip time was 6.18695 milliseconds in repetition 488
tcp_ping received 32768 bytes back
Round trip time was 6.33904 milliseconds in repetition 489
tcp_ping received 32768 bytes back
Round trip time was 6.30447 milliseconds in repetition 490
tcp_ping received 32768 bytes back
Round trip time was 6.20927 milliseconds in repetition 491
tcp_ping received 32768 bytes back
Round trip time was 6.17023 milliseconds in repetition 492
tcp_ping received 32768 bytes back
Round trip time was 6.16293 milliseconds in repetition 493
tcp_ping received 32768 bytes back
Round trip time was 6.31114 milliseconds in repetition 494
tcp_ping received 32768 bytes back
Round trip time was 6.31728 milliseconds in repetition 495
tcp_ping received 32768 bytes back
Round trip time was 6.17141 milliseconds in repetition 496
tcp_ping received 32768 bytes back
Round trip time was 6.34873 milliseconds in repetition 497
tcp_ping received 32768 bytes back
Round trip time was 6.24694 milliseconds in repetition 498
tcp_ping received 32768 bytes back
Round trip time was 6.23257 milliseconds in repetition 499
tcp_ping received 32768 bytes back
Round trip time was 6.30833 milliseconds in repetition 500
tcp_ping received 32768 bytes back
Round trip time was 6.26327 milliseconds in repetition 501

 ... clock resolution was 1e-06
TCP Ping:  Statistics over 501 repetitions of 32768 byte messages

RTT : percentile 10: 6.19896, median: 6.28333, percentile 90: 6.40375, average: 6.48044, variance: 2.78936

RTT histogram:
   overall Throughput : 10112.9 KB/s

