TCP Ping trying to connect to server 192.168.1.110 (192.168.1.110) on port 1491
 ... connected to Pong server: asking for 501 repetitions of 1536 bytes TCP messages
 ... Pong server agreed :-)
tcp_ping received 1536 bytes back
Round trip time was 2.25188 milliseconds in repetition 1
tcp_ping received 1536 bytes back
Round trip time was 1.11974 milliseconds in repetition 2
tcp_ping received 1536 bytes back
Round trip time was 2.30091 milliseconds in repetition 3
tcp_ping received 1536 bytes back
Round trip time was 1.71746 milliseconds in repetition 4
tcp_ping received 1536 bytes back
Round trip time was 2.28335 milliseconds in repetition 5
tcp_ping received 1536 bytes back
Round trip time was 1.59188 milliseconds in repetition 6
tcp_ping received 1536 bytes back
Round trip time was 2.47386 milliseconds in repetition 7
tcp_ping received 1536 bytes back
Round trip time was 1.5508 milliseconds in repetition 8
tcp_ping received 1536 bytes back
Round trip time was 2.16009 milliseconds in repetition 9
tcp_ping received 1536 bytes back
Round trip time was 1.74344 milliseconds in repetition 10
tcp_ping received 1536 bytes back
Round trip time was 1.5485 milliseconds in repetition 11
tcp_ping received 1536 bytes back
Round trip time was 1.92906 milliseconds in repetition 12
tcp_ping received 1536 bytes back
Round trip time was 2.19819 milliseconds in repetition 13
tcp_ping received 1536 bytes back
Round trip time was 2.06723 milliseconds in repetition 14
tcp_ping received 1536 bytes back
Round trip time was 2.14993 milliseconds in repetition 15
tcp_ping received 1536 bytes back
Round trip time was 1.99465 milliseconds in repetition 16
tcp_ping received 1536 bytes back
Round trip time was 2.25548 milliseconds in repetition 17
tcp_ping received 1536 bytes back
Round trip time was 1.75244 milliseconds in repetition 18
tcp_ping received 1536 bytes back
Round trip time was 2.07499 milliseconds in repetition 19
tcp_ping received 1536 bytes back
Round trip time was 1.80271 milliseconds in repetition 20
tcp_ping received 1536 bytes back
Round trip time was 2.34388 milliseconds in repetition 21
tcp_ping received 1536 bytes back
Round trip time was 1.63211 milliseconds in repetition 22
tcp_ping received 1536 bytes back
Round trip time was 2.20446 milliseconds in repetition 23
tcp_ping received 1536 bytes back
Round trip time was 1.80215 milliseconds in repetition 24
tcp_ping received 1536 bytes back
Round trip time was 2.15822 milliseconds in repetition 25
tcp_ping received 1536 bytes back
Round trip time was 1.8741 milliseconds in repetition 26
tcp_ping received 1536 bytes back
Round trip time was 2.20489 milliseconds in repetition 27
tcp_ping received 1536 bytes back
Round trip time was 1.83554 milliseconds in repetition 28
tcp_ping received 1536 bytes back
Round trip time was 2.12113 milliseconds in repetition 29
tcp_ping received 1536 bytes back
Round trip time was 1.77997 milliseconds in repetition 30
tcp_ping received 1536 bytes back
Round trip time was 2.32193 milliseconds in repetition 31
tcp_ping received 1536 bytes back
Round trip time was 2.25553 milliseconds in repetition 32
tcp_ping received 1536 bytes back
Round trip time was 2.26597 milliseconds in repetition 33
tcp_ping received 1536 bytes back
Round trip time was 1.06313 milliseconds in repetition 34
tcp_ping received 1536 bytes back
Round trip time was 2.25335 milliseconds in repetition 35
tcp_ping received 1536 bytes back
Round trip time was 1.08449 milliseconds in repetition 36
tcp_ping received 1536 bytes back
Round trip time was 8.95038 milliseconds in repetition 37
tcp_ping received 1536 bytes back
Round trip time was 13.1779 milliseconds in repetition 38
tcp_ping received 1536 bytes back
Round trip time was 2.62566 milliseconds in repetition 39
tcp_ping received 1536 bytes back
Round trip time was 2.26805 milliseconds in repetition 40
tcp_ping received 1536 bytes back
Round trip time was 3.78662 milliseconds in repetition 41
tcp_ping received 1536 bytes back
Round trip time was 2.14942 milliseconds in repetition 42
tcp_ping received 1536 bytes back
Round trip time was 2.57422 milliseconds in repetition 43
tcp_ping received 1536 bytes back
Round trip time was 2.12053 milliseconds in repetition 44
tcp_ping received 1536 bytes back
Round trip time was 5.03509 milliseconds in repetition 45
tcp_ping received 1536 bytes back
Round trip time was 2.16609 milliseconds in repetition 46
tcp_ping received 1536 bytes back
Round trip time was 2.26697 milliseconds in repetition 47
tcp_ping received 1536 bytes back
Round trip time was 0.961697 milliseconds in repetition 48
tcp_ping received 1536 bytes back
Round trip time was 1.40878 milliseconds in repetition 49
tcp_ping received 1536 bytes back
Round trip time was 2.23631 milliseconds in repetition 50
tcp_ping received 1536 bytes back
Round trip time was 2.18787 milliseconds in repetition 51
tcp_ping received 1536 bytes back
Round trip time was 2.22881 milliseconds in repetition 52
tcp_ping received 1536 bytes back
Round trip time was 2.27512 milliseconds in repetition 53
tcp_ping received 1536 bytes back
Round trip time was 1.72055 milliseconds in repetition 54
tcp_ping received 1536 bytes back
Round trip time was 2.43222 milliseconds in repetition 55
tcp_ping received 1536 bytes back
Round trip time was 1.51187 milliseconds in repetition 56
tcp_ping received 1536 bytes back
Round trip time was 1.98419 milliseconds in repetition 57
tcp_ping received 1536 bytes back
Round trip time was 1.96349 milliseconds in repetition 58
tcp_ping received 1536 bytes back
Round trip time was 2.25258 milliseconds in repetition 59
tcp_ping received 1536 bytes back
Round trip time was 2.23954 milliseconds in repetition 60
tcp_ping received 1536 bytes back
Round trip time was 2.1578 milliseconds in repetition 61
tcp_ping received 1536 bytes back
Round trip time was 1.07206 milliseconds in repetition 62
tcp_ping received 1536 bytes back
Round trip time was 2.33348 milliseconds in repetition 63
tcp_ping received 1536 bytes back
Round trip time was 2.22608 milliseconds in repetition 64
tcp_ping received 1536 bytes back
Round trip time was 2.21058 milliseconds in repetition 65
tcp_ping received 1536 bytes back
Round trip time was 1.29092 milliseconds in repetition 66
tcp_ping received 1536 bytes back
Round trip time was 2.38875 milliseconds in repetition 67
tcp_ping received 1536 bytes back
Round trip time was 1.65178 milliseconds in repetition 68
tcp_ping received 1536 bytes back
Round trip time was 2.24078 milliseconds in repetition 69
tcp_ping received 1536 bytes back
Round trip time was 1.93179 milliseconds in repetition 70
tcp_ping received 1536 bytes back
Round trip time was 3.12796 milliseconds in repetition 71
tcp_ping received 1536 bytes back
Round trip time was 2.22942 milliseconds in repetition 72
tcp_ping received 1536 bytes back
Round trip time was 1.59808 milliseconds in repetition 73
tcp_ping received 1536 bytes back
Round trip time was 2.23606 milliseconds in repetition 74
tcp_ping received 1536 bytes back
Round trip time was 2.14826 milliseconds in repetition 75
tcp_ping received 1536 bytes back
Round trip time was 2.21237 milliseconds in repetition 76
tcp_ping received 1536 bytes back
Round trip time was 2.06877 milliseconds in repetition 77
tcp_ping received 1536 bytes back
Round trip time was 2.33803 milliseconds in repetition 78
tcp_ping received 1536 bytes back
Round trip time was 1.57825 milliseconds in repetition 79
tcp_ping received 1536 bytes back
Round trip time was 2.35268 milliseconds in repetition 80
tcp_ping received 1536 bytes back
Round trip time was 1.48443 milliseconds in repetition 81
tcp_ping received 1536 bytes back
Round trip time was 2.28833 milliseconds in repetition 82
tcp_ping received 1536 bytes back
Round trip time was 1.79977 milliseconds in repetition 83
tcp_ping received 1536 bytes back
Round trip time was 2.2657 milliseconds in repetition 84
tcp_ping received 1536 bytes back
Round trip time was 1.65199 milliseconds in repetition 85
tcp_ping received 1536 bytes back
Round trip time was 2.26791 milliseconds in repetition 86
tcp_ping received 1536 bytes back
Round trip time was 1.72114 milliseconds in repetition 87
tcp_ping received 1536 bytes back
Round trip time was 2.23064 milliseconds in repetition 88
tcp_ping received 1536 bytes back
Round trip time was 1.68691 milliseconds in repetition 89
tcp_ping received 1536 bytes back
Round trip time was 2.25838 milliseconds in repetition 90
tcp_ping received 1536 bytes back
Round trip time was 1.72588 milliseconds in repetition 91
tcp_ping received 1536 bytes back
Round trip time was 2.24992 milliseconds in repetition 92
tcp_ping received 1536 bytes back
Round trip time was 1.70618 milliseconds in repetition 93
tcp_ping received 1536 bytes back
Round trip time was 2.33193 milliseconds in repetition 94
tcp_ping received 1536 bytes back
Round trip time was 1.66828 milliseconds in repetition 95
tcp_ping received 1536 bytes back
Round trip time was 2.24465 milliseconds in repetition 96
tcp_ping received 1536 bytes back
Round trip time was 1.66092 milliseconds in repetition 97
tcp_ping received 1536 bytes back
Round trip time was 1.2069 milliseconds in repetition 98
tcp_ping received 1536 bytes back
Round trip time was 2.13672 milliseconds in repetition 99
tcp_ping received 1536 bytes back
Round trip time was 2.29916 milliseconds in repetition 100
tcp_ping received 1536 bytes back
Round trip time was 2.27674 milliseconds in repetition 101
tcp_ping received 1536 bytes back
Round trip time was 2.49444 milliseconds in repetition 102
tcp_ping received 1536 bytes back
Round trip time was 6.44871 milliseconds in repetition 103
tcp_ping received 1536 bytes back
Round trip time was 2.24066 milliseconds in repetition 104
tcp_ping received 1536 bytes back
Round trip time was 2.17535 milliseconds in repetition 105
tcp_ping received 1536 bytes back
Round trip time was 2.2525 milliseconds in repetition 106
tcp_ping received 1536 bytes back
Round trip time was 2.28137 milliseconds in repetition 107
tcp_ping received 1536 bytes back
Round trip time was 2.02108 milliseconds in repetition 108
tcp_ping received 1536 bytes back
Round trip time was 2.27841 milliseconds in repetition 109
tcp_ping received 1536 bytes back
Round trip time was 1.73492 milliseconds in repetition 110
tcp_ping received 1536 bytes back
Round trip time was 2.30548 milliseconds in repetition 111
tcp_ping received 1536 bytes back
Round trip time was 2.50079 milliseconds in repetition 112
tcp_ping received 1536 bytes back
Round trip time was 2.30481 milliseconds in repetition 113
tcp_ping received 1536 bytes back
Round trip time was 2.26655 milliseconds in repetition 114
tcp_ping received 1536 bytes back
Round trip time was 2.24636 milliseconds in repetition 115
tcp_ping received 1536 bytes back
Round trip time was 2.38692 milliseconds in repetition 116
tcp_ping received 1536 bytes back
Round trip time was 1.65128 milliseconds in repetition 117
tcp_ping received 1536 bytes back
Round trip time was 2.23719 milliseconds in repetition 118
tcp_ping received 1536 bytes back
Round trip time was 1.68136 milliseconds in repetition 119
tcp_ping received 1536 bytes back
Round trip time was 2.03124 milliseconds in repetition 120
tcp_ping received 1536 bytes back
Round trip time was 1.93827 milliseconds in repetition 121
tcp_ping received 1536 bytes back
Round trip time was 2.31086 milliseconds in repetition 122
tcp_ping received 1536 bytes back
Round trip time was 1.73579 milliseconds in repetition 123
tcp_ping received 1536 bytes back
Round trip time was 3.4468 milliseconds in repetition 124
tcp_ping received 1536 bytes back
Round trip time was 2.24493 milliseconds in repetition 125
tcp_ping received 1536 bytes back
Round trip time was 2.14936 milliseconds in repetition 126
tcp_ping received 1536 bytes back
Round trip time was 2.25615 milliseconds in repetition 127
tcp_ping received 1536 bytes back
Round trip time was 2.25417 milliseconds in repetition 128
tcp_ping received 1536 bytes back
Round trip time was 2.20715 milliseconds in repetition 129
tcp_ping received 1536 bytes back
Round trip time was 1.11089 milliseconds in repetition 130
tcp_ping received 1536 bytes back
Round trip time was 3.35192 milliseconds in repetition 131
tcp_ping received 1536 bytes back
Round trip time was 1.01747 milliseconds in repetition 132
tcp_ping received 1536 bytes back
Round trip time was 2.24227 milliseconds in repetition 133
tcp_ping received 1536 bytes back
Round trip time was 1.33574 milliseconds in repetition 134
tcp_ping received 1536 bytes back
Round trip time was 2.28306 milliseconds in repetition 135
tcp_ping received 1536 bytes back
Round trip time was 1.70992 milliseconds in repetition 136
tcp_ping received 1536 bytes back
Round trip time was 2.20013 milliseconds in repetition 137
tcp_ping received 1536 bytes back
Round trip time was 1.70133 milliseconds in repetition 138
tcp_ping received 1536 bytes back
Round trip time was 2.67436 milliseconds in repetition 139
tcp_ping received 1536 bytes back
Round trip time was 1.5855 milliseconds in repetition 140
tcp_ping received 1536 bytes back
Round trip time was 2.19873 milliseconds in repetition 141
tcp_ping received 1536 bytes back
Round trip time was 11.1778 milliseconds in repetition 142
tcp_ping received 1536 bytes back
Round trip time was 2.92006 milliseconds in repetition 143
tcp_ping received 1536 bytes back
Round trip time was 2.1931 milliseconds in repetition 144
tcp_ping received 1536 bytes back
Round trip time was 2.54773 milliseconds in repetition 145
tcp_ping received 1536 bytes back
Round trip time was 7.13474 milliseconds in repetition 146
tcp_ping received 1536 bytes back
Round trip time was 2.6184 milliseconds in repetition 147
tcp_ping received 1536 bytes back
Round trip time was 6.95763 milliseconds in repetition 148
tcp_ping received 1536 bytes back
Round trip time was 2.30596 milliseconds in repetition 149
tcp_ping received 1536 bytes back
Round trip time was 2.23314 milliseconds in repetition 150
tcp_ping received 1536 bytes back
Round trip time was 2.32606 milliseconds in repetition 151
tcp_ping received 1536 bytes back
Round trip time was 2.13448 milliseconds in repetition 152
tcp_ping received 1536 bytes back
Round trip time was 4.86634 milliseconds in repetition 153
tcp_ping received 1536 bytes back
Round trip time was 2.62787 milliseconds in repetition 154
tcp_ping received 1536 bytes back
Round trip time was 2.7609 milliseconds in repetition 155
tcp_ping received 1536 bytes back
Round trip time was 2.12565 milliseconds in repetition 156
tcp_ping received 1536 bytes back
Round trip time was 2.33184 milliseconds in repetition 157
tcp_ping received 1536 bytes back
Round trip time was 1.70989 milliseconds in repetition 158
tcp_ping received 1536 bytes back
Round trip time was 2.60548 milliseconds in repetition 159
tcp_ping received 1536 bytes back
Round trip time was 1.46872 milliseconds in repetition 160
tcp_ping received 1536 bytes back
Round trip time was 2.19397 milliseconds in repetition 161
tcp_ping received 1536 bytes back
Round trip time was 1.48448 milliseconds in repetition 162
tcp_ping received 1536 bytes back
Round trip time was 3.02941 milliseconds in repetition 163
tcp_ping received 1536 bytes back
Round trip time was 1.62978 milliseconds in repetition 164
tcp_ping received 1536 bytes back
Round trip time was 2.41475 milliseconds in repetition 165
tcp_ping received 1536 bytes back
Round trip time was 1.11104 milliseconds in repetition 166
tcp_ping received 1536 bytes back
Round trip time was 2.32849 milliseconds in repetition 167
tcp_ping received 1536 bytes back
Round trip time was 1.89812 milliseconds in repetition 168
tcp_ping received 1536 bytes back
Round trip time was 3.97723 milliseconds in repetition 169
tcp_ping received 1536 bytes back
Round trip time was 2.03611 milliseconds in repetition 170
tcp_ping received 1536 bytes back
Round trip time was 2.2644 milliseconds in repetition 171
tcp_ping received 1536 bytes back
Round trip time was 2.42501 milliseconds in repetition 172
tcp_ping received 1536 bytes back
Round trip time was 2.29376 milliseconds in repetition 173
tcp_ping received 1536 bytes back
Round trip time was 7.85314 milliseconds in repetition 174
tcp_ping received 1536 bytes back
Round trip time was 2.31332 milliseconds in repetition 175
tcp_ping received 1536 bytes back
Round trip time was 2.21463 milliseconds in repetition 176
tcp_ping received 1536 bytes back
Round trip time was 1.96981 milliseconds in repetition 177
tcp_ping received 1536 bytes back
Round trip time was 2.26582 milliseconds in repetition 178
tcp_ping received 1536 bytes back
Round trip time was 1.72785 milliseconds in repetition 179
tcp_ping received 1536 bytes back
Round trip time was 4.35413 milliseconds in repetition 180
tcp_ping received 1536 bytes back
Round trip time was 1.87063 milliseconds in repetition 181
tcp_ping received 1536 bytes back
Round trip time was 1.65973 milliseconds in repetition 182
tcp_ping received 1536 bytes back
Round trip time was 2.37953 milliseconds in repetition 183
tcp_ping received 1536 bytes back
Round trip time was 1.57128 milliseconds in repetition 184
tcp_ping received 1536 bytes back
Round trip time was 2.10483 milliseconds in repetition 185
tcp_ping received 1536 bytes back
Round trip time was 2.15716 milliseconds in repetition 186
tcp_ping received 1536 bytes back
Round trip time was 2.0631 milliseconds in repetition 187
tcp_ping received 1536 bytes back
Round trip time was 1.5874 milliseconds in repetition 188
tcp_ping received 1536 bytes back
Round trip time was 2.2908 milliseconds in repetition 189
tcp_ping received 1536 bytes back
Round trip time was 2.17052 milliseconds in repetition 190
tcp_ping received 1536 bytes back
Round trip time was 2.16614 milliseconds in repetition 191
tcp_ping received 1536 bytes back
Round trip time was 1.0719 milliseconds in repetition 192
tcp_ping received 1536 bytes back
Round trip time was 2.17402 milliseconds in repetition 193
tcp_ping received 1536 bytes back
Round trip time was 2.16655 milliseconds in repetition 194
tcp_ping received 1536 bytes back
Round trip time was 2.04199 milliseconds in repetition 195
tcp_ping received 1536 bytes back
Round trip time was 1.66558 milliseconds in repetition 196
tcp_ping received 1536 bytes back
Round trip time was 2.20279 milliseconds in repetition 197
tcp_ping received 1536 bytes back
Round trip time was 2.39901 milliseconds in repetition 198
tcp_ping received 1536 bytes back
Round trip time was 2.21476 milliseconds in repetition 199
tcp_ping received 1536 bytes back
Round trip time was 0.923738 milliseconds in repetition 200
tcp_ping received 1536 bytes back
Round trip time was 2.12117 milliseconds in repetition 201
tcp_ping received 1536 bytes back
Round trip time was 2.06874 milliseconds in repetition 202
tcp_ping received 1536 bytes back
Round trip time was 2.0243 milliseconds in repetition 203
tcp_ping received 1536 bytes back
Round trip time was 1.88489 milliseconds in repetition 204
tcp_ping received 1536 bytes back
Round trip time was 2.23943 milliseconds in repetition 205
tcp_ping received 1536 bytes back
Round trip time was 1.30719 milliseconds in repetition 206
tcp_ping received 1536 bytes back
Round trip time was 2.08514 milliseconds in repetition 207
tcp_ping received 1536 bytes back
Round trip time was 2.18005 milliseconds in repetition 208
tcp_ping received 1536 bytes back
Round trip time was 2.23464 milliseconds in repetition 209
tcp_ping received 1536 bytes back
Round trip time was 1.79329 milliseconds in repetition 210
tcp_ping received 1536 bytes back
Round trip time was 2.27884 milliseconds in repetition 211
tcp_ping received 1536 bytes back
Round trip time was 2.17247 milliseconds in repetition 212
tcp_ping received 1536 bytes back
Round trip time was 2.27419 milliseconds in repetition 213
tcp_ping received 1536 bytes back
Round trip time was 1.27858 milliseconds in repetition 214
tcp_ping received 1536 bytes back
Round trip time was 2.25635 milliseconds in repetition 215
tcp_ping received 1536 bytes back
Round trip time was 1.57933 milliseconds in repetition 216
tcp_ping received 1536 bytes back
Round trip time was 2.23422 milliseconds in repetition 217
tcp_ping received 1536 bytes back
Round trip time was 1.80423 milliseconds in repetition 218
tcp_ping received 1536 bytes back
Round trip time was 2.26253 milliseconds in repetition 219
tcp_ping received 1536 bytes back
Round trip time was 2.09501 milliseconds in repetition 220
tcp_ping received 1536 bytes back
Round trip time was 2.08143 milliseconds in repetition 221
tcp_ping received 1536 bytes back
Round trip time was 1.09764 milliseconds in repetition 222
tcp_ping received 1536 bytes back
Round trip time was 1.07978 milliseconds in repetition 223
tcp_ping received 1536 bytes back
Round trip time was 2.37358 milliseconds in repetition 224
tcp_ping received 1536 bytes back
Round trip time was 2.09877 milliseconds in repetition 225
tcp_ping received 1536 bytes back
Round trip time was 2.17892 milliseconds in repetition 226
tcp_ping received 1536 bytes back
Round trip time was 2.14941 milliseconds in repetition 227
tcp_ping received 1536 bytes back
Round trip time was 2.19444 milliseconds in repetition 228
tcp_ping received 1536 bytes back
Round trip time was 2.27445 milliseconds in repetition 229
tcp_ping received 1536 bytes back
Round trip time was 1.72054 milliseconds in repetition 230
tcp_ping received 1536 bytes back
Round trip time was 1.53203 milliseconds in repetition 231
tcp_ping received 1536 bytes back
Round trip time was 2.23062 milliseconds in repetition 232
tcp_ping received 1536 bytes back
Round trip time was 2.2271 milliseconds in repetition 233
tcp_ping received 1536 bytes back
Round trip time was 2.00987 milliseconds in repetition 234
tcp_ping received 1536 bytes back
Round trip time was 2.19815 milliseconds in repetition 235
tcp_ping received 1536 bytes back
Round trip time was 1.51795 milliseconds in repetition 236
tcp_ping received 1536 bytes back
Round trip time was 2.34973 milliseconds in repetition 237
tcp_ping received 1536 bytes back
Round trip time was 1.76219 milliseconds in repetition 238
tcp_ping received 1536 bytes back
Round trip time was 2.18071 milliseconds in repetition 239
tcp_ping received 1536 bytes back
Round trip time was 1.73367 milliseconds in repetition 240
tcp_ping received 1536 bytes back
Round trip time was 2.75716 milliseconds in repetition 241
tcp_ping received 1536 bytes back
Round trip time was 2.22096 milliseconds in repetition 242
tcp_ping received 1536 bytes back
Round trip time was 2.13594 milliseconds in repetition 243
tcp_ping received 1536 bytes back
Round trip time was 9.48242 milliseconds in repetition 244
tcp_ping received 1536 bytes back
Round trip time was 2.16645 milliseconds in repetition 245
tcp_ping received 1536 bytes back
Round trip time was 1.14684 milliseconds in repetition 246
tcp_ping received 1536 bytes back
Round trip time was 2.26153 milliseconds in repetition 247
tcp_ping received 1536 bytes back
Round trip time was 4.6884 milliseconds in repetition 248
tcp_ping received 1536 bytes back
Round trip time was 2.54939 milliseconds in repetition 249
tcp_ping received 1536 bytes back
Round trip time was 2.03311 milliseconds in repetition 250
tcp_ping received 1536 bytes back
Round trip time was 5.58884 milliseconds in repetition 251
tcp_ping received 1536 bytes back
Round trip time was 5.26969 milliseconds in repetition 252
tcp_ping received 1536 bytes back
Round trip time was 2.40811 milliseconds in repetition 253
tcp_ping received 1536 bytes back
Round trip time was 1.39566 milliseconds in repetition 254
tcp_ping received 1536 bytes back
Round trip time was 2.36694 milliseconds in repetition 255
tcp_ping received 1536 bytes back
Round trip time was 3.83948 milliseconds in repetition 256
tcp_ping received 1536 bytes back
Round trip time was 4.70836 milliseconds in repetition 257
tcp_ping received 1536 bytes back
Round trip time was 5.89581 milliseconds in repetition 258
tcp_ping received 1536 bytes back
Round trip time was 2.53574 milliseconds in repetition 259
tcp_ping received 1536 bytes back
Round trip time was 2.45089 milliseconds in repetition 260
tcp_ping received 1536 bytes back
Round trip time was 2.40623 milliseconds in repetition 261
tcp_ping received 1536 bytes back
Round trip time was 1.15291 milliseconds in repetition 262
tcp_ping received 1536 bytes back
Round trip time was 2.403 milliseconds in repetition 263
tcp_ping received 1536 bytes back
Round trip time was 1.78887 milliseconds in repetition 264
tcp_ping received 1536 bytes back
Round trip time was 2.22322 milliseconds in repetition 265
tcp_ping received 1536 bytes back
Round trip time was 2.31237 milliseconds in repetition 266
tcp_ping received 1536 bytes back
Round trip time was 2.37901 milliseconds in repetition 267
tcp_ping received 1536 bytes back
Round trip time was 3.45661 milliseconds in repetition 268
tcp_ping received 1536 bytes back
Round trip time was 1.45581 milliseconds in repetition 269
tcp_ping received 1536 bytes back
Round trip time was 3.58715 milliseconds in repetition 270
tcp_ping received 1536 bytes back
Round trip time was 6.8318 milliseconds in repetition 271
tcp_ping received 1536 bytes back
Round trip time was 3.39066 milliseconds in repetition 272
tcp_ping received 1536 bytes back
Round trip time was 3.24415 milliseconds in repetition 273
tcp_ping received 1536 bytes back
Round trip time was 2.65706 milliseconds in repetition 274
tcp_ping received 1536 bytes back
Round trip time was 2.32703 milliseconds in repetition 275
tcp_ping received 1536 bytes back
Round trip time was 1.6131 milliseconds in repetition 276
tcp_ping received 1536 bytes back
Round trip time was 2.24795 milliseconds in repetition 277
tcp_ping received 1536 bytes back
Round trip time was 1.70175 milliseconds in repetition 278
tcp_ping received 1536 bytes back
Round trip time was 2.68332 milliseconds in repetition 279
tcp_ping received 1536 bytes back
Round trip time was 1.6136 milliseconds in repetition 280
tcp_ping received 1536 bytes back
Round trip time was 2.12514 milliseconds in repetition 281
tcp_ping received 1536 bytes back
Round trip time was 2.11218 milliseconds in repetition 282
tcp_ping received 1536 bytes back
Round trip time was 4.66974 milliseconds in repetition 283
tcp_ping received 1536 bytes back
Round trip time was 2.08577 milliseconds in repetition 284
tcp_ping received 1536 bytes back
Round trip time was 2.24586 milliseconds in repetition 285
tcp_ping received 1536 bytes back
Round trip time was 1.21818 milliseconds in repetition 286
tcp_ping received 1536 bytes back
Round trip time was 1.30201 milliseconds in repetition 287
tcp_ping received 1536 bytes back
Round trip time was 2.64662 milliseconds in repetition 288
tcp_ping received 1536 bytes back
Round trip time was 1.42087 milliseconds in repetition 289
tcp_ping received 1536 bytes back
Round trip time was 2.20965 milliseconds in repetition 290
tcp_ping received 1536 bytes back
Round trip time was 2.05775 milliseconds in repetition 291
tcp_ping received 1536 bytes back
Round trip time was 2.28028 milliseconds in repetition 292
tcp_ping received 1536 bytes back
Round trip time was 2.14437 milliseconds in repetition 293
tcp_ping received 1536 bytes back
Round trip time was 2.33292 milliseconds in repetition 294
tcp_ping received 1536 bytes back
Round trip time was 2.02128 milliseconds in repetition 295
tcp_ping received 1536 bytes back
Round trip time was 2.35866 milliseconds in repetition 296
tcp_ping received 1536 bytes back
Round trip time was 3.01592 milliseconds in repetition 297
tcp_ping received 1536 bytes back
Round trip time was 2.31414 milliseconds in repetition 298
tcp_ping received 1536 bytes back
Round trip time was 2.26997 milliseconds in repetition 299
tcp_ping received 1536 bytes back
Round trip time was 2.03962 milliseconds in repetition 300
tcp_ping received 1536 bytes back
Round trip time was 2.96865 milliseconds in repetition 301
tcp_ping received 1536 bytes back
Round trip time was 2.251 milliseconds in repetition 302
tcp_ping received 1536 bytes back
Round trip time was 2.49602 milliseconds in repetition 303
tcp_ping received 1536 bytes back
Round trip time was 2.08714 milliseconds in repetition 304
tcp_ping received 1536 bytes back
Round trip time was 2.21564 milliseconds in repetition 305
tcp_ping received 1536 bytes back
Round trip time was 1.85238 milliseconds in repetition 306
tcp_ping received 1536 bytes back
Round trip time was 1.12641 milliseconds in repetition 307
tcp_ping received 1536 bytes back
Round trip time was 1.0469 milliseconds in repetition 308
tcp_ping received 1536 bytes back
Round trip time was 1.05143 milliseconds in repetition 309
tcp_ping received 1536 bytes back
Round trip time was 1.1333 milliseconds in repetition 310
tcp_ping received 1536 bytes back
Round trip time was 1.15979 milliseconds in repetition 311
tcp_ping received 1536 bytes back
Round trip time was 1.16282 milliseconds in repetition 312
tcp_ping received 1536 bytes back
Round trip time was 1.07444 milliseconds in repetition 313
tcp_ping received 1536 bytes back
Round trip time was 1.17658 milliseconds in repetition 314
tcp_ping received 1536 bytes back
Round trip time was 1.09917 milliseconds in repetition 315
tcp_ping received 1536 bytes back
Round trip time was 1.43647 milliseconds in repetition 316
tcp_ping received 1536 bytes back
Round trip time was 0.998753 milliseconds in repetition 317
tcp_ping received 1536 bytes back
Round trip time was 1.06209 milliseconds in repetition 318
tcp_ping received 1536 bytes back
Round trip time was 1.13351 milliseconds in repetition 319
tcp_ping received 1536 bytes back
Round trip time was 1.07204 milliseconds in repetition 320
tcp_ping received 1536 bytes back
Round trip time was 1.17052 milliseconds in repetition 321
tcp_ping received 1536 bytes back
Round trip time was 1.00862 milliseconds in repetition 322
tcp_ping received 1536 bytes back
Round trip time was 1.17319 milliseconds in repetition 323
tcp_ping received 1536 bytes back
Round trip time was 1.08374 milliseconds in repetition 324
tcp_ping received 1536 bytes back
Round trip time was 0.897497 milliseconds in repetition 325
tcp_ping received 1536 bytes back
Round trip time was 0.931396 milliseconds in repetition 326
tcp_ping received 1536 bytes back
Round trip time was 1.12701 milliseconds in repetition 327
tcp_ping received 1536 bytes back
Round trip time was 1.11039 milliseconds in repetition 328
tcp_ping received 1536 bytes back
Round trip time was 0.959544 milliseconds in repetition 329
tcp_ping received 1536 bytes back
Round trip time was 0.972125 milliseconds in repetition 330
tcp_ping received 1536 bytes back
Round trip time was 0.995053 milliseconds in repetition 331
tcp_ping received 1536 bytes back
Round trip time was 1.10693 milliseconds in repetition 332
tcp_ping received 1536 bytes back
Round trip time was 1.07859 milliseconds in repetition 333
tcp_ping received 1536 bytes back
Round trip time was 1.09705 milliseconds in repetition 334
tcp_ping received 1536 bytes back
Round trip time was 0.931183 milliseconds in repetition 335
tcp_ping received 1536 bytes back
Round trip time was 1.10156 milliseconds in repetition 336
tcp_ping received 1536 bytes back
Round trip time was 1.14143 milliseconds in repetition 337
tcp_ping received 1536 bytes back
Round trip time was 1.13762 milliseconds in repetition 338
tcp_ping received 1536 bytes back
Round trip time was 1.08101 milliseconds in repetition 339
tcp_ping received 1536 bytes back
Round trip time was 1.10018 milliseconds in repetition 340
tcp_ping received 1536 bytes back
Round trip time was 1.09222 milliseconds in repetition 341
tcp_ping received 1536 bytes back
Round trip time was 0.975917 milliseconds in repetition 342
tcp_ping received 1536 bytes back
Round trip time was 0.957583 milliseconds in repetition 343
tcp_ping received 1536 bytes back
Round trip time was 1.04241 milliseconds in repetition 344
tcp_ping received 1536 bytes back
Round trip time was 0.918049 milliseconds in repetition 345
tcp_ping received 1536 bytes back
Round trip time was 0.945616 milliseconds in repetition 346
tcp_ping received 1536 bytes back
Round trip time was 1.37942 milliseconds in repetition 347
tcp_ping received 1536 bytes back
Round trip time was 1.0158 milliseconds in repetition 348
tcp_ping received 1536 bytes back
Round trip time was 1.0888 milliseconds in repetition 349
tcp_ping received 1536 bytes back
Round trip time was 1.1005 milliseconds in repetition 350
tcp_ping received 1536 bytes back
Round trip time was 1.11311 milliseconds in repetition 351
tcp_ping received 1536 bytes back
Round trip time was 1.08271 milliseconds in repetition 352
tcp_ping received 1536 bytes back
Round trip time was 0.933577 milliseconds in repetition 353
tcp_ping received 1536 bytes back
Round trip time was 1.17427 milliseconds in repetition 354
tcp_ping received 1536 bytes back
Round trip time was 1.12649 milliseconds in repetition 355
tcp_ping received 1536 bytes back
Round trip time was 1.22645 milliseconds in repetition 356
tcp_ping received 1536 bytes back
Round trip time was 1.07846 milliseconds in repetition 357
tcp_ping received 1536 bytes back
Round trip time was 1.01308 milliseconds in repetition 358
tcp_ping received 1536 bytes back
Round trip time was 1.13104 milliseconds in repetition 359
tcp_ping received 1536 bytes back
Round trip time was 1.10472 milliseconds in repetition 360
tcp_ping received 1536 bytes back
Round trip time was 1.27729 milliseconds in repetition 361
tcp_ping received 1536 bytes back
Round trip time was 1.15865 milliseconds in repetition 362
tcp_ping received 1536 bytes back
Round trip time was 1.08446 milliseconds in repetition 363
tcp_ping received 1536 bytes back
Round trip time was 1.08473 milliseconds in repetition 364
tcp_ping received 1536 bytes back
Round trip time was 1.14332 milliseconds in repetition 365
tcp_ping received 1536 bytes back
Round trip time was 1.21284 milliseconds in repetition 366
tcp_ping received 1536 bytes back
Round trip time was 1.03634 milliseconds in repetition 367
tcp_ping received 1536 bytes back
Round trip time was 1.20236 milliseconds in repetition 368
tcp_ping received 1536 bytes back
Round trip time was 1.25523 milliseconds in repetition 369
tcp_ping received 1536 bytes back
Round trip time was 1.13501 milliseconds in repetition 370
tcp_ping received 1536 bytes back
Round trip time was 1.11325 milliseconds in repetition 371
tcp_ping received 1536 bytes back
Round trip time was 1.11037 milliseconds in repetition 372
tcp_ping received 1536 bytes back
Round trip time was 1.10709 milliseconds in repetition 373
tcp_ping received 1536 bytes back
Round trip time was 1.06722 milliseconds in repetition 374
tcp_ping received 1536 bytes back
Round trip time was 1.13237 milliseconds in repetition 375
tcp_ping received 1536 bytes back
Round trip time was 1.53729 milliseconds in repetition 376
tcp_ping received 1536 bytes back
Round trip time was 1.27593 milliseconds in repetition 377
tcp_ping received 1536 bytes back
Round trip time was 2.12296 milliseconds in repetition 378
tcp_ping received 1536 bytes back
Round trip time was 1.85918 milliseconds in repetition 379
tcp_ping received 1536 bytes back
Round trip time was 2.16346 milliseconds in repetition 380
tcp_ping received 1536 bytes back
Round trip time was 1.77756 milliseconds in repetition 381
tcp_ping received 1536 bytes back
Round trip time was 2.27686 milliseconds in repetition 382
tcp_ping received 1536 bytes back
Round trip time was 1.64422 milliseconds in repetition 383
tcp_ping received 1536 bytes back
Round trip time was 2.13932 milliseconds in repetition 384
tcp_ping received 1536 bytes back
Round trip time was 1.8209 milliseconds in repetition 385
tcp_ping received 1536 bytes back
Round trip time was 2.1463 milliseconds in repetition 386
tcp_ping received 1536 bytes back
Round trip time was 1.80962 milliseconds in repetition 387
tcp_ping received 1536 bytes back
Round trip time was 1.31075 milliseconds in repetition 388
tcp_ping received 1536 bytes back
Round trip time was 2.28401 milliseconds in repetition 389
tcp_ping received 1536 bytes back
Round trip time was 2.12431 milliseconds in repetition 390
tcp_ping received 1536 bytes back
Round trip time was 2.22281 milliseconds in repetition 391
tcp_ping received 1536 bytes back
Round trip time was 2.20622 milliseconds in repetition 392
tcp_ping received 1536 bytes back
Round trip time was 1.76763 milliseconds in repetition 393
tcp_ping received 1536 bytes back
Round trip time was 2.17645 milliseconds in repetition 394
tcp_ping received 1536 bytes back
Round trip time was 1.76771 milliseconds in repetition 395
tcp_ping received 1536 bytes back
Round trip time was 1.97703 milliseconds in repetition 396
tcp_ping received 1536 bytes back
Round trip time was 1.94377 milliseconds in repetition 397
tcp_ping received 1536 bytes back
Round trip time was 2.20612 milliseconds in repetition 398
tcp_ping received 1536 bytes back
Round trip time was 1.70889 milliseconds in repetition 399
tcp_ping received 1536 bytes back
Round trip time was 2.13596 milliseconds in repetition 400
tcp_ping received 1536 bytes back
Round trip time was 2.11869 milliseconds in repetition 401
tcp_ping received 1536 bytes back
Round trip time was 1.93217 milliseconds in repetition 402
tcp_ping received 1536 bytes back
Round trip time was 1.75218 milliseconds in repetition 403
tcp_ping received 1536 bytes back
Round trip time was 2.26719 milliseconds in repetition 404
tcp_ping received 1536 bytes back
Round trip time was 1.46869 milliseconds in repetition 405
tcp_ping received 1536 bytes back
Round trip time was 1.96871 milliseconds in repetition 406
tcp_ping received 1536 bytes back
Round trip time was 1.94003 milliseconds in repetition 407
tcp_ping received 1536 bytes back
Round trip time was 2.14165 milliseconds in repetition 408
tcp_ping received 1536 bytes back
Round trip time was 2.09428 milliseconds in repetition 409
tcp_ping received 1536 bytes back
Round trip time was 2.20639 milliseconds in repetition 410
tcp_ping received 1536 bytes back
Round trip time was 1.79223 milliseconds in repetition 411
tcp_ping received 1536 bytes back
Round trip time was 2.20226 milliseconds in repetition 412
tcp_ping received 1536 bytes back
Round trip time was 1.75293 milliseconds in repetition 413
tcp_ping received 1536 bytes back
Round trip time was 2.25585 milliseconds in repetition 414
tcp_ping received 1536 bytes back
Round trip time was 1.68104 milliseconds in repetition 415
tcp_ping received 1536 bytes back
Round trip time was 2.18989 milliseconds in repetition 416
tcp_ping received 1536 bytes back
Round trip time was 1.64266 milliseconds in repetition 417
tcp_ping received 1536 bytes back
Round trip time was 2.18248 milliseconds in repetition 418
tcp_ping received 1536 bytes back
Round trip time was 1.9079 milliseconds in repetition 419
tcp_ping received 1536 bytes back
Round trip time was 2.44855 milliseconds in repetition 420
tcp_ping received 1536 bytes back
Round trip time was 1.48277 milliseconds in repetition 421
tcp_ping received 1536 bytes back
Round trip time was 2.24743 milliseconds in repetition 422
tcp_ping received 1536 bytes back
Round trip time was 1.75192 milliseconds in repetition 423
tcp_ping received 1536 bytes back
Round trip time was 2.23736 milliseconds in repetition 424
tcp_ping received 1536 bytes back
Round trip time was 1.67604 milliseconds in repetition 425
tcp_ping received 1536 bytes back
Round trip time was 2.4491 milliseconds in repetition 426
tcp_ping received 1536 bytes back
Round trip time was 5.9674 milliseconds in repetition 427
tcp_ping received 1536 bytes back
Round trip time was 2.34479 milliseconds in repetition 428
tcp_ping received 1536 bytes back
Round trip time was 2.28609 milliseconds in repetition 429
tcp_ping received 1536 bytes back
Round trip time was 2.27962 milliseconds in repetition 430
tcp_ping received 1536 bytes back
Round trip time was 2.27082 milliseconds in repetition 431
tcp_ping received 1536 bytes back
Round trip time was 4.76639 milliseconds in repetition 432
tcp_ping received 1536 bytes back
Round trip time was 2.30117 milliseconds in repetition 433
tcp_ping received 1536 bytes back
Round trip time was 2.19838 milliseconds in repetition 434
tcp_ping received 1536 bytes back
Round trip time was 2.22404 milliseconds in repetition 435
tcp_ping received 1536 bytes back
Round trip time was 2.2855 milliseconds in repetition 436
tcp_ping received 1536 bytes back
Round trip time was 2.1791 milliseconds in repetition 437
tcp_ping received 1536 bytes back
Round trip time was 2.15598 milliseconds in repetition 438
tcp_ping received 1536 bytes back
Round trip time was 2.78197 milliseconds in repetition 439
tcp_ping received 1536 bytes back
Round trip time was 1.10498 milliseconds in repetition 440
tcp_ping received 1536 bytes back
Round trip time was 1.78354 milliseconds in repetition 441
tcp_ping received 1536 bytes back
Round trip time was 2.6058 milliseconds in repetition 442
tcp_ping received 1536 bytes back
Round trip time was 2.98518 milliseconds in repetition 443
tcp_ping received 1536 bytes back
Round trip time was 2.16566 milliseconds in repetition 444
tcp_ping received 1536 bytes back
Round trip time was 2.15152 milliseconds in repetition 445
tcp_ping received 1536 bytes back
Round trip time was 2.74718 milliseconds in repetition 446
tcp_ping received 1536 bytes back
Round trip time was 1.71544 milliseconds in repetition 447
tcp_ping received 1536 bytes back
Round trip time was 2.19075 milliseconds in repetition 448
tcp_ping received 1536 bytes back
Round trip time was 1.31061 milliseconds in repetition 449
tcp_ping received 1536 bytes back
Round trip time was 2.16591 milliseconds in repetition 450
tcp_ping received 1536 bytes back
Round trip time was 2.09829 milliseconds in repetition 451
tcp_ping received 1536 bytes back
Round trip time was 3.35587 milliseconds in repetition 452
tcp_ping received 1536 bytes back
Round trip time was 3.07443 milliseconds in repetition 453
tcp_ping received 1536 bytes back
Round trip time was 2.12049 milliseconds in repetition 454
tcp_ping received 1536 bytes back
Round trip time was 2.2234 milliseconds in repetition 455
tcp_ping received 1536 bytes back
Round trip time was 2.1527 milliseconds in repetition 456
tcp_ping received 1536 bytes back
Round trip time was 3.82665 milliseconds in repetition 457
tcp_ping received 1536 bytes back
Round trip time was 3.53727 milliseconds in repetition 458
tcp_ping received 1536 bytes back
Round trip time was 2.69773 milliseconds in repetition 459
tcp_ping received 1536 bytes back
Round trip time was 2.66296 milliseconds in repetition 460
tcp_ping received 1536 bytes back
Round trip time was 1.66553 milliseconds in repetition 461
tcp_ping received 1536 bytes back
Round trip time was 2.33089 milliseconds in repetition 462
tcp_ping received 1536 bytes back
Round trip time was 1.68425 milliseconds in repetition 463
tcp_ping received 1536 bytes back
Round trip time was 6.60806 milliseconds in repetition 464
tcp_ping received 1536 bytes back
Round trip time was 2.11494 milliseconds in repetition 465
tcp_ping received 1536 bytes back
Round trip time was 2.02906 milliseconds in repetition 466
tcp_ping received 1536 bytes back
Round trip time was 6.44322 milliseconds in repetition 467
tcp_ping received 1536 bytes back
Round trip time was 22.4115 milliseconds in repetition 468
tcp_ping received 1536 bytes back
Round trip time was 3.55675 milliseconds in repetition 469
tcp_ping received 1536 bytes back
Round trip time was 2.30294 milliseconds in repetition 470
tcp_ping received 1536 bytes back
Round trip time was 2.24173 milliseconds in repetition 471
tcp_ping received 1536 bytes back
Round trip time was 2.20894 milliseconds in repetition 472
tcp_ping received 1536 bytes back
Round trip time was 2.07306 milliseconds in repetition 473
tcp_ping received 1536 bytes back
Round trip time was 2.19513 milliseconds in repetition 474
tcp_ping received 1536 bytes back
Round trip time was 1.62506 milliseconds in repetition 475
tcp_ping received 1536 bytes back
Round trip time was 2.21327 milliseconds in repetition 476
tcp_ping received 1536 bytes back
Round trip time was 1.50381 milliseconds in repetition 477
tcp_ping received 1536 bytes back
Round trip time was 2.3467 milliseconds in repetition 478
tcp_ping received 1536 bytes back
Round trip time was 1.62724 milliseconds in repetition 479
tcp_ping received 1536 bytes back
Round trip time was 2.30227 milliseconds in repetition 480
tcp_ping received 1536 bytes back
Round trip time was 1.64719 milliseconds in repetition 481
tcp_ping received 1536 bytes back
Round trip time was 2.30628 milliseconds in repetition 482
tcp_ping received 1536 bytes back
Round trip time was 2.52282 milliseconds in repetition 483
tcp_ping received 1536 bytes back
Round trip time was 2.24463 milliseconds in repetition 484
tcp_ping received 1536 bytes back
Round trip time was 3.10485 milliseconds in repetition 485
tcp_ping received 1536 bytes back
Round trip time was 4.23002 milliseconds in repetition 486
tcp_ping received 1536 bytes back
Round trip time was 2.28745 milliseconds in repetition 487
tcp_ping received 1536 bytes back
Round trip time was 2.68285 milliseconds in repetition 488
tcp_ping received 1536 bytes back
Round trip time was 6.19523 milliseconds in repetition 489
tcp_ping received 1536 bytes back
Round trip time was 2.07493 milliseconds in repetition 490
tcp_ping received 1536 bytes back
Round trip time was 2.72864 milliseconds in repetition 491
tcp_ping received 1536 bytes back
Round trip time was 1.17352 milliseconds in repetition 492
tcp_ping received 1536 bytes back
Round trip time was 2.76925 milliseconds in repetition 493
tcp_ping received 1536 bytes back
Round trip time was 1.24292 milliseconds in repetition 494
tcp_ping received 1536 bytes back
Round trip time was 2.2959 milliseconds in repetition 495
tcp_ping received 1536 bytes back
Round trip time was 2.22132 milliseconds in repetition 496
tcp_ping received 1536 bytes back
Round trip time was 2.2803 milliseconds in repetition 497
tcp_ping received 1536 bytes back
Round trip time was 14.84 milliseconds in repetition 498
tcp_ping received 1536 bytes back
Round trip time was 1.60265 milliseconds in repetition 499
tcp_ping received 1536 bytes back
Round trip time was 1.75585 milliseconds in repetition 500
tcp_ping received 1536 bytes back
Round trip time was 2.22043 milliseconds in repetition 501

 ... clock resolution was 1e-06
TCP Ping:  Statistics over 501 repetitions of 1536 byte messages

RTT : percentile 10: 1.11037, median: 2.15152, percentile 90: 2.75716, average: 2.24775, variance: 2.63086

RTT histogram:
   overall Throughput : 1366.7 KB/s

