TCP Ping trying to connect to server 192.168.1.110 (192.168.1.110) on port 1491
 ... connected to Pong server: asking for 501 repetitions of 256 bytes TCP messages
 ... Pong server agreed :-)
tcp_ping received 256 bytes back
Round trip time was 0.838985 milliseconds in repetition 1
tcp_ping received 256 bytes back
Round trip time was 2.22762 milliseconds in repetition 2
tcp_ping received 256 bytes back
Round trip time was 1.79862 milliseconds in repetition 3
tcp_ping received 256 bytes back
Round trip time was 2.4065 milliseconds in repetition 4
tcp_ping received 256 bytes back
Round trip time was 1.4974 milliseconds in repetition 5
tcp_ping received 256 bytes back
Round trip time was 2.59378 milliseconds in repetition 6
tcp_ping received 256 bytes back
Round trip time was 1.72492 milliseconds in repetition 7
tcp_ping received 256 bytes back
Round trip time was 2.31227 milliseconds in repetition 8
tcp_ping received 256 bytes back
Round trip time was 1.65989 milliseconds in repetition 9
tcp_ping received 256 bytes back
Round trip time was 2.56987 milliseconds in repetition 10
tcp_ping received 256 bytes back
Round trip time was 2.22714 milliseconds in repetition 11
tcp_ping received 256 bytes back
Round trip time was 2.54337 milliseconds in repetition 12
tcp_ping received 256 bytes back
Round trip time was 2.20459 milliseconds in repetition 13
tcp_ping received 256 bytes back
Round trip time was 2.03235 milliseconds in repetition 14
tcp_ping received 256 bytes back
Round trip time was 2.06435 milliseconds in repetition 15
tcp_ping received 256 bytes back
Round trip time was 2.97089 milliseconds in repetition 16
tcp_ping received 256 bytes back
Round trip time was 2.5386 milliseconds in repetition 17
tcp_ping received 256 bytes back
Round trip time was 2.23953 milliseconds in repetition 18
tcp_ping received 256 bytes back
Round trip time was 2.09487 milliseconds in repetition 19
tcp_ping received 256 bytes back
Round trip time was 2.0139 milliseconds in repetition 20
tcp_ping received 256 bytes back
Round trip time was 2.3653 milliseconds in repetition 21
tcp_ping received 256 bytes back
Round trip time was 2.28013 milliseconds in repetition 22
tcp_ping received 256 bytes back
Round trip time was 1.64775 milliseconds in repetition 23
tcp_ping received 256 bytes back
Round trip time was 2.55911 milliseconds in repetition 24
tcp_ping received 256 bytes back
Round trip time was 1.15062 milliseconds in repetition 25
tcp_ping received 256 bytes back
Round trip time was 2.38362 milliseconds in repetition 26
tcp_ping received 256 bytes back
Round trip time was 1.40286 milliseconds in repetition 27
tcp_ping received 256 bytes back
Round trip time was 2.39183 milliseconds in repetition 28
tcp_ping received 256 bytes back
Round trip time was 2.44476 milliseconds in repetition 29
tcp_ping received 256 bytes back
Round trip time was 2.30199 milliseconds in repetition 30
tcp_ping received 256 bytes back
Round trip time was 2.46324 milliseconds in repetition 31
tcp_ping received 256 bytes back
Round trip time was 2.53133 milliseconds in repetition 32
tcp_ping received 256 bytes back
Round trip time was 2.53471 milliseconds in repetition 33
tcp_ping received 256 bytes back
Round trip time was 1.43988 milliseconds in repetition 34
tcp_ping received 256 bytes back
Round trip time was 2.04185 milliseconds in repetition 35
tcp_ping received 256 bytes back
Round trip time was 2.07366 milliseconds in repetition 36
tcp_ping received 256 bytes back
Round trip time was 2.091 milliseconds in repetition 37
tcp_ping received 256 bytes back
Round trip time was 2.51775 milliseconds in repetition 38
tcp_ping received 256 bytes back
Round trip time was 2.56153 milliseconds in repetition 39
tcp_ping received 256 bytes back
Round trip time was 2.48319 milliseconds in repetition 40
tcp_ping received 256 bytes back
Round trip time was 1.37431 milliseconds in repetition 41
tcp_ping received 256 bytes back
Round trip time was 2.22337 milliseconds in repetition 42
tcp_ping received 256 bytes back
Round trip time was 2.24464 milliseconds in repetition 43
tcp_ping received 256 bytes back
Round trip time was 2.26745 milliseconds in repetition 44
tcp_ping received 256 bytes back
Round trip time was 2.01333 milliseconds in repetition 45
tcp_ping received 256 bytes back
Round trip time was 2.56704 milliseconds in repetition 46
tcp_ping received 256 bytes back
Round trip time was 2.23949 milliseconds in repetition 47
tcp_ping received 256 bytes back
Round trip time was 2.20047 milliseconds in repetition 48
tcp_ping received 256 bytes back
Round trip time was 2.47058 milliseconds in repetition 49
tcp_ping received 256 bytes back
Round trip time was 2.39339 milliseconds in repetition 50
tcp_ping received 256 bytes back
Round trip time was 2.0016 milliseconds in repetition 51
tcp_ping received 256 bytes back
Round trip time was 2.06616 milliseconds in repetition 52
tcp_ping received 256 bytes back
Round trip time was 1.95821 milliseconds in repetition 53
tcp_ping received 256 bytes back
Round trip time was 1.94873 milliseconds in repetition 54
tcp_ping received 256 bytes back
Round trip time was 1.97178 milliseconds in repetition 55
tcp_ping received 256 bytes back
Round trip time was 1.92296 milliseconds in repetition 56
tcp_ping received 256 bytes back
Round trip time was 1.91343 milliseconds in repetition 57
tcp_ping received 256 bytes back
Round trip time was 2.03338 milliseconds in repetition 58
tcp_ping received 256 bytes back
Round trip time was 2.00808 milliseconds in repetition 59
tcp_ping received 256 bytes back
Round trip time was 1.93993 milliseconds in repetition 60
tcp_ping received 256 bytes back
Round trip time was 1.94711 milliseconds in repetition 61
tcp_ping received 256 bytes back
Round trip time was 2.05339 milliseconds in repetition 62
tcp_ping received 256 bytes back
Round trip time was 2.01113 milliseconds in repetition 63
tcp_ping received 256 bytes back
Round trip time was 1.94859 milliseconds in repetition 64
tcp_ping received 256 bytes back
Round trip time was 2.04864 milliseconds in repetition 65
tcp_ping received 256 bytes back
Round trip time was 1.94463 milliseconds in repetition 66
tcp_ping received 256 bytes back
Round trip time was 1.95822 milliseconds in repetition 67
tcp_ping received 256 bytes back
Round trip time was 1.93924 milliseconds in repetition 68
tcp_ping received 256 bytes back
Round trip time was 2.04392 milliseconds in repetition 69
tcp_ping received 256 bytes back
Round trip time was 2.03655 milliseconds in repetition 70
tcp_ping received 256 bytes back
Round trip time was 1.91832 milliseconds in repetition 71
tcp_ping received 256 bytes back
Round trip time was 2.15324 milliseconds in repetition 72
tcp_ping received 256 bytes back
Round trip time was 1.69953 milliseconds in repetition 73
tcp_ping received 256 bytes back
Round trip time was 1.94976 milliseconds in repetition 74
tcp_ping received 256 bytes back
Round trip time was 2.02896 milliseconds in repetition 75
tcp_ping received 256 bytes back
Round trip time was 1.96201 milliseconds in repetition 76
tcp_ping received 256 bytes back
Round trip time was 2.01176 milliseconds in repetition 77
tcp_ping received 256 bytes back
Round trip time was 1.80213 milliseconds in repetition 78
tcp_ping received 256 bytes back
Round trip time was 2.15943 milliseconds in repetition 79
tcp_ping received 256 bytes back
Round trip time was 1.99474 milliseconds in repetition 80
tcp_ping received 256 bytes back
Round trip time was 1.96129 milliseconds in repetition 81
tcp_ping received 256 bytes back
Round trip time was 1.89182 milliseconds in repetition 82
tcp_ping received 256 bytes back
Round trip time was 2.10744 milliseconds in repetition 83
tcp_ping received 256 bytes back
Round trip time was 1.50568 milliseconds in repetition 84
tcp_ping received 256 bytes back
Round trip time was 1.96966 milliseconds in repetition 85
tcp_ping received 256 bytes back
Round trip time was 2.09549 milliseconds in repetition 86
tcp_ping received 256 bytes back
Round trip time was 2.48472 milliseconds in repetition 87
tcp_ping received 256 bytes back
Round trip time was 1.66799 milliseconds in repetition 88
tcp_ping received 256 bytes back
Round trip time was 2.03825 milliseconds in repetition 89
tcp_ping received 256 bytes back
Round trip time was 2.01871 milliseconds in repetition 90
tcp_ping received 256 bytes back
Round trip time was 1.91514 milliseconds in repetition 91
tcp_ping received 256 bytes back
Round trip time was 3.22171 milliseconds in repetition 92
tcp_ping received 256 bytes back
Round trip time was 2.13912 milliseconds in repetition 93
tcp_ping received 256 bytes back
Round trip time was 2.30394 milliseconds in repetition 94
tcp_ping received 256 bytes back
Round trip time was 2.20405 milliseconds in repetition 95
tcp_ping received 256 bytes back
Round trip time was 2.08687 milliseconds in repetition 96
tcp_ping received 256 bytes back
Round trip time was 1.88758 milliseconds in repetition 97
tcp_ping received 256 bytes back
Round trip time was 1.9536 milliseconds in repetition 98
tcp_ping received 256 bytes back
Round trip time was 2.14291 milliseconds in repetition 99
tcp_ping received 256 bytes back
Round trip time was 1.93177 milliseconds in repetition 100
tcp_ping received 256 bytes back
Round trip time was 1.84078 milliseconds in repetition 101
tcp_ping received 256 bytes back
Round trip time was 2.02622 milliseconds in repetition 102
tcp_ping received 256 bytes back
Round trip time was 1.89759 milliseconds in repetition 103
tcp_ping received 256 bytes back
Round trip time was 2.01344 milliseconds in repetition 104
tcp_ping received 256 bytes back
Round trip time was 1.78105 milliseconds in repetition 105
tcp_ping received 256 bytes back
Round trip time was 2.18846 milliseconds in repetition 106
tcp_ping received 256 bytes back
Round trip time was 1.96462 milliseconds in repetition 107
tcp_ping received 256 bytes back
Round trip time was 1.99806 milliseconds in repetition 108
tcp_ping received 256 bytes back
Round trip time was 1.96337 milliseconds in repetition 109
tcp_ping received 256 bytes back
Round trip time was 2.06456 milliseconds in repetition 110
tcp_ping received 256 bytes back
Round trip time was 1.95222 milliseconds in repetition 111
tcp_ping received 256 bytes back
Round trip time was 2.06409 milliseconds in repetition 112
tcp_ping received 256 bytes back
Round trip time was 1.60643 milliseconds in repetition 113
tcp_ping received 256 bytes back
Round trip time was 1.01478 milliseconds in repetition 114
tcp_ping received 256 bytes back
Round trip time was 2.09274 milliseconds in repetition 115
tcp_ping received 256 bytes back
Round trip time was 2.08355 milliseconds in repetition 116
tcp_ping received 256 bytes back
Round trip time was 2.12016 milliseconds in repetition 117
tcp_ping received 256 bytes back
Round trip time was 2.13777 milliseconds in repetition 118
tcp_ping received 256 bytes back
Round trip time was 2.48626 milliseconds in repetition 119
tcp_ping received 256 bytes back
Round trip time was 2.16297 milliseconds in repetition 120
tcp_ping received 256 bytes back
Round trip time was 1.74359 milliseconds in repetition 121
tcp_ping received 256 bytes back
Round trip time was 2.08867 milliseconds in repetition 122
tcp_ping received 256 bytes back
Round trip time was 2.06981 milliseconds in repetition 123
tcp_ping received 256 bytes back
Round trip time was 2.25839 milliseconds in repetition 124
tcp_ping received 256 bytes back
Round trip time was 2.22668 milliseconds in repetition 125
tcp_ping received 256 bytes back
Round trip time was 2.05861 milliseconds in repetition 126
tcp_ping received 256 bytes back
Round trip time was 1.94981 milliseconds in repetition 127
tcp_ping received 256 bytes back
Round trip time was 1.94591 milliseconds in repetition 128
tcp_ping received 256 bytes back
Round trip time was 1.25048 milliseconds in repetition 129
tcp_ping received 256 bytes back
Round trip time was 2.05256 milliseconds in repetition 130
tcp_ping received 256 bytes back
Round trip time was 2.01736 milliseconds in repetition 131
tcp_ping received 256 bytes back
Round trip time was 2.07839 milliseconds in repetition 132
tcp_ping received 256 bytes back
Round trip time was 1.98771 milliseconds in repetition 133
tcp_ping received 256 bytes back
Round trip time was 1.94236 milliseconds in repetition 134
tcp_ping received 256 bytes back
Round trip time was 2.00314 milliseconds in repetition 135
tcp_ping received 256 bytes back
Round trip time was 1.97447 milliseconds in repetition 136
tcp_ping received 256 bytes back
Round trip time was 1.88175 milliseconds in repetition 137
tcp_ping received 256 bytes back
Round trip time was 2.00018 milliseconds in repetition 138
tcp_ping received 256 bytes back
Round trip time was 1.95742 milliseconds in repetition 139
tcp_ping received 256 bytes back
Round trip time was 2.05363 milliseconds in repetition 140
tcp_ping received 256 bytes back
Round trip time was 1.47246 milliseconds in repetition 141
tcp_ping received 256 bytes back
Round trip time was 2.22549 milliseconds in repetition 142
tcp_ping received 256 bytes back
Round trip time was 0.830857 milliseconds in repetition 143
tcp_ping received 256 bytes back
Round trip time was 1.02469 milliseconds in repetition 144
tcp_ping received 256 bytes back
Round trip time was 1.9894 milliseconds in repetition 145
tcp_ping received 256 bytes back
Round trip time was 2.15749 milliseconds in repetition 146
tcp_ping received 256 bytes back
Round trip time was 2.03598 milliseconds in repetition 147
tcp_ping received 256 bytes back
Round trip time was 1.90416 milliseconds in repetition 148
tcp_ping received 256 bytes back
Round trip time was 1.93721 milliseconds in repetition 149
tcp_ping received 256 bytes back
Round trip time was 1.78385 milliseconds in repetition 150
tcp_ping received 256 bytes back
Round trip time was 2.08757 milliseconds in repetition 151
tcp_ping received 256 bytes back
Round trip time was 1.83364 milliseconds in repetition 152
tcp_ping received 256 bytes back
Round trip time was 2.13333 milliseconds in repetition 153
tcp_ping received 256 bytes back
Round trip time was 2.81064 milliseconds in repetition 154
tcp_ping received 256 bytes back
Round trip time was 2.01831 milliseconds in repetition 155
tcp_ping received 256 bytes back
Round trip time was 0.965333 milliseconds in repetition 156
tcp_ping received 256 bytes back
Round trip time was 2.34197 milliseconds in repetition 157
tcp_ping received 256 bytes back
Round trip time was 1.99921 milliseconds in repetition 158
tcp_ping received 256 bytes back
Round trip time was 2.30011 milliseconds in repetition 159
tcp_ping received 256 bytes back
Round trip time was 3.62265 milliseconds in repetition 160
tcp_ping received 256 bytes back
Round trip time was 2.01059 milliseconds in repetition 161
tcp_ping received 256 bytes back
Round trip time was 2.08445 milliseconds in repetition 162
tcp_ping received 256 bytes back
Round trip time was 1.44244 milliseconds in repetition 163
tcp_ping received 256 bytes back
Round trip time was 1.13825 milliseconds in repetition 164
tcp_ping received 256 bytes back
Round trip time was 1.87329 milliseconds in repetition 165
tcp_ping received 256 bytes back
Round trip time was 1.88696 milliseconds in repetition 166
tcp_ping received 256 bytes back
Round trip time was 2.36851 milliseconds in repetition 167
tcp_ping received 256 bytes back
Round trip time was 2.26456 milliseconds in repetition 168
tcp_ping received 256 bytes back
Round trip time was 2.5527 milliseconds in repetition 169
tcp_ping received 256 bytes back
Round trip time was 2.16693 milliseconds in repetition 170
tcp_ping received 256 bytes back
Round trip time was 2.04374 milliseconds in repetition 171
tcp_ping received 256 bytes back
Round trip time was 1.59884 milliseconds in repetition 172
tcp_ping received 256 bytes back
Round trip time was 2.26854 milliseconds in repetition 173
tcp_ping received 256 bytes back
Round trip time was 2.17622 milliseconds in repetition 174
tcp_ping received 256 bytes back
Round trip time was 1.96883 milliseconds in repetition 175
tcp_ping received 256 bytes back
Round trip time was 2.01266 milliseconds in repetition 176
tcp_ping received 256 bytes back
Round trip time was 1.72913 milliseconds in repetition 177
tcp_ping received 256 bytes back
Round trip time was 2.10216 milliseconds in repetition 178
tcp_ping received 256 bytes back
Round trip time was 1.40479 milliseconds in repetition 179
tcp_ping received 256 bytes back
Round trip time was 2.11436 milliseconds in repetition 180
tcp_ping received 256 bytes back
Round trip time was 1.90873 milliseconds in repetition 181
tcp_ping received 256 bytes back
Round trip time was 2.22584 milliseconds in repetition 182
tcp_ping received 256 bytes back
Round trip time was 2.01696 milliseconds in repetition 183
tcp_ping received 256 bytes back
Round trip time was 1.99269 milliseconds in repetition 184
tcp_ping received 256 bytes back
Round trip time was 1.77411 milliseconds in repetition 185
tcp_ping received 256 bytes back
Round trip time was 2.04376 milliseconds in repetition 186
tcp_ping received 256 bytes back
Round trip time was 2.19278 milliseconds in repetition 187
tcp_ping received 256 bytes back
Round trip time was 2.04483 milliseconds in repetition 188
tcp_ping received 256 bytes back
Round trip time was 1.90475 milliseconds in repetition 189
tcp_ping received 256 bytes back
Round trip time was 2.02661 milliseconds in repetition 190
tcp_ping received 256 bytes back
Round trip time was 1.85373 milliseconds in repetition 191
tcp_ping received 256 bytes back
Round trip time was 2.01367 milliseconds in repetition 192
tcp_ping received 256 bytes back
Round trip time was 1.59117 milliseconds in repetition 193
tcp_ping received 256 bytes back
Round trip time was 2.35389 milliseconds in repetition 194
tcp_ping received 256 bytes back
Round trip time was 1.78588 milliseconds in repetition 195
tcp_ping received 256 bytes back
Round trip time was 2.12113 milliseconds in repetition 196
tcp_ping received 256 bytes back
Round trip time was 1.50226 milliseconds in repetition 197
tcp_ping received 256 bytes back
Round trip time was 1.95676 milliseconds in repetition 198
tcp_ping received 256 bytes back
Round trip time was 2.30343 milliseconds in repetition 199
tcp_ping received 256 bytes back
Round trip time was 2.03172 milliseconds in repetition 200
tcp_ping received 256 bytes back
Round trip time was 2.11227 milliseconds in repetition 201
tcp_ping received 256 bytes back
Round trip time was 2.105 milliseconds in repetition 202
tcp_ping received 256 bytes back
Round trip time was 1.98109 milliseconds in repetition 203
tcp_ping received 256 bytes back
Round trip time was 2.0723 milliseconds in repetition 204
tcp_ping received 256 bytes back
Round trip time was 1.91954 milliseconds in repetition 205
tcp_ping received 256 bytes back
Round trip time was 1.94685 milliseconds in repetition 206
tcp_ping received 256 bytes back
Round trip time was 2.0003 milliseconds in repetition 207
tcp_ping received 256 bytes back
Round trip time was 1.94594 milliseconds in repetition 208
tcp_ping received 256 bytes back
Round trip time was 1.93988 milliseconds in repetition 209
tcp_ping received 256 bytes back
Round trip time was 1.98549 milliseconds in repetition 210
tcp_ping received 256 bytes back
Round trip time was 1.93579 milliseconds in repetition 211
tcp_ping received 256 bytes back
Round trip time was 2.01074 milliseconds in repetition 212
tcp_ping received 256 bytes back
Round trip time was 1.96247 milliseconds in repetition 213
tcp_ping received 256 bytes back
Round trip time was 2.00445 milliseconds in repetition 214
tcp_ping received 256 bytes back
Round trip time was 1.92744 milliseconds in repetition 215
tcp_ping received 256 bytes back
Round trip time was 2.36124 milliseconds in repetition 216
tcp_ping received 256 bytes back
Round trip time was 2.11993 milliseconds in repetition 217
tcp_ping received 256 bytes back
Round trip time was 1.89915 milliseconds in repetition 218
tcp_ping received 256 bytes back
Round trip time was 1.9315 milliseconds in repetition 219
tcp_ping received 256 bytes back
Round trip time was 1.91695 milliseconds in repetition 220
tcp_ping received 256 bytes back
Round trip time was 1.49704 milliseconds in repetition 221
tcp_ping received 256 bytes back
Round trip time was 1.92487 milliseconds in repetition 222
tcp_ping received 256 bytes back
Round trip time was 2.16859 milliseconds in repetition 223
tcp_ping received 256 bytes back
Round trip time was 2.13759 milliseconds in repetition 224
tcp_ping received 256 bytes back
Round trip time was 1.98886 milliseconds in repetition 225
tcp_ping received 256 bytes back
Round trip time was 1.94383 milliseconds in repetition 226
tcp_ping received 256 bytes back
Round trip time was 1.9374 milliseconds in repetition 227
tcp_ping received 256 bytes back
Round trip time was 1.97573 milliseconds in repetition 228
tcp_ping received 256 bytes back
Round trip time was 1.86089 milliseconds in repetition 229
tcp_ping received 256 bytes back
Round trip time was 2.05793 milliseconds in repetition 230
tcp_ping received 256 bytes back
Round trip time was 1.97284 milliseconds in repetition 231
tcp_ping received 256 bytes back
Round trip time was 1.97414 milliseconds in repetition 232
tcp_ping received 256 bytes back
Round trip time was 1.56996 milliseconds in repetition 233
tcp_ping received 256 bytes back
Round trip time was 2.09493 milliseconds in repetition 234
tcp_ping received 256 bytes back
Round trip time was 2.02173 milliseconds in repetition 235
tcp_ping received 256 bytes back
Round trip time was 1.98933 milliseconds in repetition 236
tcp_ping received 256 bytes back
Round trip time was 2.1947 milliseconds in repetition 237
tcp_ping received 256 bytes back
Round trip time was 1.99375 milliseconds in repetition 238
tcp_ping received 256 bytes back
Round trip time was 1.98692 milliseconds in repetition 239
tcp_ping received 256 bytes back
Round trip time was 1.94664 milliseconds in repetition 240
tcp_ping received 256 bytes back
Round trip time was 1.54718 milliseconds in repetition 241
tcp_ping received 256 bytes back
Round trip time was 1.91246 milliseconds in repetition 242
tcp_ping received 256 bytes back
Round trip time was 2.33278 milliseconds in repetition 243
tcp_ping received 256 bytes back
Round trip time was 2.11122 milliseconds in repetition 244
tcp_ping received 256 bytes back
Round trip time was 2.12283 milliseconds in repetition 245
tcp_ping received 256 bytes back
Round trip time was 1.91082 milliseconds in repetition 246
tcp_ping received 256 bytes back
Round trip time was 1.66772 milliseconds in repetition 247
tcp_ping received 256 bytes back
Round trip time was 2.17462 milliseconds in repetition 248
tcp_ping received 256 bytes back
Round trip time was 1.68904 milliseconds in repetition 249
tcp_ping received 256 bytes back
Round trip time was 2.0411 milliseconds in repetition 250
tcp_ping received 256 bytes back
Round trip time was 2.21365 milliseconds in repetition 251
tcp_ping received 256 bytes back
Round trip time was 2.03832 milliseconds in repetition 252
tcp_ping received 256 bytes back
Round trip time was 1.97898 milliseconds in repetition 253
tcp_ping received 256 bytes back
Round trip time was 2.01917 milliseconds in repetition 254
tcp_ping received 256 bytes back
Round trip time was 1.8553 milliseconds in repetition 255
tcp_ping received 256 bytes back
Round trip time was 1.95865 milliseconds in repetition 256
tcp_ping received 256 bytes back
Round trip time was 1.97704 milliseconds in repetition 257
tcp_ping received 256 bytes back
Round trip time was 2.20362 milliseconds in repetition 258
tcp_ping received 256 bytes back
Round trip time was 2.25881 milliseconds in repetition 259
tcp_ping received 256 bytes back
Round trip time was 2.54585 milliseconds in repetition 260
tcp_ping received 256 bytes back
Round trip time was 2.53853 milliseconds in repetition 261
tcp_ping received 256 bytes back
Round trip time was 2.4865 milliseconds in repetition 262
tcp_ping received 256 bytes back
Round trip time was 2.54848 milliseconds in repetition 263
tcp_ping received 256 bytes back
Round trip time was 1.1478 milliseconds in repetition 264
tcp_ping received 256 bytes back
Round trip time was 2.07431 milliseconds in repetition 265
tcp_ping received 256 bytes back
Round trip time was 2.0268 milliseconds in repetition 266
tcp_ping received 256 bytes back
Round trip time was 2.06624 milliseconds in repetition 267
tcp_ping received 256 bytes back
Round trip time was 1.94617 milliseconds in repetition 268
tcp_ping received 256 bytes back
Round trip time was 1.92334 milliseconds in repetition 269
tcp_ping received 256 bytes back
Round trip time was 1.98715 milliseconds in repetition 270
tcp_ping received 256 bytes back
Round trip time was 1.7171 milliseconds in repetition 271
tcp_ping received 256 bytes back
Round trip time was 2.20893 milliseconds in repetition 272
tcp_ping received 256 bytes back
Round trip time was 2.20067 milliseconds in repetition 273
tcp_ping received 256 bytes back
Round trip time was 1.94064 milliseconds in repetition 274
tcp_ping received 256 bytes back
Round trip time was 2.16191 milliseconds in repetition 275
tcp_ping received 256 bytes back
Round trip time was 1.59681 milliseconds in repetition 276
tcp_ping received 256 bytes back
Round trip time was 2.03502 milliseconds in repetition 277
tcp_ping received 256 bytes back
Round trip time was 2.08151 milliseconds in repetition 278
tcp_ping received 256 bytes back
Round trip time was 1.76387 milliseconds in repetition 279
tcp_ping received 256 bytes back
Round trip time was 1.95362 milliseconds in repetition 280
tcp_ping received 256 bytes back
Round trip time was 2.06119 milliseconds in repetition 281
tcp_ping received 256 bytes back
Round trip time was 1.95832 milliseconds in repetition 282
tcp_ping received 256 bytes back
Round trip time was 0.783358 milliseconds in repetition 283
tcp_ping received 256 bytes back
Round trip time was 1.12763 milliseconds in repetition 284
tcp_ping received 256 bytes back
Round trip time was 1.78002 milliseconds in repetition 285
tcp_ping received 256 bytes back
Round trip time was 2.16937 milliseconds in repetition 286
tcp_ping received 256 bytes back
Round trip time was 2.01809 milliseconds in repetition 287
tcp_ping received 256 bytes back
Round trip time was 2.02046 milliseconds in repetition 288
tcp_ping received 256 bytes back
Round trip time was 0.962366 milliseconds in repetition 289
tcp_ping received 256 bytes back
Round trip time was 2.36978 milliseconds in repetition 290
tcp_ping received 256 bytes back
Round trip time was 2.2235 milliseconds in repetition 291
tcp_ping received 256 bytes back
Round trip time was 2.43931 milliseconds in repetition 292
tcp_ping received 256 bytes back
Round trip time was 1.81099 milliseconds in repetition 293
tcp_ping received 256 bytes back
Round trip time was 2.11854 milliseconds in repetition 294
tcp_ping received 256 bytes back
Round trip time was 1.95105 milliseconds in repetition 295
tcp_ping received 256 bytes back
Round trip time was 1.95746 milliseconds in repetition 296
tcp_ping received 256 bytes back
Round trip time was 1.70794 milliseconds in repetition 297
tcp_ping received 256 bytes back
Round trip time was 2.14481 milliseconds in repetition 298
tcp_ping received 256 bytes back
Round trip time was 2.07931 milliseconds in repetition 299
tcp_ping received 256 bytes back
Round trip time was 2.0428 milliseconds in repetition 300
tcp_ping received 256 bytes back
Round trip time was 1.8472 milliseconds in repetition 301
tcp_ping received 256 bytes back
Round trip time was 2.16278 milliseconds in repetition 302
tcp_ping received 256 bytes back
Round trip time was 1.96894 milliseconds in repetition 303
tcp_ping received 256 bytes back
Round trip time was 1.93351 milliseconds in repetition 304
tcp_ping received 256 bytes back
Round trip time was 1.64018 milliseconds in repetition 305
tcp_ping received 256 bytes back
Round trip time was 2.14754 milliseconds in repetition 306
tcp_ping received 256 bytes back
Round trip time was 1.891 milliseconds in repetition 307
tcp_ping received 256 bytes back
Round trip time was 2.18046 milliseconds in repetition 308
tcp_ping received 256 bytes back
Round trip time was 1.97355 milliseconds in repetition 309
tcp_ping received 256 bytes back
Round trip time was 1.95521 milliseconds in repetition 310
tcp_ping received 256 bytes back
Round trip time was 2.00264 milliseconds in repetition 311
tcp_ping received 256 bytes back
Round trip time was 1.90267 milliseconds in repetition 312
tcp_ping received 256 bytes back
Round trip time was 1.91827 milliseconds in repetition 313
tcp_ping received 256 bytes back
Round trip time was 1.95832 milliseconds in repetition 314
tcp_ping received 256 bytes back
Round trip time was 1.76884 milliseconds in repetition 315
tcp_ping received 256 bytes back
Round trip time was 2.84043 milliseconds in repetition 316
tcp_ping received 256 bytes back
Round trip time was 2.16373 milliseconds in repetition 317
tcp_ping received 256 bytes back
Round trip time was 2.01452 milliseconds in repetition 318
tcp_ping received 256 bytes back
Round trip time was 2.0653 milliseconds in repetition 319
tcp_ping received 256 bytes back
Round trip time was 2.0234 milliseconds in repetition 320
tcp_ping received 256 bytes back
Round trip time was 2.0495 milliseconds in repetition 321
tcp_ping received 256 bytes back
Round trip time was 1.967 milliseconds in repetition 322
tcp_ping received 256 bytes back
Round trip time was 2.59536 milliseconds in repetition 323
tcp_ping received 256 bytes back
Round trip time was 2.38975 milliseconds in repetition 324
tcp_ping received 256 bytes back
Round trip time was 1.92998 milliseconds in repetition 325
tcp_ping received 256 bytes back
Round trip time was 1.99564 milliseconds in repetition 326
tcp_ping received 256 bytes back
Round trip time was 1.96956 milliseconds in repetition 327
tcp_ping received 256 bytes back
Round trip time was 1.93132 milliseconds in repetition 328
tcp_ping received 256 bytes back
Round trip time was 1.92146 milliseconds in repetition 329
tcp_ping received 256 bytes back
Round trip time was 2.02221 milliseconds in repetition 330
tcp_ping received 256 bytes back
Round trip time was 1.90495 milliseconds in repetition 331
tcp_ping received 256 bytes back
Round trip time was 1.92353 milliseconds in repetition 332
tcp_ping received 256 bytes back
Round trip time was 1.97174 milliseconds in repetition 333
tcp_ping received 256 bytes back
Round trip time was 1.76291 milliseconds in repetition 334
tcp_ping received 256 bytes back
Round trip time was 1.92133 milliseconds in repetition 335
tcp_ping received 256 bytes back
Round trip time was 2.005 milliseconds in repetition 336
tcp_ping received 256 bytes back
Round trip time was 1.94443 milliseconds in repetition 337
tcp_ping received 256 bytes back
Round trip time was 0.933761 milliseconds in repetition 338
tcp_ping received 256 bytes back
Round trip time was 1.0782 milliseconds in repetition 339
tcp_ping received 256 bytes back
Round trip time was 2.10561 milliseconds in repetition 340
tcp_ping received 256 bytes back
Round trip time was 1.88246 milliseconds in repetition 341
tcp_ping received 256 bytes back
Round trip time was 1.92357 milliseconds in repetition 342
tcp_ping received 256 bytes back
Round trip time was 1.91196 milliseconds in repetition 343
tcp_ping received 256 bytes back
Round trip time was 2.39384 milliseconds in repetition 344
tcp_ping received 256 bytes back
Round trip time was 2.05759 milliseconds in repetition 345
tcp_ping received 256 bytes back
Round trip time was 2.01097 milliseconds in repetition 346
tcp_ping received 256 bytes back
Round trip time was 1.10423 milliseconds in repetition 347
tcp_ping received 256 bytes back
Round trip time was 1.92957 milliseconds in repetition 348
tcp_ping received 256 bytes back
Round trip time was 1.9656 milliseconds in repetition 349
tcp_ping received 256 bytes back
Round trip time was 2.16111 milliseconds in repetition 350
tcp_ping received 256 bytes back
Round trip time was 2.50422 milliseconds in repetition 351
tcp_ping received 256 bytes back
Round trip time was 1.92449 milliseconds in repetition 352
tcp_ping received 256 bytes back
Round trip time was 2.04241 milliseconds in repetition 353
tcp_ping received 256 bytes back
Round trip time was 1.94622 milliseconds in repetition 354
tcp_ping received 256 bytes back
Round trip time was 1.86098 milliseconds in repetition 355
tcp_ping received 256 bytes back
Round trip time was 2.01212 milliseconds in repetition 356
tcp_ping received 256 bytes back
Round trip time was 2.12557 milliseconds in repetition 357
tcp_ping received 256 bytes back
Round trip time was 2.03217 milliseconds in repetition 358
tcp_ping received 256 bytes back
Round trip time was 2.11008 milliseconds in repetition 359
tcp_ping received 256 bytes back
Round trip time was 1.93025 milliseconds in repetition 360
tcp_ping received 256 bytes back
Round trip time was 1.91009 milliseconds in repetition 361
tcp_ping received 256 bytes back
Round trip time was 1.99629 milliseconds in repetition 362
tcp_ping received 256 bytes back
Round trip time was 1.96764 milliseconds in repetition 363
tcp_ping received 256 bytes back
Round trip time was 1.89978 milliseconds in repetition 364
tcp_ping received 256 bytes back
Round trip time was 2.00494 milliseconds in repetition 365
tcp_ping received 256 bytes back
Round trip time was 1.90102 milliseconds in repetition 366
tcp_ping received 256 bytes back
Round trip time was 2.20117 milliseconds in repetition 367
tcp_ping received 256 bytes back
Round trip time was 2.4173 milliseconds in repetition 368
tcp_ping received 256 bytes back
Round trip time was 2.36135 milliseconds in repetition 369
tcp_ping received 256 bytes back
Round trip time was 2.22927 milliseconds in repetition 370
tcp_ping received 256 bytes back
Round trip time was 2.25463 milliseconds in repetition 371
tcp_ping received 256 bytes back
Round trip time was 2.39898 milliseconds in repetition 372
tcp_ping received 256 bytes back
Round trip time was 2.36375 milliseconds in repetition 373
tcp_ping received 256 bytes back
Round trip time was 1.83516 milliseconds in repetition 374
tcp_ping received 256 bytes back
Round trip time was 2.52341 milliseconds in repetition 375
tcp_ping received 256 bytes back
Round trip time was 1.3365 milliseconds in repetition 376
tcp_ping received 256 bytes back
Round trip time was 2.26911 milliseconds in repetition 377
tcp_ping received 256 bytes back
Round trip time was 2.61561 milliseconds in repetition 378
tcp_ping received 256 bytes back
Round trip time was 2.43452 milliseconds in repetition 379
tcp_ping received 256 bytes back
Round trip time was 2.47272 milliseconds in repetition 380
tcp_ping received 256 bytes back
Round trip time was 2.12033 milliseconds in repetition 381
tcp_ping received 256 bytes back
Round trip time was 2.52383 milliseconds in repetition 382
tcp_ping received 256 bytes back
Round trip time was 1.45519 milliseconds in repetition 383
tcp_ping received 256 bytes back
Round trip time was 2.32251 milliseconds in repetition 384
tcp_ping received 256 bytes back
Round trip time was 1.45896 milliseconds in repetition 385
tcp_ping received 256 bytes back
Round trip time was 2.02717 milliseconds in repetition 386
tcp_ping received 256 bytes back
Round trip time was 2.18707 milliseconds in repetition 387
tcp_ping received 256 bytes back
Round trip time was 2.02445 milliseconds in repetition 388
tcp_ping received 256 bytes back
Round trip time was 1.96027 milliseconds in repetition 389
tcp_ping received 256 bytes back
Round trip time was 2.08317 milliseconds in repetition 390
tcp_ping received 256 bytes back
Round trip time was 2.18627 milliseconds in repetition 391
tcp_ping received 256 bytes back
Round trip time was 2.07539 milliseconds in repetition 392
tcp_ping received 256 bytes back
Round trip time was 1.47126 milliseconds in repetition 393
tcp_ping received 256 bytes back
Round trip time was 2.07382 milliseconds in repetition 394
tcp_ping received 256 bytes back
Round trip time was 0.971697 milliseconds in repetition 395
tcp_ping received 256 bytes back
Round trip time was 2.26557 milliseconds in repetition 396
tcp_ping received 256 bytes back
Round trip time was 2.38455 milliseconds in repetition 397
tcp_ping received 256 bytes back
Round trip time was 2.14511 milliseconds in repetition 398
tcp_ping received 256 bytes back
Round trip time was 2.41332 milliseconds in repetition 399
tcp_ping received 256 bytes back
Round trip time was 2.18451 milliseconds in repetition 400
tcp_ping received 256 bytes back
Round trip time was 0.745822 milliseconds in repetition 401
tcp_ping received 256 bytes back
Round trip time was 2.49444 milliseconds in repetition 402
tcp_ping received 256 bytes back
Round trip time was 2.04526 milliseconds in repetition 403
tcp_ping received 256 bytes back
Round trip time was 2.48748 milliseconds in repetition 404
tcp_ping received 256 bytes back
Round trip time was 1.48773 milliseconds in repetition 405
tcp_ping received 256 bytes back
Round trip time was 2.62867 milliseconds in repetition 406
tcp_ping received 256 bytes back
Round trip time was 2.08288 milliseconds in repetition 407
tcp_ping received 256 bytes back
Round trip time was 2.23101 milliseconds in repetition 408
tcp_ping received 256 bytes back
Round trip time was 2.00625 milliseconds in repetition 409
tcp_ping received 256 bytes back
Round trip time was 2.01956 milliseconds in repetition 410
tcp_ping received 256 bytes back
Round trip time was 1.39179 milliseconds in repetition 411
tcp_ping received 256 bytes back
Round trip time was 2.11508 milliseconds in repetition 412
tcp_ping received 256 bytes back
Round trip time was 0.838611 milliseconds in repetition 413
tcp_ping received 256 bytes back
Round trip time was 2.09266 milliseconds in repetition 414
tcp_ping received 256 bytes back
Round trip time was 2.10849 milliseconds in repetition 415
tcp_ping received 256 bytes back
Round trip time was 1.98877 milliseconds in repetition 416
tcp_ping received 256 bytes back
Round trip time was 1.94347 milliseconds in repetition 417
tcp_ping received 256 bytes back
Round trip time was 1.97263 milliseconds in repetition 418
tcp_ping received 256 bytes back
Round trip time was 2.11953 milliseconds in repetition 419
tcp_ping received 256 bytes back
Round trip time was 1.27118 milliseconds in repetition 420
tcp_ping received 256 bytes back
Round trip time was 2.30126 milliseconds in repetition 421
tcp_ping received 256 bytes back
Round trip time was 2.29484 milliseconds in repetition 422
tcp_ping received 256 bytes back
Round trip time was 1.78623 milliseconds in repetition 423
tcp_ping received 256 bytes back
Round trip time was 2.15366 milliseconds in repetition 424
tcp_ping received 256 bytes back
Round trip time was 1.96984 milliseconds in repetition 425
tcp_ping received 256 bytes back
Round trip time was 2.10714 milliseconds in repetition 426
tcp_ping received 256 bytes back
Round trip time was 2.09073 milliseconds in repetition 427
tcp_ping received 256 bytes back
Round trip time was 1.6892 milliseconds in repetition 428
tcp_ping received 256 bytes back
Round trip time was 2.29494 milliseconds in repetition 429
tcp_ping received 256 bytes back
Round trip time was 2.02537 milliseconds in repetition 430
tcp_ping received 256 bytes back
Round trip time was 1.94523 milliseconds in repetition 431
tcp_ping received 256 bytes back
Round trip time was 2.03387 milliseconds in repetition 432
tcp_ping received 256 bytes back
Round trip time was 1.90828 milliseconds in repetition 433
tcp_ping received 256 bytes back
Round trip time was 1.8973 milliseconds in repetition 434
tcp_ping received 256 bytes back
Round trip time was 1.89606 milliseconds in repetition 435
tcp_ping received 256 bytes back
Round trip time was 1.9389 milliseconds in repetition 436
tcp_ping received 256 bytes back
Round trip time was 1.72826 milliseconds in repetition 437
tcp_ping received 256 bytes back
Round trip time was 2.48194 milliseconds in repetition 438
tcp_ping received 256 bytes back
Round trip time was 1.96119 milliseconds in repetition 439
tcp_ping received 256 bytes back
Round trip time was 1.9388 milliseconds in repetition 440
tcp_ping received 256 bytes back
Round trip time was 1.90028 milliseconds in repetition 441
tcp_ping received 256 bytes back
Round trip time was 1.97754 milliseconds in repetition 442
tcp_ping received 256 bytes back
Round trip time was 1.95899 milliseconds in repetition 443
tcp_ping received 256 bytes back
Round trip time was 2.09533 milliseconds in repetition 444
tcp_ping received 256 bytes back
Round trip time was 0.823433 milliseconds in repetition 445
tcp_ping received 256 bytes back
Round trip time was 2.52801 milliseconds in repetition 446
tcp_ping received 256 bytes back
Round trip time was 2.45786 milliseconds in repetition 447
tcp_ping received 256 bytes back
Round trip time was 1.969 milliseconds in repetition 448
tcp_ping received 256 bytes back
Round trip time was 1.89372 milliseconds in repetition 449
tcp_ping received 256 bytes back
Round trip time was 2.07505 milliseconds in repetition 450
tcp_ping received 256 bytes back
Round trip time was 1.94131 milliseconds in repetition 451
tcp_ping received 256 bytes back
Round trip time was 2.0506 milliseconds in repetition 452
tcp_ping received 256 bytes back
Round trip time was 1.91998 milliseconds in repetition 453
tcp_ping received 256 bytes back
Round trip time was 2.05026 milliseconds in repetition 454
tcp_ping received 256 bytes back
Round trip time was 2.01898 milliseconds in repetition 455
tcp_ping received 256 bytes back
Round trip time was 1.91962 milliseconds in repetition 456
tcp_ping received 256 bytes back
Round trip time was 1.92319 milliseconds in repetition 457
tcp_ping received 256 bytes back
Round trip time was 2.01371 milliseconds in repetition 458
tcp_ping received 256 bytes back
Round trip time was 1.89517 milliseconds in repetition 459
tcp_ping received 256 bytes back
Round trip time was 2.05897 milliseconds in repetition 460
tcp_ping received 256 bytes back
Round trip time was 2.07318 milliseconds in repetition 461
tcp_ping received 256 bytes back
Round trip time was 2.02033 milliseconds in repetition 462
tcp_ping received 256 bytes back
Round trip time was 1.92931 milliseconds in repetition 463
tcp_ping received 256 bytes back
Round trip time was 1.94008 milliseconds in repetition 464
tcp_ping received 256 bytes back
Round trip time was 1.54231 milliseconds in repetition 465
tcp_ping received 256 bytes back
Round trip time was 2.32685 milliseconds in repetition 466
tcp_ping received 256 bytes back
Round trip time was 2.04538 milliseconds in repetition 467
tcp_ping received 256 bytes back
Round trip time was 2.05601 milliseconds in repetition 468
tcp_ping received 256 bytes back
Round trip time was 1.96184 milliseconds in repetition 469
tcp_ping received 256 bytes back
Round trip time was 0.966211 milliseconds in repetition 470
tcp_ping received 256 bytes back
Round trip time was 2.35356 milliseconds in repetition 471
tcp_ping received 256 bytes back
Round trip time was 2.51208 milliseconds in repetition 472
tcp_ping received 256 bytes back
Round trip time was 1.96147 milliseconds in repetition 473
tcp_ping received 256 bytes back
Round trip time was 2.07547 milliseconds in repetition 474
tcp_ping received 256 bytes back
Round trip time was 1.97582 milliseconds in repetition 475
tcp_ping received 256 bytes back
Round trip time was 1.93547 milliseconds in repetition 476
tcp_ping received 256 bytes back
Round trip time was 2.0064 milliseconds in repetition 477
tcp_ping received 256 bytes back
Round trip time was 1.74677 milliseconds in repetition 478
tcp_ping received 256 bytes back
Round trip time was 2.13105 milliseconds in repetition 479
tcp_ping received 256 bytes back
Round trip time was 2.03218 milliseconds in repetition 480
tcp_ping received 256 bytes back
Round trip time was 1.98681 milliseconds in repetition 481
tcp_ping received 256 bytes back
Round trip time was 2.50055 milliseconds in repetition 482
tcp_ping received 256 bytes back
Round trip time was 2.53932 milliseconds in repetition 483
tcp_ping received 256 bytes back
Round trip time was 2.52738 milliseconds in repetition 484
tcp_ping received 256 bytes back
Round trip time was 2.41401 milliseconds in repetition 485
tcp_ping received 256 bytes back
Round trip time was 2.44712 milliseconds in repetition 486
tcp_ping received 256 bytes back
Round trip time was 2.21596 milliseconds in repetition 487
tcp_ping received 256 bytes back
Round trip time was 0.93585 milliseconds in repetition 488
tcp_ping received 256 bytes back
Round trip time was 2.65746 milliseconds in repetition 489
tcp_ping received 256 bytes back
Round trip time was 2.34878 milliseconds in repetition 490
tcp_ping received 256 bytes back
Round trip time was 2.47298 milliseconds in repetition 491
tcp_ping received 256 bytes back
Round trip time was 2.16652 milliseconds in repetition 492
tcp_ping received 256 bytes back
Round trip time was 1.74419 milliseconds in repetition 493
tcp_ping received 256 bytes back
Round trip time was 2.38702 milliseconds in repetition 494
tcp_ping received 256 bytes back
Round trip time was 2.35588 milliseconds in repetition 495
tcp_ping received 256 bytes back
Round trip time was 2.44844 milliseconds in repetition 496
tcp_ping received 256 bytes back
Round trip time was 2.55665 milliseconds in repetition 497
tcp_ping received 256 bytes back
Round trip time was 2.51171 milliseconds in repetition 498
tcp_ping received 256 bytes back
Round trip time was 2.0756 milliseconds in repetition 499
tcp_ping received 256 bytes back
Round trip time was 2.22645 milliseconds in repetition 500
tcp_ping received 256 bytes back
Round trip time was 2.26227 milliseconds in repetition 501

 ... clock resolution was 1e-06
TCP Ping:  Statistics over 501 repetitions of 256 byte messages

RTT : percentile 10: 1.68904, median: 2.01831, percentile 90: 2.4173, average: 2.02007, variance: 0.115298

RTT histogram:
   overall Throughput : 253.457 KB/s

