TCP Ping trying to connect to server 192.168.1.110 (192.168.1.110) on port 1491
 ... connected to Pong server: asking for 501 repetitions of 128 bytes TCP messages
 ... Pong server agreed :-)
tcp_ping received 128 bytes back
Round trip time was 1.95404 milliseconds in repetition 1
tcp_ping received 128 bytes back
Round trip time was 0.916913 milliseconds in repetition 2
tcp_ping received 128 bytes back
Round trip time was 2.00112 milliseconds in repetition 3
tcp_ping received 128 bytes back
Round trip time was 2.18757 milliseconds in repetition 4
tcp_ping received 128 bytes back
Round trip time was 2.10187 milliseconds in repetition 5
tcp_ping received 128 bytes back
Round trip time was 1.99161 milliseconds in repetition 6
tcp_ping received 128 bytes back
Round trip time was 2.32403 milliseconds in repetition 7
tcp_ping received 128 bytes back
Round trip time was 1.39711 milliseconds in repetition 8
tcp_ping received 128 bytes back
Round trip time was 2.06058 milliseconds in repetition 9
tcp_ping received 128 bytes back
Round trip time was 2.45953 milliseconds in repetition 10
tcp_ping received 128 bytes back
Round trip time was 2.43125 milliseconds in repetition 11
tcp_ping received 128 bytes back
Round trip time was 1.24549 milliseconds in repetition 12
tcp_ping received 128 bytes back
Round trip time was 2.46783 milliseconds in repetition 13
tcp_ping received 128 bytes back
Round trip time was 1.61252 milliseconds in repetition 14
tcp_ping received 128 bytes back
Round trip time was 2.1574 milliseconds in repetition 15
tcp_ping received 128 bytes back
Round trip time was 1.88901 milliseconds in repetition 16
tcp_ping received 128 bytes back
Round trip time was 2.24175 milliseconds in repetition 17
tcp_ping received 128 bytes back
Round trip time was 1.42654 milliseconds in repetition 18
tcp_ping received 128 bytes back
Round trip time was 2.43999 milliseconds in repetition 19
tcp_ping received 128 bytes back
Round trip time was 1.86759 milliseconds in repetition 20
tcp_ping received 128 bytes back
Round trip time was 2.56153 milliseconds in repetition 21
tcp_ping received 128 bytes back
Round trip time was 1.09221 milliseconds in repetition 22
tcp_ping received 128 bytes back
Round trip time was 2.30123 milliseconds in repetition 23
tcp_ping received 128 bytes back
Round trip time was 2.58178 milliseconds in repetition 24
tcp_ping received 128 bytes back
Round trip time was 2.15334 milliseconds in repetition 25
tcp_ping received 128 bytes back
Round trip time was 2.42937 milliseconds in repetition 26
tcp_ping received 128 bytes back
Round trip time was 2.13817 milliseconds in repetition 27
tcp_ping received 128 bytes back
Round trip time was 2.50823 milliseconds in repetition 28
tcp_ping received 128 bytes back
Round trip time was 2.03251 milliseconds in repetition 29
tcp_ping received 128 bytes back
Round trip time was 2.14462 milliseconds in repetition 30
tcp_ping received 128 bytes back
Round trip time was 1.38045 milliseconds in repetition 31
tcp_ping received 128 bytes back
Round trip time was 1.41524 milliseconds in repetition 32
tcp_ping received 128 bytes back
Round trip time was 2.37124 milliseconds in repetition 33
tcp_ping received 128 bytes back
Round trip time was 2.20201 milliseconds in repetition 34
tcp_ping received 128 bytes back
Round trip time was 2.6283 milliseconds in repetition 35
tcp_ping received 128 bytes back
Round trip time was 2.53828 milliseconds in repetition 36
tcp_ping received 128 bytes back
Round trip time was 2.47913 milliseconds in repetition 37
tcp_ping received 128 bytes back
Round trip time was 2.62598 milliseconds in repetition 38
tcp_ping received 128 bytes back
Round trip time was 1.93037 milliseconds in repetition 39
tcp_ping received 128 bytes back
Round trip time was 2.18294 milliseconds in repetition 40
tcp_ping received 128 bytes back
Round trip time was 2.54819 milliseconds in repetition 41
tcp_ping received 128 bytes back
Round trip time was 2.57225 milliseconds in repetition 42
tcp_ping received 128 bytes back
Round trip time was 2.59298 milliseconds in repetition 43
tcp_ping received 128 bytes back
Round trip time was 2.21806 milliseconds in repetition 44
tcp_ping received 128 bytes back
Round trip time was 2.56927 milliseconds in repetition 45
tcp_ping received 128 bytes back
Round trip time was 1.67766 milliseconds in repetition 46
tcp_ping received 128 bytes back
Round trip time was 2.28355 milliseconds in repetition 47
tcp_ping received 128 bytes back
Round trip time was 2.59009 milliseconds in repetition 48
tcp_ping received 128 bytes back
Round trip time was 2.16809 milliseconds in repetition 49
tcp_ping received 128 bytes back
Round trip time was 2.56964 milliseconds in repetition 50
tcp_ping received 128 bytes back
Round trip time was 2.23907 milliseconds in repetition 51
tcp_ping received 128 bytes back
Round trip time was 2.58312 milliseconds in repetition 52
tcp_ping received 128 bytes back
Round trip time was 1.62931 milliseconds in repetition 53
tcp_ping received 128 bytes back
Round trip time was 2.39566 milliseconds in repetition 54
tcp_ping received 128 bytes back
Round trip time was 2.57011 milliseconds in repetition 55
tcp_ping received 128 bytes back
Round trip time was 2.65981 milliseconds in repetition 56
tcp_ping received 128 bytes back
Round trip time was 1.48957 milliseconds in repetition 57
tcp_ping received 128 bytes back
Round trip time was 2.24993 milliseconds in repetition 58
tcp_ping received 128 bytes back
Round trip time was 2.54007 milliseconds in repetition 59
tcp_ping received 128 bytes back
Round trip time was 2.07022 milliseconds in repetition 60
tcp_ping received 128 bytes back
Round trip time was 2.51678 milliseconds in repetition 61
tcp_ping received 128 bytes back
Round trip time was 2.61064 milliseconds in repetition 62
tcp_ping received 128 bytes back
Round trip time was 2.64842 milliseconds in repetition 63
tcp_ping received 128 bytes back
Round trip time was 2.57495 milliseconds in repetition 64
tcp_ping received 128 bytes back
Round trip time was 2.44787 milliseconds in repetition 65
tcp_ping received 128 bytes back
Round trip time was 2.41052 milliseconds in repetition 66
tcp_ping received 128 bytes back
Round trip time was 2.37634 milliseconds in repetition 67
tcp_ping received 128 bytes back
Round trip time was 2.27589 milliseconds in repetition 68
tcp_ping received 128 bytes back
Round trip time was 2.60585 milliseconds in repetition 69
tcp_ping received 128 bytes back
Round trip time was 2.53068 milliseconds in repetition 70
tcp_ping received 128 bytes back
Round trip time was 2.18862 milliseconds in repetition 71
tcp_ping received 128 bytes back
Round trip time was 2.47348 milliseconds in repetition 72
tcp_ping received 128 bytes back
Round trip time was 2.53396 milliseconds in repetition 73
tcp_ping received 128 bytes back
Round trip time was 1.73435 milliseconds in repetition 74
tcp_ping received 128 bytes back
Round trip time was 2.41026 milliseconds in repetition 75
tcp_ping received 128 bytes back
Round trip time was 2.59261 milliseconds in repetition 76
tcp_ping received 128 bytes back
Round trip time was 2.53941 milliseconds in repetition 77
tcp_ping received 128 bytes back
Round trip time was 2.20184 milliseconds in repetition 78
tcp_ping received 128 bytes back
Round trip time was 2.03987 milliseconds in repetition 79
tcp_ping received 128 bytes back
Round trip time was 2.06419 milliseconds in repetition 80
tcp_ping received 128 bytes back
Round trip time was 2.14878 milliseconds in repetition 81
tcp_ping received 128 bytes back
Round trip time was 2.09876 milliseconds in repetition 82
tcp_ping received 128 bytes back
Round trip time was 2.12677 milliseconds in repetition 83
tcp_ping received 128 bytes back
Round trip time was 2.02584 milliseconds in repetition 84
tcp_ping received 128 bytes back
Round trip time was 2.15676 milliseconds in repetition 85
tcp_ping received 128 bytes back
Round trip time was 1.8476 milliseconds in repetition 86
tcp_ping received 128 bytes back
Round trip time was 2.18098 milliseconds in repetition 87
tcp_ping received 128 bytes back
Round trip time was 1.66268 milliseconds in repetition 88
tcp_ping received 128 bytes back
Round trip time was 2.18892 milliseconds in repetition 89
tcp_ping received 128 bytes back
Round trip time was 2.17067 milliseconds in repetition 90
tcp_ping received 128 bytes back
Round trip time was 2.25687 milliseconds in repetition 91
tcp_ping received 128 bytes back
Round trip time was 1.22577 milliseconds in repetition 92
tcp_ping received 128 bytes back
Round trip time was 2.07657 milliseconds in repetition 93
tcp_ping received 128 bytes back
Round trip time was 1.86546 milliseconds in repetition 94
tcp_ping received 128 bytes back
Round trip time was 2.05342 milliseconds in repetition 95
tcp_ping received 128 bytes back
Round trip time was 1.97357 milliseconds in repetition 96
tcp_ping received 128 bytes back
Round trip time was 1.88954 milliseconds in repetition 97
tcp_ping received 128 bytes back
Round trip time was 1.09772 milliseconds in repetition 98
tcp_ping received 128 bytes back
Round trip time was 0.785583 milliseconds in repetition 99
tcp_ping received 128 bytes back
Round trip time was 2.01081 milliseconds in repetition 100
tcp_ping received 128 bytes back
Round trip time was 2.54465 milliseconds in repetition 101
tcp_ping received 128 bytes back
Round trip time was 2.22238 milliseconds in repetition 102
tcp_ping received 128 bytes back
Round trip time was 1.70972 milliseconds in repetition 103
tcp_ping received 128 bytes back
Round trip time was 2.51964 milliseconds in repetition 104
tcp_ping received 128 bytes back
Round trip time was 2.58731 milliseconds in repetition 105
tcp_ping received 128 bytes back
Round trip time was 2.6039 milliseconds in repetition 106
tcp_ping received 128 bytes back
Round trip time was 2.48733 milliseconds in repetition 107
tcp_ping received 128 bytes back
Round trip time was 2.44027 milliseconds in repetition 108
tcp_ping received 128 bytes back
Round trip time was 2.36503 milliseconds in repetition 109
tcp_ping received 128 bytes back
Round trip time was 2.53994 milliseconds in repetition 110
tcp_ping received 128 bytes back
Round trip time was 2.19873 milliseconds in repetition 111
tcp_ping received 128 bytes back
Round trip time was 2.55919 milliseconds in repetition 112
tcp_ping received 128 bytes back
Round trip time was 2.05201 milliseconds in repetition 113
tcp_ping received 128 bytes back
Round trip time was 2.40489 milliseconds in repetition 114
tcp_ping received 128 bytes back
Round trip time was 2.40886 milliseconds in repetition 115
tcp_ping received 128 bytes back
Round trip time was 2.11975 milliseconds in repetition 116
tcp_ping received 128 bytes back
Round trip time was 2.56944 milliseconds in repetition 117
tcp_ping received 128 bytes back
Round trip time was 1.93659 milliseconds in repetition 118
tcp_ping received 128 bytes back
Round trip time was 2.55427 milliseconds in repetition 119
tcp_ping received 128 bytes back
Round trip time was 1.06336 milliseconds in repetition 120
tcp_ping received 128 bytes back
Round trip time was 2.40497 milliseconds in repetition 121
tcp_ping received 128 bytes back
Round trip time was 2.32504 milliseconds in repetition 122
tcp_ping received 128 bytes back
Round trip time was 2.01877 milliseconds in repetition 123
tcp_ping received 128 bytes back
Round trip time was 2.51632 milliseconds in repetition 124
tcp_ping received 128 bytes back
Round trip time was 2.59974 milliseconds in repetition 125
tcp_ping received 128 bytes back
Round trip time was 2.59307 milliseconds in repetition 126
tcp_ping received 128 bytes back
Round trip time was 1.71746 milliseconds in repetition 127
tcp_ping received 128 bytes back
Round trip time was 1.72219 milliseconds in repetition 128
tcp_ping received 128 bytes back
Round trip time was 2.15364 milliseconds in repetition 129
tcp_ping received 128 bytes back
Round trip time was 2.03874 milliseconds in repetition 130
tcp_ping received 128 bytes back
Round trip time was 2.47545 milliseconds in repetition 131
tcp_ping received 128 bytes back
Round trip time was 2.51585 milliseconds in repetition 132
tcp_ping received 128 bytes back
Round trip time was 2.53764 milliseconds in repetition 133
tcp_ping received 128 bytes back
Round trip time was 2.52672 milliseconds in repetition 134
tcp_ping received 128 bytes back
Round trip time was 2.15981 milliseconds in repetition 135
tcp_ping received 128 bytes back
Round trip time was 1.48011 milliseconds in repetition 136
tcp_ping received 128 bytes back
Round trip time was 2.20826 milliseconds in repetition 137
tcp_ping received 128 bytes back
Round trip time was 1.89304 milliseconds in repetition 138
tcp_ping received 128 bytes back
Round trip time was 2.54977 milliseconds in repetition 139
tcp_ping received 128 bytes back
Round trip time was 2.51924 milliseconds in repetition 140
tcp_ping received 128 bytes back
Round trip time was 2.57988 milliseconds in repetition 141
tcp_ping received 128 bytes back
Round trip time was 2.56857 milliseconds in repetition 142
tcp_ping received 128 bytes back
Round trip time was 2.11335 milliseconds in repetition 143
tcp_ping received 128 bytes back
Round trip time was 2.26946 milliseconds in repetition 144
tcp_ping received 128 bytes back
Round trip time was 0.896767 milliseconds in repetition 145
tcp_ping received 128 bytes back
Round trip time was 2.46554 milliseconds in repetition 146
tcp_ping received 128 bytes back
Round trip time was 2.58228 milliseconds in repetition 147
tcp_ping received 128 bytes back
Round trip time was 2.48631 milliseconds in repetition 148
tcp_ping received 128 bytes back
Round trip time was 2.48781 milliseconds in repetition 149
tcp_ping received 128 bytes back
Round trip time was 1.48952 milliseconds in repetition 150
tcp_ping received 128 bytes back
Round trip time was 2.37339 milliseconds in repetition 151
tcp_ping received 128 bytes back
Round trip time was 2.3419 milliseconds in repetition 152
tcp_ping received 128 bytes back
Round trip time was 2.58445 milliseconds in repetition 153
tcp_ping received 128 bytes back
Round trip time was 2.55506 milliseconds in repetition 154
tcp_ping received 128 bytes back
Round trip time was 2.53265 milliseconds in repetition 155
tcp_ping received 128 bytes back
Round trip time was 2.48755 milliseconds in repetition 156
tcp_ping received 128 bytes back
Round trip time was 1.51353 milliseconds in repetition 157
tcp_ping received 128 bytes back
Round trip time was 2.12307 milliseconds in repetition 158
tcp_ping received 128 bytes back
Round trip time was 2.50078 milliseconds in repetition 159
tcp_ping received 128 bytes back
Round trip time was 2.54687 milliseconds in repetition 160
tcp_ping received 128 bytes back
Round trip time was 2.59174 milliseconds in repetition 161
tcp_ping received 128 bytes back
Round trip time was 2.34305 milliseconds in repetition 162
tcp_ping received 128 bytes back
Round trip time was 2.41569 milliseconds in repetition 163
tcp_ping received 128 bytes back
Round trip time was 2.3973 milliseconds in repetition 164
tcp_ping received 128 bytes back
Round trip time was 2.09727 milliseconds in repetition 165
tcp_ping received 128 bytes back
Round trip time was 2.4761 milliseconds in repetition 166
tcp_ping received 128 bytes back
Round trip time was 2.57112 milliseconds in repetition 167
tcp_ping received 128 bytes back
Round trip time was 2.56761 milliseconds in repetition 168
tcp_ping received 128 bytes back
Round trip time was 0.937166 milliseconds in repetition 169
tcp_ping received 128 bytes back
Round trip time was 2.31915 milliseconds in repetition 170
tcp_ping received 128 bytes back
Round trip time was 2.53571 milliseconds in repetition 171
tcp_ping received 128 bytes back
Round trip time was 2.36964 milliseconds in repetition 172
tcp_ping received 128 bytes back
Round trip time was 2.56025 milliseconds in repetition 173
tcp_ping received 128 bytes back
Round trip time was 2.58248 milliseconds in repetition 174
tcp_ping received 128 bytes back
Round trip time was 2.56063 milliseconds in repetition 175
tcp_ping received 128 bytes back
Round trip time was 1.06722 milliseconds in repetition 176
tcp_ping received 128 bytes back
Round trip time was 2.247 milliseconds in repetition 177
tcp_ping received 128 bytes back
Round trip time was 2.10331 milliseconds in repetition 178
tcp_ping received 128 bytes back
Round trip time was 1.70187 milliseconds in repetition 179
tcp_ping received 128 bytes back
Round trip time was 2.43358 milliseconds in repetition 180
tcp_ping received 128 bytes back
Round trip time was 2.52398 milliseconds in repetition 181
tcp_ping received 128 bytes back
Round trip time was 2.58557 milliseconds in repetition 182
tcp_ping received 128 bytes back
Round trip time was 2.51831 milliseconds in repetition 183
tcp_ping received 128 bytes back
Round trip time was 2.04022 milliseconds in repetition 184
tcp_ping received 128 bytes back
Round trip time was 1.3276 milliseconds in repetition 185
tcp_ping received 128 bytes back
Round trip time was 2.35405 milliseconds in repetition 186
tcp_ping received 128 bytes back
Round trip time was 2.08316 milliseconds in repetition 187
tcp_ping received 128 bytes back
Round trip time was 2.04242 milliseconds in repetition 188
tcp_ping received 128 bytes back
Round trip time was 2.47405 milliseconds in repetition 189
tcp_ping received 128 bytes back
Round trip time was 2.56472 milliseconds in repetition 190
tcp_ping received 128 bytes back
Round trip time was 2.13114 milliseconds in repetition 191
tcp_ping received 128 bytes back
Round trip time was 2.57162 milliseconds in repetition 192
tcp_ping received 128 bytes back
Round trip time was 2.18805 milliseconds in repetition 193
tcp_ping received 128 bytes back
Round trip time was 1.39332 milliseconds in repetition 194
tcp_ping received 128 bytes back
Round trip time was 2.464 milliseconds in repetition 195
tcp_ping received 128 bytes back
Round trip time was 1.99062 milliseconds in repetition 196
tcp_ping received 128 bytes back
Round trip time was 2.53667 milliseconds in repetition 197
tcp_ping received 128 bytes back
Round trip time was 2.53789 milliseconds in repetition 198
tcp_ping received 128 bytes back
Round trip time was 2.55288 milliseconds in repetition 199
tcp_ping received 128 bytes back
Round trip time was 2.25526 milliseconds in repetition 200
tcp_ping received 128 bytes back
Round trip time was 2.28636 milliseconds in repetition 201
tcp_ping received 128 bytes back
Round trip time was 2.42182 milliseconds in repetition 202
tcp_ping received 128 bytes back
Round trip time was 1.06707 milliseconds in repetition 203
tcp_ping received 128 bytes back
Round trip time was 2.4631 milliseconds in repetition 204
tcp_ping received 128 bytes back
Round trip time was 1.18187 milliseconds in repetition 205
tcp_ping received 128 bytes back
Round trip time was 2.49979 milliseconds in repetition 206
tcp_ping received 128 bytes back
Round trip time was 1.86665 milliseconds in repetition 207
tcp_ping received 128 bytes back
Round trip time was 2.12336 milliseconds in repetition 208
tcp_ping received 128 bytes back
Round trip time was 1.82257 milliseconds in repetition 209
tcp_ping received 128 bytes back
Round trip time was 2.43887 milliseconds in repetition 210
tcp_ping received 128 bytes back
Round trip time was 1.16077 milliseconds in repetition 211
tcp_ping received 128 bytes back
Round trip time was 2.33398 milliseconds in repetition 212
tcp_ping received 128 bytes back
Round trip time was 2.27458 milliseconds in repetition 213
tcp_ping received 128 bytes back
Round trip time was 2.54004 milliseconds in repetition 214
tcp_ping received 128 bytes back
Round trip time was 2.46111 milliseconds in repetition 215
tcp_ping received 128 bytes back
Round trip time was 2.57327 milliseconds in repetition 216
tcp_ping received 128 bytes back
Round trip time was 1.66781 milliseconds in repetition 217
tcp_ping received 128 bytes back
Round trip time was 2.36958 milliseconds in repetition 218
tcp_ping received 128 bytes back
Round trip time was 2.02752 milliseconds in repetition 219
tcp_ping received 128 bytes back
Round trip time was 1.92723 milliseconds in repetition 220
tcp_ping received 128 bytes back
Round trip time was 2.49742 milliseconds in repetition 221
tcp_ping received 128 bytes back
Round trip time was 1.41304 milliseconds in repetition 222
tcp_ping received 128 bytes back
Round trip time was 2.148 milliseconds in repetition 223
tcp_ping received 128 bytes back
Round trip time was 1.73177 milliseconds in repetition 224
tcp_ping received 128 bytes back
Round trip time was 2.34807 milliseconds in repetition 225
tcp_ping received 128 bytes back
Round trip time was 2.42184 milliseconds in repetition 226
tcp_ping received 128 bytes back
Round trip time was 1.96714 milliseconds in repetition 227
tcp_ping received 128 bytes back
Round trip time was 2.11279 milliseconds in repetition 228
tcp_ping received 128 bytes back
Round trip time was 1.99072 milliseconds in repetition 229
tcp_ping received 128 bytes back
Round trip time was 2.12327 milliseconds in repetition 230
tcp_ping received 128 bytes back
Round trip time was 2.24139 milliseconds in repetition 231
tcp_ping received 128 bytes back
Round trip time was 2.22419 milliseconds in repetition 232
tcp_ping received 128 bytes back
Round trip time was 2.09695 milliseconds in repetition 233
tcp_ping received 128 bytes back
Round trip time was 1.98814 milliseconds in repetition 234
tcp_ping received 128 bytes back
Round trip time was 2.36903 milliseconds in repetition 235
tcp_ping received 128 bytes back
Round trip time was 2.59272 milliseconds in repetition 236
tcp_ping received 128 bytes back
Round trip time was 2.48527 milliseconds in repetition 237
tcp_ping received 128 bytes back
Round trip time was 2.54235 milliseconds in repetition 238
tcp_ping received 128 bytes back
Round trip time was 2.54723 milliseconds in repetition 239
tcp_ping received 128 bytes back
Round trip time was 2.37428 milliseconds in repetition 240
tcp_ping received 128 bytes back
Round trip time was 2.01177 milliseconds in repetition 241
tcp_ping received 128 bytes back
Round trip time was 0.912666 milliseconds in repetition 242
tcp_ping received 128 bytes back
Round trip time was 2.51802 milliseconds in repetition 243
tcp_ping received 128 bytes back
Round trip time was 2.48694 milliseconds in repetition 244
tcp_ping received 128 bytes back
Round trip time was 2.15457 milliseconds in repetition 245
tcp_ping received 128 bytes back
Round trip time was 2.18113 milliseconds in repetition 246
tcp_ping received 128 bytes back
Round trip time was 2.52411 milliseconds in repetition 247
tcp_ping received 128 bytes back
Round trip time was 2.48243 milliseconds in repetition 248
tcp_ping received 128 bytes back
Round trip time was 1.70189 milliseconds in repetition 249
tcp_ping received 128 bytes back
Round trip time was 2.56776 milliseconds in repetition 250
tcp_ping received 128 bytes back
Round trip time was 1.62803 milliseconds in repetition 251
tcp_ping received 128 bytes back
Round trip time was 2.11714 milliseconds in repetition 252
tcp_ping received 128 bytes back
Round trip time was 1.7677 milliseconds in repetition 253
tcp_ping received 128 bytes back
Round trip time was 2.48283 milliseconds in repetition 254
tcp_ping received 128 bytes back
Round trip time was 8.02691 milliseconds in repetition 255
tcp_ping received 128 bytes back
Round trip time was 2.23389 milliseconds in repetition 256
tcp_ping received 128 bytes back
Round trip time was 0.607511 milliseconds in repetition 257
tcp_ping received 128 bytes back
Round trip time was 0.607138 milliseconds in repetition 258
tcp_ping received 128 bytes back
Round trip time was 0.673972 milliseconds in repetition 259
tcp_ping received 128 bytes back
Round trip time was 0.687661 milliseconds in repetition 260
tcp_ping received 128 bytes back
Round trip time was 0.478629 milliseconds in repetition 261
tcp_ping received 128 bytes back
Round trip time was 0.488868 milliseconds in repetition 262
tcp_ping received 128 bytes back
Round trip time was 2.08394 milliseconds in repetition 263
tcp_ping received 128 bytes back
Round trip time was 0.80525 milliseconds in repetition 264
tcp_ping received 128 bytes back
Round trip time was 2.0924 milliseconds in repetition 265
tcp_ping received 128 bytes back
Round trip time was 2.35169 milliseconds in repetition 266
tcp_ping received 128 bytes back
Round trip time was 2.44898 milliseconds in repetition 267
tcp_ping received 128 bytes back
Round trip time was 1.58907 milliseconds in repetition 268
tcp_ping received 128 bytes back
Round trip time was 2.13646 milliseconds in repetition 269
tcp_ping received 128 bytes back
Round trip time was 1.81393 milliseconds in repetition 270
tcp_ping received 128 bytes back
Round trip time was 2.22762 milliseconds in repetition 271
tcp_ping received 128 bytes back
Round trip time was 1.7301 milliseconds in repetition 272
tcp_ping received 128 bytes back
Round trip time was 2.12736 milliseconds in repetition 273
tcp_ping received 128 bytes back
Round trip time was 1.73413 milliseconds in repetition 274
tcp_ping received 128 bytes back
Round trip time was 2.11913 milliseconds in repetition 275
tcp_ping received 128 bytes back
Round trip time was 2.42625 milliseconds in repetition 276
tcp_ping received 128 bytes back
Round trip time was 2.02678 milliseconds in repetition 277
tcp_ping received 128 bytes back
Round trip time was 2.3269 milliseconds in repetition 278
tcp_ping received 128 bytes back
Round trip time was 2.41232 milliseconds in repetition 279
tcp_ping received 128 bytes back
Round trip time was 2.51745 milliseconds in repetition 280
tcp_ping received 128 bytes back
Round trip time was 2.21383 milliseconds in repetition 281
tcp_ping received 128 bytes back
Round trip time was 1.99513 milliseconds in repetition 282
tcp_ping received 128 bytes back
Round trip time was 2.02992 milliseconds in repetition 283
tcp_ping received 128 bytes back
Round trip time was 2.13911 milliseconds in repetition 284
tcp_ping received 128 bytes back
Round trip time was 2.44275 milliseconds in repetition 285
tcp_ping received 128 bytes back
Round trip time was 2.52729 milliseconds in repetition 286
tcp_ping received 128 bytes back
Round trip time was 2.60562 milliseconds in repetition 287
tcp_ping received 128 bytes back
Round trip time was 1.67542 milliseconds in repetition 288
tcp_ping received 128 bytes back
Round trip time was 2.44781 milliseconds in repetition 289
tcp_ping received 128 bytes back
Round trip time was 2.51337 milliseconds in repetition 290
tcp_ping received 128 bytes back
Round trip time was 2.10954 milliseconds in repetition 291
tcp_ping received 128 bytes back
Round trip time was 0.689767 milliseconds in repetition 292
tcp_ping received 128 bytes back
Round trip time was 2.43523 milliseconds in repetition 293
tcp_ping received 128 bytes back
Round trip time was 2.49478 milliseconds in repetition 294
tcp_ping received 128 bytes back
Round trip time was 2.5542 milliseconds in repetition 295
tcp_ping received 128 bytes back
Round trip time was 2.57909 milliseconds in repetition 296
tcp_ping received 128 bytes back
Round trip time was 2.19651 milliseconds in repetition 297
tcp_ping received 128 bytes back
Round trip time was 2.30157 milliseconds in repetition 298
tcp_ping received 128 bytes back
Round trip time was 2.47831 milliseconds in repetition 299
tcp_ping received 128 bytes back
Round trip time was 2.52329 milliseconds in repetition 300
tcp_ping received 128 bytes back
Round trip time was 2.45576 milliseconds in repetition 301
tcp_ping received 128 bytes back
Round trip time was 2.45119 milliseconds in repetition 302
tcp_ping received 128 bytes back
Round trip time was 2.46319 milliseconds in repetition 303
tcp_ping received 128 bytes back
Round trip time was 2.13777 milliseconds in repetition 304
tcp_ping received 128 bytes back
Round trip time was 2.28133 milliseconds in repetition 305
tcp_ping received 128 bytes back
Round trip time was 2.04803 milliseconds in repetition 306
tcp_ping received 128 bytes back
Round trip time was 2.25926 milliseconds in repetition 307
tcp_ping received 128 bytes back
Round trip time was 2.28521 milliseconds in repetition 308
tcp_ping received 128 bytes back
Round trip time was 2.36993 milliseconds in repetition 309
tcp_ping received 128 bytes back
Round trip time was 2.33275 milliseconds in repetition 310
tcp_ping received 128 bytes back
Round trip time was 1.41137 milliseconds in repetition 311
tcp_ping received 128 bytes back
Round trip time was 1.94305 milliseconds in repetition 312
tcp_ping received 128 bytes back
Round trip time was 1.98032 milliseconds in repetition 313
tcp_ping received 128 bytes back
Round trip time was 2.28625 milliseconds in repetition 314
tcp_ping received 128 bytes back
Round trip time was 2.35956 milliseconds in repetition 315
tcp_ping received 128 bytes back
Round trip time was 2.38441 milliseconds in repetition 316
tcp_ping received 128 bytes back
Round trip time was 2.28169 milliseconds in repetition 317
tcp_ping received 128 bytes back
Round trip time was 2.24894 milliseconds in repetition 318
tcp_ping received 128 bytes back
Round trip time was 2.0749 milliseconds in repetition 319
tcp_ping received 128 bytes back
Round trip time was 2.07084 milliseconds in repetition 320
tcp_ping received 128 bytes back
Round trip time was 2.25303 milliseconds in repetition 321
tcp_ping received 128 bytes back
Round trip time was 1.88137 milliseconds in repetition 322
tcp_ping received 128 bytes back
Round trip time was 2.32548 milliseconds in repetition 323
tcp_ping received 128 bytes back
Round trip time was 2.37017 milliseconds in repetition 324
tcp_ping received 128 bytes back
Round trip time was 1.95768 milliseconds in repetition 325
tcp_ping received 128 bytes back
Round trip time was 2.2947 milliseconds in repetition 326
tcp_ping received 128 bytes back
Round trip time was 2.09843 milliseconds in repetition 327
tcp_ping received 128 bytes back
Round trip time was 2.34813 milliseconds in repetition 328
tcp_ping received 128 bytes back
Round trip time was 2.38673 milliseconds in repetition 329
tcp_ping received 128 bytes back
Round trip time was 2.36985 milliseconds in repetition 330
tcp_ping received 128 bytes back
Round trip time was 1.6614 milliseconds in repetition 331
tcp_ping received 128 bytes back
Round trip time was 2.36878 milliseconds in repetition 332
tcp_ping received 128 bytes back
Round trip time was 2.34745 milliseconds in repetition 333
tcp_ping received 128 bytes back
Round trip time was 1.98113 milliseconds in repetition 334
tcp_ping received 128 bytes back
Round trip time was 2.36527 milliseconds in repetition 335
tcp_ping received 128 bytes back
Round trip time was 2.34573 milliseconds in repetition 336
tcp_ping received 128 bytes back
Round trip time was 2.40875 milliseconds in repetition 337
tcp_ping received 128 bytes back
Round trip time was 2.05531 milliseconds in repetition 338
tcp_ping received 128 bytes back
Round trip time was 2.36336 milliseconds in repetition 339
tcp_ping received 128 bytes back
Round trip time was 1.5637 milliseconds in repetition 340
tcp_ping received 128 bytes back
Round trip time was 2.06168 milliseconds in repetition 341
tcp_ping received 128 bytes back
Round trip time was 1.91651 milliseconds in repetition 342
tcp_ping received 128 bytes back
Round trip time was 2.34836 milliseconds in repetition 343
tcp_ping received 128 bytes back
Round trip time was 1.62764 milliseconds in repetition 344
tcp_ping received 128 bytes back
Round trip time was 2.38216 milliseconds in repetition 345
tcp_ping received 128 bytes back
Round trip time was 2.41632 milliseconds in repetition 346
tcp_ping received 128 bytes back
Round trip time was 2.3623 milliseconds in repetition 347
tcp_ping received 128 bytes back
Round trip time was 0.979075 milliseconds in repetition 348
tcp_ping received 128 bytes back
Round trip time was 1.94885 milliseconds in repetition 349
tcp_ping received 128 bytes back
Round trip time was 1.96076 milliseconds in repetition 350
tcp_ping received 128 bytes back
Round trip time was 2.34641 milliseconds in repetition 351
tcp_ping received 128 bytes back
Round trip time was 2.39015 milliseconds in repetition 352
tcp_ping received 128 bytes back
Round trip time was 2.36764 milliseconds in repetition 353
tcp_ping received 128 bytes back
Round trip time was 2.38089 milliseconds in repetition 354
tcp_ping received 128 bytes back
Round trip time was 2.02204 milliseconds in repetition 355
tcp_ping received 128 bytes back
Round trip time was 1.05746 milliseconds in repetition 356
tcp_ping received 128 bytes back
Round trip time was 1.93944 milliseconds in repetition 357
tcp_ping received 128 bytes back
Round trip time was 2.02009 milliseconds in repetition 358
tcp_ping received 128 bytes back
Round trip time was 2.26927 milliseconds in repetition 359
tcp_ping received 128 bytes back
Round trip time was 2.41856 milliseconds in repetition 360
tcp_ping received 128 bytes back
Round trip time was 2.40021 milliseconds in repetition 361
tcp_ping received 128 bytes back
Round trip time was 2.34463 milliseconds in repetition 362
tcp_ping received 128 bytes back
Round trip time was 1.07057 milliseconds in repetition 363
tcp_ping received 128 bytes back
Round trip time was 2.25136 milliseconds in repetition 364
tcp_ping received 128 bytes back
Round trip time was 2.30905 milliseconds in repetition 365
tcp_ping received 128 bytes back
Round trip time was 2.36257 milliseconds in repetition 366
tcp_ping received 128 bytes back
Round trip time was 1.27 milliseconds in repetition 367
tcp_ping received 128 bytes back
Round trip time was 2.36872 milliseconds in repetition 368
tcp_ping received 128 bytes back
Round trip time was 2.36666 milliseconds in repetition 369
tcp_ping received 128 bytes back
Round trip time was 2.2652 milliseconds in repetition 370
tcp_ping received 128 bytes back
Round trip time was 2.26782 milliseconds in repetition 371
tcp_ping received 128 bytes back
Round trip time was 1.01346 milliseconds in repetition 372
tcp_ping received 128 bytes back
Round trip time was 1.6651 milliseconds in repetition 373
tcp_ping received 128 bytes back
Round trip time was 1.93937 milliseconds in repetition 374
tcp_ping received 128 bytes back
Round trip time was 2.37449 milliseconds in repetition 375
tcp_ping received 128 bytes back
Round trip time was 2.36302 milliseconds in repetition 376
tcp_ping received 128 bytes back
Round trip time was 0.746353 milliseconds in repetition 377
tcp_ping received 128 bytes back
Round trip time was 2.27549 milliseconds in repetition 378
tcp_ping received 128 bytes back
Round trip time was 2.3873 milliseconds in repetition 379
tcp_ping received 128 bytes back
Round trip time was 2.06832 milliseconds in repetition 380
tcp_ping received 128 bytes back
Round trip time was 2.38239 milliseconds in repetition 381
tcp_ping received 128 bytes back
Round trip time was 1.96906 milliseconds in repetition 382
tcp_ping received 128 bytes back
Round trip time was 2.39735 milliseconds in repetition 383
tcp_ping received 128 bytes back
Round trip time was 2.4146 milliseconds in repetition 384
tcp_ping received 128 bytes back
Round trip time was 2.27823 milliseconds in repetition 385
tcp_ping received 128 bytes back
Round trip time was 2.13484 milliseconds in repetition 386
tcp_ping received 128 bytes back
Round trip time was 2.23956 milliseconds in repetition 387
tcp_ping received 128 bytes back
Round trip time was 1.64903 milliseconds in repetition 388
tcp_ping received 128 bytes back
Round trip time was 2.36967 milliseconds in repetition 389
tcp_ping received 128 bytes back
Round trip time was 2.01471 milliseconds in repetition 390
tcp_ping received 128 bytes back
Round trip time was 2.37933 milliseconds in repetition 391
tcp_ping received 128 bytes back
Round trip time was 2.18487 milliseconds in repetition 392
tcp_ping received 128 bytes back
Round trip time was 2.39325 milliseconds in repetition 393
tcp_ping received 128 bytes back
Round trip time was 2.34766 milliseconds in repetition 394
tcp_ping received 128 bytes back
Round trip time was 2.37309 milliseconds in repetition 395
tcp_ping received 128 bytes back
Round trip time was 2.23449 milliseconds in repetition 396
tcp_ping received 128 bytes back
Round trip time was 2.1457 milliseconds in repetition 397
tcp_ping received 128 bytes back
Round trip time was 2.35099 milliseconds in repetition 398
tcp_ping received 128 bytes back
Round trip time was 2.3622 milliseconds in repetition 399
tcp_ping received 128 bytes back
Round trip time was 2.28058 milliseconds in repetition 400
tcp_ping received 128 bytes back
Round trip time was 2.37023 milliseconds in repetition 401
tcp_ping received 128 bytes back
Round trip time was 1.93389 milliseconds in repetition 402
tcp_ping received 128 bytes back
Round trip time was 2.40619 milliseconds in repetition 403
tcp_ping received 128 bytes back
Round trip time was 1.99692 milliseconds in repetition 404
tcp_ping received 128 bytes back
Round trip time was 2.27041 milliseconds in repetition 405
tcp_ping received 128 bytes back
Round trip time was 1.07533 milliseconds in repetition 406
tcp_ping received 128 bytes back
Round trip time was 2.25973 milliseconds in repetition 407
tcp_ping received 128 bytes back
Round trip time was 2.38655 milliseconds in repetition 408
tcp_ping received 128 bytes back
Round trip time was 2.21038 milliseconds in repetition 409
tcp_ping received 128 bytes back
Round trip time was 2.3986 milliseconds in repetition 410
tcp_ping received 128 bytes back
Round trip time was 2.39254 milliseconds in repetition 411
tcp_ping received 128 bytes back
Round trip time was 2.32731 milliseconds in repetition 412
tcp_ping received 128 bytes back
Round trip time was 2.35539 milliseconds in repetition 413
tcp_ping received 128 bytes back
Round trip time was 2.3889 milliseconds in repetition 414
tcp_ping received 128 bytes back
Round trip time was 0.64455 milliseconds in repetition 415
tcp_ping received 128 bytes back
Round trip time was 2.2872 milliseconds in repetition 416
tcp_ping received 128 bytes back
Round trip time was 2.36207 milliseconds in repetition 417
tcp_ping received 128 bytes back
Round trip time was 2.33909 milliseconds in repetition 418
tcp_ping received 128 bytes back
Round trip time was 1.50367 milliseconds in repetition 419
tcp_ping received 128 bytes back
Round trip time was 2.00763 milliseconds in repetition 420
tcp_ping received 128 bytes back
Round trip time was 2.38861 milliseconds in repetition 421
tcp_ping received 128 bytes back
Round trip time was 2.38475 milliseconds in repetition 422
tcp_ping received 128 bytes back
Round trip time was 0.76785 milliseconds in repetition 423
tcp_ping received 128 bytes back
Round trip time was 2.29977 milliseconds in repetition 424
tcp_ping received 128 bytes back
Round trip time was 2.07211 milliseconds in repetition 425
tcp_ping received 128 bytes back
Round trip time was 2.38267 milliseconds in repetition 426
tcp_ping received 128 bytes back
Round trip time was 1.56977 milliseconds in repetition 427
tcp_ping received 128 bytes back
Round trip time was 2.19046 milliseconds in repetition 428
tcp_ping received 128 bytes back
Round trip time was 1.75297 milliseconds in repetition 429
tcp_ping received 128 bytes back
Round trip time was 2.38682 milliseconds in repetition 430
tcp_ping received 128 bytes back
Round trip time was 1.57529 milliseconds in repetition 431
tcp_ping received 128 bytes back
Round trip time was 2.0442 milliseconds in repetition 432
tcp_ping received 128 bytes back
Round trip time was 1.76157 milliseconds in repetition 433
tcp_ping received 128 bytes back
Round trip time was 2.016 milliseconds in repetition 434
tcp_ping received 128 bytes back
Round trip time was 1.49656 milliseconds in repetition 435
tcp_ping received 128 bytes back
Round trip time was 2.32355 milliseconds in repetition 436
tcp_ping received 128 bytes back
Round trip time was 2.36597 milliseconds in repetition 437
tcp_ping received 128 bytes back
Round trip time was 2.38255 milliseconds in repetition 438
tcp_ping received 128 bytes back
Round trip time was 2.36634 milliseconds in repetition 439
tcp_ping received 128 bytes back
Round trip time was 2.14167 milliseconds in repetition 440
tcp_ping received 128 bytes back
Round trip time was 2.34036 milliseconds in repetition 441
tcp_ping received 128 bytes back
Round trip time was 2.1021 milliseconds in repetition 442
tcp_ping received 128 bytes back
Round trip time was 2.32368 milliseconds in repetition 443
tcp_ping received 128 bytes back
Round trip time was 1.65319 milliseconds in repetition 444
tcp_ping received 128 bytes back
Round trip time was 2.29996 milliseconds in repetition 445
tcp_ping received 128 bytes back
Round trip time was 2.04136 milliseconds in repetition 446
tcp_ping received 128 bytes back
Round trip time was 2.01967 milliseconds in repetition 447
tcp_ping received 128 bytes back
Round trip time was 2.37442 milliseconds in repetition 448
tcp_ping received 128 bytes back
Round trip time was 2.32728 milliseconds in repetition 449
tcp_ping received 128 bytes back
Round trip time was 2.33753 milliseconds in repetition 450
tcp_ping received 128 bytes back
Round trip time was 2.39851 milliseconds in repetition 451
tcp_ping received 128 bytes back
Round trip time was 2.37968 milliseconds in repetition 452
tcp_ping received 128 bytes back
Round trip time was 1.97442 milliseconds in repetition 453
tcp_ping received 128 bytes back
Round trip time was 2.11086 milliseconds in repetition 454
tcp_ping received 128 bytes back
Round trip time was 1.86768 milliseconds in repetition 455
tcp_ping received 128 bytes back
Round trip time was 2.27252 milliseconds in repetition 456
tcp_ping received 128 bytes back
Round trip time was 2.40711 milliseconds in repetition 457
tcp_ping received 128 bytes back
Round trip time was 2.3453 milliseconds in repetition 458
tcp_ping received 128 bytes back
Round trip time was 1.99698 milliseconds in repetition 459
tcp_ping received 128 bytes back
Round trip time was 2.33457 milliseconds in repetition 460
tcp_ping received 128 bytes back
Round trip time was 2.3205 milliseconds in repetition 461
tcp_ping received 128 bytes back
Round trip time was 2.18749 milliseconds in repetition 462
tcp_ping received 128 bytes back
Round trip time was 2.08673 milliseconds in repetition 463
tcp_ping received 128 bytes back
Round trip time was 1.85361 milliseconds in repetition 464
tcp_ping received 128 bytes back
Round trip time was 2.36749 milliseconds in repetition 465
tcp_ping received 128 bytes back
Round trip time was 2.37105 milliseconds in repetition 466
tcp_ping received 128 bytes back
Round trip time was 2.33162 milliseconds in repetition 467
tcp_ping received 128 bytes back
Round trip time was 2.34459 milliseconds in repetition 468
tcp_ping received 128 bytes back
Round trip time was 2.31463 milliseconds in repetition 469
tcp_ping received 128 bytes back
Round trip time was 2.1495 milliseconds in repetition 470
tcp_ping received 128 bytes back
Round trip time was 1.94303 milliseconds in repetition 471
tcp_ping received 128 bytes back
Round trip time was 2.39856 milliseconds in repetition 472
tcp_ping received 128 bytes back
Round trip time was 1.57286 milliseconds in repetition 473
tcp_ping received 128 bytes back
Round trip time was 2.34455 milliseconds in repetition 474
tcp_ping received 128 bytes back
Round trip time was 2.31899 milliseconds in repetition 475
tcp_ping received 128 bytes back
Round trip time was 2.29654 milliseconds in repetition 476
tcp_ping received 128 bytes back
Round trip time was 2.36226 milliseconds in repetition 477
tcp_ping received 128 bytes back
Round trip time was 2.38474 milliseconds in repetition 478
tcp_ping received 128 bytes back
Round trip time was 2.00983 milliseconds in repetition 479
tcp_ping received 128 bytes back
Round trip time was 1.97184 milliseconds in repetition 480
tcp_ping received 128 bytes back
Round trip time was 2.34582 milliseconds in repetition 481
tcp_ping received 128 bytes back
Round trip time was 1.71637 milliseconds in repetition 482
tcp_ping received 128 bytes back
Round trip time was 2.06339 milliseconds in repetition 483
tcp_ping received 128 bytes back
Round trip time was 1.9336 milliseconds in repetition 484
tcp_ping received 128 bytes back
Round trip time was 2.38496 milliseconds in repetition 485
tcp_ping received 128 bytes back
Round trip time was 2.407 milliseconds in repetition 486
tcp_ping received 128 bytes back
Round trip time was 2.37433 milliseconds in repetition 487
tcp_ping received 128 bytes back
Round trip time was 2.05812 milliseconds in repetition 488
tcp_ping received 128 bytes back
Round trip time was 1.996 milliseconds in repetition 489
tcp_ping received 128 bytes back
Round trip time was 4.97084 milliseconds in repetition 490
tcp_ping received 128 bytes back
Round trip time was 1.96276 milliseconds in repetition 491
tcp_ping received 128 bytes back
Round trip time was 2.34049 milliseconds in repetition 492
tcp_ping received 128 bytes back
Round trip time was 2.35415 milliseconds in repetition 493
tcp_ping received 128 bytes back
Round trip time was 0.796116 milliseconds in repetition 494
tcp_ping received 128 bytes back
Round trip time was 2.31296 milliseconds in repetition 495
tcp_ping received 128 bytes back
Round trip time was 2.05334 milliseconds in repetition 496
tcp_ping received 128 bytes back
Round trip time was 1.96557 milliseconds in repetition 497
tcp_ping received 128 bytes back
Round trip time was 2.3673 milliseconds in repetition 498
tcp_ping received 128 bytes back
Round trip time was 2.34149 milliseconds in repetition 499
tcp_ping received 128 bytes back
Round trip time was 2.34223 milliseconds in repetition 500
tcp_ping received 128 bytes back
Round trip time was 2.38931 milliseconds in repetition 501

 ... clock resolution was 1e-06
TCP Ping:  Statistics over 501 repetitions of 128 byte messages

RTT : percentile 10: 1.58907, median: 2.28521, percentile 90: 2.54687, average: 2.16377, variance: 0.267112

RTT histogram:
   overall Throughput : 118.312 KB/s

