TCP Ping trying to connect to server 192.168.1.110 (192.168.1.110) on port 1491
 ... connected to Pong server: asking for 501 repetitions of 96 bytes TCP messages
 ... Pong server agreed :-)
tcp_ping received 96 bytes back
Round trip time was 2.11263 milliseconds in repetition 1
tcp_ping received 96 bytes back
Round trip time was 1.02326 milliseconds in repetition 2
tcp_ping received 96 bytes back
Round trip time was 2.22843 milliseconds in repetition 3
tcp_ping received 96 bytes back
Round trip time was 1.35784 milliseconds in repetition 4
tcp_ping received 96 bytes back
Round trip time was 2.07126 milliseconds in repetition 5
tcp_ping received 96 bytes back
Round trip time was 1.87047 milliseconds in repetition 6
tcp_ping received 96 bytes back
Round trip time was 2.2556 milliseconds in repetition 7
tcp_ping received 96 bytes back
Round trip time was 2.29435 milliseconds in repetition 8
tcp_ping received 96 bytes back
Round trip time was 2.47928 milliseconds in repetition 9
tcp_ping received 96 bytes back
Round trip time was 1.82405 milliseconds in repetition 10
tcp_ping received 96 bytes back
Round trip time was 2.45137 milliseconds in repetition 11
tcp_ping received 96 bytes back
Round trip time was 1.00808 milliseconds in repetition 12
tcp_ping received 96 bytes back
Round trip time was 2.04176 milliseconds in repetition 13
tcp_ping received 96 bytes back
Round trip time was 2.42936 milliseconds in repetition 14
tcp_ping received 96 bytes back
Round trip time was 2.08045 milliseconds in repetition 15
tcp_ping received 96 bytes back
Round trip time was 1.83933 milliseconds in repetition 16
tcp_ping received 96 bytes back
Round trip time was 2.49116 milliseconds in repetition 17
tcp_ping received 96 bytes back
Round trip time was 1.48968 milliseconds in repetition 18
tcp_ping received 96 bytes back
Round trip time was 2.44838 milliseconds in repetition 19
tcp_ping received 96 bytes back
Round trip time was 1.46142 milliseconds in repetition 20
tcp_ping received 96 bytes back
Round trip time was 2.1759 milliseconds in repetition 21
tcp_ping received 96 bytes back
Round trip time was 1.56153 milliseconds in repetition 22
tcp_ping received 96 bytes back
Round trip time was 2.28155 milliseconds in repetition 23
tcp_ping received 96 bytes back
Round trip time was 1.52552 milliseconds in repetition 24
tcp_ping received 96 bytes back
Round trip time was 2.42219 milliseconds in repetition 25
tcp_ping received 96 bytes back
Round trip time was 1.94386 milliseconds in repetition 26
tcp_ping received 96 bytes back
Round trip time was 2.45966 milliseconds in repetition 27
tcp_ping received 96 bytes back
Round trip time was 2.36903 milliseconds in repetition 28
tcp_ping received 96 bytes back
Round trip time was 2.06216 milliseconds in repetition 29
tcp_ping received 96 bytes back
Round trip time was 2.35536 milliseconds in repetition 30
tcp_ping received 96 bytes back
Round trip time was 2.20389 milliseconds in repetition 31
tcp_ping received 96 bytes back
Round trip time was 2.42787 milliseconds in repetition 32
tcp_ping received 96 bytes back
Round trip time was 1.95152 milliseconds in repetition 33
tcp_ping received 96 bytes back
Round trip time was 1.85767 milliseconds in repetition 34
tcp_ping received 96 bytes back
Round trip time was 1.86038 milliseconds in repetition 35
tcp_ping received 96 bytes back
Round trip time was 2.29651 milliseconds in repetition 36
tcp_ping received 96 bytes back
Round trip time was 2.26111 milliseconds in repetition 37
tcp_ping received 96 bytes back
Round trip time was 2.18459 milliseconds in repetition 38
tcp_ping received 96 bytes back
Round trip time was 0.841589 milliseconds in repetition 39
tcp_ping received 96 bytes back
Round trip time was 2.42407 milliseconds in repetition 40
tcp_ping received 96 bytes back
Round trip time was 2.15332 milliseconds in repetition 41
tcp_ping received 96 bytes back
Round trip time was 2.43316 milliseconds in repetition 42
tcp_ping received 96 bytes back
Round trip time was 2.09719 milliseconds in repetition 43
tcp_ping received 96 bytes back
Round trip time was 2.07349 milliseconds in repetition 44
tcp_ping received 96 bytes back
Round trip time was 0.74378 milliseconds in repetition 45
tcp_ping received 96 bytes back
Round trip time was 2.05522 milliseconds in repetition 46
tcp_ping received 96 bytes back
Round trip time was 2.36456 milliseconds in repetition 47
tcp_ping received 96 bytes back
Round trip time was 2.39317 milliseconds in repetition 48
tcp_ping received 96 bytes back
Round trip time was 2.39434 milliseconds in repetition 49
tcp_ping received 96 bytes back
Round trip time was 2.11027 milliseconds in repetition 50
tcp_ping received 96 bytes back
Round trip time was 2.35439 milliseconds in repetition 51
tcp_ping received 96 bytes back
Round trip time was 2.0063 milliseconds in repetition 52
tcp_ping received 96 bytes back
Round trip time was 2.39472 milliseconds in repetition 53
tcp_ping received 96 bytes back
Round trip time was 2.46904 milliseconds in repetition 54
tcp_ping received 96 bytes back
Round trip time was 2.28871 milliseconds in repetition 55
tcp_ping received 96 bytes back
Round trip time was 2.47512 milliseconds in repetition 56
tcp_ping received 96 bytes back
Round trip time was 2.40254 milliseconds in repetition 57
tcp_ping received 96 bytes back
Round trip time was 2.39902 milliseconds in repetition 58
tcp_ping received 96 bytes back
Round trip time was 1.84418 milliseconds in repetition 59
tcp_ping received 96 bytes back
Round trip time was 2.06465 milliseconds in repetition 60
tcp_ping received 96 bytes back
Round trip time was 2.42866 milliseconds in repetition 61
tcp_ping received 96 bytes back
Round trip time was 2.41875 milliseconds in repetition 62
tcp_ping received 96 bytes back
Round trip time was 2.3999 milliseconds in repetition 63
tcp_ping received 96 bytes back
Round trip time was 2.46934 milliseconds in repetition 64
tcp_ping received 96 bytes back
Round trip time was 2.43269 milliseconds in repetition 65
tcp_ping received 96 bytes back
Round trip time was 1.87966 milliseconds in repetition 66
tcp_ping received 96 bytes back
Round trip time was 2.14731 milliseconds in repetition 67
tcp_ping received 96 bytes back
Round trip time was 1.3949 milliseconds in repetition 68
tcp_ping received 96 bytes back
Round trip time was 2.30933 milliseconds in repetition 69
tcp_ping received 96 bytes back
Round trip time was 2.05704 milliseconds in repetition 70
tcp_ping received 96 bytes back
Round trip time was 2.42861 milliseconds in repetition 71
tcp_ping received 96 bytes back
Round trip time was 2.40382 milliseconds in repetition 72
tcp_ping received 96 bytes back
Round trip time was 2.49026 milliseconds in repetition 73
tcp_ping received 96 bytes back
Round trip time was 1.89081 milliseconds in repetition 74
tcp_ping received 96 bytes back
Round trip time was 2.03755 milliseconds in repetition 75
tcp_ping received 96 bytes back
Round trip time was 2.45941 milliseconds in repetition 76
tcp_ping received 96 bytes back
Round trip time was 2.07432 milliseconds in repetition 77
tcp_ping received 96 bytes back
Round trip time was 2.28822 milliseconds in repetition 78
tcp_ping received 96 bytes back
Round trip time was 1.7307 milliseconds in repetition 79
tcp_ping received 96 bytes back
Round trip time was 2.07289 milliseconds in repetition 80
tcp_ping received 96 bytes back
Round trip time was 2.45957 milliseconds in repetition 81
tcp_ping received 96 bytes back
Round trip time was 1.18121 milliseconds in repetition 82
tcp_ping received 96 bytes back
Round trip time was 2.03827 milliseconds in repetition 83
tcp_ping received 96 bytes back
Round trip time was 2.4207 milliseconds in repetition 84
tcp_ping received 96 bytes back
Round trip time was 2.39406 milliseconds in repetition 85
tcp_ping received 96 bytes back
Round trip time was 2.37642 milliseconds in repetition 86
tcp_ping received 96 bytes back
Round trip time was 2.46065 milliseconds in repetition 87
tcp_ping received 96 bytes back
Round trip time was 2.43794 milliseconds in repetition 88
tcp_ping received 96 bytes back
Round trip time was 2.03476 milliseconds in repetition 89
tcp_ping received 96 bytes back
Round trip time was 1.78926 milliseconds in repetition 90
tcp_ping received 96 bytes back
Round trip time was 2.33709 milliseconds in repetition 91
tcp_ping received 96 bytes back
Round trip time was 2.07895 milliseconds in repetition 92
tcp_ping received 96 bytes back
Round trip time was 2.44027 milliseconds in repetition 93
tcp_ping received 96 bytes back
Round trip time was 2.43358 milliseconds in repetition 94
tcp_ping received 96 bytes back
Round trip time was 2.45892 milliseconds in repetition 95
tcp_ping received 96 bytes back
Round trip time was 2.307 milliseconds in repetition 96
tcp_ping received 96 bytes back
Round trip time was 1.86306 milliseconds in repetition 97
tcp_ping received 96 bytes back
Round trip time was 2.40867 milliseconds in repetition 98
tcp_ping received 96 bytes back
Round trip time was 1.16947 milliseconds in repetition 99
tcp_ping received 96 bytes back
Round trip time was 2.37139 milliseconds in repetition 100
tcp_ping received 96 bytes back
Round trip time was 1.94807 milliseconds in repetition 101
tcp_ping received 96 bytes back
Round trip time was 2.41366 milliseconds in repetition 102
tcp_ping received 96 bytes back
Round trip time was 2.37923 milliseconds in repetition 103
tcp_ping received 96 bytes back
Round trip time was 2.1539 milliseconds in repetition 104
tcp_ping received 96 bytes back
Round trip time was 2.2332 milliseconds in repetition 105
tcp_ping received 96 bytes back
Round trip time was 2.3768 milliseconds in repetition 106
tcp_ping received 96 bytes back
Round trip time was 2.39518 milliseconds in repetition 107
tcp_ping received 96 bytes back
Round trip time was 1.89761 milliseconds in repetition 108
tcp_ping received 96 bytes back
Round trip time was 2.47533 milliseconds in repetition 109
tcp_ping received 96 bytes back
Round trip time was 1.38561 milliseconds in repetition 110
tcp_ping received 96 bytes back
Round trip time was 2.1736 milliseconds in repetition 111
tcp_ping received 96 bytes back
Round trip time was 2.4564 milliseconds in repetition 112
tcp_ping received 96 bytes back
Round trip time was 2.03049 milliseconds in repetition 113
tcp_ping received 96 bytes back
Round trip time was 2.37989 milliseconds in repetition 114
tcp_ping received 96 bytes back
Round trip time was 2.28168 milliseconds in repetition 115
tcp_ping received 96 bytes back
Round trip time was 2.28841 milliseconds in repetition 116
tcp_ping received 96 bytes back
Round trip time was 2.32263 milliseconds in repetition 117
tcp_ping received 96 bytes back
Round trip time was 2.21882 milliseconds in repetition 118
tcp_ping received 96 bytes back
Round trip time was 2.48069 milliseconds in repetition 119
tcp_ping received 96 bytes back
Round trip time was 1.99497 milliseconds in repetition 120
tcp_ping received 96 bytes back
Round trip time was 2.41512 milliseconds in repetition 121
tcp_ping received 96 bytes back
Round trip time was 2.45004 milliseconds in repetition 122
tcp_ping received 96 bytes back
Round trip time was 2.41932 milliseconds in repetition 123
tcp_ping received 96 bytes back
Round trip time was 1.8811 milliseconds in repetition 124
tcp_ping received 96 bytes back
Round trip time was 2.00866 milliseconds in repetition 125
tcp_ping received 96 bytes back
Round trip time was 2.37007 milliseconds in repetition 126
tcp_ping received 96 bytes back
Round trip time was 0.992222 milliseconds in repetition 127
tcp_ping received 96 bytes back
Round trip time was 2.16086 milliseconds in repetition 128
tcp_ping received 96 bytes back
Round trip time was 2.38501 milliseconds in repetition 129
tcp_ping received 96 bytes back
Round trip time was 2.45499 milliseconds in repetition 130
tcp_ping received 96 bytes back
Round trip time was 2.39669 milliseconds in repetition 131
tcp_ping received 96 bytes back
Round trip time was 2.40064 milliseconds in repetition 132
tcp_ping received 96 bytes back
Round trip time was 2.39019 milliseconds in repetition 133
tcp_ping received 96 bytes back
Round trip time was 2.26374 milliseconds in repetition 134
tcp_ping received 96 bytes back
Round trip time was 2.07742 milliseconds in repetition 135
tcp_ping received 96 bytes back
Round trip time was 2.35929 milliseconds in repetition 136
tcp_ping received 96 bytes back
Round trip time was 1.25459 milliseconds in repetition 137
tcp_ping received 96 bytes back
Round trip time was 2.44054 milliseconds in repetition 138
tcp_ping received 96 bytes back
Round trip time was 2.41982 milliseconds in repetition 139
tcp_ping received 96 bytes back
Round trip time was 2.44268 milliseconds in repetition 140
tcp_ping received 96 bytes back
Round trip time was 2.24355 milliseconds in repetition 141
tcp_ping received 96 bytes back
Round trip time was 1.73628 milliseconds in repetition 142
tcp_ping received 96 bytes back
Round trip time was 2.03848 milliseconds in repetition 143
tcp_ping received 96 bytes back
Round trip time was 2.43853 milliseconds in repetition 144
tcp_ping received 96 bytes back
Round trip time was 2.42739 milliseconds in repetition 145
tcp_ping received 96 bytes back
Round trip time was 2.45945 milliseconds in repetition 146
tcp_ping received 96 bytes back
Round trip time was 2.13581 milliseconds in repetition 147
tcp_ping received 96 bytes back
Round trip time was 1.15905 milliseconds in repetition 148
tcp_ping received 96 bytes back
Round trip time was 2.34338 milliseconds in repetition 149
tcp_ping received 96 bytes back
Round trip time was 1.51077 milliseconds in repetition 150
tcp_ping received 96 bytes back
Round trip time was 1.94544 milliseconds in repetition 151
tcp_ping received 96 bytes back
Round trip time was 2.32847 milliseconds in repetition 152
tcp_ping received 96 bytes back
Round trip time was 2.08748 milliseconds in repetition 153
tcp_ping received 96 bytes back
Round trip time was 1.55084 milliseconds in repetition 154
tcp_ping received 96 bytes back
Round trip time was 2.15751 milliseconds in repetition 155
tcp_ping received 96 bytes back
Round trip time was 2.2085 milliseconds in repetition 156
tcp_ping received 96 bytes back
Round trip time was 2.40329 milliseconds in repetition 157
tcp_ping received 96 bytes back
Round trip time was 1.77216 milliseconds in repetition 158
tcp_ping received 96 bytes back
Round trip time was 2.02617 milliseconds in repetition 159
tcp_ping received 96 bytes back
Round trip time was 1.11525 milliseconds in repetition 160
tcp_ping received 96 bytes back
Round trip time was 2.44271 milliseconds in repetition 161
tcp_ping received 96 bytes back
Round trip time was 2.09041 milliseconds in repetition 162
tcp_ping received 96 bytes back
Round trip time was 2.04533 milliseconds in repetition 163
tcp_ping received 96 bytes back
Round trip time was 2.42034 milliseconds in repetition 164
tcp_ping received 96 bytes back
Round trip time was 2.43255 milliseconds in repetition 165
tcp_ping received 96 bytes back
Round trip time was 1.92104 milliseconds in repetition 166
tcp_ping received 96 bytes back
Round trip time was 2.06834 milliseconds in repetition 167
tcp_ping received 96 bytes back
Round trip time was 2.41977 milliseconds in repetition 168
tcp_ping received 96 bytes back
Round trip time was 2.28122 milliseconds in repetition 169
tcp_ping received 96 bytes back
Round trip time was 2.1352 milliseconds in repetition 170
tcp_ping received 96 bytes back
Round trip time was 1.77153 milliseconds in repetition 171
tcp_ping received 96 bytes back
Round trip time was 2.08766 milliseconds in repetition 172
tcp_ping received 96 bytes back
Round trip time was 1.87929 milliseconds in repetition 173
tcp_ping received 96 bytes back
Round trip time was 1.81195 milliseconds in repetition 174
tcp_ping received 96 bytes back
Round trip time was 1.75072 milliseconds in repetition 175
tcp_ping received 96 bytes back
Round trip time was 2.44856 milliseconds in repetition 176
tcp_ping received 96 bytes back
Round trip time was 1.90775 milliseconds in repetition 177
tcp_ping received 96 bytes back
Round trip time was 2.38051 milliseconds in repetition 178
tcp_ping received 96 bytes back
Round trip time was 1.49065 milliseconds in repetition 179
tcp_ping received 96 bytes back
Round trip time was 1.19792 milliseconds in repetition 180
tcp_ping received 96 bytes back
Round trip time was 1.2059 milliseconds in repetition 181
tcp_ping received 96 bytes back
Round trip time was 1.26798 milliseconds in repetition 182
tcp_ping received 96 bytes back
Round trip time was 1.02217 milliseconds in repetition 183
tcp_ping received 96 bytes back
Round trip time was 1.22965 milliseconds in repetition 184
tcp_ping received 96 bytes back
Round trip time was 0.999041 milliseconds in repetition 185
tcp_ping received 96 bytes back
Round trip time was 0.935047 milliseconds in repetition 186
tcp_ping received 96 bytes back
Round trip time was 1.0875 milliseconds in repetition 187
tcp_ping received 96 bytes back
Round trip time was 1.30157 milliseconds in repetition 188
tcp_ping received 96 bytes back
Round trip time was 1.02325 milliseconds in repetition 189
tcp_ping received 96 bytes back
Round trip time was 1.11778 milliseconds in repetition 190
tcp_ping received 96 bytes back
Round trip time was 0.979833 milliseconds in repetition 191
tcp_ping received 96 bytes back
Round trip time was 1.14858 milliseconds in repetition 192
tcp_ping received 96 bytes back
Round trip time was 0.762355 milliseconds in repetition 193
tcp_ping received 96 bytes back
Round trip time was 0.957452 milliseconds in repetition 194
tcp_ping received 96 bytes back
Round trip time was 1.23393 milliseconds in repetition 195
tcp_ping received 96 bytes back
Round trip time was 1.05486 milliseconds in repetition 196
tcp_ping received 96 bytes back
Round trip time was 0.966767 milliseconds in repetition 197
tcp_ping received 96 bytes back
Round trip time was 1.41022 milliseconds in repetition 198
tcp_ping received 96 bytes back
Round trip time was 1.3312 milliseconds in repetition 199
tcp_ping received 96 bytes back
Round trip time was 1.2827 milliseconds in repetition 200
tcp_ping received 96 bytes back
Round trip time was 0.897433 milliseconds in repetition 201
tcp_ping received 96 bytes back
Round trip time was 1.07192 milliseconds in repetition 202
tcp_ping received 96 bytes back
Round trip time was 1.22387 milliseconds in repetition 203
tcp_ping received 96 bytes back
Round trip time was 0.884891 milliseconds in repetition 204
tcp_ping received 96 bytes back
Round trip time was 0.912644 milliseconds in repetition 205
tcp_ping received 96 bytes back
Round trip time was 0.877108 milliseconds in repetition 206
tcp_ping received 96 bytes back
Round trip time was 1.00787 milliseconds in repetition 207
tcp_ping received 96 bytes back
Round trip time was 0.993094 milliseconds in repetition 208
tcp_ping received 96 bytes back
Round trip time was 1.38999 milliseconds in repetition 209
tcp_ping received 96 bytes back
Round trip time was 0.998316 milliseconds in repetition 210
tcp_ping received 96 bytes back
Round trip time was 0.851991 milliseconds in repetition 211
tcp_ping received 96 bytes back
Round trip time was 1.24504 milliseconds in repetition 212
tcp_ping received 96 bytes back
Round trip time was 0.881877 milliseconds in repetition 213
tcp_ping received 96 bytes back
Round trip time was 0.969797 milliseconds in repetition 214
tcp_ping received 96 bytes back
Round trip time was 0.895153 milliseconds in repetition 215
tcp_ping received 96 bytes back
Round trip time was 0.851649 milliseconds in repetition 216
tcp_ping received 96 bytes back
Round trip time was 0.801097 milliseconds in repetition 217
tcp_ping received 96 bytes back
Round trip time was 0.728191 milliseconds in repetition 218
tcp_ping received 96 bytes back
Round trip time was 0.701422 milliseconds in repetition 219
tcp_ping received 96 bytes back
Round trip time was 0.769997 milliseconds in repetition 220
tcp_ping received 96 bytes back
Round trip time was 0.810166 milliseconds in repetition 221
tcp_ping received 96 bytes back
Round trip time was 0.943883 milliseconds in repetition 222
tcp_ping received 96 bytes back
Round trip time was 0.729513 milliseconds in repetition 223
tcp_ping received 96 bytes back
Round trip time was 0.944274 milliseconds in repetition 224
tcp_ping received 96 bytes back
Round trip time was 0.723162 milliseconds in repetition 225
tcp_ping received 96 bytes back
Round trip time was 1.22618 milliseconds in repetition 226
tcp_ping received 96 bytes back
Round trip time was 0.980222 milliseconds in repetition 227
tcp_ping received 96 bytes back
Round trip time was 1.13276 milliseconds in repetition 228
tcp_ping received 96 bytes back
Round trip time was 0.953836 milliseconds in repetition 229
tcp_ping received 96 bytes back
Round trip time was 1.23482 milliseconds in repetition 230
tcp_ping received 96 bytes back
Round trip time was 0.986267 milliseconds in repetition 231
tcp_ping received 96 bytes back
Round trip time was 1.2077 milliseconds in repetition 232
tcp_ping received 96 bytes back
Round trip time was 0.994644 milliseconds in repetition 233
tcp_ping received 96 bytes back
Round trip time was 1.1403 milliseconds in repetition 234
tcp_ping received 96 bytes back
Round trip time was 0.952375 milliseconds in repetition 235
tcp_ping received 96 bytes back
Round trip time was 0.838485 milliseconds in repetition 236
tcp_ping received 96 bytes back
Round trip time was 1.10384 milliseconds in repetition 237
tcp_ping received 96 bytes back
Round trip time was 0.898361 milliseconds in repetition 238
tcp_ping received 96 bytes back
Round trip time was 0.836531 milliseconds in repetition 239
tcp_ping received 96 bytes back
Round trip time was 0.793605 milliseconds in repetition 240
tcp_ping received 96 bytes back
Round trip time was 1.08524 milliseconds in repetition 241
tcp_ping received 96 bytes back
Round trip time was 1.00074 milliseconds in repetition 242
tcp_ping received 96 bytes back
Round trip time was 1.23482 milliseconds in repetition 243
tcp_ping received 96 bytes back
Round trip time was 0.999083 milliseconds in repetition 244
tcp_ping received 96 bytes back
Round trip time was 1.23222 milliseconds in repetition 245
tcp_ping received 96 bytes back
Round trip time was 0.966016 milliseconds in repetition 246
tcp_ping received 96 bytes back
Round trip time was 1.11501 milliseconds in repetition 247
tcp_ping received 96 bytes back
Round trip time was 0.999969 milliseconds in repetition 248
tcp_ping received 96 bytes back
Round trip time was 1.22254 milliseconds in repetition 249
tcp_ping received 96 bytes back
Round trip time was 0.894413 milliseconds in repetition 250
tcp_ping received 96 bytes back
Round trip time was 0.846092 milliseconds in repetition 251
tcp_ping received 96 bytes back
Round trip time was 0.960136 milliseconds in repetition 252
tcp_ping received 96 bytes back
Round trip time was 1.22819 milliseconds in repetition 253
tcp_ping received 96 bytes back
Round trip time was 0.885244 milliseconds in repetition 254
tcp_ping received 96 bytes back
Round trip time was 1.79778 milliseconds in repetition 255
tcp_ping received 96 bytes back
Round trip time was 2.47669 milliseconds in repetition 256
tcp_ping received 96 bytes back
Round trip time was 2.43805 milliseconds in repetition 257
tcp_ping received 96 bytes back
Round trip time was 2.24652 milliseconds in repetition 258
tcp_ping received 96 bytes back
Round trip time was 2.30546 milliseconds in repetition 259
tcp_ping received 96 bytes back
Round trip time was 2.00475 milliseconds in repetition 260
tcp_ping received 96 bytes back
Round trip time was 2.33549 milliseconds in repetition 261
tcp_ping received 96 bytes back
Round trip time was 2.48756 milliseconds in repetition 262
tcp_ping received 96 bytes back
Round trip time was 2.43475 milliseconds in repetition 263
tcp_ping received 96 bytes back
Round trip time was 0.729772 milliseconds in repetition 264
tcp_ping received 96 bytes back
Round trip time was 0.735359 milliseconds in repetition 265
tcp_ping received 96 bytes back
Round trip time was 0.788286 milliseconds in repetition 266
tcp_ping received 96 bytes back
Round trip time was 0.902983 milliseconds in repetition 267
tcp_ping received 96 bytes back
Round trip time was 2.00534 milliseconds in repetition 268
tcp_ping received 96 bytes back
Round trip time was 2.06406 milliseconds in repetition 269
tcp_ping received 96 bytes back
Round trip time was 12.2953 milliseconds in repetition 270
tcp_ping received 96 bytes back
Round trip time was 1.26826 milliseconds in repetition 271
tcp_ping received 96 bytes back
Round trip time was 0.956785 milliseconds in repetition 272
tcp_ping received 96 bytes back
Round trip time was 2.2985 milliseconds in repetition 273
tcp_ping received 96 bytes back
Round trip time was 0.651736 milliseconds in repetition 274
tcp_ping received 96 bytes back
Round trip time was 1.68069 milliseconds in repetition 275
tcp_ping received 96 bytes back
Round trip time was 2.21673 milliseconds in repetition 276
tcp_ping received 96 bytes back
Round trip time was 2.46101 milliseconds in repetition 277
tcp_ping received 96 bytes back
Round trip time was 1.91288 milliseconds in repetition 278
tcp_ping received 96 bytes back
Round trip time was 2.48037 milliseconds in repetition 279
tcp_ping received 96 bytes back
Round trip time was 2.46922 milliseconds in repetition 280
tcp_ping received 96 bytes back
Round trip time was 2.34773 milliseconds in repetition 281
tcp_ping received 96 bytes back
Round trip time was 2.1027 milliseconds in repetition 282
tcp_ping received 96 bytes back
Round trip time was 2.55532 milliseconds in repetition 283
tcp_ping received 96 bytes back
Round trip time was 2.53399 milliseconds in repetition 284
tcp_ping received 96 bytes back
Round trip time was 1.06224 milliseconds in repetition 285
tcp_ping received 96 bytes back
Round trip time was 2.39242 milliseconds in repetition 286
tcp_ping received 96 bytes back
Round trip time was 2.42827 milliseconds in repetition 287
tcp_ping received 96 bytes back
Round trip time was 2.51172 milliseconds in repetition 288
tcp_ping received 96 bytes back
Round trip time was 2.48744 milliseconds in repetition 289
tcp_ping received 96 bytes back
Round trip time was 2.57003 milliseconds in repetition 290
tcp_ping received 96 bytes back
Round trip time was 2.56575 milliseconds in repetition 291
tcp_ping received 96 bytes back
Round trip time was 0.930908 milliseconds in repetition 292
tcp_ping received 96 bytes back
Round trip time was 2.48253 milliseconds in repetition 293
tcp_ping received 96 bytes back
Round trip time was 2.57345 milliseconds in repetition 294
tcp_ping received 96 bytes back
Round trip time was 2.48102 milliseconds in repetition 295
tcp_ping received 96 bytes back
Round trip time was 1.67813 milliseconds in repetition 296
tcp_ping received 96 bytes back
Round trip time was 2.00625 milliseconds in repetition 297
tcp_ping received 96 bytes back
Round trip time was 2.54311 milliseconds in repetition 298
tcp_ping received 96 bytes back
Round trip time was 2.40563 milliseconds in repetition 299
tcp_ping received 96 bytes back
Round trip time was 2.49749 milliseconds in repetition 300
tcp_ping received 96 bytes back
Round trip time was 2.56133 milliseconds in repetition 301
tcp_ping received 96 bytes back
Round trip time was 2.05908 milliseconds in repetition 302
tcp_ping received 96 bytes back
Round trip time was 2.13176 milliseconds in repetition 303
tcp_ping received 96 bytes back
Round trip time was 2.21631 milliseconds in repetition 304
tcp_ping received 96 bytes back
Round trip time was 2.48146 milliseconds in repetition 305
tcp_ping received 96 bytes back
Round trip time was 2.26447 milliseconds in repetition 306
tcp_ping received 96 bytes back
Round trip time was 2.41663 milliseconds in repetition 307
tcp_ping received 96 bytes back
Round trip time was 2.43182 milliseconds in repetition 308
tcp_ping received 96 bytes back
Round trip time was 2.42841 milliseconds in repetition 309
tcp_ping received 96 bytes back
Round trip time was 2.26515 milliseconds in repetition 310
tcp_ping received 96 bytes back
Round trip time was 1.89429 milliseconds in repetition 311
tcp_ping received 96 bytes back
Round trip time was 2.12637 milliseconds in repetition 312
tcp_ping received 96 bytes back
Round trip time was 2.42921 milliseconds in repetition 313
tcp_ping received 96 bytes back
Round trip time was 2.44827 milliseconds in repetition 314
tcp_ping received 96 bytes back
Round trip time was 2.40769 milliseconds in repetition 315
tcp_ping received 96 bytes back
Round trip time was 2.49637 milliseconds in repetition 316
tcp_ping received 96 bytes back
Round trip time was 2.11376 milliseconds in repetition 317
tcp_ping received 96 bytes back
Round trip time was 1.86844 milliseconds in repetition 318
tcp_ping received 96 bytes back
Round trip time was 2.143 milliseconds in repetition 319
tcp_ping received 96 bytes back
Round trip time was 1.66163 milliseconds in repetition 320
tcp_ping received 96 bytes back
Round trip time was 2.45922 milliseconds in repetition 321
tcp_ping received 96 bytes back
Round trip time was 2.44069 milliseconds in repetition 322
tcp_ping received 96 bytes back
Round trip time was 2.40998 milliseconds in repetition 323
tcp_ping received 96 bytes back
Round trip time was 2.39335 milliseconds in repetition 324
tcp_ping received 96 bytes back
Round trip time was 2.00557 milliseconds in repetition 325
tcp_ping received 96 bytes back
Round trip time was 2.00921 milliseconds in repetition 326
tcp_ping received 96 bytes back
Round trip time was 2.13882 milliseconds in repetition 327
tcp_ping received 96 bytes back
Round trip time was 2.43181 milliseconds in repetition 328
tcp_ping received 96 bytes back
Round trip time was 1.66174 milliseconds in repetition 329
tcp_ping received 96 bytes back
Round trip time was 2.4484 milliseconds in repetition 330
tcp_ping received 96 bytes back
Round trip time was 2.41047 milliseconds in repetition 331
tcp_ping received 96 bytes back
Round trip time was 2.14024 milliseconds in repetition 332
tcp_ping received 96 bytes back
Round trip time was 2.1748 milliseconds in repetition 333
tcp_ping received 96 bytes back
Round trip time was 1.97274 milliseconds in repetition 334
tcp_ping received 96 bytes back
Round trip time was 2.34754 milliseconds in repetition 335
tcp_ping received 96 bytes back
Round trip time was 2.20464 milliseconds in repetition 336
tcp_ping received 96 bytes back
Round trip time was 2.36904 milliseconds in repetition 337
tcp_ping received 96 bytes back
Round trip time was 2.36032 milliseconds in repetition 338
tcp_ping received 96 bytes back
Round trip time was 2.43051 milliseconds in repetition 339
tcp_ping received 96 bytes back
Round trip time was 1.70131 milliseconds in repetition 340
tcp_ping received 96 bytes back
Round trip time was 2.02306 milliseconds in repetition 341
tcp_ping received 96 bytes back
Round trip time was 0.932766 milliseconds in repetition 342
tcp_ping received 96 bytes back
Round trip time was 2.3087 milliseconds in repetition 343
tcp_ping received 96 bytes back
Round trip time was 2.27266 milliseconds in repetition 344
tcp_ping received 96 bytes back
Round trip time was 2.00123 milliseconds in repetition 345
tcp_ping received 96 bytes back
Round trip time was 1.97753 milliseconds in repetition 346
tcp_ping received 96 bytes back
Round trip time was 2.09502 milliseconds in repetition 347
tcp_ping received 96 bytes back
Round trip time was 1.92412 milliseconds in repetition 348
tcp_ping received 96 bytes back
Round trip time was 2.0676 milliseconds in repetition 349
tcp_ping received 96 bytes back
Round trip time was 2.08966 milliseconds in repetition 350
tcp_ping received 96 bytes back
Round trip time was 2.10127 milliseconds in repetition 351
tcp_ping received 96 bytes back
Round trip time was 0.848083 milliseconds in repetition 352
tcp_ping received 96 bytes back
Round trip time was 2.1185 milliseconds in repetition 353
tcp_ping received 96 bytes back
Round trip time was 2.13661 milliseconds in repetition 354
tcp_ping received 96 bytes back
Round trip time was 2.2392 milliseconds in repetition 355
tcp_ping received 96 bytes back
Round trip time was 2.3769 milliseconds in repetition 356
tcp_ping received 96 bytes back
Round trip time was 1.03312 milliseconds in repetition 357
tcp_ping received 96 bytes back
Round trip time was 2.32068 milliseconds in repetition 358
tcp_ping received 96 bytes back
Round trip time was 2.3793 milliseconds in repetition 359
tcp_ping received 96 bytes back
Round trip time was 1.22281 milliseconds in repetition 360
tcp_ping received 96 bytes back
Round trip time was 2.35399 milliseconds in repetition 361
tcp_ping received 96 bytes back
Round trip time was 2.36999 milliseconds in repetition 362
tcp_ping received 96 bytes back
Round trip time was 2.26219 milliseconds in repetition 363
tcp_ping received 96 bytes back
Round trip time was 2.20065 milliseconds in repetition 364
tcp_ping received 96 bytes back
Round trip time was 1.79454 milliseconds in repetition 365
tcp_ping received 96 bytes back
Round trip time was 0.947327 milliseconds in repetition 366
tcp_ping received 96 bytes back
Round trip time was 2.34889 milliseconds in repetition 367
tcp_ping received 96 bytes back
Round trip time was 2.16423 milliseconds in repetition 368
tcp_ping received 96 bytes back
Round trip time was 2.44611 milliseconds in repetition 369
tcp_ping received 96 bytes back
Round trip time was 2.35049 milliseconds in repetition 370
tcp_ping received 96 bytes back
Round trip time was 2.34994 milliseconds in repetition 371
tcp_ping received 96 bytes back
Round trip time was 2.09793 milliseconds in repetition 372
tcp_ping received 96 bytes back
Round trip time was 1.78492 milliseconds in repetition 373
tcp_ping received 96 bytes back
Round trip time was 2.02657 milliseconds in repetition 374
tcp_ping received 96 bytes back
Round trip time was 2.37619 milliseconds in repetition 375
tcp_ping received 96 bytes back
Round trip time was 2.45909 milliseconds in repetition 376
tcp_ping received 96 bytes back
Round trip time was 1.26323 milliseconds in repetition 377
tcp_ping received 96 bytes back
Round trip time was 2.37699 milliseconds in repetition 378
tcp_ping received 96 bytes back
Round trip time was 2.04551 milliseconds in repetition 379
tcp_ping received 96 bytes back
Round trip time was 2.33795 milliseconds in repetition 380
tcp_ping received 96 bytes back
Round trip time was 1.22565 milliseconds in repetition 381
tcp_ping received 96 bytes back
Round trip time was 2.28719 milliseconds in repetition 382
tcp_ping received 96 bytes back
Round trip time was 1.72896 milliseconds in repetition 383
tcp_ping received 96 bytes back
Round trip time was 2.46675 milliseconds in repetition 384
tcp_ping received 96 bytes back
Round trip time was 1.49659 milliseconds in repetition 385
tcp_ping received 96 bytes back
Round trip time was 2.12857 milliseconds in repetition 386
tcp_ping received 96 bytes back
Round trip time was 1.74185 milliseconds in repetition 387
tcp_ping received 96 bytes back
Round trip time was 2.20256 milliseconds in repetition 388
tcp_ping received 96 bytes back
Round trip time was 1.89588 milliseconds in repetition 389
tcp_ping received 96 bytes back
Round trip time was 2.4046 milliseconds in repetition 390
tcp_ping received 96 bytes back
Round trip time was 1.31007 milliseconds in repetition 391
tcp_ping received 96 bytes back
Round trip time was 2.42371 milliseconds in repetition 392
tcp_ping received 96 bytes back
Round trip time was 1.78564 milliseconds in repetition 393
tcp_ping received 96 bytes back
Round trip time was 2.16151 milliseconds in repetition 394
tcp_ping received 96 bytes back
Round trip time was 1.02201 milliseconds in repetition 395
tcp_ping received 96 bytes back
Round trip time was 2.22155 milliseconds in repetition 396
tcp_ping received 96 bytes back
Round trip time was 2.03416 milliseconds in repetition 397
tcp_ping received 96 bytes back
Round trip time was 1.96987 milliseconds in repetition 398
tcp_ping received 96 bytes back
Round trip time was 2.01597 milliseconds in repetition 399
tcp_ping received 96 bytes back
Round trip time was 2.31706 milliseconds in repetition 400
tcp_ping received 96 bytes back
Round trip time was 2.07022 milliseconds in repetition 401
tcp_ping received 96 bytes back
Round trip time was 2.14346 milliseconds in repetition 402
tcp_ping received 96 bytes back
Round trip time was 2.14933 milliseconds in repetition 403
tcp_ping received 96 bytes back
Round trip time was 2.46895 milliseconds in repetition 404
tcp_ping received 96 bytes back
Round trip time was 2.44593 milliseconds in repetition 405
tcp_ping received 96 bytes back
Round trip time was 2.37196 milliseconds in repetition 406
tcp_ping received 96 bytes back
Round trip time was 1.99783 milliseconds in repetition 407
tcp_ping received 96 bytes back
Round trip time was 2.2843 milliseconds in repetition 408
tcp_ping received 96 bytes back
Round trip time was 2.25629 milliseconds in repetition 409
tcp_ping received 96 bytes back
Round trip time was 1.61586 milliseconds in repetition 410
tcp_ping received 96 bytes back
Round trip time was 2.44782 milliseconds in repetition 411
tcp_ping received 96 bytes back
Round trip time was 2.4311 milliseconds in repetition 412
tcp_ping received 96 bytes back
Round trip time was 1.92553 milliseconds in repetition 413
tcp_ping received 96 bytes back
Round trip time was 0.73835 milliseconds in repetition 414
tcp_ping received 96 bytes back
Round trip time was 2.17161 milliseconds in repetition 415
tcp_ping received 96 bytes back
Round trip time was 2.44296 milliseconds in repetition 416
tcp_ping received 96 bytes back
Round trip time was 2.3914 milliseconds in repetition 417
tcp_ping received 96 bytes back
Round trip time was 2.4294 milliseconds in repetition 418
tcp_ping received 96 bytes back
Round trip time was 2.43464 milliseconds in repetition 419
tcp_ping received 96 bytes back
Round trip time was 2.42504 milliseconds in repetition 420
tcp_ping received 96 bytes back
Round trip time was 1.2204 milliseconds in repetition 421
tcp_ping received 96 bytes back
Round trip time was 2.27737 milliseconds in repetition 422
tcp_ping received 96 bytes back
Round trip time was 2.4494 milliseconds in repetition 423
tcp_ping received 96 bytes back
Round trip time was 2.29907 milliseconds in repetition 424
tcp_ping received 96 bytes back
Round trip time was 2.47196 milliseconds in repetition 425
tcp_ping received 96 bytes back
Round trip time was 2.41948 milliseconds in repetition 426
tcp_ping received 96 bytes back
Round trip time was 2.42945 milliseconds in repetition 427
tcp_ping received 96 bytes back
Round trip time was 2.27528 milliseconds in repetition 428
tcp_ping received 96 bytes back
Round trip time was 2.14522 milliseconds in repetition 429
tcp_ping received 96 bytes back
Round trip time was 1.70783 milliseconds in repetition 430
tcp_ping received 96 bytes back
Round trip time was 2.02606 milliseconds in repetition 431
tcp_ping received 96 bytes back
Round trip time was 2.41248 milliseconds in repetition 432
tcp_ping received 96 bytes back
Round trip time was 1.98741 milliseconds in repetition 433
tcp_ping received 96 bytes back
Round trip time was 2.3721 milliseconds in repetition 434
tcp_ping received 96 bytes back
Round trip time was 2.43722 milliseconds in repetition 435
tcp_ping received 96 bytes back
Round trip time was 1.47037 milliseconds in repetition 436
tcp_ping received 96 bytes back
Round trip time was 2.07463 milliseconds in repetition 437
tcp_ping received 96 bytes back
Round trip time was 2.25326 milliseconds in repetition 438
tcp_ping received 96 bytes back
Round trip time was 2.4603 milliseconds in repetition 439
tcp_ping received 96 bytes back
Round trip time was 2.41582 milliseconds in repetition 440
tcp_ping received 96 bytes back
Round trip time was 1.91348 milliseconds in repetition 441
tcp_ping received 96 bytes back
Round trip time was 2.38913 milliseconds in repetition 442
tcp_ping received 96 bytes back
Round trip time was 2.08574 milliseconds in repetition 443
tcp_ping received 96 bytes back
Round trip time was 2.36506 milliseconds in repetition 444
tcp_ping received 96 bytes back
Round trip time was 2.45995 milliseconds in repetition 445
tcp_ping received 96 bytes back
Round trip time was 2.36832 milliseconds in repetition 446
tcp_ping received 96 bytes back
Round trip time was 2.45349 milliseconds in repetition 447
tcp_ping received 96 bytes back
Round trip time was 2.4137 milliseconds in repetition 448
tcp_ping received 96 bytes back
Round trip time was 2.44349 milliseconds in repetition 449
tcp_ping received 96 bytes back
Round trip time was 2.3851 milliseconds in repetition 450
tcp_ping received 96 bytes back
Round trip time was 2.41586 milliseconds in repetition 451
tcp_ping received 96 bytes back
Round trip time was 2.11461 milliseconds in repetition 452
tcp_ping received 96 bytes back
Round trip time was 1.78107 milliseconds in repetition 453
tcp_ping received 96 bytes back
Round trip time was 2.34285 milliseconds in repetition 454
tcp_ping received 96 bytes back
Round trip time was 2.34494 milliseconds in repetition 455
tcp_ping received 96 bytes back
Round trip time was 2.36801 milliseconds in repetition 456
tcp_ping received 96 bytes back
Round trip time was 2.31864 milliseconds in repetition 457
tcp_ping received 96 bytes back
Round trip time was 2.41246 milliseconds in repetition 458
tcp_ping received 96 bytes back
Round trip time was 2.11039 milliseconds in repetition 459
tcp_ping received 96 bytes back
Round trip time was 2.39324 milliseconds in repetition 460
tcp_ping received 96 bytes back
Round trip time was 2.48568 milliseconds in repetition 461
tcp_ping received 96 bytes back
Round trip time was 2.40346 milliseconds in repetition 462
tcp_ping received 96 bytes back
Round trip time was 2.45596 milliseconds in repetition 463
tcp_ping received 96 bytes back
Round trip time was 2.35809 milliseconds in repetition 464
tcp_ping received 96 bytes back
Round trip time was 2.37356 milliseconds in repetition 465
tcp_ping received 96 bytes back
Round trip time was 2.21051 milliseconds in repetition 466
tcp_ping received 96 bytes back
Round trip time was 2.44991 milliseconds in repetition 467
tcp_ping received 96 bytes back
Round trip time was 2.4655 milliseconds in repetition 468
tcp_ping received 96 bytes back
Round trip time was 2.44196 milliseconds in repetition 469
tcp_ping received 96 bytes back
Round trip time was 1.74241 milliseconds in repetition 470
tcp_ping received 96 bytes back
Round trip time was 2.32219 milliseconds in repetition 471
tcp_ping received 96 bytes back
Round trip time was 1.60932 milliseconds in repetition 472
tcp_ping received 96 bytes back
Round trip time was 2.15114 milliseconds in repetition 473
tcp_ping received 96 bytes back
Round trip time was 1.45217 milliseconds in repetition 474
tcp_ping received 96 bytes back
Round trip time was 2.34101 milliseconds in repetition 475
tcp_ping received 96 bytes back
Round trip time was 2.01091 milliseconds in repetition 476
tcp_ping received 96 bytes back
Round trip time was 2.35639 milliseconds in repetition 477
tcp_ping received 96 bytes back
Round trip time was 1.63277 milliseconds in repetition 478
tcp_ping received 96 bytes back
Round trip time was 2.42715 milliseconds in repetition 479
tcp_ping received 96 bytes back
Round trip time was 1.38579 milliseconds in repetition 480
tcp_ping received 96 bytes back
Round trip time was 2.17648 milliseconds in repetition 481
tcp_ping received 96 bytes back
Round trip time was 1.71956 milliseconds in repetition 482
tcp_ping received 96 bytes back
Round trip time was 2.46764 milliseconds in repetition 483
tcp_ping received 96 bytes back
Round trip time was 2.45651 milliseconds in repetition 484
tcp_ping received 96 bytes back
Round trip time was 2.41596 milliseconds in repetition 485
tcp_ping received 96 bytes back
Round trip time was 2.49686 milliseconds in repetition 486
tcp_ping received 96 bytes back
Round trip time was 2.05114 milliseconds in repetition 487
tcp_ping received 96 bytes back
Round trip time was 1.16029 milliseconds in repetition 488
tcp_ping received 96 bytes back
Round trip time was 2.20506 milliseconds in repetition 489
tcp_ping received 96 bytes back
Round trip time was 0.715422 milliseconds in repetition 490
tcp_ping received 96 bytes back
Round trip time was 2.41176 milliseconds in repetition 491
tcp_ping received 96 bytes back
Round trip time was 2.52321 milliseconds in repetition 492
tcp_ping received 96 bytes back
Round trip time was 2.43323 milliseconds in repetition 493
tcp_ping received 96 bytes back
Round trip time was 2.21069 milliseconds in repetition 494
tcp_ping received 96 bytes back
Round trip time was 2.55464 milliseconds in repetition 495
tcp_ping received 96 bytes back
Round trip time was 1.6954 milliseconds in repetition 496
tcp_ping received 96 bytes back
Round trip time was 2.14309 milliseconds in repetition 497
tcp_ping received 96 bytes back
Round trip time was 2.42092 milliseconds in repetition 498
tcp_ping received 96 bytes back
Round trip time was 2.454 milliseconds in repetition 499
tcp_ping received 96 bytes back
Round trip time was 2.34724 milliseconds in repetition 500
tcp_ping received 96 bytes back
Round trip time was 2.49152 milliseconds in repetition 501

 ... clock resolution was 1e-06
TCP Ping:  Statistics over 501 repetitions of 96 byte messages

RTT : percentile 10: 0.992222, median: 2.15332, percentile 90: 2.45596, average: 1.97725, variance: 0.516533

RTT histogram:
   overall Throughput : 97.1044 KB/s

