TCP Ping trying to connect to server 192.168.1.110 (192.168.1.110) on port 1491
 ... connected to Pong server: asking for 501 repetitions of 6144 bytes TCP messages
 ... Pong server agreed :-)
tcp_ping received 6144 bytes back
Round trip time was 2.81531 milliseconds in repetition 1
tcp_ping received 6144 bytes back
Round trip time was 1.87767 milliseconds in repetition 2
tcp_ping received 6144 bytes back
Round trip time was 2.1755 milliseconds in repetition 3
tcp_ping received 6144 bytes back
Round trip time was 1.75277 milliseconds in repetition 4
tcp_ping received 6144 bytes back
Round trip time was 2.30519 milliseconds in repetition 5
tcp_ping received 6144 bytes back
Round trip time was 1.81867 milliseconds in repetition 6
tcp_ping received 6144 bytes back
Round trip time was 2.39294 milliseconds in repetition 7
tcp_ping received 6144 bytes back
Round trip time was 3.1941 milliseconds in repetition 8
tcp_ping received 6144 bytes back
Round trip time was 2.30795 milliseconds in repetition 9
tcp_ping received 6144 bytes back
Round trip time was 2.46505 milliseconds in repetition 10
tcp_ping received 6144 bytes back
Round trip time was 2.99801 milliseconds in repetition 11
tcp_ping received 6144 bytes back
Round trip time was 2.41738 milliseconds in repetition 12
tcp_ping received 6144 bytes back
Round trip time was 2.40329 milliseconds in repetition 13
tcp_ping received 6144 bytes back
Round trip time was 1.84024 milliseconds in repetition 14
tcp_ping received 6144 bytes back
Round trip time was 2.37566 milliseconds in repetition 15
tcp_ping received 6144 bytes back
Round trip time was 3.06619 milliseconds in repetition 16
tcp_ping received 6144 bytes back
Round trip time was 2.18644 milliseconds in repetition 17
tcp_ping received 6144 bytes back
Round trip time was 2.60651 milliseconds in repetition 18
tcp_ping received 6144 bytes back
Round trip time was 2.98315 milliseconds in repetition 19
tcp_ping received 6144 bytes back
Round trip time was 2.30782 milliseconds in repetition 20
tcp_ping received 6144 bytes back
Round trip time was 2.56451 milliseconds in repetition 21
tcp_ping received 6144 bytes back
Round trip time was 2.91071 milliseconds in repetition 22
tcp_ping received 6144 bytes back
Round trip time was 2.45447 milliseconds in repetition 23
tcp_ping received 6144 bytes back
Round trip time was 2.57751 milliseconds in repetition 24
tcp_ping received 6144 bytes back
Round trip time was 2.96409 milliseconds in repetition 25
tcp_ping received 6144 bytes back
Round trip time was 2.43932 milliseconds in repetition 26
tcp_ping received 6144 bytes back
Round trip time was 2.38905 milliseconds in repetition 27
tcp_ping received 6144 bytes back
Round trip time was 1.83196 milliseconds in repetition 28
tcp_ping received 6144 bytes back
Round trip time was 3.64834 milliseconds in repetition 29
tcp_ping received 6144 bytes back
Round trip time was 1.76057 milliseconds in repetition 30
tcp_ping received 6144 bytes back
Round trip time was 1.87386 milliseconds in repetition 31
tcp_ping received 6144 bytes back
Round trip time was 1.86833 milliseconds in repetition 32
tcp_ping received 6144 bytes back
Round trip time was 1.82613 milliseconds in repetition 33
tcp_ping received 6144 bytes back
Round trip time was 1.87833 milliseconds in repetition 34
tcp_ping received 6144 bytes back
Round trip time was 1.81166 milliseconds in repetition 35
tcp_ping received 6144 bytes back
Round trip time was 1.77642 milliseconds in repetition 36
tcp_ping received 6144 bytes back
Round trip time was 1.87325 milliseconds in repetition 37
tcp_ping received 6144 bytes back
Round trip time was 1.92628 milliseconds in repetition 38
tcp_ping received 6144 bytes back
Round trip time was 1.87075 milliseconds in repetition 39
tcp_ping received 6144 bytes back
Round trip time was 1.92941 milliseconds in repetition 40
tcp_ping received 6144 bytes back
Round trip time was 1.88974 milliseconds in repetition 41
tcp_ping received 6144 bytes back
Round trip time was 1.76252 milliseconds in repetition 42
tcp_ping received 6144 bytes back
Round trip time was 2.00499 milliseconds in repetition 43
tcp_ping received 6144 bytes back
Round trip time was 1.86561 milliseconds in repetition 44
tcp_ping received 6144 bytes back
Round trip time was 2.04585 milliseconds in repetition 45
tcp_ping received 6144 bytes back
Round trip time was 1.82489 milliseconds in repetition 46
tcp_ping received 6144 bytes back
Round trip time was 1.85336 milliseconds in repetition 47
tcp_ping received 6144 bytes back
Round trip time was 1.86834 milliseconds in repetition 48
tcp_ping received 6144 bytes back
Round trip time was 1.82891 milliseconds in repetition 49
tcp_ping received 6144 bytes back
Round trip time was 1.83796 milliseconds in repetition 50
tcp_ping received 6144 bytes back
Round trip time was 1.76743 milliseconds in repetition 51
tcp_ping received 6144 bytes back
Round trip time was 1.81395 milliseconds in repetition 52
tcp_ping received 6144 bytes back
Round trip time was 1.73761 milliseconds in repetition 53
tcp_ping received 6144 bytes back
Round trip time was 1.86453 milliseconds in repetition 54
tcp_ping received 6144 bytes back
Round trip time was 1.83303 milliseconds in repetition 55
tcp_ping received 6144 bytes back
Round trip time was 1.79481 milliseconds in repetition 56
tcp_ping received 6144 bytes back
Round trip time was 1.94447 milliseconds in repetition 57
tcp_ping received 6144 bytes back
Round trip time was 1.95401 milliseconds in repetition 58
tcp_ping received 6144 bytes back
Round trip time was 1.88466 milliseconds in repetition 59
tcp_ping received 6144 bytes back
Round trip time was 1.91971 milliseconds in repetition 60
tcp_ping received 6144 bytes back
Round trip time was 1.77357 milliseconds in repetition 61
tcp_ping received 6144 bytes back
Round trip time was 1.75228 milliseconds in repetition 62
tcp_ping received 6144 bytes back
Round trip time was 1.7565 milliseconds in repetition 63
tcp_ping received 6144 bytes back
Round trip time was 1.94974 milliseconds in repetition 64
tcp_ping received 6144 bytes back
Round trip time was 1.83559 milliseconds in repetition 65
tcp_ping received 6144 bytes back
Round trip time was 1.80746 milliseconds in repetition 66
tcp_ping received 6144 bytes back
Round trip time was 1.85268 milliseconds in repetition 67
tcp_ping received 6144 bytes back
Round trip time was 1.82777 milliseconds in repetition 68
tcp_ping received 6144 bytes back
Round trip time was 1.8125 milliseconds in repetition 69
tcp_ping received 6144 bytes back
Round trip time was 1.83382 milliseconds in repetition 70
tcp_ping received 6144 bytes back
Round trip time was 1.92335 milliseconds in repetition 71
tcp_ping received 6144 bytes back
Round trip time was 1.89086 milliseconds in repetition 72
tcp_ping received 6144 bytes back
Round trip time was 2.24999 milliseconds in repetition 73
tcp_ping received 6144 bytes back
Round trip time was 1.80417 milliseconds in repetition 74
tcp_ping received 6144 bytes back
Round trip time was 2.3941 milliseconds in repetition 75
tcp_ping received 6144 bytes back
Round trip time was 2.55128 milliseconds in repetition 76
tcp_ping received 6144 bytes back
Round trip time was 2.49908 milliseconds in repetition 77
tcp_ping received 6144 bytes back
Round trip time was 2.14921 milliseconds in repetition 78
tcp_ping received 6144 bytes back
Round trip time was 1.79843 milliseconds in repetition 79
tcp_ping received 6144 bytes back
Round trip time was 2.61771 milliseconds in repetition 80
tcp_ping received 6144 bytes back
Round trip time was 2.95482 milliseconds in repetition 81
tcp_ping received 6144 bytes back
Round trip time was 2.23927 milliseconds in repetition 82
tcp_ping received 6144 bytes back
Round trip time was 2.5855 milliseconds in repetition 83
tcp_ping received 6144 bytes back
Round trip time was 1.8724 milliseconds in repetition 84
tcp_ping received 6144 bytes back
Round trip time was 2.34696 milliseconds in repetition 85
tcp_ping received 6144 bytes back
Round trip time was 2.85838 milliseconds in repetition 86
tcp_ping received 6144 bytes back
Round trip time was 2.39586 milliseconds in repetition 87
tcp_ping received 6144 bytes back
Round trip time was 2.43421 milliseconds in repetition 88
tcp_ping received 6144 bytes back
Round trip time was 2.01576 milliseconds in repetition 89
tcp_ping received 6144 bytes back
Round trip time was 2.30982 milliseconds in repetition 90
tcp_ping received 6144 bytes back
Round trip time was 2.97287 milliseconds in repetition 91
tcp_ping received 6144 bytes back
Round trip time was 1.988 milliseconds in repetition 92
tcp_ping received 6144 bytes back
Round trip time was 2.28232 milliseconds in repetition 93
tcp_ping received 6144 bytes back
Round trip time was 1.79523 milliseconds in repetition 94
tcp_ping received 6144 bytes back
Round trip time was 2.61123 milliseconds in repetition 95
tcp_ping received 6144 bytes back
Round trip time was 2.97891 milliseconds in repetition 96
tcp_ping received 6144 bytes back
Round trip time was 2.4511 milliseconds in repetition 97
tcp_ping received 6144 bytes back
Round trip time was 2.42836 milliseconds in repetition 98
tcp_ping received 6144 bytes back
Round trip time was 2.98564 milliseconds in repetition 99
tcp_ping received 6144 bytes back
Round trip time was 2.48133 milliseconds in repetition 100
tcp_ping received 6144 bytes back
Round trip time was 2.44037 milliseconds in repetition 101
tcp_ping received 6144 bytes back
Round trip time was 2.87358 milliseconds in repetition 102
tcp_ping received 6144 bytes back
Round trip time was 2.58054 milliseconds in repetition 103
tcp_ping received 6144 bytes back
Round trip time was 2.52823 milliseconds in repetition 104
tcp_ping received 6144 bytes back
Round trip time was 2.97717 milliseconds in repetition 105
tcp_ping received 6144 bytes back
Round trip time was 2.61296 milliseconds in repetition 106
tcp_ping received 6144 bytes back
Round trip time was 1.91158 milliseconds in repetition 107
tcp_ping received 6144 bytes back
Round trip time was 1.84134 milliseconds in repetition 108
tcp_ping received 6144 bytes back
Round trip time was 2.76419 milliseconds in repetition 109
tcp_ping received 6144 bytes back
Round trip time was 1.82016 milliseconds in repetition 110
tcp_ping received 6144 bytes back
Round trip time was 2.48199 milliseconds in repetition 111
tcp_ping received 6144 bytes back
Round trip time was 2.52799 milliseconds in repetition 112
tcp_ping received 6144 bytes back
Round trip time was 2.37516 milliseconds in repetition 113
tcp_ping received 6144 bytes back
Round trip time was 2.5324 milliseconds in repetition 114
tcp_ping received 6144 bytes back
Round trip time was 1.99466 milliseconds in repetition 115
tcp_ping received 6144 bytes back
Round trip time was 2.52707 milliseconds in repetition 116
tcp_ping received 6144 bytes back
Round trip time was 2.50069 milliseconds in repetition 117
tcp_ping received 6144 bytes back
Round trip time was 2.4008 milliseconds in repetition 118
tcp_ping received 6144 bytes back
Round trip time was 2.51748 milliseconds in repetition 119
tcp_ping received 6144 bytes back
Round trip time was 1.93032 milliseconds in repetition 120
tcp_ping received 6144 bytes back
Round trip time was 2.1324 milliseconds in repetition 121
tcp_ping received 6144 bytes back
Round trip time was 2.78583 milliseconds in repetition 122
tcp_ping received 6144 bytes back
Round trip time was 2.58038 milliseconds in repetition 123
tcp_ping received 6144 bytes back
Round trip time was 2.33013 milliseconds in repetition 124
tcp_ping received 6144 bytes back
Round trip time was 1.85566 milliseconds in repetition 125
tcp_ping received 6144 bytes back
Round trip time was 2.64282 milliseconds in repetition 126
tcp_ping received 6144 bytes back
Round trip time was 2.51572 milliseconds in repetition 127
tcp_ping received 6144 bytes back
Round trip time was 2.38327 milliseconds in repetition 128
tcp_ping received 6144 bytes back
Round trip time was 2.55845 milliseconds in repetition 129
tcp_ping received 6144 bytes back
Round trip time was 1.8292 milliseconds in repetition 130
tcp_ping received 6144 bytes back
Round trip time was 2.72593 milliseconds in repetition 131
tcp_ping received 6144 bytes back
Round trip time was 2.45221 milliseconds in repetition 132
tcp_ping received 6144 bytes back
Round trip time was 2.3735 milliseconds in repetition 133
tcp_ping received 6144 bytes back
Round trip time was 2.54087 milliseconds in repetition 134
tcp_ping received 6144 bytes back
Round trip time was 1.80337 milliseconds in repetition 135
tcp_ping received 6144 bytes back
Round trip time was 2.51521 milliseconds in repetition 136
tcp_ping received 6144 bytes back
Round trip time was 2.66922 milliseconds in repetition 137
tcp_ping received 6144 bytes back
Round trip time was 2.37698 milliseconds in repetition 138
tcp_ping received 6144 bytes back
Round trip time was 2.55743 milliseconds in repetition 139
tcp_ping received 6144 bytes back
Round trip time was 1.89556 milliseconds in repetition 140
tcp_ping received 6144 bytes back
Round trip time was 2.56473 milliseconds in repetition 141
tcp_ping received 6144 bytes back
Round trip time was 2.13442 milliseconds in repetition 142
tcp_ping received 6144 bytes back
Round trip time was 2.56437 milliseconds in repetition 143
tcp_ping received 6144 bytes back
Round trip time was 2.64013 milliseconds in repetition 144
tcp_ping received 6144 bytes back
Round trip time was 1.83458 milliseconds in repetition 145
tcp_ping received 6144 bytes back
Round trip time was 2.56027 milliseconds in repetition 146
tcp_ping received 6144 bytes back
Round trip time was 2.51965 milliseconds in repetition 147
tcp_ping received 6144 bytes back
Round trip time was 2.58827 milliseconds in repetition 148
tcp_ping received 6144 bytes back
Round trip time was 1.79977 milliseconds in repetition 149
tcp_ping received 6144 bytes back
Round trip time was 2.16064 milliseconds in repetition 150
tcp_ping received 6144 bytes back
Round trip time was 2.53192 milliseconds in repetition 151
tcp_ping received 6144 bytes back
Round trip time was 1.94794 milliseconds in repetition 152
tcp_ping received 6144 bytes back
Round trip time was 2.52907 milliseconds in repetition 153
tcp_ping received 6144 bytes back
Round trip time was 2.51398 milliseconds in repetition 154
tcp_ping received 6144 bytes back
Round trip time was 2.44529 milliseconds in repetition 155
tcp_ping received 6144 bytes back
Round trip time was 2.3624 milliseconds in repetition 156
tcp_ping received 6144 bytes back
Round trip time was 1.87988 milliseconds in repetition 157
tcp_ping received 6144 bytes back
Round trip time was 2.47843 milliseconds in repetition 158
tcp_ping received 6144 bytes back
Round trip time was 2.76888 milliseconds in repetition 159
tcp_ping received 6144 bytes back
Round trip time was 2.2995 milliseconds in repetition 160
tcp_ping received 6144 bytes back
Round trip time was 2.95761 milliseconds in repetition 161
tcp_ping received 6144 bytes back
Round trip time was 2.51943 milliseconds in repetition 162
tcp_ping received 6144 bytes back
Round trip time was 2.25445 milliseconds in repetition 163
tcp_ping received 6144 bytes back
Round trip time was 2.50658 milliseconds in repetition 164
tcp_ping received 6144 bytes back
Round trip time was 1.86092 milliseconds in repetition 165
tcp_ping received 6144 bytes back
Round trip time was 2.53013 milliseconds in repetition 166
tcp_ping received 6144 bytes back
Round trip time was 2.59591 milliseconds in repetition 167
tcp_ping received 6144 bytes back
Round trip time was 2.57396 milliseconds in repetition 168
tcp_ping received 6144 bytes back
Round trip time was 2.51182 milliseconds in repetition 169
tcp_ping received 6144 bytes back
Round trip time was 1.77856 milliseconds in repetition 170
tcp_ping received 6144 bytes back
Round trip time was 2.5348 milliseconds in repetition 171
tcp_ping received 6144 bytes back
Round trip time was 2.62221 milliseconds in repetition 172
tcp_ping received 6144 bytes back
Round trip time was 2.5364 milliseconds in repetition 173
tcp_ping received 6144 bytes back
Round trip time was 2.43846 milliseconds in repetition 174
tcp_ping received 6144 bytes back
Round trip time was 1.83825 milliseconds in repetition 175
tcp_ping received 6144 bytes back
Round trip time was 2.5991 milliseconds in repetition 176
tcp_ping received 6144 bytes back
Round trip time was 2.60785 milliseconds in repetition 177
tcp_ping received 6144 bytes back
Round trip time was 2.28558 milliseconds in repetition 178
tcp_ping received 6144 bytes back
Round trip time was 2.49602 milliseconds in repetition 179
tcp_ping received 6144 bytes back
Round trip time was 2.9222 milliseconds in repetition 180
tcp_ping received 6144 bytes back
Round trip time was 2.45337 milliseconds in repetition 181
tcp_ping received 6144 bytes back
Round trip time was 2.54977 milliseconds in repetition 182
tcp_ping received 6144 bytes back
Round trip time was 1.7803 milliseconds in repetition 183
tcp_ping received 6144 bytes back
Round trip time was 2.61279 milliseconds in repetition 184
tcp_ping received 6144 bytes back
Round trip time was 2.39111 milliseconds in repetition 185
tcp_ping received 6144 bytes back
Round trip time was 2.52353 milliseconds in repetition 186
tcp_ping received 6144 bytes back
Round trip time was 2.77218 milliseconds in repetition 187
tcp_ping received 6144 bytes back
Round trip time was 1.88313 milliseconds in repetition 188
tcp_ping received 6144 bytes back
Round trip time was 2.47788 milliseconds in repetition 189
tcp_ping received 6144 bytes back
Round trip time was 2.54033 milliseconds in repetition 190
tcp_ping received 6144 bytes back
Round trip time was 2.15652 milliseconds in repetition 191
tcp_ping received 6144 bytes back
Round trip time was 2.82183 milliseconds in repetition 192
tcp_ping received 6144 bytes back
Round trip time was 2.95001 milliseconds in repetition 193
tcp_ping received 6144 bytes back
Round trip time was 2.30039 milliseconds in repetition 194
tcp_ping received 6144 bytes back
Round trip time was 2.55757 milliseconds in repetition 195
tcp_ping received 6144 bytes back
Round trip time was 1.89266 milliseconds in repetition 196
tcp_ping received 6144 bytes back
Round trip time was 1.84257 milliseconds in repetition 197
tcp_ping received 6144 bytes back
Round trip time was 1.84894 milliseconds in repetition 198
tcp_ping received 6144 bytes back
Round trip time was 2.54916 milliseconds in repetition 199
tcp_ping received 6144 bytes back
Round trip time was 2.62261 milliseconds in repetition 200
tcp_ping received 6144 bytes back
Round trip time was 2.57724 milliseconds in repetition 201
tcp_ping received 6144 bytes back
Round trip time was 2.53707 milliseconds in repetition 202
tcp_ping received 6144 bytes back
Round trip time was 1.80658 milliseconds in repetition 203
tcp_ping received 6144 bytes back
Round trip time was 2.44955 milliseconds in repetition 204
tcp_ping received 6144 bytes back
Round trip time was 2.42064 milliseconds in repetition 205
tcp_ping received 6144 bytes back
Round trip time was 2.62553 milliseconds in repetition 206
tcp_ping received 6144 bytes back
Round trip time was 2.63658 milliseconds in repetition 207
tcp_ping received 6144 bytes back
Round trip time was 2.71946 milliseconds in repetition 208
tcp_ping received 6144 bytes back
Round trip time was 2.63142 milliseconds in repetition 209
tcp_ping received 6144 bytes back
Round trip time was 2.5251 milliseconds in repetition 210
tcp_ping received 6144 bytes back
Round trip time was 1.80518 milliseconds in repetition 211
tcp_ping received 6144 bytes back
Round trip time was 2.50844 milliseconds in repetition 212
tcp_ping received 6144 bytes back
Round trip time was 2.59831 milliseconds in repetition 213
tcp_ping received 6144 bytes back
Round trip time was 2.35087 milliseconds in repetition 214
tcp_ping received 6144 bytes back
Round trip time was 2.64517 milliseconds in repetition 215
tcp_ping received 6144 bytes back
Round trip time was 2.90028 milliseconds in repetition 216
tcp_ping received 6144 bytes back
Round trip time was 2.43421 milliseconds in repetition 217
tcp_ping received 6144 bytes back
Round trip time was 2.52053 milliseconds in repetition 218
tcp_ping received 6144 bytes back
Round trip time was 2.94738 milliseconds in repetition 219
tcp_ping received 6144 bytes back
Round trip time was 2.52159 milliseconds in repetition 220
tcp_ping received 6144 bytes back
Round trip time was 2.50962 milliseconds in repetition 221
tcp_ping received 6144 bytes back
Round trip time was 1.79722 milliseconds in repetition 222
tcp_ping received 6144 bytes back
Round trip time was 2.57425 milliseconds in repetition 223
tcp_ping received 6144 bytes back
Round trip time was 1.959 milliseconds in repetition 224
tcp_ping received 6144 bytes back
Round trip time was 2.56893 milliseconds in repetition 225
tcp_ping received 6144 bytes back
Round trip time was 2.5682 milliseconds in repetition 226
tcp_ping received 6144 bytes back
Round trip time was 1.78702 milliseconds in repetition 227
tcp_ping received 6144 bytes back
Round trip time was 2.75204 milliseconds in repetition 228
tcp_ping received 6144 bytes back
Round trip time was 2.91736 milliseconds in repetition 229
tcp_ping received 6144 bytes back
Round trip time was 2.37111 milliseconds in repetition 230
tcp_ping received 6144 bytes back
Round trip time was 1.95333 milliseconds in repetition 231
tcp_ping received 6144 bytes back
Round trip time was 1.97721 milliseconds in repetition 232
tcp_ping received 6144 bytes back
Round trip time was 2.59694 milliseconds in repetition 233
tcp_ping received 6144 bytes back
Round trip time was 2.87784 milliseconds in repetition 234
tcp_ping received 6144 bytes back
Round trip time was 2.45653 milliseconds in repetition 235
tcp_ping received 6144 bytes back
Round trip time was 2.49353 milliseconds in repetition 236
tcp_ping received 6144 bytes back
Round trip time was 1.88003 milliseconds in repetition 237
tcp_ping received 6144 bytes back
Round trip time was 1.92332 milliseconds in repetition 238
tcp_ping received 6144 bytes back
Round trip time was 1.8928 milliseconds in repetition 239
tcp_ping received 6144 bytes back
Round trip time was 2.48554 milliseconds in repetition 240
tcp_ping received 6144 bytes back
Round trip time was 2.66376 milliseconds in repetition 241
tcp_ping received 6144 bytes back
Round trip time was 2.3352 milliseconds in repetition 242
tcp_ping received 6144 bytes back
Round trip time was 2.48876 milliseconds in repetition 243
tcp_ping received 6144 bytes back
Round trip time was 2.96345 milliseconds in repetition 244
tcp_ping received 6144 bytes back
Round trip time was 1.86586 milliseconds in repetition 245
tcp_ping received 6144 bytes back
Round trip time was 2.49078 milliseconds in repetition 246
tcp_ping received 6144 bytes back
Round trip time was 2.04494 milliseconds in repetition 247
tcp_ping received 6144 bytes back
Round trip time was 2.4883 milliseconds in repetition 248
tcp_ping received 6144 bytes back
Round trip time was 1.79423 milliseconds in repetition 249
tcp_ping received 6144 bytes back
Round trip time was 2.50185 milliseconds in repetition 250
tcp_ping received 6144 bytes back
Round trip time was 2.72433 milliseconds in repetition 251
tcp_ping received 6144 bytes back
Round trip time was 2.20195 milliseconds in repetition 252
tcp_ping received 6144 bytes back
Round trip time was 2.55613 milliseconds in repetition 253
tcp_ping received 6144 bytes back
Round trip time was 1.85066 milliseconds in repetition 254
tcp_ping received 6144 bytes back
Round trip time was 2.55919 milliseconds in repetition 255
tcp_ping received 6144 bytes back
Round trip time was 1.85089 milliseconds in repetition 256
tcp_ping received 6144 bytes back
Round trip time was 3.16854 milliseconds in repetition 257
tcp_ping received 6144 bytes back
Round trip time was 2.8269 milliseconds in repetition 258
tcp_ping received 6144 bytes back
Round trip time was 1.85551 milliseconds in repetition 259
tcp_ping received 6144 bytes back
Round trip time was 2.63454 milliseconds in repetition 260
tcp_ping received 6144 bytes back
Round trip time was 2.44192 milliseconds in repetition 261
tcp_ping received 6144 bytes back
Round trip time was 2.5287 milliseconds in repetition 262
tcp_ping received 6144 bytes back
Round trip time was 2.57952 milliseconds in repetition 263
tcp_ping received 6144 bytes back
Round trip time was 1.9548 milliseconds in repetition 264
tcp_ping received 6144 bytes back
Round trip time was 2.56892 milliseconds in repetition 265
tcp_ping received 6144 bytes back
Round trip time was 1.84427 milliseconds in repetition 266
tcp_ping received 6144 bytes back
Round trip time was 2.62257 milliseconds in repetition 267
tcp_ping received 6144 bytes back
Round trip time was 2.59598 milliseconds in repetition 268
tcp_ping received 6144 bytes back
Round trip time was 1.88587 milliseconds in repetition 269
tcp_ping received 6144 bytes back
Round trip time was 2.52508 milliseconds in repetition 270
tcp_ping received 6144 bytes back
Round trip time was 2.55468 milliseconds in repetition 271
tcp_ping received 6144 bytes back
Round trip time was 2.55289 milliseconds in repetition 272
tcp_ping received 6144 bytes back
Round trip time was 3.01821 milliseconds in repetition 273
tcp_ping received 6144 bytes back
Round trip time was 2.59917 milliseconds in repetition 274
tcp_ping received 6144 bytes back
Round trip time was 2.53928 milliseconds in repetition 275
tcp_ping received 6144 bytes back
Round trip time was 2.33234 milliseconds in repetition 276
tcp_ping received 6144 bytes back
Round trip time was 2.93727 milliseconds in repetition 277
tcp_ping received 6144 bytes back
Round trip time was 2.50297 milliseconds in repetition 278
tcp_ping received 6144 bytes back
Round trip time was 2.12161 milliseconds in repetition 279
tcp_ping received 6144 bytes back
Round trip time was 1.8814 milliseconds in repetition 280
tcp_ping received 6144 bytes back
Round trip time was 2.64531 milliseconds in repetition 281
tcp_ping received 6144 bytes back
Round trip time was 2.50088 milliseconds in repetition 282
tcp_ping received 6144 bytes back
Round trip time was 2.62032 milliseconds in repetition 283
tcp_ping received 6144 bytes back
Round trip time was 2.56539 milliseconds in repetition 284
tcp_ping received 6144 bytes back
Round trip time was 3.02811 milliseconds in repetition 285
tcp_ping received 6144 bytes back
Round trip time was 2.46506 milliseconds in repetition 286
tcp_ping received 6144 bytes back
Round trip time was 2.59069 milliseconds in repetition 287
tcp_ping received 6144 bytes back
Round trip time was 3.08288 milliseconds in repetition 288
tcp_ping received 6144 bytes back
Round trip time was 2.2522 milliseconds in repetition 289
tcp_ping received 6144 bytes back
Round trip time was 2.52436 milliseconds in repetition 290
tcp_ping received 6144 bytes back
Round trip time was 1.91224 milliseconds in repetition 291
tcp_ping received 6144 bytes back
Round trip time was 2.52012 milliseconds in repetition 292
tcp_ping received 6144 bytes back
Round trip time was 2.52101 milliseconds in repetition 293
tcp_ping received 6144 bytes back
Round trip time was 2.42431 milliseconds in repetition 294
tcp_ping received 6144 bytes back
Round trip time was 2.51856 milliseconds in repetition 295
tcp_ping received 6144 bytes back
Round trip time was 1.73773 milliseconds in repetition 296
tcp_ping received 6144 bytes back
Round trip time was 2.52262 milliseconds in repetition 297
tcp_ping received 6144 bytes back
Round trip time was 2.61072 milliseconds in repetition 298
tcp_ping received 6144 bytes back
Round trip time was 2.52436 milliseconds in repetition 299
tcp_ping received 6144 bytes back
Round trip time was 2.57374 milliseconds in repetition 300
tcp_ping received 6144 bytes back
Round trip time was 3.06961 milliseconds in repetition 301
tcp_ping received 6144 bytes back
Round trip time was 2.23116 milliseconds in repetition 302
tcp_ping received 6144 bytes back
Round trip time was 2.60738 milliseconds in repetition 303
tcp_ping received 6144 bytes back
Round trip time was 1.81995 milliseconds in repetition 304
tcp_ping received 6144 bytes back
Round trip time was 2.61253 milliseconds in repetition 305
tcp_ping received 6144 bytes back
Round trip time was 1.82444 milliseconds in repetition 306
tcp_ping received 6144 bytes back
Round trip time was 2.80923 milliseconds in repetition 307
tcp_ping received 6144 bytes back
Round trip time was 2.38174 milliseconds in repetition 308
tcp_ping received 6144 bytes back
Round trip time was 1.88427 milliseconds in repetition 309
tcp_ping received 6144 bytes back
Round trip time was 2.60261 milliseconds in repetition 310
tcp_ping received 6144 bytes back
Round trip time was 2.62943 milliseconds in repetition 311
tcp_ping received 6144 bytes back
Round trip time was 2.68022 milliseconds in repetition 312
tcp_ping received 6144 bytes back
Round trip time was 3.07248 milliseconds in repetition 313
tcp_ping received 6144 bytes back
Round trip time was 2.46482 milliseconds in repetition 314
tcp_ping received 6144 bytes back
Round trip time was 2.27426 milliseconds in repetition 315
tcp_ping received 6144 bytes back
Round trip time was 2.60989 milliseconds in repetition 316
tcp_ping received 6144 bytes back
Round trip time was 1.81312 milliseconds in repetition 317
tcp_ping received 6144 bytes back
Round trip time was 2.54082 milliseconds in repetition 318
tcp_ping received 6144 bytes back
Round trip time was 2.45059 milliseconds in repetition 319
tcp_ping received 6144 bytes back
Round trip time was 2.51747 milliseconds in repetition 320
tcp_ping received 6144 bytes back
Round trip time was 2.5321 milliseconds in repetition 321
tcp_ping received 6144 bytes back
Round trip time was 1.89893 milliseconds in repetition 322
tcp_ping received 6144 bytes back
Round trip time was 2.61282 milliseconds in repetition 323
tcp_ping received 6144 bytes back
Round trip time was 2.58832 milliseconds in repetition 324
tcp_ping received 6144 bytes back
Round trip time was 2.13267 milliseconds in repetition 325
tcp_ping received 6144 bytes back
Round trip time was 2.81946 milliseconds in repetition 326
tcp_ping received 6144 bytes back
Round trip time was 1.88567 milliseconds in repetition 327
tcp_ping received 6144 bytes back
Round trip time was 2.58704 milliseconds in repetition 328
tcp_ping received 6144 bytes back
Round trip time was 2.547 milliseconds in repetition 329
tcp_ping received 6144 bytes back
Round trip time was 2.21841 milliseconds in repetition 330
tcp_ping received 6144 bytes back
Round trip time was 2.49325 milliseconds in repetition 331
tcp_ping received 6144 bytes back
Round trip time was 1.98871 milliseconds in repetition 332
tcp_ping received 6144 bytes back
Round trip time was 2.49383 milliseconds in repetition 333
tcp_ping received 6144 bytes back
Round trip time was 2.45684 milliseconds in repetition 334
tcp_ping received 6144 bytes back
Round trip time was 2.35324 milliseconds in repetition 335
tcp_ping received 6144 bytes back
Round trip time was 2.7557 milliseconds in repetition 336
tcp_ping received 6144 bytes back
Round trip time was 2.576 milliseconds in repetition 337
tcp_ping received 6144 bytes back
Round trip time was 2.63772 milliseconds in repetition 338
tcp_ping received 6144 bytes back
Round trip time was 2.64872 milliseconds in repetition 339
tcp_ping received 6144 bytes back
Round trip time was 3.03572 milliseconds in repetition 340
tcp_ping received 6144 bytes back
Round trip time was 2.28058 milliseconds in repetition 341
tcp_ping received 6144 bytes back
Round trip time was 2.52769 milliseconds in repetition 342
tcp_ping received 6144 bytes back
Round trip time was 1.83713 milliseconds in repetition 343
tcp_ping received 6144 bytes back
Round trip time was 2.44767 milliseconds in repetition 344
tcp_ping received 6144 bytes back
Round trip time was 2.52528 milliseconds in repetition 345
tcp_ping received 6144 bytes back
Round trip time was 2.52096 milliseconds in repetition 346
tcp_ping received 6144 bytes back
Round trip time was 2.49773 milliseconds in repetition 347
tcp_ping received 6144 bytes back
Round trip time was 1.84818 milliseconds in repetition 348
tcp_ping received 6144 bytes back
Round trip time was 2.40326 milliseconds in repetition 349
tcp_ping received 6144 bytes back
Round trip time was 2.56325 milliseconds in repetition 350
tcp_ping received 6144 bytes back
Round trip time was 2.64652 milliseconds in repetition 351
tcp_ping received 6144 bytes back
Round trip time was 2.56502 milliseconds in repetition 352
tcp_ping received 6144 bytes back
Round trip time was 1.89141 milliseconds in repetition 353
tcp_ping received 6144 bytes back
Round trip time was 2.5423 milliseconds in repetition 354
tcp_ping received 6144 bytes back
Round trip time was 1.92319 milliseconds in repetition 355
tcp_ping received 6144 bytes back
Round trip time was 2.02343 milliseconds in repetition 356
tcp_ping received 6144 bytes back
Round trip time was 2.07526 milliseconds in repetition 357
tcp_ping received 6144 bytes back
Round trip time was 1.85689 milliseconds in repetition 358
tcp_ping received 6144 bytes back
Round trip time was 1.90227 milliseconds in repetition 359
tcp_ping received 6144 bytes back
Round trip time was 1.91188 milliseconds in repetition 360
tcp_ping received 6144 bytes back
Round trip time was 1.7985 milliseconds in repetition 361
tcp_ping received 6144 bytes back
Round trip time was 1.91644 milliseconds in repetition 362
tcp_ping received 6144 bytes back
Round trip time was 1.93568 milliseconds in repetition 363
tcp_ping received 6144 bytes back
Round trip time was 1.95745 milliseconds in repetition 364
tcp_ping received 6144 bytes back
Round trip time was 1.9302 milliseconds in repetition 365
tcp_ping received 6144 bytes back
Round trip time was 1.8666 milliseconds in repetition 366
tcp_ping received 6144 bytes back
Round trip time was 1.90508 milliseconds in repetition 367
tcp_ping received 6144 bytes back
Round trip time was 1.78876 milliseconds in repetition 368
tcp_ping received 6144 bytes back
Round trip time was 1.9187 milliseconds in repetition 369
tcp_ping received 6144 bytes back
Round trip time was 1.75 milliseconds in repetition 370
tcp_ping received 6144 bytes back
Round trip time was 1.82802 milliseconds in repetition 371
tcp_ping received 6144 bytes back
Round trip time was 1.93589 milliseconds in repetition 372
tcp_ping received 6144 bytes back
Round trip time was 1.99645 milliseconds in repetition 373
tcp_ping received 6144 bytes back
Round trip time was 1.90318 milliseconds in repetition 374
tcp_ping received 6144 bytes back
Round trip time was 1.78608 milliseconds in repetition 375
tcp_ping received 6144 bytes back
Round trip time was 1.86891 milliseconds in repetition 376
tcp_ping received 6144 bytes back
Round trip time was 1.81242 milliseconds in repetition 377
tcp_ping received 6144 bytes back
Round trip time was 1.82257 milliseconds in repetition 378
tcp_ping received 6144 bytes back
Round trip time was 1.89925 milliseconds in repetition 379
tcp_ping received 6144 bytes back
Round trip time was 1.82041 milliseconds in repetition 380
tcp_ping received 6144 bytes back
Round trip time was 1.94575 milliseconds in repetition 381
tcp_ping received 6144 bytes back
Round trip time was 1.75534 milliseconds in repetition 382
tcp_ping received 6144 bytes back
Round trip time was 1.80564 milliseconds in repetition 383
tcp_ping received 6144 bytes back
Round trip time was 1.8499 milliseconds in repetition 384
tcp_ping received 6144 bytes back
Round trip time was 2.50435 milliseconds in repetition 385
tcp_ping received 6144 bytes back
Round trip time was 2.2809 milliseconds in repetition 386
tcp_ping received 6144 bytes back
Round trip time was 2.37851 milliseconds in repetition 387
tcp_ping received 6144 bytes back
Round trip time was 2.43345 milliseconds in repetition 388
tcp_ping received 6144 bytes back
Round trip time was 2.18329 milliseconds in repetition 389
tcp_ping received 6144 bytes back
Round trip time was 2.40281 milliseconds in repetition 390
tcp_ping received 6144 bytes back
Round trip time was 2.86932 milliseconds in repetition 391
tcp_ping received 6144 bytes back
Round trip time was 2.52941 milliseconds in repetition 392
tcp_ping received 6144 bytes back
Round trip time was 2.53947 milliseconds in repetition 393
tcp_ping received 6144 bytes back
Round trip time was 1.75113 milliseconds in repetition 394
tcp_ping received 6144 bytes back
Round trip time was 2.57528 milliseconds in repetition 395
tcp_ping received 6144 bytes back
Round trip time was 2.4232 milliseconds in repetition 396
tcp_ping received 6144 bytes back
Round trip time was 2.50831 milliseconds in repetition 397
tcp_ping received 6144 bytes back
Round trip time was 2.44309 milliseconds in repetition 398
tcp_ping received 6144 bytes back
Round trip time was 1.78933 milliseconds in repetition 399
tcp_ping received 6144 bytes back
Round trip time was 2.60595 milliseconds in repetition 400
tcp_ping received 6144 bytes back
Round trip time was 1.93895 milliseconds in repetition 401
tcp_ping received 6144 bytes back
Round trip time was 2.58946 milliseconds in repetition 402
tcp_ping received 6144 bytes back
Round trip time was 2.46149 milliseconds in repetition 403
tcp_ping received 6144 bytes back
Round trip time was 2.15875 milliseconds in repetition 404
tcp_ping received 6144 bytes back
Round trip time was 2.3308 milliseconds in repetition 405
tcp_ping received 6144 bytes back
Round trip time was 1.82163 milliseconds in repetition 406
tcp_ping received 6144 bytes back
Round trip time was 2.46635 milliseconds in repetition 407
tcp_ping received 6144 bytes back
Round trip time was 1.83896 milliseconds in repetition 408
tcp_ping received 6144 bytes back
Round trip time was 1.95777 milliseconds in repetition 409
tcp_ping received 6144 bytes back
Round trip time was 2.90419 milliseconds in repetition 410
tcp_ping received 6144 bytes back
Round trip time was 2.49098 milliseconds in repetition 411
tcp_ping received 6144 bytes back
Round trip time was 2.57826 milliseconds in repetition 412
tcp_ping received 6144 bytes back
Round trip time was 1.8695 milliseconds in repetition 413
tcp_ping received 6144 bytes back
Round trip time was 2.54968 milliseconds in repetition 414
tcp_ping received 6144 bytes back
Round trip time was 2.38288 milliseconds in repetition 415
tcp_ping received 6144 bytes back
Round trip time was 2.60368 milliseconds in repetition 416
tcp_ping received 6144 bytes back
Round trip time was 2.50962 milliseconds in repetition 417
tcp_ping received 6144 bytes back
Round trip time was 1.85664 milliseconds in repetition 418
tcp_ping received 6144 bytes back
Round trip time was 2.51013 milliseconds in repetition 419
tcp_ping received 6144 bytes back
Round trip time was 2.65307 milliseconds in repetition 420
tcp_ping received 6144 bytes back
Round trip time was 2.40547 milliseconds in repetition 421
tcp_ping received 6144 bytes back
Round trip time was 2.67272 milliseconds in repetition 422
tcp_ping received 6144 bytes back
Round trip time was 2.53487 milliseconds in repetition 423
tcp_ping received 6144 bytes back
Round trip time was 2.66194 milliseconds in repetition 424
tcp_ping received 6144 bytes back
Round trip time was 2.53079 milliseconds in repetition 425
tcp_ping received 6144 bytes back
Round trip time was 1.93066 milliseconds in repetition 426
tcp_ping received 6144 bytes back
Round trip time was 2.48001 milliseconds in repetition 427
tcp_ping received 6144 bytes back
Round trip time was 2.67679 milliseconds in repetition 428
tcp_ping received 6144 bytes back
Round trip time was 2.23963 milliseconds in repetition 429
tcp_ping received 6144 bytes back
Round trip time was 2.54693 milliseconds in repetition 430
tcp_ping received 6144 bytes back
Round trip time was 1.86996 milliseconds in repetition 431
tcp_ping received 6144 bytes back
Round trip time was 2.50326 milliseconds in repetition 432
tcp_ping received 6144 bytes back
Round trip time was 2.47776 milliseconds in repetition 433
tcp_ping received 6144 bytes back
Round trip time was 2.52799 milliseconds in repetition 434
tcp_ping received 6144 bytes back
Round trip time was 2.62703 milliseconds in repetition 435
tcp_ping received 6144 bytes back
Round trip time was 1.9962 milliseconds in repetition 436
tcp_ping received 6144 bytes back
Round trip time was 2.66934 milliseconds in repetition 437
tcp_ping received 6144 bytes back
Round trip time was 2.5179 milliseconds in repetition 438
tcp_ping received 6144 bytes back
Round trip time was 2.14999 milliseconds in repetition 439
tcp_ping received 6144 bytes back
Round trip time was 2.53262 milliseconds in repetition 440
tcp_ping received 6144 bytes back
Round trip time was 1.89019 milliseconds in repetition 441
tcp_ping received 6144 bytes back
Round trip time was 2.4758 milliseconds in repetition 442
tcp_ping received 6144 bytes back
Round trip time was 2.26585 milliseconds in repetition 443
tcp_ping received 6144 bytes back
Round trip time was 2.54469 milliseconds in repetition 444
tcp_ping received 6144 bytes back
Round trip time was 2.54871 milliseconds in repetition 445
tcp_ping received 6144 bytes back
Round trip time was 2.9226 milliseconds in repetition 446
tcp_ping received 6144 bytes back
Round trip time was 2.81309 milliseconds in repetition 447
tcp_ping received 6144 bytes back
Round trip time was 2.44209 milliseconds in repetition 448
tcp_ping received 6144 bytes back
Round trip time was 3.01216 milliseconds in repetition 449
tcp_ping received 6144 bytes back
Round trip time was 1.85348 milliseconds in repetition 450
tcp_ping received 6144 bytes back
Round trip time was 2.53616 milliseconds in repetition 451
tcp_ping received 6144 bytes back
Round trip time was 1.87355 milliseconds in repetition 452
tcp_ping received 6144 bytes back
Round trip time was 2.52882 milliseconds in repetition 453
tcp_ping received 6144 bytes back
Round trip time was 3.00605 milliseconds in repetition 454
tcp_ping received 6144 bytes back
Round trip time was 2.44803 milliseconds in repetition 455
tcp_ping received 6144 bytes back
Round trip time was 2.46516 milliseconds in repetition 456
tcp_ping received 6144 bytes back
Round trip time was 2.79065 milliseconds in repetition 457
tcp_ping received 6144 bytes back
Round trip time was 2.70769 milliseconds in repetition 458
tcp_ping received 6144 bytes back
Round trip time was 2.51467 milliseconds in repetition 459
tcp_ping received 6144 bytes back
Round trip time was 2.95971 milliseconds in repetition 460
tcp_ping received 6144 bytes back
Round trip time was 2.44305 milliseconds in repetition 461
tcp_ping received 6144 bytes back
Round trip time was 2.46633 milliseconds in repetition 462
tcp_ping received 6144 bytes back
Round trip time was 2.87165 milliseconds in repetition 463
tcp_ping received 6144 bytes back
Round trip time was 2.58989 milliseconds in repetition 464
tcp_ping received 6144 bytes back
Round trip time was 2.56802 milliseconds in repetition 465
tcp_ping received 6144 bytes back
Round trip time was 2.92546 milliseconds in repetition 466
tcp_ping received 6144 bytes back
Round trip time was 2.4366 milliseconds in repetition 467
tcp_ping received 6144 bytes back
Round trip time was 2.89589 milliseconds in repetition 468
tcp_ping received 6144 bytes back
Round trip time was 1.85211 milliseconds in repetition 469
tcp_ping received 6144 bytes back
Round trip time was 2.51659 milliseconds in repetition 470
tcp_ping received 6144 bytes back
Round trip time was 2.57613 milliseconds in repetition 471
tcp_ping received 6144 bytes back
Round trip time was 2.04625 milliseconds in repetition 472
tcp_ping received 6144 bytes back
Round trip time was 2.4341 milliseconds in repetition 473
tcp_ping received 6144 bytes back
Round trip time was 3.18604 milliseconds in repetition 474
tcp_ping received 6144 bytes back
Round trip time was 2.24661 milliseconds in repetition 475
tcp_ping received 6144 bytes back
Round trip time was 2.60479 milliseconds in repetition 476
tcp_ping received 6144 bytes back
Round trip time was 2.72372 milliseconds in repetition 477
tcp_ping received 6144 bytes back
Round trip time was 2.68868 milliseconds in repetition 478
tcp_ping received 6144 bytes back
Round trip time was 2.47077 milliseconds in repetition 479
tcp_ping received 6144 bytes back
Round trip time was 3.01187 milliseconds in repetition 480
tcp_ping received 6144 bytes back
Round trip time was 2.4479 milliseconds in repetition 481
tcp_ping received 6144 bytes back
Round trip time was 2.55797 milliseconds in repetition 482
tcp_ping received 6144 bytes back
Round trip time was 1.87815 milliseconds in repetition 483
tcp_ping received 6144 bytes back
Round trip time was 2.55898 milliseconds in repetition 484
tcp_ping received 6144 bytes back
Round trip time was 2.4514 milliseconds in repetition 485
tcp_ping received 6144 bytes back
Round trip time was 2.39846 milliseconds in repetition 486
tcp_ping received 6144 bytes back
Round trip time was 2.52401 milliseconds in repetition 487
tcp_ping received 6144 bytes back
Round trip time was 2.77795 milliseconds in repetition 488
tcp_ping received 6144 bytes back
Round trip time was 2.54841 milliseconds in repetition 489
tcp_ping received 6144 bytes back
Round trip time was 2.70507 milliseconds in repetition 490
tcp_ping received 6144 bytes back
Round trip time was 1.82426 milliseconds in repetition 491
tcp_ping received 6144 bytes back
Round trip time was 2.55242 milliseconds in repetition 492
tcp_ping received 6144 bytes back
Round trip time was 2.49162 milliseconds in repetition 493
tcp_ping received 6144 bytes back
Round trip time was 2.47088 milliseconds in repetition 494
tcp_ping received 6144 bytes back
Round trip time was 2.3885 milliseconds in repetition 495
tcp_ping received 6144 bytes back
Round trip time was 1.9128 milliseconds in repetition 496
tcp_ping received 6144 bytes back
Round trip time was 2.52615 milliseconds in repetition 497
tcp_ping received 6144 bytes back
Round trip time was 2.46193 milliseconds in repetition 498
tcp_ping received 6144 bytes back
Round trip time was 2.4862 milliseconds in repetition 499
tcp_ping received 6144 bytes back
Round trip time was 2.62107 milliseconds in repetition 500
tcp_ping received 6144 bytes back
Round trip time was 2.07505 milliseconds in repetition 501

 ... clock resolution was 1e-06
TCP Ping:  Statistics over 501 repetitions of 6144 byte messages

RTT : percentile 10: 1.8292, median: 2.46193, percentile 90: 2.77218, average: 2.34533, variance: 0.135601

RTT histogram:
   overall Throughput : 5239.35 KB/s

