TCP Ping trying to connect to server 192.168.1.110 (192.168.1.110) on port 1491
 ... connected to Pong server: asking for 501 repetitions of 384 bytes TCP messages
 ... Pong server agreed :-)
tcp_ping received 384 bytes back
Round trip time was 1.62885 milliseconds in repetition 1
tcp_ping received 384 bytes back
Round trip time was 2.27688 milliseconds in repetition 2
tcp_ping received 384 bytes back
Round trip time was 1.54096 milliseconds in repetition 3
tcp_ping received 384 bytes back
Round trip time was 2.22061 milliseconds in repetition 4
tcp_ping received 384 bytes back
Round trip time was 1.9259 milliseconds in repetition 5
tcp_ping received 384 bytes back
Round trip time was 2.11488 milliseconds in repetition 6
tcp_ping received 384 bytes back
Round trip time was 1.78928 milliseconds in repetition 7
tcp_ping received 384 bytes back
Round trip time was 2.14283 milliseconds in repetition 8
tcp_ping received 384 bytes back
Round trip time was 1.90782 milliseconds in repetition 9
tcp_ping received 384 bytes back
Round trip time was 2.16102 milliseconds in repetition 10
tcp_ping received 384 bytes back
Round trip time was 1.77127 milliseconds in repetition 11
tcp_ping received 384 bytes back
Round trip time was 1.26322 milliseconds in repetition 12
tcp_ping received 384 bytes back
Round trip time was 2.11333 milliseconds in repetition 13
tcp_ping received 384 bytes back
Round trip time was 2.22597 milliseconds in repetition 14
tcp_ping received 384 bytes back
Round trip time was 2.08814 milliseconds in repetition 15
tcp_ping received 384 bytes back
Round trip time was 2.21046 milliseconds in repetition 16
tcp_ping received 384 bytes back
Round trip time was 2.0027 milliseconds in repetition 17
tcp_ping received 384 bytes back
Round trip time was 2.16169 milliseconds in repetition 18
tcp_ping received 384 bytes back
Round trip time was 1.8261 milliseconds in repetition 19
tcp_ping received 384 bytes back
Round trip time was 1.92221 milliseconds in repetition 20
tcp_ping received 384 bytes back
Round trip time was 1.75513 milliseconds in repetition 21
tcp_ping received 384 bytes back
Round trip time was 2.20832 milliseconds in repetition 22
tcp_ping received 384 bytes back
Round trip time was 2.10132 milliseconds in repetition 23
tcp_ping received 384 bytes back
Round trip time was 2.13154 milliseconds in repetition 24
tcp_ping received 384 bytes back
Round trip time was 1.65407 milliseconds in repetition 25
tcp_ping received 384 bytes back
Round trip time was 2.09647 milliseconds in repetition 26
tcp_ping received 384 bytes back
Round trip time was 2.03909 milliseconds in repetition 27
tcp_ping received 384 bytes back
Round trip time was 2.13625 milliseconds in repetition 28
tcp_ping received 384 bytes back
Round trip time was 1.96513 milliseconds in repetition 29
tcp_ping received 384 bytes back
Round trip time was 2.2451 milliseconds in repetition 30
tcp_ping received 384 bytes back
Round trip time was 2.11253 milliseconds in repetition 31
tcp_ping received 384 bytes back
Round trip time was 2.51697 milliseconds in repetition 32
tcp_ping received 384 bytes back
Round trip time was 2.39453 milliseconds in repetition 33
tcp_ping received 384 bytes back
Round trip time was 2.37567 milliseconds in repetition 34
tcp_ping received 384 bytes back
Round trip time was 2.34334 milliseconds in repetition 35
tcp_ping received 384 bytes back
Round trip time was 2.31564 milliseconds in repetition 36
tcp_ping received 384 bytes back
Round trip time was 2.25379 milliseconds in repetition 37
tcp_ping received 384 bytes back
Round trip time was 1.06393 milliseconds in repetition 38
tcp_ping received 384 bytes back
Round trip time was 2.14653 milliseconds in repetition 39
tcp_ping received 384 bytes back
Round trip time was 2.16709 milliseconds in repetition 40
tcp_ping received 384 bytes back
Round trip time was 2.11828 milliseconds in repetition 41
tcp_ping received 384 bytes back
Round trip time was 3.58194 milliseconds in repetition 42
tcp_ping received 384 bytes back
Round trip time was 1.84052 milliseconds in repetition 43
tcp_ping received 384 bytes back
Round trip time was 2.09828 milliseconds in repetition 44
tcp_ping received 384 bytes back
Round trip time was 2.14176 milliseconds in repetition 45
tcp_ping received 384 bytes back
Round trip time was 2.20236 milliseconds in repetition 46
tcp_ping received 384 bytes back
Round trip time was 1.71462 milliseconds in repetition 47
tcp_ping received 384 bytes back
Round trip time was 2.318 milliseconds in repetition 48
tcp_ping received 384 bytes back
Round trip time was 2.19042 milliseconds in repetition 49
tcp_ping received 384 bytes back
Round trip time was 2.58985 milliseconds in repetition 50
tcp_ping received 384 bytes back
Round trip time was 2.61169 milliseconds in repetition 51
tcp_ping received 384 bytes back
Round trip time was 2.5592 milliseconds in repetition 52
tcp_ping received 384 bytes back
Round trip time was 2.22341 milliseconds in repetition 53
tcp_ping received 384 bytes back
Round trip time was 1.21278 milliseconds in repetition 54
tcp_ping received 384 bytes back
Round trip time was 2.60415 milliseconds in repetition 55
tcp_ping received 384 bytes back
Round trip time was 2.55004 milliseconds in repetition 56
tcp_ping received 384 bytes back
Round trip time was 2.5803 milliseconds in repetition 57
tcp_ping received 384 bytes back
Round trip time was 1.36266 milliseconds in repetition 58
tcp_ping received 384 bytes back
Round trip time was 2.546 milliseconds in repetition 59
tcp_ping received 384 bytes back
Round trip time was 2.6346 milliseconds in repetition 60
tcp_ping received 384 bytes back
Round trip time was 1.75483 milliseconds in repetition 61
tcp_ping received 384 bytes back
Round trip time was 2.62985 milliseconds in repetition 62
tcp_ping received 384 bytes back
Round trip time was 2.54796 milliseconds in repetition 63
tcp_ping received 384 bytes back
Round trip time was 2.56817 milliseconds in repetition 64
tcp_ping received 384 bytes back
Round trip time was 2.05399 milliseconds in repetition 65
tcp_ping received 384 bytes back
Round trip time was 2.34148 milliseconds in repetition 66
tcp_ping received 384 bytes back
Round trip time was 2.71532 milliseconds in repetition 67
tcp_ping received 384 bytes back
Round trip time was 2.41036 milliseconds in repetition 68
tcp_ping received 384 bytes back
Round trip time was 2.5592 milliseconds in repetition 69
tcp_ping received 384 bytes back
Round trip time was 2.56841 milliseconds in repetition 70
tcp_ping received 384 bytes back
Round trip time was 2.56676 milliseconds in repetition 71
tcp_ping received 384 bytes back
Round trip time was 2.55521 milliseconds in repetition 72
tcp_ping received 384 bytes back
Round trip time was 2.37386 milliseconds in repetition 73
tcp_ping received 384 bytes back
Round trip time was 2.96487 milliseconds in repetition 74
tcp_ping received 384 bytes back
Round trip time was 2.53018 milliseconds in repetition 75
tcp_ping received 384 bytes back
Round trip time was 2.42224 milliseconds in repetition 76
tcp_ping received 384 bytes back
Round trip time was 1.97276 milliseconds in repetition 77
tcp_ping received 384 bytes back
Round trip time was 1.93363 milliseconds in repetition 78
tcp_ping received 384 bytes back
Round trip time was 1.54791 milliseconds in repetition 79
tcp_ping received 384 bytes back
Round trip time was 2.60839 milliseconds in repetition 80
tcp_ping received 384 bytes back
Round trip time was 1.92376 milliseconds in repetition 81
tcp_ping received 384 bytes back
Round trip time was 2.45571 milliseconds in repetition 82
tcp_ping received 384 bytes back
Round trip time was 2.56483 milliseconds in repetition 83
tcp_ping received 384 bytes back
Round trip time was 2.57097 milliseconds in repetition 84
tcp_ping received 384 bytes back
Round trip time was 2.43073 milliseconds in repetition 85
tcp_ping received 384 bytes back
Round trip time was 1.47755 milliseconds in repetition 86
tcp_ping received 384 bytes back
Round trip time was 2.63912 milliseconds in repetition 87
tcp_ping received 384 bytes back
Round trip time was 2.52682 milliseconds in repetition 88
tcp_ping received 384 bytes back
Round trip time was 2.43846 milliseconds in repetition 89
tcp_ping received 384 bytes back
Round trip time was 2.50972 milliseconds in repetition 90
tcp_ping received 384 bytes back
Round trip time was 2.1816 milliseconds in repetition 91
tcp_ping received 384 bytes back
Round trip time was 1.10498 milliseconds in repetition 92
tcp_ping received 384 bytes back
Round trip time was 0.835919 milliseconds in repetition 93
tcp_ping received 384 bytes back
Round trip time was 1.19138 milliseconds in repetition 94
tcp_ping received 384 bytes back
Round trip time was 1.52529 milliseconds in repetition 95
tcp_ping received 384 bytes back
Round trip time was 1.40855 milliseconds in repetition 96
tcp_ping received 384 bytes back
Round trip time was 1.41548 milliseconds in repetition 97
tcp_ping received 384 bytes back
Round trip time was 1.75266 milliseconds in repetition 98
tcp_ping received 384 bytes back
Round trip time was 1.32682 milliseconds in repetition 99
tcp_ping received 384 bytes back
Round trip time was 1.50462 milliseconds in repetition 100
tcp_ping received 384 bytes back
Round trip time was 1.23672 milliseconds in repetition 101
tcp_ping received 384 bytes back
Round trip time was 0.94588 milliseconds in repetition 102
tcp_ping received 384 bytes back
Round trip time was 2.01011 milliseconds in repetition 103
tcp_ping received 384 bytes back
Round trip time was 1.41332 milliseconds in repetition 104
tcp_ping received 384 bytes back
Round trip time was 1.37982 milliseconds in repetition 105
tcp_ping received 384 bytes back
Round trip time was 1.43969 milliseconds in repetition 106
tcp_ping received 384 bytes back
Round trip time was 1.34995 milliseconds in repetition 107
tcp_ping received 384 bytes back
Round trip time was 1.39335 milliseconds in repetition 108
tcp_ping received 384 bytes back
Round trip time was 1.53322 milliseconds in repetition 109
tcp_ping received 384 bytes back
Round trip time was 1.70868 milliseconds in repetition 110
tcp_ping received 384 bytes back
Round trip time was 1.55101 milliseconds in repetition 111
tcp_ping received 384 bytes back
Round trip time was 1.34178 milliseconds in repetition 112
tcp_ping received 384 bytes back
Round trip time was 1.3562 milliseconds in repetition 113
tcp_ping received 384 bytes back
Round trip time was 2.24935 milliseconds in repetition 114
tcp_ping received 384 bytes back
Round trip time was 1.53104 milliseconds in repetition 115
tcp_ping received 384 bytes back
Round trip time was 1.5574 milliseconds in repetition 116
tcp_ping received 384 bytes back
Round trip time was 1.50369 milliseconds in repetition 117
tcp_ping received 384 bytes back
Round trip time was 1.53893 milliseconds in repetition 118
tcp_ping received 384 bytes back
Round trip time was 1.3367 milliseconds in repetition 119
tcp_ping received 384 bytes back
Round trip time was 1.66759 milliseconds in repetition 120
tcp_ping received 384 bytes back
Round trip time was 1.401 milliseconds in repetition 121
tcp_ping received 384 bytes back
Round trip time was 1.29187 milliseconds in repetition 122
tcp_ping received 384 bytes back
Round trip time was 1.31156 milliseconds in repetition 123
tcp_ping received 384 bytes back
Round trip time was 1.58166 milliseconds in repetition 124
tcp_ping received 384 bytes back
Round trip time was 1.55107 milliseconds in repetition 125
tcp_ping received 384 bytes back
Round trip time was 1.62337 milliseconds in repetition 126
tcp_ping received 384 bytes back
Round trip time was 1.55932 milliseconds in repetition 127
tcp_ping received 384 bytes back
Round trip time was 1.53943 milliseconds in repetition 128
tcp_ping received 384 bytes back
Round trip time was 1.50562 milliseconds in repetition 129
tcp_ping received 384 bytes back
Round trip time was 1.63286 milliseconds in repetition 130
tcp_ping received 384 bytes back
Round trip time was 1.46571 milliseconds in repetition 131
tcp_ping received 384 bytes back
Round trip time was 1.33961 milliseconds in repetition 132
tcp_ping received 384 bytes back
Round trip time was 1.25889 milliseconds in repetition 133
tcp_ping received 384 bytes back
Round trip time was 1.01807 milliseconds in repetition 134
tcp_ping received 384 bytes back
Round trip time was 1.34682 milliseconds in repetition 135
tcp_ping received 384 bytes back
Round trip time was 1.18168 milliseconds in repetition 136
tcp_ping received 384 bytes back
Round trip time was 1.07021 milliseconds in repetition 137
tcp_ping received 384 bytes back
Round trip time was 1.0176 milliseconds in repetition 138
tcp_ping received 384 bytes back
Round trip time was 1.0758 milliseconds in repetition 139
tcp_ping received 384 bytes back
Round trip time was 1.04124 milliseconds in repetition 140
tcp_ping received 384 bytes back
Round trip time was 1.06307 milliseconds in repetition 141
tcp_ping received 384 bytes back
Round trip time was 1.03793 milliseconds in repetition 142
tcp_ping received 384 bytes back
Round trip time was 1.18839 milliseconds in repetition 143
tcp_ping received 384 bytes back
Round trip time was 1.08575 milliseconds in repetition 144
tcp_ping received 384 bytes back
Round trip time was 0.870416 milliseconds in repetition 145
tcp_ping received 384 bytes back
Round trip time was 1.04785 milliseconds in repetition 146
tcp_ping received 384 bytes back
Round trip time was 1.14872 milliseconds in repetition 147
tcp_ping received 384 bytes back
Round trip time was 2.12095 milliseconds in repetition 148
tcp_ping received 384 bytes back
Round trip time was 2.11719 milliseconds in repetition 149
tcp_ping received 384 bytes back
Round trip time was 2.466 milliseconds in repetition 150
tcp_ping received 384 bytes back
Round trip time was 2.10876 milliseconds in repetition 151
tcp_ping received 384 bytes back
Round trip time was 2.15275 milliseconds in repetition 152
tcp_ping received 384 bytes back
Round trip time was 2.1181 milliseconds in repetition 153
tcp_ping received 384 bytes back
Round trip time was 2.97052 milliseconds in repetition 154
tcp_ping received 384 bytes back
Round trip time was 1.59665 milliseconds in repetition 155
tcp_ping received 384 bytes back
Round trip time was 2.25527 milliseconds in repetition 156
tcp_ping received 384 bytes back
Round trip time was 1.86924 milliseconds in repetition 157
tcp_ping received 384 bytes back
Round trip time was 2.14496 milliseconds in repetition 158
tcp_ping received 384 bytes back
Round trip time was 2.2889 milliseconds in repetition 159
tcp_ping received 384 bytes back
Round trip time was 2.2768 milliseconds in repetition 160
tcp_ping received 384 bytes back
Round trip time was 2.27577 milliseconds in repetition 161
tcp_ping received 384 bytes back
Round trip time was 2.07754 milliseconds in repetition 162
tcp_ping received 384 bytes back
Round trip time was 2.23694 milliseconds in repetition 163
tcp_ping received 384 bytes back
Round trip time was 3.2407 milliseconds in repetition 164
tcp_ping received 384 bytes back
Round trip time was 2.22565 milliseconds in repetition 165
tcp_ping received 384 bytes back
Round trip time was 1.929 milliseconds in repetition 166
tcp_ping received 384 bytes back
Round trip time was 2.27606 milliseconds in repetition 167
tcp_ping received 384 bytes back
Round trip time was 2.09865 milliseconds in repetition 168
tcp_ping received 384 bytes back
Round trip time was 2.22786 milliseconds in repetition 169
tcp_ping received 384 bytes back
Round trip time was 2.1842 milliseconds in repetition 170
tcp_ping received 384 bytes back
Round trip time was 2.10293 milliseconds in repetition 171
tcp_ping received 384 bytes back
Round trip time was 2.26836 milliseconds in repetition 172
tcp_ping received 384 bytes back
Round trip time was 2.14724 milliseconds in repetition 173
tcp_ping received 384 bytes back
Round trip time was 1.19761 milliseconds in repetition 174
tcp_ping received 384 bytes back
Round trip time was 2.17311 milliseconds in repetition 175
tcp_ping received 384 bytes back
Round trip time was 2.21499 milliseconds in repetition 176
tcp_ping received 384 bytes back
Round trip time was 2.18295 milliseconds in repetition 177
tcp_ping received 384 bytes back
Round trip time was 2.10598 milliseconds in repetition 178
tcp_ping received 384 bytes back
Round trip time was 2.18135 milliseconds in repetition 179
tcp_ping received 384 bytes back
Round trip time was 2.22564 milliseconds in repetition 180
tcp_ping received 384 bytes back
Round trip time was 2.31769 milliseconds in repetition 181
tcp_ping received 384 bytes back
Round trip time was 2.40847 milliseconds in repetition 182
tcp_ping received 384 bytes back
Round trip time was 2.14247 milliseconds in repetition 183
tcp_ping received 384 bytes back
Round trip time was 2.14953 milliseconds in repetition 184
tcp_ping received 384 bytes back
Round trip time was 2.14711 milliseconds in repetition 185
tcp_ping received 384 bytes back
Round trip time was 2.38 milliseconds in repetition 186
tcp_ping received 384 bytes back
Round trip time was 2.31475 milliseconds in repetition 187
tcp_ping received 384 bytes back
Round trip time was 2.24825 milliseconds in repetition 188
tcp_ping received 384 bytes back
Round trip time was 1.65761 milliseconds in repetition 189
tcp_ping received 384 bytes back
Round trip time was 0.859947 milliseconds in repetition 190
tcp_ping received 384 bytes back
Round trip time was 2.1028 milliseconds in repetition 191
tcp_ping received 384 bytes back
Round trip time was 2.14264 milliseconds in repetition 192
tcp_ping received 384 bytes back
Round trip time was 2.13116 milliseconds in repetition 193
tcp_ping received 384 bytes back
Round trip time was 2.08787 milliseconds in repetition 194
tcp_ping received 384 bytes back
Round trip time was 2.23451 milliseconds in repetition 195
tcp_ping received 384 bytes back
Round trip time was 1.29251 milliseconds in repetition 196
tcp_ping received 384 bytes back
Round trip time was 3.4476 milliseconds in repetition 197
tcp_ping received 384 bytes back
Round trip time was 2.24218 milliseconds in repetition 198
tcp_ping received 384 bytes back
Round trip time was 2.42621 milliseconds in repetition 199
tcp_ping received 384 bytes back
Round trip time was 2.27653 milliseconds in repetition 200
tcp_ping received 384 bytes back
Round trip time was 1.54845 milliseconds in repetition 201
tcp_ping received 384 bytes back
Round trip time was 2.08864 milliseconds in repetition 202
tcp_ping received 384 bytes back
Round trip time was 2.18112 milliseconds in repetition 203
tcp_ping received 384 bytes back
Round trip time was 2.23181 milliseconds in repetition 204
tcp_ping received 384 bytes back
Round trip time was 1.54416 milliseconds in repetition 205
tcp_ping received 384 bytes back
Round trip time was 2.09812 milliseconds in repetition 206
tcp_ping received 384 bytes back
Round trip time was 2.26168 milliseconds in repetition 207
tcp_ping received 384 bytes back
Round trip time was 2.2782 milliseconds in repetition 208
tcp_ping received 384 bytes back
Round trip time was 2.16645 milliseconds in repetition 209
tcp_ping received 384 bytes back
Round trip time was 2.10267 milliseconds in repetition 210
tcp_ping received 384 bytes back
Round trip time was 0.884938 milliseconds in repetition 211
tcp_ping received 384 bytes back
Round trip time was 2.05971 milliseconds in repetition 212
tcp_ping received 384 bytes back
Round trip time was 2.12137 milliseconds in repetition 213
tcp_ping received 384 bytes back
Round trip time was 2.18188 milliseconds in repetition 214
tcp_ping received 384 bytes back
Round trip time was 2.12124 milliseconds in repetition 215
tcp_ping received 384 bytes back
Round trip time was 2.17055 milliseconds in repetition 216
tcp_ping received 384 bytes back
Round trip time was 0.997116 milliseconds in repetition 217
tcp_ping received 384 bytes back
Round trip time was 2.27317 milliseconds in repetition 218
tcp_ping received 384 bytes back
Round trip time was 2.15846 milliseconds in repetition 219
tcp_ping received 384 bytes back
Round trip time was 2.21308 milliseconds in repetition 220
tcp_ping received 384 bytes back
Round trip time was 4.46015 milliseconds in repetition 221
tcp_ping received 384 bytes back
Round trip time was 2.34983 milliseconds in repetition 222
tcp_ping received 384 bytes back
Round trip time was 2.16899 milliseconds in repetition 223
tcp_ping received 384 bytes back
Round trip time was 2.23726 milliseconds in repetition 224
tcp_ping received 384 bytes back
Round trip time was 2.11778 milliseconds in repetition 225
tcp_ping received 384 bytes back
Round trip time was 2.26268 milliseconds in repetition 226
tcp_ping received 384 bytes back
Round trip time was 2.22628 milliseconds in repetition 227
tcp_ping received 384 bytes back
Round trip time was 4.99734 milliseconds in repetition 228
tcp_ping received 384 bytes back
Round trip time was 4.11378 milliseconds in repetition 229
tcp_ping received 384 bytes back
Round trip time was 2.27095 milliseconds in repetition 230
tcp_ping received 384 bytes back
Round trip time was 2.29426 milliseconds in repetition 231
tcp_ping received 384 bytes back
Round trip time was 1.54089 milliseconds in repetition 232
tcp_ping received 384 bytes back
Round trip time was 2.33842 milliseconds in repetition 233
tcp_ping received 384 bytes back
Round trip time was 2.12949 milliseconds in repetition 234
tcp_ping received 384 bytes back
Round trip time was 2.1557 milliseconds in repetition 235
tcp_ping received 384 bytes back
Round trip time was 3.62756 milliseconds in repetition 236
tcp_ping received 384 bytes back
Round trip time was 2.42857 milliseconds in repetition 237
tcp_ping received 384 bytes back
Round trip time was 2.26927 milliseconds in repetition 238
tcp_ping received 384 bytes back
Round trip time was 0.920199 milliseconds in repetition 239
tcp_ping received 384 bytes back
Round trip time was 2.14266 milliseconds in repetition 240
tcp_ping received 384 bytes back
Round trip time was 1.45686 milliseconds in repetition 241
tcp_ping received 384 bytes back
Round trip time was 2.22757 milliseconds in repetition 242
tcp_ping received 384 bytes back
Round trip time was 2.25488 milliseconds in repetition 243
tcp_ping received 384 bytes back
Round trip time was 2.27063 milliseconds in repetition 244
tcp_ping received 384 bytes back
Round trip time was 1.67676 milliseconds in repetition 245
tcp_ping received 384 bytes back
Round trip time was 2.10976 milliseconds in repetition 246
tcp_ping received 384 bytes back
Round trip time was 2.16464 milliseconds in repetition 247
tcp_ping received 384 bytes back
Round trip time was 2.15278 milliseconds in repetition 248
tcp_ping received 384 bytes back
Round trip time was 1.63471 milliseconds in repetition 249
tcp_ping received 384 bytes back
Round trip time was 2.24087 milliseconds in repetition 250
tcp_ping received 384 bytes back
Round trip time was 1.53828 milliseconds in repetition 251
tcp_ping received 384 bytes back
Round trip time was 2.07697 milliseconds in repetition 252
tcp_ping received 384 bytes back
Round trip time was 2.17798 milliseconds in repetition 253
tcp_ping received 384 bytes back
Round trip time was 2.14516 milliseconds in repetition 254
tcp_ping received 384 bytes back
Round trip time was 2.10056 milliseconds in repetition 255
tcp_ping received 384 bytes back
Round trip time was 2.23608 milliseconds in repetition 256
tcp_ping received 384 bytes back
Round trip time was 1.11461 milliseconds in repetition 257
tcp_ping received 384 bytes back
Round trip time was 2.12108 milliseconds in repetition 258
tcp_ping received 384 bytes back
Round trip time was 2.34237 milliseconds in repetition 259
tcp_ping received 384 bytes back
Round trip time was 2.19054 milliseconds in repetition 260
tcp_ping received 384 bytes back
Round trip time was 2.13727 milliseconds in repetition 261
tcp_ping received 384 bytes back
Round trip time was 2.08877 milliseconds in repetition 262
tcp_ping received 384 bytes back
Round trip time was 1.01075 milliseconds in repetition 263
tcp_ping received 384 bytes back
Round trip time was 2.11668 milliseconds in repetition 264
tcp_ping received 384 bytes back
Round trip time was 2.30846 milliseconds in repetition 265
tcp_ping received 384 bytes back
Round trip time was 2.59464 milliseconds in repetition 266
tcp_ping received 384 bytes back
Round trip time was 2.32982 milliseconds in repetition 267
tcp_ping received 384 bytes back
Round trip time was 2.77198 milliseconds in repetition 268
tcp_ping received 384 bytes back
Round trip time was 2.50778 milliseconds in repetition 269
tcp_ping received 384 bytes back
Round trip time was 1.20285 milliseconds in repetition 270
tcp_ping received 384 bytes back
Round trip time was 2.06833 milliseconds in repetition 271
tcp_ping received 384 bytes back
Round trip time was 2.28138 milliseconds in repetition 272
tcp_ping received 384 bytes back
Round trip time was 1.65468 milliseconds in repetition 273
tcp_ping received 384 bytes back
Round trip time was 2.14983 milliseconds in repetition 274
tcp_ping received 384 bytes back
Round trip time was 2.15742 milliseconds in repetition 275
tcp_ping received 384 bytes back
Round trip time was 1.48829 milliseconds in repetition 276
tcp_ping received 384 bytes back
Round trip time was 2.31039 milliseconds in repetition 277
tcp_ping received 384 bytes back
Round trip time was 2.12447 milliseconds in repetition 278
tcp_ping received 384 bytes back
Round trip time was 2.10459 milliseconds in repetition 279
tcp_ping received 384 bytes back
Round trip time was 2.2148 milliseconds in repetition 280
tcp_ping received 384 bytes back
Round trip time was 2.00854 milliseconds in repetition 281
tcp_ping received 384 bytes back
Round trip time was 0.876339 milliseconds in repetition 282
tcp_ping received 384 bytes back
Round trip time was 2.18364 milliseconds in repetition 283
tcp_ping received 384 bytes back
Round trip time was 2.1407 milliseconds in repetition 284
tcp_ping received 384 bytes back
Round trip time was 2.22191 milliseconds in repetition 285
tcp_ping received 384 bytes back
Round trip time was 2.09434 milliseconds in repetition 286
tcp_ping received 384 bytes back
Round trip time was 2.07579 milliseconds in repetition 287
tcp_ping received 384 bytes back
Round trip time was 1.502 milliseconds in repetition 288
tcp_ping received 384 bytes back
Round trip time was 2.27149 milliseconds in repetition 289
tcp_ping received 384 bytes back
Round trip time was 1.69143 milliseconds in repetition 290
tcp_ping received 384 bytes back
Round trip time was 2.32253 milliseconds in repetition 291
tcp_ping received 384 bytes back
Round trip time was 1.67623 milliseconds in repetition 292
tcp_ping received 384 bytes back
Round trip time was 2.18794 milliseconds in repetition 293
tcp_ping received 384 bytes back
Round trip time was 2.18477 milliseconds in repetition 294
tcp_ping received 384 bytes back
Round trip time was 2.09836 milliseconds in repetition 295
tcp_ping received 384 bytes back
Round trip time was 1.14698 milliseconds in repetition 296
tcp_ping received 384 bytes back
Round trip time was 2.2066 milliseconds in repetition 297
tcp_ping received 384 bytes back
Round trip time was 1.98278 milliseconds in repetition 298
tcp_ping received 384 bytes back
Round trip time was 2.12857 milliseconds in repetition 299
tcp_ping received 384 bytes back
Round trip time was 3.70967 milliseconds in repetition 300
tcp_ping received 384 bytes back
Round trip time was 2.21805 milliseconds in repetition 301
tcp_ping received 384 bytes back
Round trip time was 2.12127 milliseconds in repetition 302
tcp_ping received 384 bytes back
Round trip time was 1.65884 milliseconds in repetition 303
tcp_ping received 384 bytes back
Round trip time was 2.06086 milliseconds in repetition 304
tcp_ping received 384 bytes back
Round trip time was 1.92588 milliseconds in repetition 305
tcp_ping received 384 bytes back
Round trip time was 2.0377 milliseconds in repetition 306
tcp_ping received 384 bytes back
Round trip time was 1.90376 milliseconds in repetition 307
tcp_ping received 384 bytes back
Round trip time was 3.98831 milliseconds in repetition 308
tcp_ping received 384 bytes back
Round trip time was 2.06361 milliseconds in repetition 309
tcp_ping received 384 bytes back
Round trip time was 1.70056 milliseconds in repetition 310
tcp_ping received 384 bytes back
Round trip time was 2.24847 milliseconds in repetition 311
tcp_ping received 384 bytes back
Round trip time was 1.9407 milliseconds in repetition 312
tcp_ping received 384 bytes back
Round trip time was 1.27337 milliseconds in repetition 313
tcp_ping received 384 bytes back
Round trip time was 2.24233 milliseconds in repetition 314
tcp_ping received 384 bytes back
Round trip time was 2.29287 milliseconds in repetition 315
tcp_ping received 384 bytes back
Round trip time was 2.0772 milliseconds in repetition 316
tcp_ping received 384 bytes back
Round trip time was 2.11811 milliseconds in repetition 317
tcp_ping received 384 bytes back
Round trip time was 2.23036 milliseconds in repetition 318
tcp_ping received 384 bytes back
Round trip time was 2.0582 milliseconds in repetition 319
tcp_ping received 384 bytes back
Round trip time was 1.53635 milliseconds in repetition 320
tcp_ping received 384 bytes back
Round trip time was 2.02537 milliseconds in repetition 321
tcp_ping received 384 bytes back
Round trip time was 1.9062 milliseconds in repetition 322
tcp_ping received 384 bytes back
Round trip time was 2.12581 milliseconds in repetition 323
tcp_ping received 384 bytes back
Round trip time was 2.23433 milliseconds in repetition 324
tcp_ping received 384 bytes back
Round trip time was 2.2333 milliseconds in repetition 325
tcp_ping received 384 bytes back
Round trip time was 2.50799 milliseconds in repetition 326
tcp_ping received 384 bytes back
Round trip time was 2.21812 milliseconds in repetition 327
tcp_ping received 384 bytes back
Round trip time was 2.46415 milliseconds in repetition 328
tcp_ping received 384 bytes back
Round trip time was 2.21428 milliseconds in repetition 329
tcp_ping received 384 bytes back
Round trip time was 2.55821 milliseconds in repetition 330
tcp_ping received 384 bytes back
Round trip time was 2.54123 milliseconds in repetition 331
tcp_ping received 384 bytes back
Round trip time was 2.51251 milliseconds in repetition 332
tcp_ping received 384 bytes back
Round trip time was 2.44335 milliseconds in repetition 333
tcp_ping received 384 bytes back
Round trip time was 1.81484 milliseconds in repetition 334
tcp_ping received 384 bytes back
Round trip time was 2.57133 milliseconds in repetition 335
tcp_ping received 384 bytes back
Round trip time was 2.56659 milliseconds in repetition 336
tcp_ping received 384 bytes back
Round trip time was 2.57924 milliseconds in repetition 337
tcp_ping received 384 bytes back
Round trip time was 2.48297 milliseconds in repetition 338
tcp_ping received 384 bytes back
Round trip time was 2.47346 milliseconds in repetition 339
tcp_ping received 384 bytes back
Round trip time was 2.26413 milliseconds in repetition 340
tcp_ping received 384 bytes back
Round trip time was 2.49143 milliseconds in repetition 341
tcp_ping received 384 bytes back
Round trip time was 2.40683 milliseconds in repetition 342
tcp_ping received 384 bytes back
Round trip time was 2.53462 milliseconds in repetition 343
tcp_ping received 384 bytes back
Round trip time was 2.49168 milliseconds in repetition 344
tcp_ping received 384 bytes back
Round trip time was 2.59075 milliseconds in repetition 345
tcp_ping received 384 bytes back
Round trip time was 2.58591 milliseconds in repetition 346
tcp_ping received 384 bytes back
Round trip time was 1.40792 milliseconds in repetition 347
tcp_ping received 384 bytes back
Round trip time was 2.48174 milliseconds in repetition 348
tcp_ping received 384 bytes back
Round trip time was 2.49462 milliseconds in repetition 349
tcp_ping received 384 bytes back
Round trip time was 2.57506 milliseconds in repetition 350
tcp_ping received 384 bytes back
Round trip time was 2.59471 milliseconds in repetition 351
tcp_ping received 384 bytes back
Round trip time was 2.34178 milliseconds in repetition 352
tcp_ping received 384 bytes back
Round trip time was 2.56969 milliseconds in repetition 353
tcp_ping received 384 bytes back
Round trip time was 2.54713 milliseconds in repetition 354
tcp_ping received 384 bytes back
Round trip time was 2.58183 milliseconds in repetition 355
tcp_ping received 384 bytes back
Round trip time was 2.57658 milliseconds in repetition 356
tcp_ping received 384 bytes back
Round trip time was 2.46723 milliseconds in repetition 357
tcp_ping received 384 bytes back
Round trip time was 2.58311 milliseconds in repetition 358
tcp_ping received 384 bytes back
Round trip time was 2.43262 milliseconds in repetition 359
tcp_ping received 384 bytes back
Round trip time was 2.28567 milliseconds in repetition 360
tcp_ping received 384 bytes back
Round trip time was 2.53973 milliseconds in repetition 361
tcp_ping received 384 bytes back
Round trip time was 2.56123 milliseconds in repetition 362
tcp_ping received 384 bytes back
Round trip time was 2.2866 milliseconds in repetition 363
tcp_ping received 384 bytes back
Round trip time was 2.35802 milliseconds in repetition 364
tcp_ping received 384 bytes back
Round trip time was 2.12195 milliseconds in repetition 365
tcp_ping received 384 bytes back
Round trip time was 2.54301 milliseconds in repetition 366
tcp_ping received 384 bytes back
Round trip time was 1.54557 milliseconds in repetition 367
tcp_ping received 384 bytes back
Round trip time was 2.33291 milliseconds in repetition 368
tcp_ping received 384 bytes back
Round trip time was 2.40351 milliseconds in repetition 369
tcp_ping received 384 bytes back
Round trip time was 2.57566 milliseconds in repetition 370
tcp_ping received 384 bytes back
Round trip time was 2.26913 milliseconds in repetition 371
tcp_ping received 384 bytes back
Round trip time was 1.45445 milliseconds in repetition 372
tcp_ping received 384 bytes back
Round trip time was 2.40274 milliseconds in repetition 373
tcp_ping received 384 bytes back
Round trip time was 2.45381 milliseconds in repetition 374
tcp_ping received 384 bytes back
Round trip time was 2.56055 milliseconds in repetition 375
tcp_ping received 384 bytes back
Round trip time was 2.58501 milliseconds in repetition 376
tcp_ping received 384 bytes back
Round trip time was 2.12041 milliseconds in repetition 377
tcp_ping received 384 bytes back
Round trip time was 2.29285 milliseconds in repetition 378
tcp_ping received 384 bytes back
Round trip time was 1.41555 milliseconds in repetition 379
tcp_ping received 384 bytes back
Round trip time was 2.34842 milliseconds in repetition 380
tcp_ping received 384 bytes back
Round trip time was 1.84091 milliseconds in repetition 381
tcp_ping received 384 bytes back
Round trip time was 2.57087 milliseconds in repetition 382
tcp_ping received 384 bytes back
Round trip time was 2.57709 milliseconds in repetition 383
tcp_ping received 384 bytes back
Round trip time was 2.58908 milliseconds in repetition 384
tcp_ping received 384 bytes back
Round trip time was 2.26233 milliseconds in repetition 385
tcp_ping received 384 bytes back
Round trip time was 1.68962 milliseconds in repetition 386
tcp_ping received 384 bytes back
Round trip time was 2.92878 milliseconds in repetition 387
tcp_ping received 384 bytes back
Round trip time was 1.09852 milliseconds in repetition 388
tcp_ping received 384 bytes back
Round trip time was 2.5035 milliseconds in repetition 389
tcp_ping received 384 bytes back
Round trip time was 2.55267 milliseconds in repetition 390
tcp_ping received 384 bytes back
Round trip time was 2.57382 milliseconds in repetition 391
tcp_ping received 384 bytes back
Round trip time was 2.48202 milliseconds in repetition 392
tcp_ping received 384 bytes back
Round trip time was 2.19473 milliseconds in repetition 393
tcp_ping received 384 bytes back
Round trip time was 2.16092 milliseconds in repetition 394
tcp_ping received 384 bytes back
Round trip time was 2.39585 milliseconds in repetition 395
tcp_ping received 384 bytes back
Round trip time was 2.56935 milliseconds in repetition 396
tcp_ping received 384 bytes back
Round trip time was 2.5656 milliseconds in repetition 397
tcp_ping received 384 bytes back
Round trip time was 1.93605 milliseconds in repetition 398
tcp_ping received 384 bytes back
Round trip time was 2.2862 milliseconds in repetition 399
tcp_ping received 384 bytes back
Round trip time was 2.40868 milliseconds in repetition 400
tcp_ping received 384 bytes back
Round trip time was 2.20113 milliseconds in repetition 401
tcp_ping received 384 bytes back
Round trip time was 2.73363 milliseconds in repetition 402
tcp_ping received 384 bytes back
Round trip time was 2.25928 milliseconds in repetition 403
tcp_ping received 384 bytes back
Round trip time was 2.33307 milliseconds in repetition 404
tcp_ping received 384 bytes back
Round trip time was 1.55593 milliseconds in repetition 405
tcp_ping received 384 bytes back
Round trip time was 1.77725 milliseconds in repetition 406
tcp_ping received 384 bytes back
Round trip time was 2.06142 milliseconds in repetition 407
tcp_ping received 384 bytes back
Round trip time was 2.11271 milliseconds in repetition 408
tcp_ping received 384 bytes back
Round trip time was 2.24651 milliseconds in repetition 409
tcp_ping received 384 bytes back
Round trip time was 2.31984 milliseconds in repetition 410
tcp_ping received 384 bytes back
Round trip time was 2.31435 milliseconds in repetition 411
tcp_ping received 384 bytes back
Round trip time was 2.12617 milliseconds in repetition 412
tcp_ping received 384 bytes back
Round trip time was 2.27957 milliseconds in repetition 413
tcp_ping received 384 bytes back
Round trip time was 2.26542 milliseconds in repetition 414
tcp_ping received 384 bytes back
Round trip time was 2.19068 milliseconds in repetition 415
tcp_ping received 384 bytes back
Round trip time was 1.69721 milliseconds in repetition 416
tcp_ping received 384 bytes back
Round trip time was 2.09104 milliseconds in repetition 417
tcp_ping received 384 bytes back
Round trip time was 2.18968 milliseconds in repetition 418
tcp_ping received 384 bytes back
Round trip time was 2.15155 milliseconds in repetition 419
tcp_ping received 384 bytes back
Round trip time was 2.07127 milliseconds in repetition 420
tcp_ping received 384 bytes back
Round trip time was 2.02028 milliseconds in repetition 421
tcp_ping received 384 bytes back
Round trip time was 2.14219 milliseconds in repetition 422
tcp_ping received 384 bytes back
Round trip time was 2.11759 milliseconds in repetition 423
tcp_ping received 384 bytes back
Round trip time was 2.29079 milliseconds in repetition 424
tcp_ping received 384 bytes back
Round trip time was 2.20938 milliseconds in repetition 425
tcp_ping received 384 bytes back
Round trip time was 2.58763 milliseconds in repetition 426
tcp_ping received 384 bytes back
Round trip time was 2.11284 milliseconds in repetition 427
tcp_ping received 384 bytes back
Round trip time was 2.07261 milliseconds in repetition 428
tcp_ping received 384 bytes back
Round trip time was 1.77604 milliseconds in repetition 429
tcp_ping received 384 bytes back
Round trip time was 2.19559 milliseconds in repetition 430
tcp_ping received 384 bytes back
Round trip time was 2.15794 milliseconds in repetition 431
tcp_ping received 384 bytes back
Round trip time was 2.04694 milliseconds in repetition 432
tcp_ping received 384 bytes back
Round trip time was 2.07164 milliseconds in repetition 433
tcp_ping received 384 bytes back
Round trip time was 2.03328 milliseconds in repetition 434
tcp_ping received 384 bytes back
Round trip time was 1.48214 milliseconds in repetition 435
tcp_ping received 384 bytes back
Round trip time was 2.24424 milliseconds in repetition 436
tcp_ping received 384 bytes back
Round trip time was 2.05476 milliseconds in repetition 437
tcp_ping received 384 bytes back
Round trip time was 2.0621 milliseconds in repetition 438
tcp_ping received 384 bytes back
Round trip time was 2.0702 milliseconds in repetition 439
tcp_ping received 384 bytes back
Round trip time was 2.46798 milliseconds in repetition 440
tcp_ping received 384 bytes back
Round trip time was 2.18985 milliseconds in repetition 441
tcp_ping received 384 bytes back
Round trip time was 2.30929 milliseconds in repetition 442
tcp_ping received 384 bytes back
Round trip time was 1.98942 milliseconds in repetition 443
tcp_ping received 384 bytes back
Round trip time was 2.52482 milliseconds in repetition 444
tcp_ping received 384 bytes back
Round trip time was 2.21162 milliseconds in repetition 445
tcp_ping received 384 bytes back
Round trip time was 2.00855 milliseconds in repetition 446
tcp_ping received 384 bytes back
Round trip time was 2.14916 milliseconds in repetition 447
tcp_ping received 384 bytes back
Round trip time was 2.1176 milliseconds in repetition 448
tcp_ping received 384 bytes back
Round trip time was 2.07669 milliseconds in repetition 449
tcp_ping received 384 bytes back
Round trip time was 0.925697 milliseconds in repetition 450
tcp_ping received 384 bytes back
Round trip time was 2.10863 milliseconds in repetition 451
tcp_ping received 384 bytes back
Round trip time was 2.25674 milliseconds in repetition 452
tcp_ping received 384 bytes back
Round trip time was 1.61054 milliseconds in repetition 453
tcp_ping received 384 bytes back
Round trip time was 2.19432 milliseconds in repetition 454
tcp_ping received 384 bytes back
Round trip time was 2.08603 milliseconds in repetition 455
tcp_ping received 384 bytes back
Round trip time was 2.48065 milliseconds in repetition 456
tcp_ping received 384 bytes back
Round trip time was 2.04983 milliseconds in repetition 457
tcp_ping received 384 bytes back
Round trip time was 1.14663 milliseconds in repetition 458
tcp_ping received 384 bytes back
Round trip time was 2.27472 milliseconds in repetition 459
tcp_ping received 384 bytes back
Round trip time was 1.73296 milliseconds in repetition 460
tcp_ping received 384 bytes back
Round trip time was 2.03579 milliseconds in repetition 461
tcp_ping received 384 bytes back
Round trip time was 2.08915 milliseconds in repetition 462
tcp_ping received 384 bytes back
Round trip time was 2.09722 milliseconds in repetition 463
tcp_ping received 384 bytes back
Round trip time was 2.14534 milliseconds in repetition 464
tcp_ping received 384 bytes back
Round trip time was 2.52142 milliseconds in repetition 465
tcp_ping received 384 bytes back
Round trip time was 0.948435 milliseconds in repetition 466
tcp_ping received 384 bytes back
Round trip time was 2.06198 milliseconds in repetition 467
tcp_ping received 384 bytes back
Round trip time was 1.9781 milliseconds in repetition 468
tcp_ping received 384 bytes back
Round trip time was 2.10943 milliseconds in repetition 469
tcp_ping received 384 bytes back
Round trip time was 2.1105 milliseconds in repetition 470
tcp_ping received 384 bytes back
Round trip time was 2.02439 milliseconds in repetition 471
tcp_ping received 384 bytes back
Round trip time was 2.05959 milliseconds in repetition 472
tcp_ping received 384 bytes back
Round trip time was 2.03893 milliseconds in repetition 473
tcp_ping received 384 bytes back
Round trip time was 3.52091 milliseconds in repetition 474
tcp_ping received 384 bytes back
Round trip time was 1.90899 milliseconds in repetition 475
tcp_ping received 384 bytes back
Round trip time was 2.09603 milliseconds in repetition 476
tcp_ping received 384 bytes back
Round trip time was 1.78492 milliseconds in repetition 477
tcp_ping received 384 bytes back
Round trip time was 2.39023 milliseconds in repetition 478
tcp_ping received 384 bytes back
Round trip time was 2.159 milliseconds in repetition 479
tcp_ping received 384 bytes back
Round trip time was 2.0669 milliseconds in repetition 480
tcp_ping received 384 bytes back
Round trip time was 2.01159 milliseconds in repetition 481
tcp_ping received 384 bytes back
Round trip time was 2.02131 milliseconds in repetition 482
tcp_ping received 384 bytes back
Round trip time was 2.09628 milliseconds in repetition 483
tcp_ping received 384 bytes back
Round trip time was 2.08062 milliseconds in repetition 484
tcp_ping received 384 bytes back
Round trip time was 1.32907 milliseconds in repetition 485
tcp_ping received 384 bytes back
Round trip time was 2.10601 milliseconds in repetition 486
tcp_ping received 384 bytes back
Round trip time was 2.02235 milliseconds in repetition 487
tcp_ping received 384 bytes back
Round trip time was 2.33768 milliseconds in repetition 488
tcp_ping received 384 bytes back
Round trip time was 2.27199 milliseconds in repetition 489
tcp_ping received 384 bytes back
Round trip time was 2.52969 milliseconds in repetition 490
tcp_ping received 384 bytes back
Round trip time was 2.39518 milliseconds in repetition 491
tcp_ping received 384 bytes back
Round trip time was 2.07787 milliseconds in repetition 492
tcp_ping received 384 bytes back
Round trip time was 2.05639 milliseconds in repetition 493
tcp_ping received 384 bytes back
Round trip time was 1.75213 milliseconds in repetition 494
tcp_ping received 384 bytes back
Round trip time was 2.03676 milliseconds in repetition 495
tcp_ping received 384 bytes back
Round trip time was 2.18183 milliseconds in repetition 496
tcp_ping received 384 bytes back
Round trip time was 2.06142 milliseconds in repetition 497
tcp_ping received 384 bytes back
Round trip time was 2.10866 milliseconds in repetition 498
tcp_ping received 384 bytes back
Round trip time was 2.07161 milliseconds in repetition 499
tcp_ping received 384 bytes back
Round trip time was 2.38329 milliseconds in repetition 500
tcp_ping received 384 bytes back
Round trip time was 2.31264 milliseconds in repetition 501

 ... clock resolution was 1e-06
TCP Ping:  Statistics over 501 repetitions of 384 byte messages

RTT : percentile 10: 1.39335, median: 2.14534, percentile 90: 2.56123, average: 2.0877, variance: 0.247841

RTT histogram:
   overall Throughput : 367.868 KB/s

