TCP Ping trying to connect to server 192.168.1.110 (192.168.1.110) on port 1491
 ... connected to Pong server: asking for 501 repetitions of 131072 bytes TCP messages
 ... Pong server agreed :-)
tcp_ping received 131072 bytes back
Round trip time was 23.1481 milliseconds in repetition 1
tcp_ping received 131072 bytes back
Round trip time was 22.9555 milliseconds in repetition 2
tcp_ping received 131072 bytes back
Round trip time was 23.0571 milliseconds in repetition 3
tcp_ping received 131072 bytes back
Round trip time was 22.9472 milliseconds in repetition 4
tcp_ping received 131072 bytes back
Round trip time was 23.1521 milliseconds in repetition 5
tcp_ping received 131072 bytes back
Round trip time was 23.0594 milliseconds in repetition 6
tcp_ping received 131072 bytes back
Round trip time was 23.1854 milliseconds in repetition 7
tcp_ping received 131072 bytes back
Round trip time was 23.0937 milliseconds in repetition 8
tcp_ping received 131072 bytes back
Round trip time was 23.0635 milliseconds in repetition 9
tcp_ping received 131072 bytes back
Round trip time was 23.0331 milliseconds in repetition 10
tcp_ping received 131072 bytes back
Round trip time was 22.9625 milliseconds in repetition 11
tcp_ping received 131072 bytes back
Round trip time was 23.118 milliseconds in repetition 12
tcp_ping received 131072 bytes back
Round trip time was 22.9614 milliseconds in repetition 13
tcp_ping received 131072 bytes back
Round trip time was 23.0694 milliseconds in repetition 14
tcp_ping received 131072 bytes back
Round trip time was 23.0687 milliseconds in repetition 15
tcp_ping received 131072 bytes back
Round trip time was 23.1288 milliseconds in repetition 16
tcp_ping received 131072 bytes back
Round trip time was 23.0173 milliseconds in repetition 17
tcp_ping received 131072 bytes back
Round trip time was 22.9736 milliseconds in repetition 18
tcp_ping received 131072 bytes back
Round trip time was 22.9688 milliseconds in repetition 19
tcp_ping received 131072 bytes back
Round trip time was 22.9516 milliseconds in repetition 20
tcp_ping received 131072 bytes back
Round trip time was 23.0607 milliseconds in repetition 21
tcp_ping received 131072 bytes back
Round trip time was 22.9985 milliseconds in repetition 22
tcp_ping received 131072 bytes back
Round trip time was 23.0353 milliseconds in repetition 23
tcp_ping received 131072 bytes back
Round trip time was 22.9736 milliseconds in repetition 24
tcp_ping received 131072 bytes back
Round trip time was 23.0737 milliseconds in repetition 25
tcp_ping received 131072 bytes back
Round trip time was 23.1634 milliseconds in repetition 26
tcp_ping received 131072 bytes back
Round trip time was 23.0677 milliseconds in repetition 27
tcp_ping received 131072 bytes back
Round trip time was 22.8105 milliseconds in repetition 28
tcp_ping received 131072 bytes back
Round trip time was 22.9117 milliseconds in repetition 29
tcp_ping received 131072 bytes back
Round trip time was 22.9166 milliseconds in repetition 30
tcp_ping received 131072 bytes back
Round trip time was 22.8204 milliseconds in repetition 31
tcp_ping received 131072 bytes back
Round trip time was 22.893 milliseconds in repetition 32
tcp_ping received 131072 bytes back
Round trip time was 22.8513 milliseconds in repetition 33
tcp_ping received 131072 bytes back
Round trip time was 22.8438 milliseconds in repetition 34
tcp_ping received 131072 bytes back
Round trip time was 22.9741 milliseconds in repetition 35
tcp_ping received 131072 bytes back
Round trip time was 22.9802 milliseconds in repetition 36
tcp_ping received 131072 bytes back
Round trip time was 22.914 milliseconds in repetition 37
tcp_ping received 131072 bytes back
Round trip time was 22.8923 milliseconds in repetition 38
tcp_ping received 131072 bytes back
Round trip time was 22.9984 milliseconds in repetition 39
tcp_ping received 131072 bytes back
Round trip time was 23.0471 milliseconds in repetition 40
tcp_ping received 131072 bytes back
Round trip time was 22.8393 milliseconds in repetition 41
tcp_ping received 131072 bytes back
Round trip time was 22.9653 milliseconds in repetition 42
tcp_ping received 131072 bytes back
Round trip time was 22.9881 milliseconds in repetition 43
tcp_ping received 131072 bytes back
Round trip time was 22.8531 milliseconds in repetition 44
tcp_ping received 131072 bytes back
Round trip time was 22.9083 milliseconds in repetition 45
tcp_ping received 131072 bytes back
Round trip time was 23.0017 milliseconds in repetition 46
tcp_ping received 131072 bytes back
Round trip time was 22.8661 milliseconds in repetition 47
tcp_ping received 131072 bytes back
Round trip time was 22.9534 milliseconds in repetition 48
tcp_ping received 131072 bytes back
Round trip time was 22.9198 milliseconds in repetition 49
tcp_ping received 131072 bytes back
Round trip time was 22.8397 milliseconds in repetition 50
tcp_ping received 131072 bytes back
Round trip time was 23.0187 milliseconds in repetition 51
tcp_ping received 131072 bytes back
Round trip time was 22.9155 milliseconds in repetition 52
tcp_ping received 131072 bytes back
Round trip time was 22.8611 milliseconds in repetition 53
tcp_ping received 131072 bytes back
Round trip time was 22.8646 milliseconds in repetition 54
tcp_ping received 131072 bytes back
Round trip time was 22.9075 milliseconds in repetition 55
tcp_ping received 131072 bytes back
Round trip time was 22.9866 milliseconds in repetition 56
tcp_ping received 131072 bytes back
Round trip time was 22.9537 milliseconds in repetition 57
tcp_ping received 131072 bytes back
Round trip time was 22.82 milliseconds in repetition 58
tcp_ping received 131072 bytes back
Round trip time was 22.8519 milliseconds in repetition 59
tcp_ping received 131072 bytes back
Round trip time was 22.7976 milliseconds in repetition 60
tcp_ping received 131072 bytes back
Round trip time was 22.9685 milliseconds in repetition 61
tcp_ping received 131072 bytes back
Round trip time was 22.9717 milliseconds in repetition 62
tcp_ping received 131072 bytes back
Round trip time was 23.0154 milliseconds in repetition 63
tcp_ping received 131072 bytes back
Round trip time was 22.9652 milliseconds in repetition 64
tcp_ping received 131072 bytes back
Round trip time was 22.8819 milliseconds in repetition 65
tcp_ping received 131072 bytes back
Round trip time was 22.9032 milliseconds in repetition 66
tcp_ping received 131072 bytes back
Round trip time was 22.9768 milliseconds in repetition 67
tcp_ping received 131072 bytes back
Round trip time was 22.9268 milliseconds in repetition 68
tcp_ping received 131072 bytes back
Round trip time was 22.8567 milliseconds in repetition 69
tcp_ping received 131072 bytes back
Round trip time was 22.9167 milliseconds in repetition 70
tcp_ping received 131072 bytes back
Round trip time was 23.2087 milliseconds in repetition 71
tcp_ping received 131072 bytes back
Round trip time was 22.8827 milliseconds in repetition 72
tcp_ping received 131072 bytes back
Round trip time was 22.9268 milliseconds in repetition 73
tcp_ping received 131072 bytes back
Round trip time was 22.9549 milliseconds in repetition 74
tcp_ping received 131072 bytes back
Round trip time was 22.9013 milliseconds in repetition 75
tcp_ping received 131072 bytes back
Round trip time was 22.9456 milliseconds in repetition 76
tcp_ping received 131072 bytes back
Round trip time was 22.8852 milliseconds in repetition 77
tcp_ping received 131072 bytes back
Round trip time was 23.0335 milliseconds in repetition 78
tcp_ping received 131072 bytes back
Round trip time was 22.8467 milliseconds in repetition 79
tcp_ping received 131072 bytes back
Round trip time was 22.8064 milliseconds in repetition 80
tcp_ping received 131072 bytes back
Round trip time was 22.9615 milliseconds in repetition 81
tcp_ping received 131072 bytes back
Round trip time was 22.9631 milliseconds in repetition 82
tcp_ping received 131072 bytes back
Round trip time was 22.9072 milliseconds in repetition 83
tcp_ping received 131072 bytes back
Round trip time was 23.0096 milliseconds in repetition 84
tcp_ping received 131072 bytes back
Round trip time was 22.9321 milliseconds in repetition 85
tcp_ping received 131072 bytes back
Round trip time was 22.966 milliseconds in repetition 86
tcp_ping received 131072 bytes back
Round trip time was 22.9808 milliseconds in repetition 87
tcp_ping received 131072 bytes back
Round trip time was 23.0379 milliseconds in repetition 88
tcp_ping received 131072 bytes back
Round trip time was 23.026 milliseconds in repetition 89
tcp_ping received 131072 bytes back
Round trip time was 22.9562 milliseconds in repetition 90
tcp_ping received 131072 bytes back
Round trip time was 22.8895 milliseconds in repetition 91
tcp_ping received 131072 bytes back
Round trip time was 22.8969 milliseconds in repetition 92
tcp_ping received 131072 bytes back
Round trip time was 22.9199 milliseconds in repetition 93
tcp_ping received 131072 bytes back
Round trip time was 22.9245 milliseconds in repetition 94
tcp_ping received 131072 bytes back
Round trip time was 22.9033 milliseconds in repetition 95
tcp_ping received 131072 bytes back
Round trip time was 22.8785 milliseconds in repetition 96
tcp_ping received 131072 bytes back
Round trip time was 22.8998 milliseconds in repetition 97
tcp_ping received 131072 bytes back
Round trip time was 22.9943 milliseconds in repetition 98
tcp_ping received 131072 bytes back
Round trip time was 22.9451 milliseconds in repetition 99
tcp_ping received 131072 bytes back
Round trip time was 22.9489 milliseconds in repetition 100
tcp_ping received 131072 bytes back
Round trip time was 23.0231 milliseconds in repetition 101
tcp_ping received 131072 bytes back
Round trip time was 22.8825 milliseconds in repetition 102
tcp_ping received 131072 bytes back
Round trip time was 22.9136 milliseconds in repetition 103
tcp_ping received 131072 bytes back
Round trip time was 22.8886 milliseconds in repetition 104
tcp_ping received 131072 bytes back
Round trip time was 22.9544 milliseconds in repetition 105
tcp_ping received 131072 bytes back
Round trip time was 22.8031 milliseconds in repetition 106
tcp_ping received 131072 bytes back
Round trip time was 22.8393 milliseconds in repetition 107
tcp_ping received 131072 bytes back
Round trip time was 22.9409 milliseconds in repetition 108
tcp_ping received 131072 bytes back
Round trip time was 22.9345 milliseconds in repetition 109
tcp_ping received 131072 bytes back
Round trip time was 22.8973 milliseconds in repetition 110
tcp_ping received 131072 bytes back
Round trip time was 22.9306 milliseconds in repetition 111
tcp_ping received 131072 bytes back
Round trip time was 22.9832 milliseconds in repetition 112
tcp_ping received 131072 bytes back
Round trip time was 22.9023 milliseconds in repetition 113
tcp_ping received 131072 bytes back
Round trip time was 22.9168 milliseconds in repetition 114
tcp_ping received 131072 bytes back
Round trip time was 22.9177 milliseconds in repetition 115
tcp_ping received 131072 bytes back
Round trip time was 22.9127 milliseconds in repetition 116
tcp_ping received 131072 bytes back
Round trip time was 22.8609 milliseconds in repetition 117
tcp_ping received 131072 bytes back
Round trip time was 22.9376 milliseconds in repetition 118
tcp_ping received 131072 bytes back
Round trip time was 22.9393 milliseconds in repetition 119
tcp_ping received 131072 bytes back
Round trip time was 22.9337 milliseconds in repetition 120
tcp_ping received 131072 bytes back
Round trip time was 22.9389 milliseconds in repetition 121
tcp_ping received 131072 bytes back
Round trip time was 22.9473 milliseconds in repetition 122
tcp_ping received 131072 bytes back
Round trip time was 22.8519 milliseconds in repetition 123
tcp_ping received 131072 bytes back
Round trip time was 22.9578 milliseconds in repetition 124
tcp_ping received 131072 bytes back
Round trip time was 22.9252 milliseconds in repetition 125
tcp_ping received 131072 bytes back
Round trip time was 22.9474 milliseconds in repetition 126
tcp_ping received 131072 bytes back
Round trip time was 22.8825 milliseconds in repetition 127
tcp_ping received 131072 bytes back
Round trip time was 22.9581 milliseconds in repetition 128
tcp_ping received 131072 bytes back
Round trip time was 22.9604 milliseconds in repetition 129
tcp_ping received 131072 bytes back
Round trip time was 22.9932 milliseconds in repetition 130
tcp_ping received 131072 bytes back
Round trip time was 22.9601 milliseconds in repetition 131
tcp_ping received 131072 bytes back
Round trip time was 23.0917 milliseconds in repetition 132
tcp_ping received 131072 bytes back
Round trip time was 22.9062 milliseconds in repetition 133
tcp_ping received 131072 bytes back
Round trip time was 22.9036 milliseconds in repetition 134
tcp_ping received 131072 bytes back
Round trip time was 23.0086 milliseconds in repetition 135
tcp_ping received 131072 bytes back
Round trip time was 22.9732 milliseconds in repetition 136
tcp_ping received 131072 bytes back
Round trip time was 22.823 milliseconds in repetition 137
tcp_ping received 131072 bytes back
Round trip time was 22.9245 milliseconds in repetition 138
tcp_ping received 131072 bytes back
Round trip time was 23.0871 milliseconds in repetition 139
tcp_ping received 131072 bytes back
Round trip time was 23.0464 milliseconds in repetition 140
tcp_ping received 131072 bytes back
Round trip time was 22.9598 milliseconds in repetition 141
tcp_ping received 131072 bytes back
Round trip time was 23.0166 milliseconds in repetition 142
tcp_ping received 131072 bytes back
Round trip time was 23.0677 milliseconds in repetition 143
tcp_ping received 131072 bytes back
Round trip time was 22.9647 milliseconds in repetition 144
tcp_ping received 131072 bytes back
Round trip time was 22.8997 milliseconds in repetition 145
tcp_ping received 131072 bytes back
Round trip time was 22.8941 milliseconds in repetition 146
tcp_ping received 131072 bytes back
Round trip time was 22.9417 milliseconds in repetition 147
tcp_ping received 131072 bytes back
Round trip time was 22.8937 milliseconds in repetition 148
tcp_ping received 131072 bytes back
Round trip time was 22.9076 milliseconds in repetition 149
tcp_ping received 131072 bytes back
Round trip time was 23.0045 milliseconds in repetition 150
tcp_ping received 131072 bytes back
Round trip time was 23.0077 milliseconds in repetition 151
tcp_ping received 131072 bytes back
Round trip time was 22.8682 milliseconds in repetition 152
tcp_ping received 131072 bytes back
Round trip time was 22.9759 milliseconds in repetition 153
tcp_ping received 131072 bytes back
Round trip time was 22.8525 milliseconds in repetition 154
tcp_ping received 131072 bytes back
Round trip time was 22.9258 milliseconds in repetition 155
tcp_ping received 131072 bytes back
Round trip time was 22.9854 milliseconds in repetition 156
tcp_ping received 131072 bytes back
Round trip time was 22.9212 milliseconds in repetition 157
tcp_ping received 131072 bytes back
Round trip time was 22.8803 milliseconds in repetition 158
tcp_ping received 131072 bytes back
Round trip time was 22.9249 milliseconds in repetition 159
tcp_ping received 131072 bytes back
Round trip time was 22.9175 milliseconds in repetition 160
tcp_ping received 131072 bytes back
Round trip time was 22.8943 milliseconds in repetition 161
tcp_ping received 131072 bytes back
Round trip time was 22.8626 milliseconds in repetition 162
tcp_ping received 131072 bytes back
Round trip time was 22.8963 milliseconds in repetition 163
tcp_ping received 131072 bytes back
Round trip time was 22.8587 milliseconds in repetition 164
tcp_ping received 131072 bytes back
Round trip time was 22.9955 milliseconds in repetition 165
tcp_ping received 131072 bytes back
Round trip time was 23.0223 milliseconds in repetition 166
tcp_ping received 131072 bytes back
Round trip time was 22.8795 milliseconds in repetition 167
tcp_ping received 131072 bytes back
Round trip time was 22.8116 milliseconds in repetition 168
tcp_ping received 131072 bytes back
Round trip time was 22.9974 milliseconds in repetition 169
tcp_ping received 131072 bytes back
Round trip time was 22.8546 milliseconds in repetition 170
tcp_ping received 131072 bytes back
Round trip time was 22.9518 milliseconds in repetition 171
tcp_ping received 131072 bytes back
Round trip time was 22.9682 milliseconds in repetition 172
tcp_ping received 131072 bytes back
Round trip time was 22.9177 milliseconds in repetition 173
tcp_ping received 131072 bytes back
Round trip time was 22.9576 milliseconds in repetition 174
tcp_ping received 131072 bytes back
Round trip time was 22.8862 milliseconds in repetition 175
tcp_ping received 131072 bytes back
Round trip time was 23.0768 milliseconds in repetition 176
tcp_ping received 131072 bytes back
Round trip time was 23.0211 milliseconds in repetition 177
tcp_ping received 131072 bytes back
Round trip time was 22.9802 milliseconds in repetition 178
tcp_ping received 131072 bytes back
Round trip time was 22.8954 milliseconds in repetition 179
tcp_ping received 131072 bytes back
Round trip time was 23.0881 milliseconds in repetition 180
tcp_ping received 131072 bytes back
Round trip time was 23.0292 milliseconds in repetition 181
tcp_ping received 131072 bytes back
Round trip time was 22.7935 milliseconds in repetition 182
tcp_ping received 131072 bytes back
Round trip time was 22.7885 milliseconds in repetition 183
tcp_ping received 131072 bytes back
Round trip time was 22.8436 milliseconds in repetition 184
tcp_ping received 131072 bytes back
Round trip time was 22.9259 milliseconds in repetition 185
tcp_ping received 131072 bytes back
Round trip time was 22.8698 milliseconds in repetition 186
tcp_ping received 131072 bytes back
Round trip time was 22.8717 milliseconds in repetition 187
tcp_ping received 131072 bytes back
Round trip time was 22.8856 milliseconds in repetition 188
tcp_ping received 131072 bytes back
Round trip time was 22.9833 milliseconds in repetition 189
tcp_ping received 131072 bytes back
Round trip time was 22.8708 milliseconds in repetition 190
tcp_ping received 131072 bytes back
Round trip time was 22.8267 milliseconds in repetition 191
tcp_ping received 131072 bytes back
Round trip time was 22.9297 milliseconds in repetition 192
tcp_ping received 131072 bytes back
Round trip time was 22.8385 milliseconds in repetition 193
tcp_ping received 131072 bytes back
Round trip time was 22.8362 milliseconds in repetition 194
tcp_ping received 131072 bytes back
Round trip time was 22.7757 milliseconds in repetition 195
tcp_ping received 131072 bytes back
Round trip time was 22.8334 milliseconds in repetition 196
tcp_ping received 131072 bytes back
Round trip time was 22.8556 milliseconds in repetition 197
tcp_ping received 131072 bytes back
Round trip time was 22.8484 milliseconds in repetition 198
tcp_ping received 131072 bytes back
Round trip time was 22.8417 milliseconds in repetition 199
tcp_ping received 131072 bytes back
Round trip time was 22.8237 milliseconds in repetition 200
tcp_ping received 131072 bytes back
Round trip time was 22.8853 milliseconds in repetition 201
tcp_ping received 131072 bytes back
Round trip time was 22.9409 milliseconds in repetition 202
tcp_ping received 131072 bytes back
Round trip time was 22.7902 milliseconds in repetition 203
tcp_ping received 131072 bytes back
Round trip time was 22.9009 milliseconds in repetition 204
tcp_ping received 131072 bytes back
Round trip time was 22.7902 milliseconds in repetition 205
tcp_ping received 131072 bytes back
Round trip time was 22.811 milliseconds in repetition 206
tcp_ping received 131072 bytes back
Round trip time was 22.832 milliseconds in repetition 207
tcp_ping received 131072 bytes back
Round trip time was 22.8413 milliseconds in repetition 208
tcp_ping received 131072 bytes back
Round trip time was 22.7968 milliseconds in repetition 209
tcp_ping received 131072 bytes back
Round trip time was 22.9132 milliseconds in repetition 210
tcp_ping received 131072 bytes back
Round trip time was 22.8668 milliseconds in repetition 211
tcp_ping received 131072 bytes back
Round trip time was 22.8418 milliseconds in repetition 212
tcp_ping received 131072 bytes back
Round trip time was 22.8237 milliseconds in repetition 213
tcp_ping received 131072 bytes back
Round trip time was 22.8701 milliseconds in repetition 214
tcp_ping received 131072 bytes back
Round trip time was 22.8352 milliseconds in repetition 215
tcp_ping received 131072 bytes back
Round trip time was 22.813 milliseconds in repetition 216
tcp_ping received 131072 bytes back
Round trip time was 22.8723 milliseconds in repetition 217
tcp_ping received 131072 bytes back
Round trip time was 22.8384 milliseconds in repetition 218
tcp_ping received 131072 bytes back
Round trip time was 23.0353 milliseconds in repetition 219
tcp_ping received 131072 bytes back
Round trip time was 22.8558 milliseconds in repetition 220
tcp_ping received 131072 bytes back
Round trip time was 22.7588 milliseconds in repetition 221
tcp_ping received 131072 bytes back
Round trip time was 23.0539 milliseconds in repetition 222
tcp_ping received 131072 bytes back
Round trip time was 22.7887 milliseconds in repetition 223
tcp_ping received 131072 bytes back
Round trip time was 22.8324 milliseconds in repetition 224
tcp_ping received 131072 bytes back
Round trip time was 22.8996 milliseconds in repetition 225
tcp_ping received 131072 bytes back
Round trip time was 22.786 milliseconds in repetition 226
tcp_ping received 131072 bytes back
Round trip time was 22.8877 milliseconds in repetition 227
tcp_ping received 131072 bytes back
Round trip time was 23.0325 milliseconds in repetition 228
tcp_ping received 131072 bytes back
Round trip time was 22.9052 milliseconds in repetition 229
tcp_ping received 131072 bytes back
Round trip time was 22.881 milliseconds in repetition 230
tcp_ping received 131072 bytes back
Round trip time was 22.8861 milliseconds in repetition 231
tcp_ping received 131072 bytes back
Round trip time was 22.8613 milliseconds in repetition 232
tcp_ping received 131072 bytes back
Round trip time was 22.8833 milliseconds in repetition 233
tcp_ping received 131072 bytes back
Round trip time was 22.8294 milliseconds in repetition 234
tcp_ping received 131072 bytes back
Round trip time was 22.9208 milliseconds in repetition 235
tcp_ping received 131072 bytes back
Round trip time was 22.7829 milliseconds in repetition 236
tcp_ping received 131072 bytes back
Round trip time was 22.8877 milliseconds in repetition 237
tcp_ping received 131072 bytes back
Round trip time was 22.863 milliseconds in repetition 238
tcp_ping received 131072 bytes back
Round trip time was 22.8274 milliseconds in repetition 239
tcp_ping received 131072 bytes back
Round trip time was 22.8507 milliseconds in repetition 240
tcp_ping received 131072 bytes back
Round trip time was 22.8811 milliseconds in repetition 241
tcp_ping received 131072 bytes back
Round trip time was 22.835 milliseconds in repetition 242
tcp_ping received 131072 bytes back
Round trip time was 22.9207 milliseconds in repetition 243
tcp_ping received 131072 bytes back
Round trip time was 22.847 milliseconds in repetition 244
tcp_ping received 131072 bytes back
Round trip time was 22.9017 milliseconds in repetition 245
tcp_ping received 131072 bytes back
Round trip time was 22.7698 milliseconds in repetition 246
tcp_ping received 131072 bytes back
Round trip time was 22.9113 milliseconds in repetition 247
tcp_ping received 131072 bytes back
Round trip time was 22.8333 milliseconds in repetition 248
tcp_ping received 131072 bytes back
Round trip time was 22.8535 milliseconds in repetition 249
tcp_ping received 131072 bytes back
Round trip time was 22.8562 milliseconds in repetition 250
tcp_ping received 131072 bytes back
Round trip time was 22.7979 milliseconds in repetition 251
tcp_ping received 131072 bytes back
Round trip time was 22.861 milliseconds in repetition 252
tcp_ping received 131072 bytes back
Round trip time was 22.9195 milliseconds in repetition 253
tcp_ping received 131072 bytes back
Round trip time was 22.8747 milliseconds in repetition 254
tcp_ping received 131072 bytes back
Round trip time was 22.8552 milliseconds in repetition 255
tcp_ping received 131072 bytes back
Round trip time was 22.8548 milliseconds in repetition 256
tcp_ping received 131072 bytes back
Round trip time was 22.8294 milliseconds in repetition 257
tcp_ping received 131072 bytes back
Round trip time was 22.8986 milliseconds in repetition 258
tcp_ping received 131072 bytes back
Round trip time was 22.8811 milliseconds in repetition 259
tcp_ping received 131072 bytes back
Round trip time was 22.9308 milliseconds in repetition 260
tcp_ping received 131072 bytes back
Round trip time was 22.7622 milliseconds in repetition 261
tcp_ping received 131072 bytes back
Round trip time was 22.8843 milliseconds in repetition 262
tcp_ping received 131072 bytes back
Round trip time was 22.8547 milliseconds in repetition 263
tcp_ping received 131072 bytes back
Round trip time was 22.846 milliseconds in repetition 264
tcp_ping received 131072 bytes back
Round trip time was 22.87 milliseconds in repetition 265
tcp_ping received 131072 bytes back
Round trip time was 22.9297 milliseconds in repetition 266
tcp_ping received 131072 bytes back
Round trip time was 34.8588 milliseconds in repetition 267
tcp_ping received 131072 bytes back
Round trip time was 22.8713 milliseconds in repetition 268
tcp_ping received 131072 bytes back
Round trip time was 22.9034 milliseconds in repetition 269
tcp_ping received 131072 bytes back
Round trip time was 22.8066 milliseconds in repetition 270
tcp_ping received 131072 bytes back
Round trip time was 22.7997 milliseconds in repetition 271
tcp_ping received 131072 bytes back
Round trip time was 22.7964 milliseconds in repetition 272
tcp_ping received 131072 bytes back
Round trip time was 22.7697 milliseconds in repetition 273
tcp_ping received 131072 bytes back
Round trip time was 22.8151 milliseconds in repetition 274
tcp_ping received 131072 bytes back
Round trip time was 22.8312 milliseconds in repetition 275
tcp_ping received 131072 bytes back
Round trip time was 22.8524 milliseconds in repetition 276
tcp_ping received 131072 bytes back
Round trip time was 22.8651 milliseconds in repetition 277
tcp_ping received 131072 bytes back
Round trip time was 22.8746 milliseconds in repetition 278
tcp_ping received 131072 bytes back
Round trip time was 22.8453 milliseconds in repetition 279
tcp_ping received 131072 bytes back
Round trip time was 22.8833 milliseconds in repetition 280
tcp_ping received 131072 bytes back
Round trip time was 22.893 milliseconds in repetition 281
tcp_ping received 131072 bytes back
Round trip time was 22.8332 milliseconds in repetition 282
tcp_ping received 131072 bytes back
Round trip time was 22.8324 milliseconds in repetition 283
tcp_ping received 131072 bytes back
Round trip time was 22.8961 milliseconds in repetition 284
tcp_ping received 131072 bytes back
Round trip time was 22.7913 milliseconds in repetition 285
tcp_ping received 131072 bytes back
Round trip time was 22.8997 milliseconds in repetition 286
tcp_ping received 131072 bytes back
Round trip time was 22.8658 milliseconds in repetition 287
tcp_ping received 131072 bytes back
Round trip time was 22.8383 milliseconds in repetition 288
tcp_ping received 131072 bytes back
Round trip time was 22.8347 milliseconds in repetition 289
tcp_ping received 131072 bytes back
Round trip time was 22.8688 milliseconds in repetition 290
tcp_ping received 131072 bytes back
Round trip time was 22.8304 milliseconds in repetition 291
tcp_ping received 131072 bytes back
Round trip time was 22.923 milliseconds in repetition 292
tcp_ping received 131072 bytes back
Round trip time was 22.9173 milliseconds in repetition 293
tcp_ping received 131072 bytes back
Round trip time was 22.9291 milliseconds in repetition 294
tcp_ping received 131072 bytes back
Round trip time was 22.7666 milliseconds in repetition 295
tcp_ping received 131072 bytes back
Round trip time was 22.897 milliseconds in repetition 296
tcp_ping received 131072 bytes back
Round trip time was 22.8811 milliseconds in repetition 297
tcp_ping received 131072 bytes back
Round trip time was 22.8193 milliseconds in repetition 298
tcp_ping received 131072 bytes back
Round trip time was 22.9187 milliseconds in repetition 299
tcp_ping received 131072 bytes back
Round trip time was 22.8679 milliseconds in repetition 300
tcp_ping received 131072 bytes back
Round trip time was 22.8544 milliseconds in repetition 301
tcp_ping received 131072 bytes back
Round trip time was 22.7998 milliseconds in repetition 302
tcp_ping received 131072 bytes back
Round trip time was 22.8155 milliseconds in repetition 303
tcp_ping received 131072 bytes back
Round trip time was 22.8949 milliseconds in repetition 304
tcp_ping received 131072 bytes back
Round trip time was 22.8496 milliseconds in repetition 305
tcp_ping received 131072 bytes back
Round trip time was 22.8354 milliseconds in repetition 306
tcp_ping received 131072 bytes back
Round trip time was 22.872 milliseconds in repetition 307
tcp_ping received 131072 bytes back
Round trip time was 22.8743 milliseconds in repetition 308
tcp_ping received 131072 bytes back
Round trip time was 22.8676 milliseconds in repetition 309
tcp_ping received 131072 bytes back
Round trip time was 22.7779 milliseconds in repetition 310
tcp_ping received 131072 bytes back
Round trip time was 22.95 milliseconds in repetition 311
tcp_ping received 131072 bytes back
Round trip time was 23.1557 milliseconds in repetition 312
tcp_ping received 131072 bytes back
Round trip time was 22.8871 milliseconds in repetition 313
tcp_ping received 131072 bytes back
Round trip time was 22.8943 milliseconds in repetition 314
tcp_ping received 131072 bytes back
Round trip time was 23.0183 milliseconds in repetition 315
tcp_ping received 131072 bytes back
Round trip time was 22.8988 milliseconds in repetition 316
tcp_ping received 131072 bytes back
Round trip time was 22.9357 milliseconds in repetition 317
tcp_ping received 131072 bytes back
Round trip time was 22.9059 milliseconds in repetition 318
tcp_ping received 131072 bytes back
Round trip time was 22.909 milliseconds in repetition 319
tcp_ping received 131072 bytes back
Round trip time was 22.9576 milliseconds in repetition 320
tcp_ping received 131072 bytes back
Round trip time was 23.0512 milliseconds in repetition 321
tcp_ping received 131072 bytes back
Round trip time was 23.0194 milliseconds in repetition 322
tcp_ping received 131072 bytes back
Round trip time was 22.8724 milliseconds in repetition 323
tcp_ping received 131072 bytes back
Round trip time was 22.9078 milliseconds in repetition 324
tcp_ping received 131072 bytes back
Round trip time was 22.8691 milliseconds in repetition 325
tcp_ping received 131072 bytes back
Round trip time was 22.8752 milliseconds in repetition 326
tcp_ping received 131072 bytes back
Round trip time was 22.85 milliseconds in repetition 327
tcp_ping received 131072 bytes back
Round trip time was 22.8646 milliseconds in repetition 328
tcp_ping received 131072 bytes back
Round trip time was 22.9172 milliseconds in repetition 329
tcp_ping received 131072 bytes back
Round trip time was 22.9293 milliseconds in repetition 330
tcp_ping received 131072 bytes back
Round trip time was 22.895 milliseconds in repetition 331
tcp_ping received 131072 bytes back
Round trip time was 22.9178 milliseconds in repetition 332
tcp_ping received 131072 bytes back
Round trip time was 22.9086 milliseconds in repetition 333
tcp_ping received 131072 bytes back
Round trip time was 22.935 milliseconds in repetition 334
tcp_ping received 131072 bytes back
Round trip time was 22.9918 milliseconds in repetition 335
tcp_ping received 131072 bytes back
Round trip time was 22.8941 milliseconds in repetition 336
tcp_ping received 131072 bytes back
Round trip time was 22.9247 milliseconds in repetition 337
tcp_ping received 131072 bytes back
Round trip time was 22.969 milliseconds in repetition 338
tcp_ping received 131072 bytes back
Round trip time was 22.8611 milliseconds in repetition 339
tcp_ping received 131072 bytes back
Round trip time was 22.9011 milliseconds in repetition 340
tcp_ping received 131072 bytes back
Round trip time was 22.9631 milliseconds in repetition 341
tcp_ping received 131072 bytes back
Round trip time was 22.9597 milliseconds in repetition 342
tcp_ping received 131072 bytes back
Round trip time was 22.9643 milliseconds in repetition 343
tcp_ping received 131072 bytes back
Round trip time was 22.8448 milliseconds in repetition 344
tcp_ping received 131072 bytes back
Round trip time was 22.8214 milliseconds in repetition 345
tcp_ping received 131072 bytes back
Round trip time was 22.889 milliseconds in repetition 346
tcp_ping received 131072 bytes back
Round trip time was 22.8678 milliseconds in repetition 347
tcp_ping received 131072 bytes back
Round trip time was 23.0225 milliseconds in repetition 348
tcp_ping received 131072 bytes back
Round trip time was 22.7949 milliseconds in repetition 349
tcp_ping received 131072 bytes back
Round trip time was 22.8688 milliseconds in repetition 350
tcp_ping received 131072 bytes back
Round trip time was 22.8345 milliseconds in repetition 351
tcp_ping received 131072 bytes back
Round trip time was 22.8833 milliseconds in repetition 352
tcp_ping received 131072 bytes back
Round trip time was 23.0114 milliseconds in repetition 353
tcp_ping received 131072 bytes back
Round trip time was 23.0126 milliseconds in repetition 354
tcp_ping received 131072 bytes back
Round trip time was 22.8721 milliseconds in repetition 355
tcp_ping received 131072 bytes back
Round trip time was 22.8354 milliseconds in repetition 356
tcp_ping received 131072 bytes back
Round trip time was 22.9392 milliseconds in repetition 357
tcp_ping received 131072 bytes back
Round trip time was 22.9765 milliseconds in repetition 358
tcp_ping received 131072 bytes back
Round trip time was 23.05 milliseconds in repetition 359
tcp_ping received 131072 bytes back
Round trip time was 22.8941 milliseconds in repetition 360
tcp_ping received 131072 bytes back
Round trip time was 22.8796 milliseconds in repetition 361
tcp_ping received 131072 bytes back
Round trip time was 23.0199 milliseconds in repetition 362
tcp_ping received 131072 bytes back
Round trip time was 22.9077 milliseconds in repetition 363
tcp_ping received 131072 bytes back
Round trip time was 22.8854 milliseconds in repetition 364
tcp_ping received 131072 bytes back
Round trip time was 22.9374 milliseconds in repetition 365
tcp_ping received 131072 bytes back
Round trip time was 22.8515 milliseconds in repetition 366
tcp_ping received 131072 bytes back
Round trip time was 22.9332 milliseconds in repetition 367
tcp_ping received 131072 bytes back
Round trip time was 22.8982 milliseconds in repetition 368
tcp_ping received 131072 bytes back
Round trip time was 22.8983 milliseconds in repetition 369
tcp_ping received 131072 bytes back
Round trip time was 22.8248 milliseconds in repetition 370
tcp_ping received 131072 bytes back
Round trip time was 22.8901 milliseconds in repetition 371
tcp_ping received 131072 bytes back
Round trip time was 22.9393 milliseconds in repetition 372
tcp_ping received 131072 bytes back
Round trip time was 22.9775 milliseconds in repetition 373
tcp_ping received 131072 bytes back
Round trip time was 22.9525 milliseconds in repetition 374
tcp_ping received 131072 bytes back
Round trip time was 22.8616 milliseconds in repetition 375
tcp_ping received 131072 bytes back
Round trip time was 22.9059 milliseconds in repetition 376
tcp_ping received 131072 bytes back
Round trip time was 22.9663 milliseconds in repetition 377
tcp_ping received 131072 bytes back
Round trip time was 22.8755 milliseconds in repetition 378
tcp_ping received 131072 bytes back
Round trip time was 22.9276 milliseconds in repetition 379
tcp_ping received 131072 bytes back
Round trip time was 22.9645 milliseconds in repetition 380
tcp_ping received 131072 bytes back
Round trip time was 22.9781 milliseconds in repetition 381
tcp_ping received 131072 bytes back
Round trip time was 22.8943 milliseconds in repetition 382
tcp_ping received 131072 bytes back
Round trip time was 23.0113 milliseconds in repetition 383
tcp_ping received 131072 bytes back
Round trip time was 22.965 milliseconds in repetition 384
tcp_ping received 131072 bytes back
Round trip time was 22.8669 milliseconds in repetition 385
tcp_ping received 131072 bytes back
Round trip time was 22.9298 milliseconds in repetition 386
tcp_ping received 131072 bytes back
Round trip time was 22.9446 milliseconds in repetition 387
tcp_ping received 131072 bytes back
Round trip time was 22.9397 milliseconds in repetition 388
tcp_ping received 131072 bytes back
Round trip time was 22.8338 milliseconds in repetition 389
tcp_ping received 131072 bytes back
Round trip time was 23.0842 milliseconds in repetition 390
tcp_ping received 131072 bytes back
Round trip time was 22.9836 milliseconds in repetition 391
tcp_ping received 131072 bytes back
Round trip time was 23.0171 milliseconds in repetition 392
tcp_ping received 131072 bytes back
Round trip time was 22.9946 milliseconds in repetition 393
tcp_ping received 131072 bytes back
Round trip time was 22.9589 milliseconds in repetition 394
tcp_ping received 131072 bytes back
Round trip time was 22.9433 milliseconds in repetition 395
tcp_ping received 131072 bytes back
Round trip time was 23.0637 milliseconds in repetition 396
tcp_ping received 131072 bytes back
Round trip time was 23.0636 milliseconds in repetition 397
tcp_ping received 131072 bytes back
Round trip time was 22.9583 milliseconds in repetition 398
tcp_ping received 131072 bytes back
Round trip time was 22.993 milliseconds in repetition 399
tcp_ping received 131072 bytes back
Round trip time was 23.1664 milliseconds in repetition 400
tcp_ping received 131072 bytes back
Round trip time was 24.3784 milliseconds in repetition 401
tcp_ping received 131072 bytes back
Round trip time was 23.156 milliseconds in repetition 402
tcp_ping received 131072 bytes back
Round trip time was 23.1376 milliseconds in repetition 403
tcp_ping received 131072 bytes back
Round trip time was 23.0197 milliseconds in repetition 404
tcp_ping received 131072 bytes back
Round trip time was 23.0341 milliseconds in repetition 405
tcp_ping received 131072 bytes back
Round trip time was 23.0482 milliseconds in repetition 406
tcp_ping received 131072 bytes back
Round trip time was 23.1327 milliseconds in repetition 407
tcp_ping received 131072 bytes back
Round trip time was 23.0297 milliseconds in repetition 408
tcp_ping received 131072 bytes back
Round trip time was 22.9871 milliseconds in repetition 409
tcp_ping received 131072 bytes back
Round trip time was 23.0795 milliseconds in repetition 410
tcp_ping received 131072 bytes back
Round trip time was 23.0722 milliseconds in repetition 411
tcp_ping received 131072 bytes back
Round trip time was 23.0907 milliseconds in repetition 412
tcp_ping received 131072 bytes back
Round trip time was 22.8865 milliseconds in repetition 413
tcp_ping received 131072 bytes back
Round trip time was 22.9509 milliseconds in repetition 414
tcp_ping received 131072 bytes back
Round trip time was 22.9732 milliseconds in repetition 415
tcp_ping received 131072 bytes back
Round trip time was 22.8428 milliseconds in repetition 416
tcp_ping received 131072 bytes back
Round trip time was 22.9269 milliseconds in repetition 417
tcp_ping received 131072 bytes back
Round trip time was 22.8641 milliseconds in repetition 418
tcp_ping received 131072 bytes back
Round trip time was 22.8757 milliseconds in repetition 419
tcp_ping received 131072 bytes back
Round trip time was 22.8443 milliseconds in repetition 420
tcp_ping received 131072 bytes back
Round trip time was 22.9673 milliseconds in repetition 421
tcp_ping received 131072 bytes back
Round trip time was 22.8492 milliseconds in repetition 422
tcp_ping received 131072 bytes back
Round trip time was 22.9506 milliseconds in repetition 423
tcp_ping received 131072 bytes back
Round trip time was 22.9562 milliseconds in repetition 424
tcp_ping received 131072 bytes back
Round trip time was 22.9692 milliseconds in repetition 425
tcp_ping received 131072 bytes back
Round trip time was 22.8826 milliseconds in repetition 426
tcp_ping received 131072 bytes back
Round trip time was 22.9454 milliseconds in repetition 427
tcp_ping received 131072 bytes back
Round trip time was 22.8672 milliseconds in repetition 428
tcp_ping received 131072 bytes back
Round trip time was 23.1151 milliseconds in repetition 429
tcp_ping received 131072 bytes back
Round trip time was 22.9393 milliseconds in repetition 430
tcp_ping received 131072 bytes back
Round trip time was 23.0013 milliseconds in repetition 431
tcp_ping received 131072 bytes back
Round trip time was 22.9704 milliseconds in repetition 432
tcp_ping received 131072 bytes back
Round trip time was 23.0021 milliseconds in repetition 433
tcp_ping received 131072 bytes back
Round trip time was 22.9529 milliseconds in repetition 434
tcp_ping received 131072 bytes back
Round trip time was 22.9149 milliseconds in repetition 435
tcp_ping received 131072 bytes back
Round trip time was 22.8193 milliseconds in repetition 436
tcp_ping received 131072 bytes back
Round trip time was 22.9273 milliseconds in repetition 437
tcp_ping received 131072 bytes back
Round trip time was 22.9022 milliseconds in repetition 438
tcp_ping received 131072 bytes back
Round trip time was 22.8791 milliseconds in repetition 439
tcp_ping received 131072 bytes back
Round trip time was 22.8546 milliseconds in repetition 440
tcp_ping received 131072 bytes back
Round trip time was 22.9101 milliseconds in repetition 441
tcp_ping received 131072 bytes back
Round trip time was 22.8647 milliseconds in repetition 442
tcp_ping received 131072 bytes back
Round trip time was 22.9644 milliseconds in repetition 443
tcp_ping received 131072 bytes back
Round trip time was 22.9761 milliseconds in repetition 444
tcp_ping received 131072 bytes back
Round trip time was 23.0388 milliseconds in repetition 445
tcp_ping received 131072 bytes back
Round trip time was 22.9594 milliseconds in repetition 446
tcp_ping received 131072 bytes back
Round trip time was 22.9139 milliseconds in repetition 447
tcp_ping received 131072 bytes back
Round trip time was 22.9847 milliseconds in repetition 448
tcp_ping received 131072 bytes back
Round trip time was 22.9026 milliseconds in repetition 449
tcp_ping received 131072 bytes back
Round trip time was 23.0229 milliseconds in repetition 450
tcp_ping received 131072 bytes back
Round trip time was 22.8856 milliseconds in repetition 451
tcp_ping received 131072 bytes back
Round trip time was 22.9837 milliseconds in repetition 452
tcp_ping received 131072 bytes back
Round trip time was 22.9725 milliseconds in repetition 453
tcp_ping received 131072 bytes back
Round trip time was 22.898 milliseconds in repetition 454
tcp_ping received 131072 bytes back
Round trip time was 23.0572 milliseconds in repetition 455
tcp_ping received 131072 bytes back
Round trip time was 23.9584 milliseconds in repetition 456
tcp_ping received 131072 bytes back
Round trip time was 22.8949 milliseconds in repetition 457
tcp_ping received 131072 bytes back
Round trip time was 22.8472 milliseconds in repetition 458
tcp_ping received 131072 bytes back
Round trip time was 22.8537 milliseconds in repetition 459
tcp_ping received 131072 bytes back
Round trip time was 23.0014 milliseconds in repetition 460
tcp_ping received 131072 bytes back
Round trip time was 22.917 milliseconds in repetition 461
tcp_ping received 131072 bytes back
Round trip time was 22.9454 milliseconds in repetition 462
tcp_ping received 131072 bytes back
Round trip time was 22.9106 milliseconds in repetition 463
tcp_ping received 131072 bytes back
Round trip time was 22.8239 milliseconds in repetition 464
tcp_ping received 131072 bytes back
Round trip time was 22.8056 milliseconds in repetition 465
tcp_ping received 131072 bytes back
Round trip time was 23.0157 milliseconds in repetition 466
tcp_ping received 131072 bytes back
Round trip time was 23.0043 milliseconds in repetition 467
tcp_ping received 131072 bytes back
Round trip time was 23.0356 milliseconds in repetition 468
tcp_ping received 131072 bytes back
Round trip time was 22.9319 milliseconds in repetition 469
tcp_ping received 131072 bytes back
Round trip time was 22.9524 milliseconds in repetition 470
tcp_ping received 131072 bytes back
Round trip time was 22.9441 milliseconds in repetition 471
tcp_ping received 131072 bytes back
Round trip time was 22.8907 milliseconds in repetition 472
tcp_ping received 131072 bytes back
Round trip time was 22.949 milliseconds in repetition 473
tcp_ping received 131072 bytes back
Round trip time was 23.0328 milliseconds in repetition 474
tcp_ping received 131072 bytes back
Round trip time was 22.9057 milliseconds in repetition 475
tcp_ping received 131072 bytes back
Round trip time was 22.9354 milliseconds in repetition 476
tcp_ping received 131072 bytes back
Round trip time was 23.0262 milliseconds in repetition 477
tcp_ping received 131072 bytes back
Round trip time was 22.8435 milliseconds in repetition 478
tcp_ping received 131072 bytes back
Round trip time was 22.8693 milliseconds in repetition 479
tcp_ping received 131072 bytes back
Round trip time was 23.0929 milliseconds in repetition 480
tcp_ping received 131072 bytes back
Round trip time was 22.829 milliseconds in repetition 481
tcp_ping received 131072 bytes back
Round trip time was 22.84 milliseconds in repetition 482
tcp_ping received 131072 bytes back
Round trip time was 22.9077 milliseconds in repetition 483
tcp_ping received 131072 bytes back
Round trip time was 22.9699 milliseconds in repetition 484
tcp_ping received 131072 bytes back
Round trip time was 22.9163 milliseconds in repetition 485
tcp_ping received 131072 bytes back
Round trip time was 22.9157 milliseconds in repetition 486
tcp_ping received 131072 bytes back
Round trip time was 23.0294 milliseconds in repetition 487
tcp_ping received 131072 bytes back
Round trip time was 22.9362 milliseconds in repetition 488
tcp_ping received 131072 bytes back
Round trip time was 22.9107 milliseconds in repetition 489
tcp_ping received 131072 bytes back
Round trip time was 25.6929 milliseconds in repetition 490
tcp_ping received 131072 bytes back
Round trip time was 23.1235 milliseconds in repetition 491
tcp_ping received 131072 bytes back
Round trip time was 23.1375 milliseconds in repetition 492
tcp_ping received 131072 bytes back
Round trip time was 22.8924 milliseconds in repetition 493
tcp_ping received 131072 bytes back
Round trip time was 23.1253 milliseconds in repetition 494
tcp_ping received 131072 bytes back
Round trip time was 22.8613 milliseconds in repetition 495
tcp_ping received 131072 bytes back
Round trip time was 22.8159 milliseconds in repetition 496
tcp_ping received 131072 bytes back
Round trip time was 23.0258 milliseconds in repetition 497
tcp_ping received 131072 bytes back
Round trip time was 22.9756 milliseconds in repetition 498
tcp_ping received 131072 bytes back
Round trip time was 22.9224 milliseconds in repetition 499
tcp_ping received 131072 bytes back
Round trip time was 22.882 milliseconds in repetition 500
tcp_ping received 131072 bytes back
Round trip time was 22.9209 milliseconds in repetition 501

 ... clock resolution was 1e-06
TCP Ping:  Statistics over 501 repetitions of 131072 byte messages

RTT : percentile 10: 22.832, median: 22.9139, percentile 90: 23.0356, average: 22.9585, variance: 0.312081

RTT histogram:
   overall Throughput : 11418.2 KB/s

