TCP Ping trying to connect to server 192.168.1.110 (192.168.1.110) on port 1491
 ... connected to Pong server: asking for 501 repetitions of 512 bytes TCP messages
 ... Pong server agreed :-)
tcp_ping received 512 bytes back
Round trip time was 0.879116 milliseconds in repetition 1
tcp_ping received 512 bytes back
Round trip time was 2.26693 milliseconds in repetition 2
tcp_ping received 512 bytes back
Round trip time was 1.48222 milliseconds in repetition 3
tcp_ping received 512 bytes back
Round trip time was 2.31345 milliseconds in repetition 4
tcp_ping received 512 bytes back
Round trip time was 1.75643 milliseconds in repetition 5
tcp_ping received 512 bytes back
Round trip time was 2.43933 milliseconds in repetition 6
tcp_ping received 512 bytes back
Round trip time was 1.83192 milliseconds in repetition 7
tcp_ping received 512 bytes back
Round trip time was 2.14226 milliseconds in repetition 8
tcp_ping received 512 bytes back
Round trip time was 1.64262 milliseconds in repetition 9
tcp_ping received 512 bytes back
Round trip time was 2.41769 milliseconds in repetition 10
tcp_ping received 512 bytes back
Round trip time was 1.52685 milliseconds in repetition 11
tcp_ping received 512 bytes back
Round trip time was 2.3799 milliseconds in repetition 12
tcp_ping received 512 bytes back
Round trip time was 1.49911 milliseconds in repetition 13
tcp_ping received 512 bytes back
Round trip time was 2.39215 milliseconds in repetition 14
tcp_ping received 512 bytes back
Round trip time was 1.66914 milliseconds in repetition 15
tcp_ping received 512 bytes back
Round trip time was 2.15209 milliseconds in repetition 16
tcp_ping received 512 bytes back
Round trip time was 1.93119 milliseconds in repetition 17
tcp_ping received 512 bytes back
Round trip time was 2.20806 milliseconds in repetition 18
tcp_ping received 512 bytes back
Round trip time was 1.59295 milliseconds in repetition 19
tcp_ping received 512 bytes back
Round trip time was 2.14032 milliseconds in repetition 20
tcp_ping received 512 bytes back
Round trip time was 1.91254 milliseconds in repetition 21
tcp_ping received 512 bytes back
Round trip time was 2.16137 milliseconds in repetition 22
tcp_ping received 512 bytes back
Round trip time was 1.64952 milliseconds in repetition 23
tcp_ping received 512 bytes back
Round trip time was 1.94957 milliseconds in repetition 24
tcp_ping received 512 bytes back
Round trip time was 2.17361 milliseconds in repetition 25
tcp_ping received 512 bytes back
Round trip time was 2.23316 milliseconds in repetition 26
tcp_ping received 512 bytes back
Round trip time was 1.54321 milliseconds in repetition 27
tcp_ping received 512 bytes back
Round trip time was 2.29358 milliseconds in repetition 28
tcp_ping received 512 bytes back
Round trip time was 1.72705 milliseconds in repetition 29
tcp_ping received 512 bytes back
Round trip time was 2.0727 milliseconds in repetition 30
tcp_ping received 512 bytes back
Round trip time was 1.80795 milliseconds in repetition 31
tcp_ping received 512 bytes back
Round trip time was 2.25577 milliseconds in repetition 32
tcp_ping received 512 bytes back
Round trip time was 1.6575 milliseconds in repetition 33
tcp_ping received 512 bytes back
Round trip time was 2.1146 milliseconds in repetition 34
tcp_ping received 512 bytes back
Round trip time was 1.96447 milliseconds in repetition 35
tcp_ping received 512 bytes back
Round trip time was 2.05653 milliseconds in repetition 36
tcp_ping received 512 bytes back
Round trip time was 2.08403 milliseconds in repetition 37
tcp_ping received 512 bytes back
Round trip time was 2.18797 milliseconds in repetition 38
tcp_ping received 512 bytes back
Round trip time was 2.37931 milliseconds in repetition 39
tcp_ping received 512 bytes back
Round trip time was 2.14912 milliseconds in repetition 40
tcp_ping received 512 bytes back
Round trip time was 0.89455 milliseconds in repetition 41
tcp_ping received 512 bytes back
Round trip time was 2.33589 milliseconds in repetition 42
tcp_ping received 512 bytes back
Round trip time was 2.39549 milliseconds in repetition 43
tcp_ping received 512 bytes back
Round trip time was 2.28011 milliseconds in repetition 44
tcp_ping received 512 bytes back
Round trip time was 2.39832 milliseconds in repetition 45
tcp_ping received 512 bytes back
Round trip time was 2.57968 milliseconds in repetition 46
tcp_ping received 512 bytes back
Round trip time was 2.20909 milliseconds in repetition 47
tcp_ping received 512 bytes back
Round trip time was 1.73718 milliseconds in repetition 48
tcp_ping received 512 bytes back
Round trip time was 2.371 milliseconds in repetition 49
tcp_ping received 512 bytes back
Round trip time was 1.7033 milliseconds in repetition 50
tcp_ping received 512 bytes back
Round trip time was 2.10332 milliseconds in repetition 51
tcp_ping received 512 bytes back
Round trip time was 2.5282 milliseconds in repetition 52
tcp_ping received 512 bytes back
Round trip time was 1.5624 milliseconds in repetition 53
tcp_ping received 512 bytes back
Round trip time was 2.35962 milliseconds in repetition 54
tcp_ping received 512 bytes back
Round trip time was 2.42847 milliseconds in repetition 55
tcp_ping received 512 bytes back
Round trip time was 2.20024 milliseconds in repetition 56
tcp_ping received 512 bytes back
Round trip time was 2.09353 milliseconds in repetition 57
tcp_ping received 512 bytes back
Round trip time was 2.46851 milliseconds in repetition 58
tcp_ping received 512 bytes back
Round trip time was 2.27893 milliseconds in repetition 59
tcp_ping received 512 bytes back
Round trip time was 2.15055 milliseconds in repetition 60
tcp_ping received 512 bytes back
Round trip time was 1.35082 milliseconds in repetition 61
tcp_ping received 512 bytes back
Round trip time was 2.07079 milliseconds in repetition 62
tcp_ping received 512 bytes back
Round trip time was 1.89883 milliseconds in repetition 63
tcp_ping received 512 bytes back
Round trip time was 2.27641 milliseconds in repetition 64
tcp_ping received 512 bytes back
Round trip time was 1.7235 milliseconds in repetition 65
tcp_ping received 512 bytes back
Round trip time was 2.10297 milliseconds in repetition 66
tcp_ping received 512 bytes back
Round trip time was 1.85546 milliseconds in repetition 67
tcp_ping received 512 bytes back
Round trip time was 2.15357 milliseconds in repetition 68
tcp_ping received 512 bytes back
Round trip time was 1.25786 milliseconds in repetition 69
tcp_ping received 512 bytes back
Round trip time was 2.32733 milliseconds in repetition 70
tcp_ping received 512 bytes back
Round trip time was 2.46999 milliseconds in repetition 71
tcp_ping received 512 bytes back
Round trip time was 2.12774 milliseconds in repetition 72
tcp_ping received 512 bytes back
Round trip time was 2.05185 milliseconds in repetition 73
tcp_ping received 512 bytes back
Round trip time was 2.05403 milliseconds in repetition 74
tcp_ping received 512 bytes back
Round trip time was 2.0346 milliseconds in repetition 75
tcp_ping received 512 bytes back
Round trip time was 2.15661 milliseconds in repetition 76
tcp_ping received 512 bytes back
Round trip time was 0.905706 milliseconds in repetition 77
tcp_ping received 512 bytes back
Round trip time was 2.24634 milliseconds in repetition 78
tcp_ping received 512 bytes back
Round trip time was 1.9645 milliseconds in repetition 79
tcp_ping received 512 bytes back
Round trip time was 2.09342 milliseconds in repetition 80
tcp_ping received 512 bytes back
Round trip time was 2.12386 milliseconds in repetition 81
tcp_ping received 512 bytes back
Round trip time was 2.14343 milliseconds in repetition 82
tcp_ping received 512 bytes back
Round trip time was 2.43388 milliseconds in repetition 83
tcp_ping received 512 bytes back
Round trip time was 3.20116 milliseconds in repetition 84
tcp_ping received 512 bytes back
Round trip time was 2.24392 milliseconds in repetition 85
tcp_ping received 512 bytes back
Round trip time was 2.33404 milliseconds in repetition 86
tcp_ping received 512 bytes back
Round trip time was 2.21466 milliseconds in repetition 87
tcp_ping received 512 bytes back
Round trip time was 0.833014 milliseconds in repetition 88
tcp_ping received 512 bytes back
Round trip time was 2.38456 milliseconds in repetition 89
tcp_ping received 512 bytes back
Round trip time was 1.89021 milliseconds in repetition 90
tcp_ping received 512 bytes back
Round trip time was 2.13499 milliseconds in repetition 91
tcp_ping received 512 bytes back
Round trip time was 1.62722 milliseconds in repetition 92
tcp_ping received 512 bytes back
Round trip time was 1.84711 milliseconds in repetition 93
tcp_ping received 512 bytes back
Round trip time was 2.38127 milliseconds in repetition 94
tcp_ping received 512 bytes back
Round trip time was 2.48112 milliseconds in repetition 95
tcp_ping received 512 bytes back
Round trip time was 1.32656 milliseconds in repetition 96
tcp_ping received 512 bytes back
Round trip time was 2.47241 milliseconds in repetition 97
tcp_ping received 512 bytes back
Round trip time was 2.40104 milliseconds in repetition 98
tcp_ping received 512 bytes back
Round trip time was 2.3503 milliseconds in repetition 99
tcp_ping received 512 bytes back
Round trip time was 2.17617 milliseconds in repetition 100
tcp_ping received 512 bytes back
Round trip time was 2.43366 milliseconds in repetition 101
tcp_ping received 512 bytes back
Round trip time was 2.29467 milliseconds in repetition 102
tcp_ping received 512 bytes back
Round trip time was 1.86278 milliseconds in repetition 103
tcp_ping received 512 bytes back
Round trip time was 2.379 milliseconds in repetition 104
tcp_ping received 512 bytes back
Round trip time was 1.56869 milliseconds in repetition 105
tcp_ping received 512 bytes back
Round trip time was 2.38857 milliseconds in repetition 106
tcp_ping received 512 bytes back
Round trip time was 2.39822 milliseconds in repetition 107
tcp_ping received 512 bytes back
Round trip time was 2.18675 milliseconds in repetition 108
tcp_ping received 512 bytes back
Round trip time was 1.02334 milliseconds in repetition 109
tcp_ping received 512 bytes back
Round trip time was 2.11786 milliseconds in repetition 110
tcp_ping received 512 bytes back
Round trip time was 2.15767 milliseconds in repetition 111
tcp_ping received 512 bytes back
Round trip time was 2.07946 milliseconds in repetition 112
tcp_ping received 512 bytes back
Round trip time was 2.09584 milliseconds in repetition 113
tcp_ping received 512 bytes back
Round trip time was 2.10498 milliseconds in repetition 114
tcp_ping received 512 bytes back
Round trip time was 0.7675 milliseconds in repetition 115
tcp_ping received 512 bytes back
Round trip time was 2.0852 milliseconds in repetition 116
tcp_ping received 512 bytes back
Round trip time was 1.96278 milliseconds in repetition 117
tcp_ping received 512 bytes back
Round trip time was 2.23093 milliseconds in repetition 118
tcp_ping received 512 bytes back
Round trip time was 2.17786 milliseconds in repetition 119
tcp_ping received 512 bytes back
Round trip time was 2.12915 milliseconds in repetition 120
tcp_ping received 512 bytes back
Round trip time was 2.41392 milliseconds in repetition 121
tcp_ping received 512 bytes back
Round trip time was 2.40657 milliseconds in repetition 122
tcp_ping received 512 bytes back
Round trip time was 2.30808 milliseconds in repetition 123
tcp_ping received 512 bytes back
Round trip time was 2.39107 milliseconds in repetition 124
tcp_ping received 512 bytes back
Round trip time was 2.32697 milliseconds in repetition 125
tcp_ping received 512 bytes back
Round trip time was 1.79119 milliseconds in repetition 126
tcp_ping received 512 bytes back
Round trip time was 2.45837 milliseconds in repetition 127
tcp_ping received 512 bytes back
Round trip time was 2.36678 milliseconds in repetition 128
tcp_ping received 512 bytes back
Round trip time was 2.39986 milliseconds in repetition 129
tcp_ping received 512 bytes back
Round trip time was 3.12954 milliseconds in repetition 130
tcp_ping received 512 bytes back
Round trip time was 1.67613 milliseconds in repetition 131
tcp_ping received 512 bytes back
Round trip time was 2.20148 milliseconds in repetition 132
tcp_ping received 512 bytes back
Round trip time was 2.41052 milliseconds in repetition 133
tcp_ping received 512 bytes back
Round trip time was 2.33045 milliseconds in repetition 134
tcp_ping received 512 bytes back
Round trip time was 2.16351 milliseconds in repetition 135
tcp_ping received 512 bytes back
Round trip time was 2.33204 milliseconds in repetition 136
tcp_ping received 512 bytes back
Round trip time was 2.30122 milliseconds in repetition 137
tcp_ping received 512 bytes back
Round trip time was 1.9932 milliseconds in repetition 138
tcp_ping received 512 bytes back
Round trip time was 1.15572 milliseconds in repetition 139
tcp_ping received 512 bytes back
Round trip time was 2.20613 milliseconds in repetition 140
tcp_ping received 512 bytes back
Round trip time was 2.3979 milliseconds in repetition 141
tcp_ping received 512 bytes back
Round trip time was 1.97779 milliseconds in repetition 142
tcp_ping received 512 bytes back
Round trip time was 2.35325 milliseconds in repetition 143
tcp_ping received 512 bytes back
Round trip time was 1.71982 milliseconds in repetition 144
tcp_ping received 512 bytes back
Round trip time was 2.19081 milliseconds in repetition 145
tcp_ping received 512 bytes back
Round trip time was 2.22475 milliseconds in repetition 146
tcp_ping received 512 bytes back
Round trip time was 1.70439 milliseconds in repetition 147
tcp_ping received 512 bytes back
Round trip time was 2.17352 milliseconds in repetition 148
tcp_ping received 512 bytes back
Round trip time was 2.11389 milliseconds in repetition 149
tcp_ping received 512 bytes back
Round trip time was 1.07052 milliseconds in repetition 150
tcp_ping received 512 bytes back
Round trip time was 2.08675 milliseconds in repetition 151
tcp_ping received 512 bytes back
Round trip time was 2.21551 milliseconds in repetition 152
tcp_ping received 512 bytes back
Round trip time was 2.25882 milliseconds in repetition 153
tcp_ping received 512 bytes back
Round trip time was 1.5828 milliseconds in repetition 154
tcp_ping received 512 bytes back
Round trip time was 2.26113 milliseconds in repetition 155
tcp_ping received 512 bytes back
Round trip time was 2.24002 milliseconds in repetition 156
tcp_ping received 512 bytes back
Round trip time was 2.20803 milliseconds in repetition 157
tcp_ping received 512 bytes back
Round trip time was 1.22977 milliseconds in repetition 158
tcp_ping received 512 bytes back
Round trip time was 2.31817 milliseconds in repetition 159
tcp_ping received 512 bytes back
Round trip time was 2.29044 milliseconds in repetition 160
tcp_ping received 512 bytes back
Round trip time was 2.19881 milliseconds in repetition 161
tcp_ping received 512 bytes back
Round trip time was 2.41562 milliseconds in repetition 162
tcp_ping received 512 bytes back
Round trip time was 2.34659 milliseconds in repetition 163
tcp_ping received 512 bytes back
Round trip time was 2.39538 milliseconds in repetition 164
tcp_ping received 512 bytes back
Round trip time was 2.09296 milliseconds in repetition 165
tcp_ping received 512 bytes back
Round trip time was 2.39703 milliseconds in repetition 166
tcp_ping received 512 bytes back
Round trip time was 2.56989 milliseconds in repetition 167
tcp_ping received 512 bytes back
Round trip time was 2.10876 milliseconds in repetition 168
tcp_ping received 512 bytes back
Round trip time was 2.2265 milliseconds in repetition 169
tcp_ping received 512 bytes back
Round trip time was 2.52399 milliseconds in repetition 170
tcp_ping received 512 bytes back
Round trip time was 2.45067 milliseconds in repetition 171
tcp_ping received 512 bytes back
Round trip time was 1.51397 milliseconds in repetition 172
tcp_ping received 512 bytes back
Round trip time was 2.41961 milliseconds in repetition 173
tcp_ping received 512 bytes back
Round trip time was 1.55345 milliseconds in repetition 174
tcp_ping received 512 bytes back
Round trip time was 2.54324 milliseconds in repetition 175
tcp_ping received 512 bytes back
Round trip time was 2.37112 milliseconds in repetition 176
tcp_ping received 512 bytes back
Round trip time was 2.38215 milliseconds in repetition 177
tcp_ping received 512 bytes back
Round trip time was 1.40748 milliseconds in repetition 178
tcp_ping received 512 bytes back
Round trip time was 2.39297 milliseconds in repetition 179
tcp_ping received 512 bytes back
Round trip time was 2.52709 milliseconds in repetition 180
tcp_ping received 512 bytes back
Round trip time was 2.14275 milliseconds in repetition 181
tcp_ping received 512 bytes back
Round trip time was 2.12387 milliseconds in repetition 182
tcp_ping received 512 bytes back
Round trip time was 2.34233 milliseconds in repetition 183
tcp_ping received 512 bytes back
Round trip time was 2.12671 milliseconds in repetition 184
tcp_ping received 512 bytes back
Round trip time was 0.964777 milliseconds in repetition 185
tcp_ping received 512 bytes back
Round trip time was 1.66206 milliseconds in repetition 186
tcp_ping received 512 bytes back
Round trip time was 2.29494 milliseconds in repetition 187
tcp_ping received 512 bytes back
Round trip time was 2.12705 milliseconds in repetition 188
tcp_ping received 512 bytes back
Round trip time was 2.17835 milliseconds in repetition 189
tcp_ping received 512 bytes back
Round trip time was 2.0782 milliseconds in repetition 190
tcp_ping received 512 bytes back
Round trip time was 2.10685 milliseconds in repetition 191
tcp_ping received 512 bytes back
Round trip time was 2.06959 milliseconds in repetition 192
tcp_ping received 512 bytes back
Round trip time was 1.49744 milliseconds in repetition 193
tcp_ping received 512 bytes back
Round trip time was 2.07793 milliseconds in repetition 194
tcp_ping received 512 bytes back
Round trip time was 2.15606 milliseconds in repetition 195
tcp_ping received 512 bytes back
Round trip time was 2.36197 milliseconds in repetition 196
tcp_ping received 512 bytes back
Round trip time was 2.11146 milliseconds in repetition 197
tcp_ping received 512 bytes back
Round trip time was 2.21875 milliseconds in repetition 198
tcp_ping received 512 bytes back
Round trip time was 0.85908 milliseconds in repetition 199
tcp_ping received 512 bytes back
Round trip time was 2.36948 milliseconds in repetition 200
tcp_ping received 512 bytes back
Round trip time was 2.41272 milliseconds in repetition 201
tcp_ping received 512 bytes back
Round trip time was 2.26445 milliseconds in repetition 202
tcp_ping received 512 bytes back
Round trip time was 2.44293 milliseconds in repetition 203
tcp_ping received 512 bytes back
Round trip time was 2.58546 milliseconds in repetition 204
tcp_ping received 512 bytes back
Round trip time was 2.12918 milliseconds in repetition 205
tcp_ping received 512 bytes back
Round trip time was 1.81862 milliseconds in repetition 206
tcp_ping received 512 bytes back
Round trip time was 2.15431 milliseconds in repetition 207
tcp_ping received 512 bytes back
Round trip time was 1.7852 milliseconds in repetition 208
tcp_ping received 512 bytes back
Round trip time was 3.22841 milliseconds in repetition 209
tcp_ping received 512 bytes back
Round trip time was 2.2347 milliseconds in repetition 210
tcp_ping received 512 bytes back
Round trip time was 2.83195 milliseconds in repetition 211
tcp_ping received 512 bytes back
Round trip time was 2.15724 milliseconds in repetition 212
tcp_ping received 512 bytes back
Round trip time was 2.14457 milliseconds in repetition 213
tcp_ping received 512 bytes back
Round trip time was 2.11607 milliseconds in repetition 214
tcp_ping received 512 bytes back
Round trip time was 2.11889 milliseconds in repetition 215
tcp_ping received 512 bytes back
Round trip time was 2.10634 milliseconds in repetition 216
tcp_ping received 512 bytes back
Round trip time was 0.826633 milliseconds in repetition 217
tcp_ping received 512 bytes back
Round trip time was 2.11814 milliseconds in repetition 218
tcp_ping received 512 bytes back
Round trip time was 2.11371 milliseconds in repetition 219
tcp_ping received 512 bytes back
Round trip time was 2.19213 milliseconds in repetition 220
tcp_ping received 512 bytes back
Round trip time was 2.18599 milliseconds in repetition 221
tcp_ping received 512 bytes back
Round trip time was 4.81891 milliseconds in repetition 222
tcp_ping received 512 bytes back
Round trip time was 3.92699 milliseconds in repetition 223
tcp_ping received 512 bytes back
Round trip time was 2.16237 milliseconds in repetition 224
tcp_ping received 512 bytes back
Round trip time was 2.09207 milliseconds in repetition 225
tcp_ping received 512 bytes back
Round trip time was 12.9488 milliseconds in repetition 226
tcp_ping received 512 bytes back
Round trip time was 2.2528 milliseconds in repetition 227
tcp_ping received 512 bytes back
Round trip time was 0.987636 milliseconds in repetition 228
tcp_ping received 512 bytes back
Round trip time was 2.12919 milliseconds in repetition 229
tcp_ping received 512 bytes back
Round trip time was 2.06748 milliseconds in repetition 230
tcp_ping received 512 bytes back
Round trip time was 1.69921 milliseconds in repetition 231
tcp_ping received 512 bytes back
Round trip time was 2.05728 milliseconds in repetition 232
tcp_ping received 512 bytes back
Round trip time was 2.11129 milliseconds in repetition 233
tcp_ping received 512 bytes back
Round trip time was 1.69246 milliseconds in repetition 234
tcp_ping received 512 bytes back
Round trip time was 4.66603 milliseconds in repetition 235
tcp_ping received 512 bytes back
Round trip time was 1.3884 milliseconds in repetition 236
tcp_ping received 512 bytes back
Round trip time was 2.06852 milliseconds in repetition 237
tcp_ping received 512 bytes back
Round trip time was 1.91185 milliseconds in repetition 238
tcp_ping received 512 bytes back
Round trip time was 2.12437 milliseconds in repetition 239
tcp_ping received 512 bytes back
Round trip time was 2.29769 milliseconds in repetition 240
tcp_ping received 512 bytes back
Round trip time was 2.07419 milliseconds in repetition 241
tcp_ping received 512 bytes back
Round trip time was 2.09231 milliseconds in repetition 242
tcp_ping received 512 bytes back
Round trip time was 2.10827 milliseconds in repetition 243
tcp_ping received 512 bytes back
Round trip time was 2.18399 milliseconds in repetition 244
tcp_ping received 512 bytes back
Round trip time was 2.31279 milliseconds in repetition 245
tcp_ping received 512 bytes back
Round trip time was 2.10362 milliseconds in repetition 246
tcp_ping received 512 bytes back
Round trip time was 2.15224 milliseconds in repetition 247
tcp_ping received 512 bytes back
Round trip time was 2.09127 milliseconds in repetition 248
tcp_ping received 512 bytes back
Round trip time was 1.46025 milliseconds in repetition 249
tcp_ping received 512 bytes back
Round trip time was 2.06789 milliseconds in repetition 250
tcp_ping received 512 bytes back
Round trip time was 2.17083 milliseconds in repetition 251
tcp_ping received 512 bytes back
Round trip time was 2.18041 milliseconds in repetition 252
tcp_ping received 512 bytes back
Round trip time was 2.16066 milliseconds in repetition 253
tcp_ping received 512 bytes back
Round trip time was 2.3102 milliseconds in repetition 254
tcp_ping received 512 bytes back
Round trip time was 1.70008 milliseconds in repetition 255
tcp_ping received 512 bytes back
Round trip time was 2.08004 milliseconds in repetition 256
tcp_ping received 512 bytes back
Round trip time was 2.68977 milliseconds in repetition 257
tcp_ping received 512 bytes back
Round trip time was 2.15948 milliseconds in repetition 258
tcp_ping received 512 bytes back
Round trip time was 2.16573 milliseconds in repetition 259
tcp_ping received 512 bytes back
Round trip time was 2.11225 milliseconds in repetition 260
tcp_ping received 512 bytes back
Round trip time was 2.14439 milliseconds in repetition 261
tcp_ping received 512 bytes back
Round trip time was 3.15227 milliseconds in repetition 262
tcp_ping received 512 bytes back
Round trip time was 2.17091 milliseconds in repetition 263
tcp_ping received 512 bytes back
Round trip time was 1.66729 milliseconds in repetition 264
tcp_ping received 512 bytes back
Round trip time was 2.12043 milliseconds in repetition 265
tcp_ping received 512 bytes back
Round trip time was 2.14807 milliseconds in repetition 266
tcp_ping received 512 bytes back
Round trip time was 2.17167 milliseconds in repetition 267
tcp_ping received 512 bytes back
Round trip time was 2.12103 milliseconds in repetition 268
tcp_ping received 512 bytes back
Round trip time was 2.22746 milliseconds in repetition 269
tcp_ping received 512 bytes back
Round trip time was 2.11578 milliseconds in repetition 270
tcp_ping received 512 bytes back
Round trip time was 2.15749 milliseconds in repetition 271
tcp_ping received 512 bytes back
Round trip time was 1.45878 milliseconds in repetition 272
tcp_ping received 512 bytes back
Round trip time was 2.21074 milliseconds in repetition 273
tcp_ping received 512 bytes back
Round trip time was 2.22621 milliseconds in repetition 274
tcp_ping received 512 bytes back
Round trip time was 2.24711 milliseconds in repetition 275
tcp_ping received 512 bytes back
Round trip time was 2.10609 milliseconds in repetition 276
tcp_ping received 512 bytes back
Round trip time was 2.26794 milliseconds in repetition 277
tcp_ping received 512 bytes back
Round trip time was 2.32007 milliseconds in repetition 278
tcp_ping received 512 bytes back
Round trip time was 2.10092 milliseconds in repetition 279
tcp_ping received 512 bytes back
Round trip time was 2.29315 milliseconds in repetition 280
tcp_ping received 512 bytes back
Round trip time was 2.23328 milliseconds in repetition 281
tcp_ping received 512 bytes back
Round trip time was 2.27946 milliseconds in repetition 282
tcp_ping received 512 bytes back
Round trip time was 2.15616 milliseconds in repetition 283
tcp_ping received 512 bytes back
Round trip time was 2.15957 milliseconds in repetition 284
tcp_ping received 512 bytes back
Round trip time was 2.42793 milliseconds in repetition 285
tcp_ping received 512 bytes back
Round trip time was 2.23402 milliseconds in repetition 286
tcp_ping received 512 bytes back
Round trip time was 1.66228 milliseconds in repetition 287
tcp_ping received 512 bytes back
Round trip time was 2.18513 milliseconds in repetition 288
tcp_ping received 512 bytes back
Round trip time was 2.10026 milliseconds in repetition 289
tcp_ping received 512 bytes back
Round trip time was 2.20684 milliseconds in repetition 290
tcp_ping received 512 bytes back
Round trip time was 2.25744 milliseconds in repetition 291
tcp_ping received 512 bytes back
Round trip time was 2.0923 milliseconds in repetition 292
tcp_ping received 512 bytes back
Round trip time was 2.13321 milliseconds in repetition 293
tcp_ping received 512 bytes back
Round trip time was 6.85583 milliseconds in repetition 294
tcp_ping received 512 bytes back
Round trip time was 2.14363 milliseconds in repetition 295
tcp_ping received 512 bytes back
Round trip time was 2.171 milliseconds in repetition 296
tcp_ping received 512 bytes back
Round trip time was 6.06099 milliseconds in repetition 297
tcp_ping received 512 bytes back
Round trip time was 2.14679 milliseconds in repetition 298
tcp_ping received 512 bytes back
Round trip time was 2.20891 milliseconds in repetition 299
tcp_ping received 512 bytes back
Round trip time was 3.1467 milliseconds in repetition 300
tcp_ping received 512 bytes back
Round trip time was 3.28731 milliseconds in repetition 301
tcp_ping received 512 bytes back
Round trip time was 2.23072 milliseconds in repetition 302
tcp_ping received 512 bytes back
Round trip time was 2.19361 milliseconds in repetition 303
tcp_ping received 512 bytes back
Round trip time was 2.18027 milliseconds in repetition 304
tcp_ping received 512 bytes back
Round trip time was 1.37876 milliseconds in repetition 305
tcp_ping received 512 bytes back
Round trip time was 2.02806 milliseconds in repetition 306
tcp_ping received 512 bytes back
Round trip time was 2.46911 milliseconds in repetition 307
tcp_ping received 512 bytes back
Round trip time was 4.23871 milliseconds in repetition 308
tcp_ping received 512 bytes back
Round trip time was 2.11612 milliseconds in repetition 309
tcp_ping received 512 bytes back
Round trip time was 2.12042 milliseconds in repetition 310
tcp_ping received 512 bytes back
Round trip time was 2.1207 milliseconds in repetition 311
tcp_ping received 512 bytes back
Round trip time was 1.92339 milliseconds in repetition 312
tcp_ping received 512 bytes back
Round trip time was 2.27409 milliseconds in repetition 313
tcp_ping received 512 bytes back
Round trip time was 2.13125 milliseconds in repetition 314
tcp_ping received 512 bytes back
Round trip time was 2.11346 milliseconds in repetition 315
tcp_ping received 512 bytes back
Round trip time was 2.12147 milliseconds in repetition 316
tcp_ping received 512 bytes back
Round trip time was 2.02359 milliseconds in repetition 317
tcp_ping received 512 bytes back
Round trip time was 2.03994 milliseconds in repetition 318
tcp_ping received 512 bytes back
Round trip time was 1.93645 milliseconds in repetition 319
tcp_ping received 512 bytes back
Round trip time was 1.81885 milliseconds in repetition 320
tcp_ping received 512 bytes back
Round trip time was 2.24875 milliseconds in repetition 321
tcp_ping received 512 bytes back
Round trip time was 2.11668 milliseconds in repetition 322
tcp_ping received 512 bytes back
Round trip time was 2.28344 milliseconds in repetition 323
tcp_ping received 512 bytes back
Round trip time was 2.84003 milliseconds in repetition 324
tcp_ping received 512 bytes back
Round trip time was 2.1416 milliseconds in repetition 325
tcp_ping received 512 bytes back
Round trip time was 2.11853 milliseconds in repetition 326
tcp_ping received 512 bytes back
Round trip time was 2.11373 milliseconds in repetition 327
tcp_ping received 512 bytes back
Round trip time was 2.10885 milliseconds in repetition 328
tcp_ping received 512 bytes back
Round trip time was 2.10054 milliseconds in repetition 329
tcp_ping received 512 bytes back
Round trip time was 2.61629 milliseconds in repetition 330
tcp_ping received 512 bytes back
Round trip time was 2.10645 milliseconds in repetition 331
tcp_ping received 512 bytes back
Round trip time was 2.39236 milliseconds in repetition 332
tcp_ping received 512 bytes back
Round trip time was 2.08274 milliseconds in repetition 333
tcp_ping received 512 bytes back
Round trip time was 2.12746 milliseconds in repetition 334
tcp_ping received 512 bytes back
Round trip time was 1.70047 milliseconds in repetition 335
tcp_ping received 512 bytes back
Round trip time was 2.16453 milliseconds in repetition 336
tcp_ping received 512 bytes back
Round trip time was 2.3133 milliseconds in repetition 337
tcp_ping received 512 bytes back
Round trip time was 2.27402 milliseconds in repetition 338
tcp_ping received 512 bytes back
Round trip time was 1.90642 milliseconds in repetition 339
tcp_ping received 512 bytes back
Round trip time was 2.15552 milliseconds in repetition 340
tcp_ping received 512 bytes back
Round trip time was 4.38075 milliseconds in repetition 341
tcp_ping received 512 bytes back
Round trip time was 1.60483 milliseconds in repetition 342
tcp_ping received 512 bytes back
Round trip time was 14.5078 milliseconds in repetition 343
tcp_ping received 512 bytes back
Round trip time was 4.2474 milliseconds in repetition 344
tcp_ping received 512 bytes back
Round trip time was 2.6208 milliseconds in repetition 345
tcp_ping received 512 bytes back
Round trip time was 2.23407 milliseconds in repetition 346
tcp_ping received 512 bytes back
Round trip time was 2.3463 milliseconds in repetition 347
tcp_ping received 512 bytes back
Round trip time was 2.46044 milliseconds in repetition 348
tcp_ping received 512 bytes back
Round trip time was 2.00328 milliseconds in repetition 349
tcp_ping received 512 bytes back
Round trip time was 2.31739 milliseconds in repetition 350
tcp_ping received 512 bytes back
Round trip time was 2.40219 milliseconds in repetition 351
tcp_ping received 512 bytes back
Round trip time was 3.75773 milliseconds in repetition 352
tcp_ping received 512 bytes back
Round trip time was 2.24499 milliseconds in repetition 353
tcp_ping received 512 bytes back
Round trip time was 4.94393 milliseconds in repetition 354
tcp_ping received 512 bytes back
Round trip time was 3.0672 milliseconds in repetition 355
tcp_ping received 512 bytes back
Round trip time was 3.39205 milliseconds in repetition 356
tcp_ping received 512 bytes back
Round trip time was 2.46693 milliseconds in repetition 357
tcp_ping received 512 bytes back
Round trip time was 2.13213 milliseconds in repetition 358
tcp_ping received 512 bytes back
Round trip time was 2.09286 milliseconds in repetition 359
tcp_ping received 512 bytes back
Round trip time was 2.09704 milliseconds in repetition 360
tcp_ping received 512 bytes back
Round trip time was 2.14152 milliseconds in repetition 361
tcp_ping received 512 bytes back
Round trip time was 2.1243 milliseconds in repetition 362
tcp_ping received 512 bytes back
Round trip time was 2.12456 milliseconds in repetition 363
tcp_ping received 512 bytes back
Round trip time was 2.08783 milliseconds in repetition 364
tcp_ping received 512 bytes back
Round trip time was 1.11664 milliseconds in repetition 365
tcp_ping received 512 bytes back
Round trip time was 2.05459 milliseconds in repetition 366
tcp_ping received 512 bytes back
Round trip time was 2.04729 milliseconds in repetition 367
tcp_ping received 512 bytes back
Round trip time was 2.04372 milliseconds in repetition 368
tcp_ping received 512 bytes back
Round trip time was 2.06406 milliseconds in repetition 369
tcp_ping received 512 bytes back
Round trip time was 2.06733 milliseconds in repetition 370
tcp_ping received 512 bytes back
Round trip time was 2.1144 milliseconds in repetition 371
tcp_ping received 512 bytes back
Round trip time was 2.14051 milliseconds in repetition 372
tcp_ping received 512 bytes back
Round trip time was 1.41618 milliseconds in repetition 373
tcp_ping received 512 bytes back
Round trip time was 2.04077 milliseconds in repetition 374
tcp_ping received 512 bytes back
Round trip time was 2.02844 milliseconds in repetition 375
tcp_ping received 512 bytes back
Round trip time was 2.12733 milliseconds in repetition 376
tcp_ping received 512 bytes back
Round trip time was 1.8144 milliseconds in repetition 377
tcp_ping received 512 bytes back
Round trip time was 2.11159 milliseconds in repetition 378
tcp_ping received 512 bytes back
Round trip time was 1.54025 milliseconds in repetition 379
tcp_ping received 512 bytes back
Round trip time was 2.10244 milliseconds in repetition 380
tcp_ping received 512 bytes back
Round trip time was 2.13534 milliseconds in repetition 381
tcp_ping received 512 bytes back
Round trip time was 3.41758 milliseconds in repetition 382
tcp_ping received 512 bytes back
Round trip time was 2.20838 milliseconds in repetition 383
tcp_ping received 512 bytes back
Round trip time was 2.11862 milliseconds in repetition 384
tcp_ping received 512 bytes back
Round trip time was 2.09043 milliseconds in repetition 385
tcp_ping received 512 bytes back
Round trip time was 2.10459 milliseconds in repetition 386
tcp_ping received 512 bytes back
Round trip time was 2.16071 milliseconds in repetition 387
tcp_ping received 512 bytes back
Round trip time was 2.08757 milliseconds in repetition 388
tcp_ping received 512 bytes back
Round trip time was 2.17565 milliseconds in repetition 389
tcp_ping received 512 bytes back
Round trip time was 3.05505 milliseconds in repetition 390
tcp_ping received 512 bytes back
Round trip time was 2.23151 milliseconds in repetition 391
tcp_ping received 512 bytes back
Round trip time was 2.68127 milliseconds in repetition 392
tcp_ping received 512 bytes back
Round trip time was 2.20013 milliseconds in repetition 393
tcp_ping received 512 bytes back
Round trip time was 2.04979 milliseconds in repetition 394
tcp_ping received 512 bytes back
Round trip time was 2.10122 milliseconds in repetition 395
tcp_ping received 512 bytes back
Round trip time was 2.15607 milliseconds in repetition 396
tcp_ping received 512 bytes back
Round trip time was 2.11456 milliseconds in repetition 397
tcp_ping received 512 bytes back
Round trip time was 2.0875 milliseconds in repetition 398
tcp_ping received 512 bytes back
Round trip time was 2.09519 milliseconds in repetition 399
tcp_ping received 512 bytes back
Round trip time was 2.02923 milliseconds in repetition 400
tcp_ping received 512 bytes back
Round trip time was 2.03006 milliseconds in repetition 401
tcp_ping received 512 bytes back
Round trip time was 2.17621 milliseconds in repetition 402
tcp_ping received 512 bytes back
Round trip time was 2.12475 milliseconds in repetition 403
tcp_ping received 512 bytes back
Round trip time was 2.2578 milliseconds in repetition 404
tcp_ping received 512 bytes back
Round trip time was 2.18558 milliseconds in repetition 405
tcp_ping received 512 bytes back
Round trip time was 1.43756 milliseconds in repetition 406
tcp_ping received 512 bytes back
Round trip time was 2.2142 milliseconds in repetition 407
tcp_ping received 512 bytes back
Round trip time was 2.22205 milliseconds in repetition 408
tcp_ping received 512 bytes back
Round trip time was 1.97093 milliseconds in repetition 409
tcp_ping received 512 bytes back
Round trip time was 2.21737 milliseconds in repetition 410
tcp_ping received 512 bytes back
Round trip time was 2.14516 milliseconds in repetition 411
tcp_ping received 512 bytes back
Round trip time was 0.954056 milliseconds in repetition 412
tcp_ping received 512 bytes back
Round trip time was 2.10174 milliseconds in repetition 413
tcp_ping received 512 bytes back
Round trip time was 2.12804 milliseconds in repetition 414
tcp_ping received 512 bytes back
Round trip time was 2.07602 milliseconds in repetition 415
tcp_ping received 512 bytes back
Round trip time was 1.79211 milliseconds in repetition 416
tcp_ping received 512 bytes back
Round trip time was 2.08603 milliseconds in repetition 417
tcp_ping received 512 bytes back
Round trip time was 2.12835 milliseconds in repetition 418
tcp_ping received 512 bytes back
Round trip time was 2.26603 milliseconds in repetition 419
tcp_ping received 512 bytes back
Round trip time was 2.11993 milliseconds in repetition 420
tcp_ping received 512 bytes back
Round trip time was 2.05521 milliseconds in repetition 421
tcp_ping received 512 bytes back
Round trip time was 2.08584 milliseconds in repetition 422
tcp_ping received 512 bytes back
Round trip time was 2.05643 milliseconds in repetition 423
tcp_ping received 512 bytes back
Round trip time was 0.824669 milliseconds in repetition 424
tcp_ping received 512 bytes back
Round trip time was 2.60083 milliseconds in repetition 425
tcp_ping received 512 bytes back
Round trip time was 1.28418 milliseconds in repetition 426
tcp_ping received 512 bytes back
Round trip time was 2.47001 milliseconds in repetition 427
tcp_ping received 512 bytes back
Round trip time was 2.2368 milliseconds in repetition 428
tcp_ping received 512 bytes back
Round trip time was 2.46293 milliseconds in repetition 429
tcp_ping received 512 bytes back
Round trip time was 2.19337 milliseconds in repetition 430
tcp_ping received 512 bytes back
Round trip time was 2.22043 milliseconds in repetition 431
tcp_ping received 512 bytes back
Round trip time was 7.28059 milliseconds in repetition 432
tcp_ping received 512 bytes back
Round trip time was 2.94272 milliseconds in repetition 433
tcp_ping received 512 bytes back
Round trip time was 2.13669 milliseconds in repetition 434
tcp_ping received 512 bytes back
Round trip time was 2.0689 milliseconds in repetition 435
tcp_ping received 512 bytes back
Round trip time was 2.05732 milliseconds in repetition 436
tcp_ping received 512 bytes back
Round trip time was 2.09077 milliseconds in repetition 437
tcp_ping received 512 bytes back
Round trip time was 1.84 milliseconds in repetition 438
tcp_ping received 512 bytes back
Round trip time was 2.08871 milliseconds in repetition 439
tcp_ping received 512 bytes back
Round trip time was 2.18715 milliseconds in repetition 440
tcp_ping received 512 bytes back
Round trip time was 2.17904 milliseconds in repetition 441
tcp_ping received 512 bytes back
Round trip time was 1.47606 milliseconds in repetition 442
tcp_ping received 512 bytes back
Round trip time was 3.39139 milliseconds in repetition 443
tcp_ping received 512 bytes back
Round trip time was 2.1926 milliseconds in repetition 444
tcp_ping received 512 bytes back
Round trip time was 2.02115 milliseconds in repetition 445
tcp_ping received 512 bytes back
Round trip time was 1.87524 milliseconds in repetition 446
tcp_ping received 512 bytes back
Round trip time was 2.39827 milliseconds in repetition 447
tcp_ping received 512 bytes back
Round trip time was 2.8452 milliseconds in repetition 448
tcp_ping received 512 bytes back
Round trip time was 2.31358 milliseconds in repetition 449
tcp_ping received 512 bytes back
Round trip time was 2.25985 milliseconds in repetition 450
tcp_ping received 512 bytes back
Round trip time was 12.1337 milliseconds in repetition 451
tcp_ping received 512 bytes back
Round trip time was 10.3668 milliseconds in repetition 452
tcp_ping received 512 bytes back
Round trip time was 2.2999 milliseconds in repetition 453
tcp_ping received 512 bytes back
Round trip time was 2.1537 milliseconds in repetition 454
tcp_ping received 512 bytes back
Round trip time was 2.06655 milliseconds in repetition 455
tcp_ping received 512 bytes back
Round trip time was 2.08323 milliseconds in repetition 456
tcp_ping received 512 bytes back
Round trip time was 2.31807 milliseconds in repetition 457
tcp_ping received 512 bytes back
Round trip time was 2.11889 milliseconds in repetition 458
tcp_ping received 512 bytes back
Round trip time was 2.15637 milliseconds in repetition 459
tcp_ping received 512 bytes back
Round trip time was 2.1513 milliseconds in repetition 460
tcp_ping received 512 bytes back
Round trip time was 2.04594 milliseconds in repetition 461
tcp_ping received 512 bytes back
Round trip time was 2.1355 milliseconds in repetition 462
tcp_ping received 512 bytes back
Round trip time was 2.09567 milliseconds in repetition 463
tcp_ping received 512 bytes back
Round trip time was 2.14425 milliseconds in repetition 464
tcp_ping received 512 bytes back
Round trip time was 2.12848 milliseconds in repetition 465
tcp_ping received 512 bytes back
Round trip time was 2.16154 milliseconds in repetition 466
tcp_ping received 512 bytes back
Round trip time was 2.2199 milliseconds in repetition 467
tcp_ping received 512 bytes back
Round trip time was 1.47371 milliseconds in repetition 468
tcp_ping received 512 bytes back
Round trip time was 2.04567 milliseconds in repetition 469
tcp_ping received 512 bytes back
Round trip time was 1.76242 milliseconds in repetition 470
tcp_ping received 512 bytes back
Round trip time was 2.07852 milliseconds in repetition 471
tcp_ping received 512 bytes back
Round trip time was 2.10644 milliseconds in repetition 472
tcp_ping received 512 bytes back
Round trip time was 2.19814 milliseconds in repetition 473
tcp_ping received 512 bytes back
Round trip time was 2.23333 milliseconds in repetition 474
tcp_ping received 512 bytes back
Round trip time was 2.0633 milliseconds in repetition 475
tcp_ping received 512 bytes back
Round trip time was 0.987555 milliseconds in repetition 476
tcp_ping received 512 bytes back
Round trip time was 0.952933 milliseconds in repetition 477
tcp_ping received 512 bytes back
Round trip time was 2.04031 milliseconds in repetition 478
tcp_ping received 512 bytes back
Round trip time was 2.32938 milliseconds in repetition 479
tcp_ping received 512 bytes back
Round trip time was 2.1005 milliseconds in repetition 480
tcp_ping received 512 bytes back
Round trip time was 2.15389 milliseconds in repetition 481
tcp_ping received 512 bytes back
Round trip time was 2.17828 milliseconds in repetition 482
tcp_ping received 512 bytes back
Round trip time was 2.10976 milliseconds in repetition 483
tcp_ping received 512 bytes back
Round trip time was 2.07924 milliseconds in repetition 484
tcp_ping received 512 bytes back
Round trip time was 1.56475 milliseconds in repetition 485
tcp_ping received 512 bytes back
Round trip time was 2.9178 milliseconds in repetition 486
tcp_ping received 512 bytes back
Round trip time was 4.95577 milliseconds in repetition 487
tcp_ping received 512 bytes back
Round trip time was 2.98065 milliseconds in repetition 488
tcp_ping received 512 bytes back
Round trip time was 2.76841 milliseconds in repetition 489
tcp_ping received 512 bytes back
Round trip time was 2.21626 milliseconds in repetition 490
tcp_ping received 512 bytes back
Round trip time was 2.27515 milliseconds in repetition 491
tcp_ping received 512 bytes back
Round trip time was 3.10395 milliseconds in repetition 492
tcp_ping received 512 bytes back
Round trip time was 1.46342 milliseconds in repetition 493
tcp_ping received 512 bytes back
Round trip time was 3.87818 milliseconds in repetition 494
tcp_ping received 512 bytes back
Round trip time was 2.23611 milliseconds in repetition 495
tcp_ping received 512 bytes back
Round trip time was 1.561 milliseconds in repetition 496
tcp_ping received 512 bytes back
Round trip time was 0.764947 milliseconds in repetition 497
tcp_ping received 512 bytes back
Round trip time was 1.98001 milliseconds in repetition 498
tcp_ping received 512 bytes back
Round trip time was 0.955603 milliseconds in repetition 499
tcp_ping received 512 bytes back
Round trip time was 2.107 milliseconds in repetition 500
tcp_ping received 512 bytes back
Round trip time was 2.81844 milliseconds in repetition 501

 ... clock resolution was 1e-06
TCP Ping:  Statistics over 501 repetitions of 512 byte messages

RTT : percentile 10: 1.64262, median: 2.14457, percentile 90: 2.47241, average: 2.26424, variance: 1.24073

RTT histogram:
   overall Throughput : 452.248 KB/s

