TCP Ping trying to connect to server 192.168.1.110 (192.168.1.110) on port 1491
 ... connected to Pong server: asking for 501 repetitions of 12288 bytes TCP messages
 ... Pong server agreed :-)
tcp_ping received 12288 bytes back
Round trip time was 3.34102 milliseconds in repetition 1
tcp_ping received 12288 bytes back
Round trip time was 2.82555 milliseconds in repetition 2
tcp_ping received 12288 bytes back
Round trip time was 2.909 milliseconds in repetition 3
tcp_ping received 12288 bytes back
Round trip time was 3.09229 milliseconds in repetition 4
tcp_ping received 12288 bytes back
Round trip time was 2.88378 milliseconds in repetition 5
tcp_ping received 12288 bytes back
Round trip time was 2.80165 milliseconds in repetition 6
tcp_ping received 12288 bytes back
Round trip time was 2.7517 milliseconds in repetition 7
tcp_ping received 12288 bytes back
Round trip time was 3.22343 milliseconds in repetition 8
tcp_ping received 12288 bytes back
Round trip time was 3.64511 milliseconds in repetition 9
tcp_ping received 12288 bytes back
Round trip time was 2.81572 milliseconds in repetition 10
tcp_ping received 12288 bytes back
Round trip time was 2.93055 milliseconds in repetition 11
tcp_ping received 12288 bytes back
Round trip time was 2.99127 milliseconds in repetition 12
tcp_ping received 12288 bytes back
Round trip time was 3.30317 milliseconds in repetition 13
tcp_ping received 12288 bytes back
Round trip time was 2.89981 milliseconds in repetition 14
tcp_ping received 12288 bytes back
Round trip time was 2.91763 milliseconds in repetition 15
tcp_ping received 12288 bytes back
Round trip time was 3.0632 milliseconds in repetition 16
tcp_ping received 12288 bytes back
Round trip time was 3.1269 milliseconds in repetition 17
tcp_ping received 12288 bytes back
Round trip time was 2.68946 milliseconds in repetition 18
tcp_ping received 12288 bytes back
Round trip time was 3.13969 milliseconds in repetition 19
tcp_ping received 12288 bytes back
Round trip time was 3.11198 milliseconds in repetition 20
tcp_ping received 12288 bytes back
Round trip time was 3.09022 milliseconds in repetition 21
tcp_ping received 12288 bytes back
Round trip time was 2.96969 milliseconds in repetition 22
tcp_ping received 12288 bytes back
Round trip time was 3.05658 milliseconds in repetition 23
tcp_ping received 12288 bytes back
Round trip time was 4.06154 milliseconds in repetition 24
tcp_ping received 12288 bytes back
Round trip time was 4.05795 milliseconds in repetition 25
tcp_ping received 12288 bytes back
Round trip time was 3.1793 milliseconds in repetition 26
tcp_ping received 12288 bytes back
Round trip time was 3.00788 milliseconds in repetition 27
tcp_ping received 12288 bytes back
Round trip time was 2.74865 milliseconds in repetition 28
tcp_ping received 12288 bytes back
Round trip time was 3.13741 milliseconds in repetition 29
tcp_ping received 12288 bytes back
Round trip time was 3.65465 milliseconds in repetition 30
tcp_ping received 12288 bytes back
Round trip time was 3.60357 milliseconds in repetition 31
tcp_ping received 12288 bytes back
Round trip time was 2.91022 milliseconds in repetition 32
tcp_ping received 12288 bytes back
Round trip time was 2.9229 milliseconds in repetition 33
tcp_ping received 12288 bytes back
Round trip time was 2.72881 milliseconds in repetition 34
tcp_ping received 12288 bytes back
Round trip time was 2.90218 milliseconds in repetition 35
tcp_ping received 12288 bytes back
Round trip time was 2.70561 milliseconds in repetition 36
tcp_ping received 12288 bytes back
Round trip time was 2.98373 milliseconds in repetition 37
tcp_ping received 12288 bytes back
Round trip time was 3.13149 milliseconds in repetition 38
tcp_ping received 12288 bytes back
Round trip time was 3.63604 milliseconds in repetition 39
tcp_ping received 12288 bytes back
Round trip time was 2.79051 milliseconds in repetition 40
tcp_ping received 12288 bytes back
Round trip time was 3.10726 milliseconds in repetition 41
tcp_ping received 12288 bytes back
Round trip time was 3.22948 milliseconds in repetition 42
tcp_ping received 12288 bytes back
Round trip time was 3.31987 milliseconds in repetition 43
tcp_ping received 12288 bytes back
Round trip time was 3.12884 milliseconds in repetition 44
tcp_ping received 12288 bytes back
Round trip time was 2.92211 milliseconds in repetition 45
tcp_ping received 12288 bytes back
Round trip time was 2.77123 milliseconds in repetition 46
tcp_ping received 12288 bytes back
Round trip time was 3.16467 milliseconds in repetition 47
tcp_ping received 12288 bytes back
Round trip time was 3.11611 milliseconds in repetition 48
tcp_ping received 12288 bytes back
Round trip time was 3.1222 milliseconds in repetition 49
tcp_ping received 12288 bytes back
Round trip time was 2.84837 milliseconds in repetition 50
tcp_ping received 12288 bytes back
Round trip time was 2.97163 milliseconds in repetition 51
tcp_ping received 12288 bytes back
Round trip time was 2.80012 milliseconds in repetition 52
tcp_ping received 12288 bytes back
Round trip time was 2.86546 milliseconds in repetition 53
tcp_ping received 12288 bytes back
Round trip time was 3.00117 milliseconds in repetition 54
tcp_ping received 12288 bytes back
Round trip time was 3.27793 milliseconds in repetition 55
tcp_ping received 12288 bytes back
Round trip time was 2.91865 milliseconds in repetition 56
tcp_ping received 12288 bytes back
Round trip time was 2.96356 milliseconds in repetition 57
tcp_ping received 12288 bytes back
Round trip time was 2.82555 milliseconds in repetition 58
tcp_ping received 12288 bytes back
Round trip time was 2.99711 milliseconds in repetition 59
tcp_ping received 12288 bytes back
Round trip time was 3.50085 milliseconds in repetition 60
tcp_ping received 12288 bytes back
Round trip time was 2.79065 milliseconds in repetition 61
tcp_ping received 12288 bytes back
Round trip time was 2.98054 milliseconds in repetition 62
tcp_ping received 12288 bytes back
Round trip time was 2.78103 milliseconds in repetition 63
tcp_ping received 12288 bytes back
Round trip time was 3.4033 milliseconds in repetition 64
tcp_ping received 12288 bytes back
Round trip time was 3.6397 milliseconds in repetition 65
tcp_ping received 12288 bytes back
Round trip time was 2.84401 milliseconds in repetition 66
tcp_ping received 12288 bytes back
Round trip time was 3.18379 milliseconds in repetition 67
tcp_ping received 12288 bytes back
Round trip time was 2.93635 milliseconds in repetition 68
tcp_ping received 12288 bytes back
Round trip time was 2.89313 milliseconds in repetition 69
tcp_ping received 12288 bytes back
Round trip time was 2.92458 milliseconds in repetition 70
tcp_ping received 12288 bytes back
Round trip time was 2.99095 milliseconds in repetition 71
tcp_ping received 12288 bytes back
Round trip time was 3.43397 milliseconds in repetition 72
tcp_ping received 12288 bytes back
Round trip time was 2.8001 milliseconds in repetition 73
tcp_ping received 12288 bytes back
Round trip time was 2.73783 milliseconds in repetition 74
tcp_ping received 12288 bytes back
Round trip time was 3.03522 milliseconds in repetition 75
tcp_ping received 12288 bytes back
Round trip time was 3.01084 milliseconds in repetition 76
tcp_ping received 12288 bytes back
Round trip time was 3.00818 milliseconds in repetition 77
tcp_ping received 12288 bytes back
Round trip time was 2.72814 milliseconds in repetition 78
tcp_ping received 12288 bytes back
Round trip time was 2.74602 milliseconds in repetition 79
tcp_ping received 12288 bytes back
Round trip time was 3.1311 milliseconds in repetition 80
tcp_ping received 12288 bytes back
Round trip time was 2.88636 milliseconds in repetition 81
tcp_ping received 12288 bytes back
Round trip time was 2.94543 milliseconds in repetition 82
tcp_ping received 12288 bytes back
Round trip time was 2.95157 milliseconds in repetition 83
tcp_ping received 12288 bytes back
Round trip time was 2.92446 milliseconds in repetition 84
tcp_ping received 12288 bytes back
Round trip time was 3.59899 milliseconds in repetition 85
tcp_ping received 12288 bytes back
Round trip time was 2.99463 milliseconds in repetition 86
tcp_ping received 12288 bytes back
Round trip time was 3.10577 milliseconds in repetition 87
tcp_ping received 12288 bytes back
Round trip time was 2.91688 milliseconds in repetition 88
tcp_ping received 12288 bytes back
Round trip time was 2.89089 milliseconds in repetition 89
tcp_ping received 12288 bytes back
Round trip time was 2.99346 milliseconds in repetition 90
tcp_ping received 12288 bytes back
Round trip time was 2.88592 milliseconds in repetition 91
tcp_ping received 12288 bytes back
Round trip time was 2.81301 milliseconds in repetition 92
tcp_ping received 12288 bytes back
Round trip time was 2.84153 milliseconds in repetition 93
tcp_ping received 12288 bytes back
Round trip time was 2.82385 milliseconds in repetition 94
tcp_ping received 12288 bytes back
Round trip time was 3.55772 milliseconds in repetition 95
tcp_ping received 12288 bytes back
Round trip time was 2.97342 milliseconds in repetition 96
tcp_ping received 12288 bytes back
Round trip time was 3.13216 milliseconds in repetition 97
tcp_ping received 12288 bytes back
Round trip time was 3.53753 milliseconds in repetition 98
tcp_ping received 12288 bytes back
Round trip time was 2.84325 milliseconds in repetition 99
tcp_ping received 12288 bytes back
Round trip time was 3.13566 milliseconds in repetition 100
tcp_ping received 12288 bytes back
Round trip time was 2.94485 milliseconds in repetition 101
tcp_ping received 12288 bytes back
Round trip time was 2.99997 milliseconds in repetition 102
tcp_ping received 12288 bytes back
Round trip time was 3.05556 milliseconds in repetition 103
tcp_ping received 12288 bytes back
Round trip time was 3.16184 milliseconds in repetition 104
tcp_ping received 12288 bytes back
Round trip time was 2.87707 milliseconds in repetition 105
tcp_ping received 12288 bytes back
Round trip time was 2.87716 milliseconds in repetition 106
tcp_ping received 12288 bytes back
Round trip time was 2.83986 milliseconds in repetition 107
tcp_ping received 12288 bytes back
Round trip time was 2.74827 milliseconds in repetition 108
tcp_ping received 12288 bytes back
Round trip time was 2.94456 milliseconds in repetition 109
tcp_ping received 12288 bytes back
Round trip time was 3.06482 milliseconds in repetition 110
tcp_ping received 12288 bytes back
Round trip time was 2.795 milliseconds in repetition 111
tcp_ping received 12288 bytes back
Round trip time was 3.27079 milliseconds in repetition 112
tcp_ping received 12288 bytes back
Round trip time was 3.06219 milliseconds in repetition 113
tcp_ping received 12288 bytes back
Round trip time was 3.4211 milliseconds in repetition 114
tcp_ping received 12288 bytes back
Round trip time was 2.91764 milliseconds in repetition 115
tcp_ping received 12288 bytes back
Round trip time was 2.95613 milliseconds in repetition 116
tcp_ping received 12288 bytes back
Round trip time was 2.92444 milliseconds in repetition 117
tcp_ping received 12288 bytes back
Round trip time was 3.57291 milliseconds in repetition 118
tcp_ping received 12288 bytes back
Round trip time was 3.30811 milliseconds in repetition 119
tcp_ping received 12288 bytes back
Round trip time was 3.04001 milliseconds in repetition 120
tcp_ping received 12288 bytes back
Round trip time was 2.80253 milliseconds in repetition 121
tcp_ping received 12288 bytes back
Round trip time was 2.87704 milliseconds in repetition 122
tcp_ping received 12288 bytes back
Round trip time was 2.90206 milliseconds in repetition 123
tcp_ping received 12288 bytes back
Round trip time was 3.05838 milliseconds in repetition 124
tcp_ping received 12288 bytes back
Round trip time was 2.85142 milliseconds in repetition 125
tcp_ping received 12288 bytes back
Round trip time was 3.34672 milliseconds in repetition 126
tcp_ping received 12288 bytes back
Round trip time was 3.29936 milliseconds in repetition 127
tcp_ping received 12288 bytes back
Round trip time was 3.53923 milliseconds in repetition 128
tcp_ping received 12288 bytes back
Round trip time was 2.89559 milliseconds in repetition 129
tcp_ping received 12288 bytes back
Round trip time was 3.08971 milliseconds in repetition 130
tcp_ping received 12288 bytes back
Round trip time was 2.68781 milliseconds in repetition 131
tcp_ping received 12288 bytes back
Round trip time was 2.96538 milliseconds in repetition 132
tcp_ping received 12288 bytes back
Round trip time was 3.01344 milliseconds in repetition 133
tcp_ping received 12288 bytes back
Round trip time was 2.94644 milliseconds in repetition 134
tcp_ping received 12288 bytes back
Round trip time was 3.10711 milliseconds in repetition 135
tcp_ping received 12288 bytes back
Round trip time was 3.50121 milliseconds in repetition 136
tcp_ping received 12288 bytes back
Round trip time was 2.84712 milliseconds in repetition 137
tcp_ping received 12288 bytes back
Round trip time was 3.02728 milliseconds in repetition 138
tcp_ping received 12288 bytes back
Round trip time was 3.09232 milliseconds in repetition 139
tcp_ping received 12288 bytes back
Round trip time was 2.91296 milliseconds in repetition 140
tcp_ping received 12288 bytes back
Round trip time was 2.75444 milliseconds in repetition 141
tcp_ping received 12288 bytes back
Round trip time was 2.92636 milliseconds in repetition 142
tcp_ping received 12288 bytes back
Round trip time was 2.72264 milliseconds in repetition 143
tcp_ping received 12288 bytes back
Round trip time was 3.39212 milliseconds in repetition 144
tcp_ping received 12288 bytes back
Round trip time was 2.99473 milliseconds in repetition 145
tcp_ping received 12288 bytes back
Round trip time was 2.83805 milliseconds in repetition 146
tcp_ping received 12288 bytes back
Round trip time was 2.99876 milliseconds in repetition 147
tcp_ping received 12288 bytes back
Round trip time was 2.80697 milliseconds in repetition 148
tcp_ping received 12288 bytes back
Round trip time was 3.14599 milliseconds in repetition 149
tcp_ping received 12288 bytes back
Round trip time was 3.52089 milliseconds in repetition 150
tcp_ping received 12288 bytes back
Round trip time was 3.34883 milliseconds in repetition 151
tcp_ping received 12288 bytes back
Round trip time was 2.75708 milliseconds in repetition 152
tcp_ping received 12288 bytes back
Round trip time was 2.92811 milliseconds in repetition 153
tcp_ping received 12288 bytes back
Round trip time was 2.92202 milliseconds in repetition 154
tcp_ping received 12288 bytes back
Round trip time was 2.88881 milliseconds in repetition 155
tcp_ping received 12288 bytes back
Round trip time was 3.31055 milliseconds in repetition 156
tcp_ping received 12288 bytes back
Round trip time was 3.47643 milliseconds in repetition 157
tcp_ping received 12288 bytes back
Round trip time was 3.01725 milliseconds in repetition 158
tcp_ping received 12288 bytes back
Round trip time was 3.07499 milliseconds in repetition 159
tcp_ping received 12288 bytes back
Round trip time was 3.42872 milliseconds in repetition 160
tcp_ping received 12288 bytes back
Round trip time was 2.88666 milliseconds in repetition 161
tcp_ping received 12288 bytes back
Round trip time was 3.26448 milliseconds in repetition 162
tcp_ping received 12288 bytes back
Round trip time was 11.117 milliseconds in repetition 163
tcp_ping received 12288 bytes back
Round trip time was 3.28142 milliseconds in repetition 164
tcp_ping received 12288 bytes back
Round trip time was 3.30782 milliseconds in repetition 165
tcp_ping received 12288 bytes back
Round trip time was 2.66947 milliseconds in repetition 166
tcp_ping received 12288 bytes back
Round trip time was 3.28399 milliseconds in repetition 167
tcp_ping received 12288 bytes back
Round trip time was 3.30728 milliseconds in repetition 168
tcp_ping received 12288 bytes back
Round trip time was 2.87322 milliseconds in repetition 169
tcp_ping received 12288 bytes back
Round trip time was 2.77369 milliseconds in repetition 170
tcp_ping received 12288 bytes back
Round trip time was 3.15291 milliseconds in repetition 171
tcp_ping received 12288 bytes back
Round trip time was 2.97259 milliseconds in repetition 172
tcp_ping received 12288 bytes back
Round trip time was 3.11266 milliseconds in repetition 173
tcp_ping received 12288 bytes back
Round trip time was 3.10852 milliseconds in repetition 174
tcp_ping received 12288 bytes back
Round trip time was 3.22044 milliseconds in repetition 175
tcp_ping received 12288 bytes back
Round trip time was 2.9382 milliseconds in repetition 176
tcp_ping received 12288 bytes back
Round trip time was 2.96725 milliseconds in repetition 177
tcp_ping received 12288 bytes back
Round trip time was 2.77538 milliseconds in repetition 178
tcp_ping received 12288 bytes back
Round trip time was 3.02107 milliseconds in repetition 179
tcp_ping received 12288 bytes back
Round trip time was 2.84965 milliseconds in repetition 180
tcp_ping received 12288 bytes back
Round trip time was 3.25479 milliseconds in repetition 181
tcp_ping received 12288 bytes back
Round trip time was 2.91058 milliseconds in repetition 182
tcp_ping received 12288 bytes back
Round trip time was 3.31416 milliseconds in repetition 183
tcp_ping received 12288 bytes back
Round trip time was 2.99634 milliseconds in repetition 184
tcp_ping received 12288 bytes back
Round trip time was 2.88795 milliseconds in repetition 185
tcp_ping received 12288 bytes back
Round trip time was 3.41775 milliseconds in repetition 186
tcp_ping received 12288 bytes back
Round trip time was 2.96692 milliseconds in repetition 187
tcp_ping received 12288 bytes back
Round trip time was 2.89641 milliseconds in repetition 188
tcp_ping received 12288 bytes back
Round trip time was 3.01148 milliseconds in repetition 189
tcp_ping received 12288 bytes back
Round trip time was 3.14567 milliseconds in repetition 190
tcp_ping received 12288 bytes back
Round trip time was 2.99277 milliseconds in repetition 191
tcp_ping received 12288 bytes back
Round trip time was 3.04195 milliseconds in repetition 192
tcp_ping received 12288 bytes back
Round trip time was 3.49317 milliseconds in repetition 193
tcp_ping received 12288 bytes back
Round trip time was 2.8519 milliseconds in repetition 194
tcp_ping received 12288 bytes back
Round trip time was 2.91907 milliseconds in repetition 195
tcp_ping received 12288 bytes back
Round trip time was 3.20809 milliseconds in repetition 196
tcp_ping received 12288 bytes back
Round trip time was 3.46425 milliseconds in repetition 197
tcp_ping received 12288 bytes back
Round trip time was 2.83054 milliseconds in repetition 198
tcp_ping received 12288 bytes back
Round trip time was 3.01968 milliseconds in repetition 199
tcp_ping received 12288 bytes back
Round trip time was 2.83843 milliseconds in repetition 200
tcp_ping received 12288 bytes back
Round trip time was 2.78798 milliseconds in repetition 201
tcp_ping received 12288 bytes back
Round trip time was 2.8513 milliseconds in repetition 202
tcp_ping received 12288 bytes back
Round trip time was 2.88553 milliseconds in repetition 203
tcp_ping received 12288 bytes back
Round trip time was 3.14473 milliseconds in repetition 204
tcp_ping received 12288 bytes back
Round trip time was 3.67137 milliseconds in repetition 205
tcp_ping received 12288 bytes back
Round trip time was 3.52327 milliseconds in repetition 206
tcp_ping received 12288 bytes back
Round trip time was 2.87935 milliseconds in repetition 207
tcp_ping received 12288 bytes back
Round trip time was 2.76507 milliseconds in repetition 208
tcp_ping received 12288 bytes back
Round trip time was 2.94616 milliseconds in repetition 209
tcp_ping received 12288 bytes back
Round trip time was 3.25165 milliseconds in repetition 210
tcp_ping received 12288 bytes back
Round trip time was 3.0921 milliseconds in repetition 211
tcp_ping received 12288 bytes back
Round trip time was 3.08556 milliseconds in repetition 212
tcp_ping received 12288 bytes back
Round trip time was 2.99156 milliseconds in repetition 213
tcp_ping received 12288 bytes back
Round trip time was 2.99896 milliseconds in repetition 214
tcp_ping received 12288 bytes back
Round trip time was 2.97675 milliseconds in repetition 215
tcp_ping received 12288 bytes back
Round trip time was 2.95528 milliseconds in repetition 216
tcp_ping received 12288 bytes back
Round trip time was 2.74857 milliseconds in repetition 217
tcp_ping received 12288 bytes back
Round trip time was 3.24653 milliseconds in repetition 218
tcp_ping received 12288 bytes back
Round trip time was 2.94701 milliseconds in repetition 219
tcp_ping received 12288 bytes back
Round trip time was 2.91424 milliseconds in repetition 220
tcp_ping received 12288 bytes back
Round trip time was 2.94951 milliseconds in repetition 221
tcp_ping received 12288 bytes back
Round trip time was 3.01162 milliseconds in repetition 222
tcp_ping received 12288 bytes back
Round trip time was 2.87025 milliseconds in repetition 223
tcp_ping received 12288 bytes back
Round trip time was 2.86836 milliseconds in repetition 224
tcp_ping received 12288 bytes back
Round trip time was 2.93261 milliseconds in repetition 225
tcp_ping received 12288 bytes back
Round trip time was 2.94552 milliseconds in repetition 226
tcp_ping received 12288 bytes back
Round trip time was 2.93959 milliseconds in repetition 227
tcp_ping received 12288 bytes back
Round trip time was 2.86867 milliseconds in repetition 228
tcp_ping received 12288 bytes back
Round trip time was 3.23811 milliseconds in repetition 229
tcp_ping received 12288 bytes back
Round trip time was 2.93908 milliseconds in repetition 230
tcp_ping received 12288 bytes back
Round trip time was 2.90451 milliseconds in repetition 231
tcp_ping received 12288 bytes back
Round trip time was 7.12179 milliseconds in repetition 232
tcp_ping received 12288 bytes back
Round trip time was 3.26719 milliseconds in repetition 233
tcp_ping received 12288 bytes back
Round trip time was 3.32395 milliseconds in repetition 234
tcp_ping received 12288 bytes back
Round trip time was 3.35442 milliseconds in repetition 235
tcp_ping received 12288 bytes back
Round trip time was 2.84968 milliseconds in repetition 236
tcp_ping received 12288 bytes back
Round trip time was 2.77991 milliseconds in repetition 237
tcp_ping received 12288 bytes back
Round trip time was 2.73268 milliseconds in repetition 238
tcp_ping received 12288 bytes back
Round trip time was 3.47388 milliseconds in repetition 239
tcp_ping received 12288 bytes back
Round trip time was 2.85198 milliseconds in repetition 240
tcp_ping received 12288 bytes back
Round trip time was 2.80537 milliseconds in repetition 241
tcp_ping received 12288 bytes back
Round trip time was 3.0683 milliseconds in repetition 242
tcp_ping received 12288 bytes back
Round trip time was 3.55866 milliseconds in repetition 243
tcp_ping received 12288 bytes back
Round trip time was 2.86389 milliseconds in repetition 244
tcp_ping received 12288 bytes back
Round trip time was 3.24338 milliseconds in repetition 245
tcp_ping received 12288 bytes back
Round trip time was 3.19699 milliseconds in repetition 246
tcp_ping received 12288 bytes back
Round trip time was 3.06618 milliseconds in repetition 247
tcp_ping received 12288 bytes back
Round trip time was 2.8868 milliseconds in repetition 248
tcp_ping received 12288 bytes back
Round trip time was 2.99884 milliseconds in repetition 249
tcp_ping received 12288 bytes back
Round trip time was 2.87078 milliseconds in repetition 250
tcp_ping received 12288 bytes back
Round trip time was 3.47893 milliseconds in repetition 251
tcp_ping received 12288 bytes back
Round trip time was 2.93074 milliseconds in repetition 252
tcp_ping received 12288 bytes back
Round trip time was 2.80221 milliseconds in repetition 253
tcp_ping received 12288 bytes back
Round trip time was 3.1315 milliseconds in repetition 254
tcp_ping received 12288 bytes back
Round trip time was 3.01169 milliseconds in repetition 255
tcp_ping received 12288 bytes back
Round trip time was 7.16 milliseconds in repetition 256
tcp_ping received 12288 bytes back
Round trip time was 2.82664 milliseconds in repetition 257
tcp_ping received 12288 bytes back
Round trip time was 2.98943 milliseconds in repetition 258
tcp_ping received 12288 bytes back
Round trip time was 2.88693 milliseconds in repetition 259
tcp_ping received 12288 bytes back
Round trip time was 3.33801 milliseconds in repetition 260
tcp_ping received 12288 bytes back
Round trip time was 3.64358 milliseconds in repetition 261
tcp_ping received 12288 bytes back
Round trip time was 2.9918 milliseconds in repetition 262
tcp_ping received 12288 bytes back
Round trip time was 3.22879 milliseconds in repetition 263
tcp_ping received 12288 bytes back
Round trip time was 3.21136 milliseconds in repetition 264
tcp_ping received 12288 bytes back
Round trip time was 2.85522 milliseconds in repetition 265
tcp_ping received 12288 bytes back
Round trip time was 2.81039 milliseconds in repetition 266
tcp_ping received 12288 bytes back
Round trip time was 3.02527 milliseconds in repetition 267
tcp_ping received 12288 bytes back
Round trip time was 3.32114 milliseconds in repetition 268
tcp_ping received 12288 bytes back
Round trip time was 2.8041 milliseconds in repetition 269
tcp_ping received 12288 bytes back
Round trip time was 2.87365 milliseconds in repetition 270
tcp_ping received 12288 bytes back
Round trip time was 2.81077 milliseconds in repetition 271
tcp_ping received 12288 bytes back
Round trip time was 2.90935 milliseconds in repetition 272
tcp_ping received 12288 bytes back
Round trip time was 3.77506 milliseconds in repetition 273
tcp_ping received 12288 bytes back
Round trip time was 3.75575 milliseconds in repetition 274
tcp_ping received 12288 bytes back
Round trip time was 3.57874 milliseconds in repetition 275
tcp_ping received 12288 bytes back
Round trip time was 2.97988 milliseconds in repetition 276
tcp_ping received 12288 bytes back
Round trip time was 2.89518 milliseconds in repetition 277
tcp_ping received 12288 bytes back
Round trip time was 2.78438 milliseconds in repetition 278
tcp_ping received 12288 bytes back
Round trip time was 3.18345 milliseconds in repetition 279
tcp_ping received 12288 bytes back
Round trip time was 2.87561 milliseconds in repetition 280
tcp_ping received 12288 bytes back
Round trip time was 2.86918 milliseconds in repetition 281
tcp_ping received 12288 bytes back
Round trip time was 2.93607 milliseconds in repetition 282
tcp_ping received 12288 bytes back
Round trip time was 3.13754 milliseconds in repetition 283
tcp_ping received 12288 bytes back
Round trip time was 3.00472 milliseconds in repetition 284
tcp_ping received 12288 bytes back
Round trip time was 2.96637 milliseconds in repetition 285
tcp_ping received 12288 bytes back
Round trip time was 2.86133 milliseconds in repetition 286
tcp_ping received 12288 bytes back
Round trip time was 3.60353 milliseconds in repetition 287
tcp_ping received 12288 bytes back
Round trip time was 3.66457 milliseconds in repetition 288
tcp_ping received 12288 bytes back
Round trip time was 2.97509 milliseconds in repetition 289
tcp_ping received 12288 bytes back
Round trip time was 3.13765 milliseconds in repetition 290
tcp_ping received 12288 bytes back
Round trip time was 3.09292 milliseconds in repetition 291
tcp_ping received 12288 bytes back
Round trip time was 2.92638 milliseconds in repetition 292
tcp_ping received 12288 bytes back
Round trip time was 3.68389 milliseconds in repetition 293
tcp_ping received 12288 bytes back
Round trip time was 2.87721 milliseconds in repetition 294
tcp_ping received 12288 bytes back
Round trip time was 2.92054 milliseconds in repetition 295
tcp_ping received 12288 bytes back
Round trip time was 2.91176 milliseconds in repetition 296
tcp_ping received 12288 bytes back
Round trip time was 2.89369 milliseconds in repetition 297
tcp_ping received 12288 bytes back
Round trip time was 2.88825 milliseconds in repetition 298
tcp_ping received 12288 bytes back
Round trip time was 2.95795 milliseconds in repetition 299
tcp_ping received 12288 bytes back
Round trip time was 2.79998 milliseconds in repetition 300
tcp_ping received 12288 bytes back
Round trip time was 3.34054 milliseconds in repetition 301
tcp_ping received 12288 bytes back
Round trip time was 2.91167 milliseconds in repetition 302
tcp_ping received 12288 bytes back
Round trip time was 2.69334 milliseconds in repetition 303
tcp_ping received 12288 bytes back
Round trip time was 3.14468 milliseconds in repetition 304
tcp_ping received 12288 bytes back
Round trip time was 3.27492 milliseconds in repetition 305
tcp_ping received 12288 bytes back
Round trip time was 3.09131 milliseconds in repetition 306
tcp_ping received 12288 bytes back
Round trip time was 2.97472 milliseconds in repetition 307
tcp_ping received 12288 bytes back
Round trip time was 2.89895 milliseconds in repetition 308
tcp_ping received 12288 bytes back
Round trip time was 2.72634 milliseconds in repetition 309
tcp_ping received 12288 bytes back
Round trip time was 2.8322 milliseconds in repetition 310
tcp_ping received 12288 bytes back
Round trip time was 2.83282 milliseconds in repetition 311
tcp_ping received 12288 bytes back
Round trip time was 2.95632 milliseconds in repetition 312
tcp_ping received 12288 bytes back
Round trip time was 4.0754 milliseconds in repetition 313
tcp_ping received 12288 bytes back
Round trip time was 3.6132 milliseconds in repetition 314
tcp_ping received 12288 bytes back
Round trip time was 2.91055 milliseconds in repetition 315
tcp_ping received 12288 bytes back
Round trip time was 2.83316 milliseconds in repetition 316
tcp_ping received 12288 bytes back
Round trip time was 2.80256 milliseconds in repetition 317
tcp_ping received 12288 bytes back
Round trip time was 3.13702 milliseconds in repetition 318
tcp_ping received 12288 bytes back
Round trip time was 2.94032 milliseconds in repetition 319
tcp_ping received 12288 bytes back
Round trip time was 3.01722 milliseconds in repetition 320
tcp_ping received 12288 bytes back
Round trip time was 2.92412 milliseconds in repetition 321
tcp_ping received 12288 bytes back
Round trip time was 3.3812 milliseconds in repetition 322
tcp_ping received 12288 bytes back
Round trip time was 3.40892 milliseconds in repetition 323
tcp_ping received 12288 bytes back
Round trip time was 2.85095 milliseconds in repetition 324
tcp_ping received 12288 bytes back
Round trip time was 2.91142 milliseconds in repetition 325
tcp_ping received 12288 bytes back
Round trip time was 3.2921 milliseconds in repetition 326
tcp_ping received 12288 bytes back
Round trip time was 2.97234 milliseconds in repetition 327
tcp_ping received 12288 bytes back
Round trip time was 2.84195 milliseconds in repetition 328
tcp_ping received 12288 bytes back
Round trip time was 2.96098 milliseconds in repetition 329
tcp_ping received 12288 bytes back
Round trip time was 2.96538 milliseconds in repetition 330
tcp_ping received 12288 bytes back
Round trip time was 3.67892 milliseconds in repetition 331
tcp_ping received 12288 bytes back
Round trip time was 2.91215 milliseconds in repetition 332
tcp_ping received 12288 bytes back
Round trip time was 3.44516 milliseconds in repetition 333
tcp_ping received 12288 bytes back
Round trip time was 2.93227 milliseconds in repetition 334
tcp_ping received 12288 bytes back
Round trip time was 3.20301 milliseconds in repetition 335
tcp_ping received 12288 bytes back
Round trip time was 3.09986 milliseconds in repetition 336
tcp_ping received 12288 bytes back
Round trip time was 2.88614 milliseconds in repetition 337
tcp_ping received 12288 bytes back
Round trip time was 3.52686 milliseconds in repetition 338
tcp_ping received 12288 bytes back
Round trip time was 3.19253 milliseconds in repetition 339
tcp_ping received 12288 bytes back
Round trip time was 2.98254 milliseconds in repetition 340
tcp_ping received 12288 bytes back
Round trip time was 3.21658 milliseconds in repetition 341
tcp_ping received 12288 bytes back
Round trip time was 2.87206 milliseconds in repetition 342
tcp_ping received 12288 bytes back
Round trip time was 3.22535 milliseconds in repetition 343
tcp_ping received 12288 bytes back
Round trip time was 3.05893 milliseconds in repetition 344
tcp_ping received 12288 bytes back
Round trip time was 3.11736 milliseconds in repetition 345
tcp_ping received 12288 bytes back
Round trip time was 2.74754 milliseconds in repetition 346
tcp_ping received 12288 bytes back
Round trip time was 3.22613 milliseconds in repetition 347
tcp_ping received 12288 bytes back
Round trip time was 3.26847 milliseconds in repetition 348
tcp_ping received 12288 bytes back
Round trip time was 2.99756 milliseconds in repetition 349
tcp_ping received 12288 bytes back
Round trip time was 2.97676 milliseconds in repetition 350
tcp_ping received 12288 bytes back
Round trip time was 3.03985 milliseconds in repetition 351
tcp_ping received 12288 bytes back
Round trip time was 2.76229 milliseconds in repetition 352
tcp_ping received 12288 bytes back
Round trip time was 3.19391 milliseconds in repetition 353
tcp_ping received 12288 bytes back
Round trip time was 3.22904 milliseconds in repetition 354
tcp_ping received 12288 bytes back
Round trip time was 2.94205 milliseconds in repetition 355
tcp_ping received 12288 bytes back
Round trip time was 3.36472 milliseconds in repetition 356
tcp_ping received 12288 bytes back
Round trip time was 2.88287 milliseconds in repetition 357
tcp_ping received 12288 bytes back
Round trip time was 3.60317 milliseconds in repetition 358
tcp_ping received 12288 bytes back
Round trip time was 3.39208 milliseconds in repetition 359
tcp_ping received 12288 bytes back
Round trip time was 2.90366 milliseconds in repetition 360
tcp_ping received 12288 bytes back
Round trip time was 3.02006 milliseconds in repetition 361
tcp_ping received 12288 bytes back
Round trip time was 2.90096 milliseconds in repetition 362
tcp_ping received 12288 bytes back
Round trip time was 3.55808 milliseconds in repetition 363
tcp_ping received 12288 bytes back
Round trip time was 3.16707 milliseconds in repetition 364
tcp_ping received 12288 bytes back
Round trip time was 2.95562 milliseconds in repetition 365
tcp_ping received 12288 bytes back
Round trip time was 3.33079 milliseconds in repetition 366
tcp_ping received 12288 bytes back
Round trip time was 3.04961 milliseconds in repetition 367
tcp_ping received 12288 bytes back
Round trip time was 2.95046 milliseconds in repetition 368
tcp_ping received 12288 bytes back
Round trip time was 2.74632 milliseconds in repetition 369
tcp_ping received 12288 bytes back
Round trip time was 3.08578 milliseconds in repetition 370
tcp_ping received 12288 bytes back
Round trip time was 3.59724 milliseconds in repetition 371
tcp_ping received 12288 bytes back
Round trip time was 2.90032 milliseconds in repetition 372
tcp_ping received 12288 bytes back
Round trip time was 3.60172 milliseconds in repetition 373
tcp_ping received 12288 bytes back
Round trip time was 3.57278 milliseconds in repetition 374
tcp_ping received 12288 bytes back
Round trip time was 2.84936 milliseconds in repetition 375
tcp_ping received 12288 bytes back
Round trip time was 2.98963 milliseconds in repetition 376
tcp_ping received 12288 bytes back
Round trip time was 3.09645 milliseconds in repetition 377
tcp_ping received 12288 bytes back
Round trip time was 3.65484 milliseconds in repetition 378
tcp_ping received 12288 bytes back
Round trip time was 3.21675 milliseconds in repetition 379
tcp_ping received 12288 bytes back
Round trip time was 2.71941 milliseconds in repetition 380
tcp_ping received 12288 bytes back
Round trip time was 3.05055 milliseconds in repetition 381
tcp_ping received 12288 bytes back
Round trip time was 3.19398 milliseconds in repetition 382
tcp_ping received 12288 bytes back
Round trip time was 2.99917 milliseconds in repetition 383
tcp_ping received 12288 bytes back
Round trip time was 3.01037 milliseconds in repetition 384
tcp_ping received 12288 bytes back
Round trip time was 2.93188 milliseconds in repetition 385
tcp_ping received 12288 bytes back
Round trip time was 2.95992 milliseconds in repetition 386
tcp_ping received 12288 bytes back
Round trip time was 3.16155 milliseconds in repetition 387
tcp_ping received 12288 bytes back
Round trip time was 3.01355 milliseconds in repetition 388
tcp_ping received 12288 bytes back
Round trip time was 2.78124 milliseconds in repetition 389
tcp_ping received 12288 bytes back
Round trip time was 2.93925 milliseconds in repetition 390
tcp_ping received 12288 bytes back
Round trip time was 2.95957 milliseconds in repetition 391
tcp_ping received 12288 bytes back
Round trip time was 2.85691 milliseconds in repetition 392
tcp_ping received 12288 bytes back
Round trip time was 3.33011 milliseconds in repetition 393
tcp_ping received 12288 bytes back
Round trip time was 3.61088 milliseconds in repetition 394
tcp_ping received 12288 bytes back
Round trip time was 3.61757 milliseconds in repetition 395
tcp_ping received 12288 bytes back
Round trip time was 2.77704 milliseconds in repetition 396
tcp_ping received 12288 bytes back
Round trip time was 3.01354 milliseconds in repetition 397
tcp_ping received 12288 bytes back
Round trip time was 3.07719 milliseconds in repetition 398
tcp_ping received 12288 bytes back
Round trip time was 2.77809 milliseconds in repetition 399
tcp_ping received 12288 bytes back
Round trip time was 3.49142 milliseconds in repetition 400
tcp_ping received 12288 bytes back
Round trip time was 3.22087 milliseconds in repetition 401
tcp_ping received 12288 bytes back
Round trip time was 2.77021 milliseconds in repetition 402
tcp_ping received 12288 bytes back
Round trip time was 2.88854 milliseconds in repetition 403
tcp_ping received 12288 bytes back
Round trip time was 2.82877 milliseconds in repetition 404
tcp_ping received 12288 bytes back
Round trip time was 3.55271 milliseconds in repetition 405
tcp_ping received 12288 bytes back
Round trip time was 2.79932 milliseconds in repetition 406
tcp_ping received 12288 bytes back
Round trip time was 2.95604 milliseconds in repetition 407
tcp_ping received 12288 bytes back
Round trip time was 3.23791 milliseconds in repetition 408
tcp_ping received 12288 bytes back
Round trip time was 3.05408 milliseconds in repetition 409
tcp_ping received 12288 bytes back
Round trip time was 2.80063 milliseconds in repetition 410
tcp_ping received 12288 bytes back
Round trip time was 2.79383 milliseconds in repetition 411
tcp_ping received 12288 bytes back
Round trip time was 2.88065 milliseconds in repetition 412
tcp_ping received 12288 bytes back
Round trip time was 3.26781 milliseconds in repetition 413
tcp_ping received 12288 bytes back
Round trip time was 2.80643 milliseconds in repetition 414
tcp_ping received 12288 bytes back
Round trip time was 2.87125 milliseconds in repetition 415
tcp_ping received 12288 bytes back
Round trip time was 3.56765 milliseconds in repetition 416
tcp_ping received 12288 bytes back
Round trip time was 2.82579 milliseconds in repetition 417
tcp_ping received 12288 bytes back
Round trip time was 2.83431 milliseconds in repetition 418
tcp_ping received 12288 bytes back
Round trip time was 2.74935 milliseconds in repetition 419
tcp_ping received 12288 bytes back
Round trip time was 2.88143 milliseconds in repetition 420
tcp_ping received 12288 bytes back
Round trip time was 3.33595 milliseconds in repetition 421
tcp_ping received 12288 bytes back
Round trip time was 2.8288 milliseconds in repetition 422
tcp_ping received 12288 bytes back
Round trip time was 2.842 milliseconds in repetition 423
tcp_ping received 12288 bytes back
Round trip time was 3.13425 milliseconds in repetition 424
tcp_ping received 12288 bytes back
Round trip time was 3.33442 milliseconds in repetition 425
tcp_ping received 12288 bytes back
Round trip time was 2.88773 milliseconds in repetition 426
tcp_ping received 12288 bytes back
Round trip time was 3.00615 milliseconds in repetition 427
tcp_ping received 12288 bytes back
Round trip time was 2.80959 milliseconds in repetition 428
tcp_ping received 12288 bytes back
Round trip time was 2.72491 milliseconds in repetition 429
tcp_ping received 12288 bytes back
Round trip time was 3.04554 milliseconds in repetition 430
tcp_ping received 12288 bytes back
Round trip time was 2.99712 milliseconds in repetition 431
tcp_ping received 12288 bytes back
Round trip time was 3.11529 milliseconds in repetition 432
tcp_ping received 12288 bytes back
Round trip time was 2.88125 milliseconds in repetition 433
tcp_ping received 12288 bytes back
Round trip time was 2.78506 milliseconds in repetition 434
tcp_ping received 12288 bytes back
Round trip time was 3.00348 milliseconds in repetition 435
tcp_ping received 12288 bytes back
Round trip time was 2.77493 milliseconds in repetition 436
tcp_ping received 12288 bytes back
Round trip time was 3.61561 milliseconds in repetition 437
tcp_ping received 12288 bytes back
Round trip time was 2.83696 milliseconds in repetition 438
tcp_ping received 12288 bytes back
Round trip time was 3.29663 milliseconds in repetition 439
tcp_ping received 12288 bytes back
Round trip time was 2.97193 milliseconds in repetition 440
tcp_ping received 12288 bytes back
Round trip time was 2.84238 milliseconds in repetition 441
tcp_ping received 12288 bytes back
Round trip time was 2.73213 milliseconds in repetition 442
tcp_ping received 12288 bytes back
Round trip time was 3.17471 milliseconds in repetition 443
tcp_ping received 12288 bytes back
Round trip time was 3.07762 milliseconds in repetition 444
tcp_ping received 12288 bytes back
Round trip time was 2.92015 milliseconds in repetition 445
tcp_ping received 12288 bytes back
Round trip time was 2.90462 milliseconds in repetition 446
tcp_ping received 12288 bytes back
Round trip time was 3.74162 milliseconds in repetition 447
tcp_ping received 12288 bytes back
Round trip time was 3.05574 milliseconds in repetition 448
tcp_ping received 12288 bytes back
Round trip time was 3.69049 milliseconds in repetition 449
tcp_ping received 12288 bytes back
Round trip time was 3.08736 milliseconds in repetition 450
tcp_ping received 12288 bytes back
Round trip time was 3.46641 milliseconds in repetition 451
tcp_ping received 12288 bytes back
Round trip time was 2.73158 milliseconds in repetition 452
tcp_ping received 12288 bytes back
Round trip time was 2.85125 milliseconds in repetition 453
tcp_ping received 12288 bytes back
Round trip time was 2.89491 milliseconds in repetition 454
tcp_ping received 12288 bytes back
Round trip time was 3.00653 milliseconds in repetition 455
tcp_ping received 12288 bytes back
Round trip time was 2.88019 milliseconds in repetition 456
tcp_ping received 12288 bytes back
Round trip time was 2.94745 milliseconds in repetition 457
tcp_ping received 12288 bytes back
Round trip time was 5.21506 milliseconds in repetition 458
tcp_ping received 12288 bytes back
Round trip time was 3.01978 milliseconds in repetition 459
tcp_ping received 12288 bytes back
Round trip time was 2.78818 milliseconds in repetition 460
tcp_ping received 12288 bytes back
Round trip time was 3.53281 milliseconds in repetition 461
tcp_ping received 12288 bytes back
Round trip time was 2.88477 milliseconds in repetition 462
tcp_ping received 12288 bytes back
Round trip time was 3.32356 milliseconds in repetition 463
tcp_ping received 12288 bytes back
Round trip time was 2.90951 milliseconds in repetition 464
tcp_ping received 12288 bytes back
Round trip time was 2.98482 milliseconds in repetition 465
tcp_ping received 12288 bytes back
Round trip time was 3.63796 milliseconds in repetition 466
tcp_ping received 12288 bytes back
Round trip time was 3.15381 milliseconds in repetition 467
tcp_ping received 12288 bytes back
Round trip time was 2.86561 milliseconds in repetition 468
tcp_ping received 12288 bytes back
Round trip time was 3.05754 milliseconds in repetition 469
tcp_ping received 12288 bytes back
Round trip time was 3.1618 milliseconds in repetition 470
tcp_ping received 12288 bytes back
Round trip time was 3.02344 milliseconds in repetition 471
tcp_ping received 12288 bytes back
Round trip time was 3.0333 milliseconds in repetition 472
tcp_ping received 12288 bytes back
Round trip time was 2.74187 milliseconds in repetition 473
tcp_ping received 12288 bytes back
Round trip time was 3.48642 milliseconds in repetition 474
tcp_ping received 12288 bytes back
Round trip time was 3.34814 milliseconds in repetition 475
tcp_ping received 12288 bytes back
Round trip time was 2.79221 milliseconds in repetition 476
tcp_ping received 12288 bytes back
Round trip time was 2.83948 milliseconds in repetition 477
tcp_ping received 12288 bytes back
Round trip time was 3.43307 milliseconds in repetition 478
tcp_ping received 12288 bytes back
Round trip time was 2.80863 milliseconds in repetition 479
tcp_ping received 12288 bytes back
Round trip time was 2.94577 milliseconds in repetition 480
tcp_ping received 12288 bytes back
Round trip time was 3.18734 milliseconds in repetition 481
tcp_ping received 12288 bytes back
Round trip time was 3.13352 milliseconds in repetition 482
tcp_ping received 12288 bytes back
Round trip time was 3.07127 milliseconds in repetition 483
tcp_ping received 12288 bytes back
Round trip time was 3.76132 milliseconds in repetition 484
tcp_ping received 12288 bytes back
Round trip time was 2.88705 milliseconds in repetition 485
tcp_ping received 12288 bytes back
Round trip time was 3.66677 milliseconds in repetition 486
tcp_ping received 12288 bytes back
Round trip time was 2.97524 milliseconds in repetition 487
tcp_ping received 12288 bytes back
Round trip time was 2.79867 milliseconds in repetition 488
tcp_ping received 12288 bytes back
Round trip time was 2.92738 milliseconds in repetition 489
tcp_ping received 12288 bytes back
Round trip time was 2.8891 milliseconds in repetition 490
tcp_ping received 12288 bytes back
Round trip time was 2.81026 milliseconds in repetition 491
tcp_ping received 12288 bytes back
Round trip time was 3.41476 milliseconds in repetition 492
tcp_ping received 12288 bytes back
Round trip time was 3.23182 milliseconds in repetition 493
tcp_ping received 12288 bytes back
Round trip time was 2.94386 milliseconds in repetition 494
tcp_ping received 12288 bytes back
Round trip time was 2.92978 milliseconds in repetition 495
tcp_ping received 12288 bytes back
Round trip time was 2.81465 milliseconds in repetition 496
tcp_ping received 12288 bytes back
Round trip time was 3.29282 milliseconds in repetition 497
tcp_ping received 12288 bytes back
Round trip time was 2.8583 milliseconds in repetition 498
tcp_ping received 12288 bytes back
Round trip time was 3.04296 milliseconds in repetition 499
tcp_ping received 12288 bytes back
Round trip time was 3.07994 milliseconds in repetition 500
tcp_ping received 12288 bytes back
Round trip time was 3.08675 milliseconds in repetition 501

 ... clock resolution was 1e-06
TCP Ping:  Statistics over 501 repetitions of 12288 byte messages

RTT : percentile 10: 2.8001, median: 2.98943, percentile 90: 3.49317, average: 3.09668, variance: 0.270969

RTT histogram:
   overall Throughput : 7936.23 KB/s

