TCP Ping trying to connect to server 192.168.1.110 (192.168.1.110) on port 1491
 ... connected to Pong server: asking for 501 repetitions of 524288 bytes TCP messages
 ... Pong server agreed :-)
tcp_ping received 524288 bytes back
Round trip time was 90.8383 milliseconds in repetition 1
tcp_ping received 524288 bytes back
Round trip time was 89.7539 milliseconds in repetition 2
tcp_ping received 524288 bytes back
Round trip time was 89.7262 milliseconds in repetition 3
tcp_ping received 524288 bytes back
Round trip time was 89.8882 milliseconds in repetition 4
tcp_ping received 524288 bytes back
Round trip time was 89.8878 milliseconds in repetition 5
tcp_ping received 524288 bytes back
Round trip time was 89.7617 milliseconds in repetition 6
tcp_ping received 524288 bytes back
Round trip time was 89.6491 milliseconds in repetition 7
tcp_ping received 524288 bytes back
Round trip time was 89.7291 milliseconds in repetition 8
tcp_ping received 524288 bytes back
Round trip time was 89.7468 milliseconds in repetition 9
tcp_ping received 524288 bytes back
Round trip time was 89.8461 milliseconds in repetition 10
tcp_ping received 524288 bytes back
Round trip time was 89.6666 milliseconds in repetition 11
tcp_ping received 524288 bytes back
Round trip time was 89.7781 milliseconds in repetition 12
tcp_ping received 524288 bytes back
Round trip time was 89.7249 milliseconds in repetition 13
tcp_ping received 524288 bytes back
Round trip time was 89.9891 milliseconds in repetition 14
tcp_ping received 524288 bytes back
Round trip time was 89.7944 milliseconds in repetition 15
tcp_ping received 524288 bytes back
Round trip time was 89.8135 milliseconds in repetition 16
tcp_ping received 524288 bytes back
Round trip time was 89.7582 milliseconds in repetition 17
tcp_ping received 524288 bytes back
Round trip time was 89.915 milliseconds in repetition 18
tcp_ping received 524288 bytes back
Round trip time was 89.8204 milliseconds in repetition 19
tcp_ping received 524288 bytes back
Round trip time was 89.9994 milliseconds in repetition 20
tcp_ping received 524288 bytes back
Round trip time was 89.7972 milliseconds in repetition 21
tcp_ping received 524288 bytes back
Round trip time was 89.8121 milliseconds in repetition 22
tcp_ping received 524288 bytes back
Round trip time was 89.9421 milliseconds in repetition 23
tcp_ping received 524288 bytes back
Round trip time was 89.8991 milliseconds in repetition 24
tcp_ping received 524288 bytes back
Round trip time was 89.7962 milliseconds in repetition 25
tcp_ping received 524288 bytes back
Round trip time was 89.7953 milliseconds in repetition 26
tcp_ping received 524288 bytes back
Round trip time was 89.785 milliseconds in repetition 27
tcp_ping received 524288 bytes back
Round trip time was 89.9825 milliseconds in repetition 28
tcp_ping received 524288 bytes back
Round trip time was 89.9062 milliseconds in repetition 29
tcp_ping received 524288 bytes back
Round trip time was 89.6697 milliseconds in repetition 30
tcp_ping received 524288 bytes back
Round trip time was 89.94 milliseconds in repetition 31
tcp_ping received 524288 bytes back
Round trip time was 89.6628 milliseconds in repetition 32
tcp_ping received 524288 bytes back
Round trip time was 89.8784 milliseconds in repetition 33
tcp_ping received 524288 bytes back
Round trip time was 89.8341 milliseconds in repetition 34
tcp_ping received 524288 bytes back
Round trip time was 89.9913 milliseconds in repetition 35
tcp_ping received 524288 bytes back
Round trip time was 89.7667 milliseconds in repetition 36
tcp_ping received 524288 bytes back
Round trip time was 89.7881 milliseconds in repetition 37
tcp_ping received 524288 bytes back
Round trip time was 89.8322 milliseconds in repetition 38
tcp_ping received 524288 bytes back
Round trip time was 89.9857 milliseconds in repetition 39
tcp_ping received 524288 bytes back
Round trip time was 89.722 milliseconds in repetition 40
tcp_ping received 524288 bytes back
Round trip time was 89.7906 milliseconds in repetition 41
tcp_ping received 524288 bytes back
Round trip time was 89.7761 milliseconds in repetition 42
tcp_ping received 524288 bytes back
Round trip time was 89.8107 milliseconds in repetition 43
tcp_ping received 524288 bytes back
Round trip time was 89.646 milliseconds in repetition 44
tcp_ping received 524288 bytes back
Round trip time was 89.9722 milliseconds in repetition 45
tcp_ping received 524288 bytes back
Round trip time was 89.763 milliseconds in repetition 46
tcp_ping received 524288 bytes back
Round trip time was 89.7957 milliseconds in repetition 47
tcp_ping received 524288 bytes back
Round trip time was 89.689 milliseconds in repetition 48
tcp_ping received 524288 bytes back
Round trip time was 89.808 milliseconds in repetition 49
tcp_ping received 524288 bytes back
Round trip time was 89.8311 milliseconds in repetition 50
tcp_ping received 524288 bytes back
Round trip time was 89.9354 milliseconds in repetition 51
tcp_ping received 524288 bytes back
Round trip time was 89.6683 milliseconds in repetition 52
tcp_ping received 524288 bytes back
Round trip time was 89.8008 milliseconds in repetition 53
tcp_ping received 524288 bytes back
Round trip time was 89.8556 milliseconds in repetition 54
tcp_ping received 524288 bytes back
Round trip time was 89.7705 milliseconds in repetition 55
tcp_ping received 524288 bytes back
Round trip time was 89.8399 milliseconds in repetition 56
tcp_ping received 524288 bytes back
Round trip time was 89.8023 milliseconds in repetition 57
tcp_ping received 524288 bytes back
Round trip time was 89.9377 milliseconds in repetition 58
tcp_ping received 524288 bytes back
Round trip time was 89.9276 milliseconds in repetition 59
tcp_ping received 524288 bytes back
Round trip time was 92.1566 milliseconds in repetition 60
tcp_ping received 524288 bytes back
Round trip time was 89.9764 milliseconds in repetition 61
tcp_ping received 524288 bytes back
Round trip time was 89.6268 milliseconds in repetition 62
tcp_ping received 524288 bytes back
Round trip time was 89.7525 milliseconds in repetition 63
tcp_ping received 524288 bytes back
Round trip time was 89.9136 milliseconds in repetition 64
tcp_ping received 524288 bytes back
Round trip time was 89.8422 milliseconds in repetition 65
tcp_ping received 524288 bytes back
Round trip time was 90.0183 milliseconds in repetition 66
tcp_ping received 524288 bytes back
Round trip time was 89.7329 milliseconds in repetition 67
tcp_ping received 524288 bytes back
Round trip time was 89.8573 milliseconds in repetition 68
tcp_ping received 524288 bytes back
Round trip time was 89.8566 milliseconds in repetition 69
tcp_ping received 524288 bytes back
Round trip time was 89.8876 milliseconds in repetition 70
tcp_ping received 524288 bytes back
Round trip time was 89.8692 milliseconds in repetition 71
tcp_ping received 524288 bytes back
Round trip time was 89.7763 milliseconds in repetition 72
tcp_ping received 524288 bytes back
Round trip time was 89.8642 milliseconds in repetition 73
tcp_ping received 524288 bytes back
Round trip time was 89.7464 milliseconds in repetition 74
tcp_ping received 524288 bytes back
Round trip time was 89.7337 milliseconds in repetition 75
tcp_ping received 524288 bytes back
Round trip time was 89.8806 milliseconds in repetition 76
tcp_ping received 524288 bytes back
Round trip time was 89.7701 milliseconds in repetition 77
tcp_ping received 524288 bytes back
Round trip time was 89.8355 milliseconds in repetition 78
tcp_ping received 524288 bytes back
Round trip time was 90.0444 milliseconds in repetition 79
tcp_ping received 524288 bytes back
Round trip time was 89.7045 milliseconds in repetition 80
tcp_ping received 524288 bytes back
Round trip time was 89.9702 milliseconds in repetition 81
tcp_ping received 524288 bytes back
Round trip time was 89.8836 milliseconds in repetition 82
tcp_ping received 524288 bytes back
Round trip time was 97.6689 milliseconds in repetition 83
tcp_ping received 524288 bytes back
Round trip time was 89.9032 milliseconds in repetition 84
tcp_ping received 524288 bytes back
Round trip time was 89.7756 milliseconds in repetition 85
tcp_ping received 524288 bytes back
Round trip time was 90.1731 milliseconds in repetition 86
tcp_ping received 524288 bytes back
Round trip time was 89.7509 milliseconds in repetition 87
tcp_ping received 524288 bytes back
Round trip time was 89.8224 milliseconds in repetition 88
tcp_ping received 524288 bytes back
Round trip time was 89.8049 milliseconds in repetition 89
tcp_ping received 524288 bytes back
Round trip time was 89.9204 milliseconds in repetition 90
tcp_ping received 524288 bytes back
Round trip time was 89.6791 milliseconds in repetition 91
tcp_ping received 524288 bytes back
Round trip time was 89.6307 milliseconds in repetition 92
tcp_ping received 524288 bytes back
Round trip time was 89.86 milliseconds in repetition 93
tcp_ping received 524288 bytes back
Round trip time was 89.8058 milliseconds in repetition 94
tcp_ping received 524288 bytes back
Round trip time was 89.6577 milliseconds in repetition 95
tcp_ping received 524288 bytes back
Round trip time was 89.7992 milliseconds in repetition 96
tcp_ping received 524288 bytes back
Round trip time was 89.7485 milliseconds in repetition 97
tcp_ping received 524288 bytes back
Round trip time was 89.848 milliseconds in repetition 98
tcp_ping received 524288 bytes back
Round trip time was 89.674 milliseconds in repetition 99
tcp_ping received 524288 bytes back
Round trip time was 89.8028 milliseconds in repetition 100
tcp_ping received 524288 bytes back
Round trip time was 89.6939 milliseconds in repetition 101
tcp_ping received 524288 bytes back
Round trip time was 89.7788 milliseconds in repetition 102
tcp_ping received 524288 bytes back
Round trip time was 89.8077 milliseconds in repetition 103
tcp_ping received 524288 bytes back
Round trip time was 89.8669 milliseconds in repetition 104
tcp_ping received 524288 bytes back
Round trip time was 89.8757 milliseconds in repetition 105
tcp_ping received 524288 bytes back
Round trip time was 89.7813 milliseconds in repetition 106
tcp_ping received 524288 bytes back
Round trip time was 89.6404 milliseconds in repetition 107
tcp_ping received 524288 bytes back
Round trip time was 89.7785 milliseconds in repetition 108
tcp_ping received 524288 bytes back
Round trip time was 89.8755 milliseconds in repetition 109
tcp_ping received 524288 bytes back
Round trip time was 90.0035 milliseconds in repetition 110
tcp_ping received 524288 bytes back
Round trip time was 89.9188 milliseconds in repetition 111
tcp_ping received 524288 bytes back
Round trip time was 89.8023 milliseconds in repetition 112
tcp_ping received 524288 bytes back
Round trip time was 89.7987 milliseconds in repetition 113
tcp_ping received 524288 bytes back
Round trip time was 89.7397 milliseconds in repetition 114
tcp_ping received 524288 bytes back
Round trip time was 90.0037 milliseconds in repetition 115
tcp_ping received 524288 bytes back
Round trip time was 90.013 milliseconds in repetition 116
tcp_ping received 524288 bytes back
Round trip time was 90.3581 milliseconds in repetition 117
tcp_ping received 524288 bytes back
Round trip time was 89.717 milliseconds in repetition 118
tcp_ping received 524288 bytes back
Round trip time was 89.9217 milliseconds in repetition 119
tcp_ping received 524288 bytes back
Round trip time was 89.7494 milliseconds in repetition 120
tcp_ping received 524288 bytes back
Round trip time was 89.9785 milliseconds in repetition 121
tcp_ping received 524288 bytes back
Round trip time was 89.7839 milliseconds in repetition 122
tcp_ping received 524288 bytes back
Round trip time was 89.888 milliseconds in repetition 123
tcp_ping received 524288 bytes back
Round trip time was 89.991 milliseconds in repetition 124
tcp_ping received 524288 bytes back
Round trip time was 90.0036 milliseconds in repetition 125
tcp_ping received 524288 bytes back
Round trip time was 89.8248 milliseconds in repetition 126
tcp_ping received 524288 bytes back
Round trip time was 89.7955 milliseconds in repetition 127
tcp_ping received 524288 bytes back
Round trip time was 89.7348 milliseconds in repetition 128
tcp_ping received 524288 bytes back
Round trip time was 89.8384 milliseconds in repetition 129
tcp_ping received 524288 bytes back
Round trip time was 90.0107 milliseconds in repetition 130
tcp_ping received 524288 bytes back
Round trip time was 89.7552 milliseconds in repetition 131
tcp_ping received 524288 bytes back
Round trip time was 89.809 milliseconds in repetition 132
tcp_ping received 524288 bytes back
Round trip time was 89.8535 milliseconds in repetition 133
tcp_ping received 524288 bytes back
Round trip time was 89.9478 milliseconds in repetition 134
tcp_ping received 524288 bytes back
Round trip time was 89.8049 milliseconds in repetition 135
tcp_ping received 524288 bytes back
Round trip time was 89.7181 milliseconds in repetition 136
tcp_ping received 524288 bytes back
Round trip time was 89.8564 milliseconds in repetition 137
tcp_ping received 524288 bytes back
Round trip time was 89.8578 milliseconds in repetition 138
tcp_ping received 524288 bytes back
Round trip time was 89.8102 milliseconds in repetition 139
tcp_ping received 524288 bytes back
Round trip time was 89.6997 milliseconds in repetition 140
tcp_ping received 524288 bytes back
Round trip time was 89.9556 milliseconds in repetition 141
tcp_ping received 524288 bytes back
Round trip time was 89.823 milliseconds in repetition 142
tcp_ping received 524288 bytes back
Round trip time was 89.8108 milliseconds in repetition 143
tcp_ping received 524288 bytes back
Round trip time was 89.8817 milliseconds in repetition 144
tcp_ping received 524288 bytes back
Round trip time was 89.994 milliseconds in repetition 145
tcp_ping received 524288 bytes back
Round trip time was 89.9671 milliseconds in repetition 146
tcp_ping received 524288 bytes back
Round trip time was 89.8251 milliseconds in repetition 147
tcp_ping received 524288 bytes back
Round trip time was 89.8105 milliseconds in repetition 148
tcp_ping received 524288 bytes back
Round trip time was 89.7224 milliseconds in repetition 149
tcp_ping received 524288 bytes back
Round trip time was 89.6882 milliseconds in repetition 150
tcp_ping received 524288 bytes back
Round trip time was 92.6182 milliseconds in repetition 151
tcp_ping received 524288 bytes back
Round trip time was 89.6863 milliseconds in repetition 152
tcp_ping received 524288 bytes back
Round trip time was 89.9211 milliseconds in repetition 153
tcp_ping received 524288 bytes back
Round trip time was 89.9224 milliseconds in repetition 154
tcp_ping received 524288 bytes back
Round trip time was 89.9217 milliseconds in repetition 155
tcp_ping received 524288 bytes back
Round trip time was 89.7128 milliseconds in repetition 156
tcp_ping received 524288 bytes back
Round trip time was 89.8105 milliseconds in repetition 157
tcp_ping received 524288 bytes back
Round trip time was 89.8645 milliseconds in repetition 158
tcp_ping received 524288 bytes back
Round trip time was 89.7704 milliseconds in repetition 159
tcp_ping received 524288 bytes back
Round trip time was 89.8069 milliseconds in repetition 160
tcp_ping received 524288 bytes back
Round trip time was 89.7979 milliseconds in repetition 161
tcp_ping received 524288 bytes back
Round trip time was 90.0174 milliseconds in repetition 162
tcp_ping received 524288 bytes back
Round trip time was 89.7765 milliseconds in repetition 163
tcp_ping received 524288 bytes back
Round trip time was 90.0287 milliseconds in repetition 164
tcp_ping received 524288 bytes back
Round trip time was 89.8448 milliseconds in repetition 165
tcp_ping received 524288 bytes back
Round trip time was 89.9672 milliseconds in repetition 166
tcp_ping received 524288 bytes back
Round trip time was 89.808 milliseconds in repetition 167
tcp_ping received 524288 bytes back
Round trip time was 89.8 milliseconds in repetition 168
tcp_ping received 524288 bytes back
Round trip time was 89.8584 milliseconds in repetition 169
tcp_ping received 524288 bytes back
Round trip time was 90.04 milliseconds in repetition 170
tcp_ping received 524288 bytes back
Round trip time was 89.7476 milliseconds in repetition 171
tcp_ping received 524288 bytes back
Round trip time was 89.7502 milliseconds in repetition 172
tcp_ping received 524288 bytes back
Round trip time was 89.9955 milliseconds in repetition 173
tcp_ping received 524288 bytes back
Round trip time was 89.8375 milliseconds in repetition 174
tcp_ping received 524288 bytes back
Round trip time was 89.8886 milliseconds in repetition 175
tcp_ping received 524288 bytes back
Round trip time was 89.8529 milliseconds in repetition 176
tcp_ping received 524288 bytes back
Round trip time was 89.986 milliseconds in repetition 177
tcp_ping received 524288 bytes back
Round trip time was 89.7582 milliseconds in repetition 178
tcp_ping received 524288 bytes back
Round trip time was 89.7607 milliseconds in repetition 179
tcp_ping received 524288 bytes back
Round trip time was 89.9151 milliseconds in repetition 180
tcp_ping received 524288 bytes back
Round trip time was 89.8182 milliseconds in repetition 181
tcp_ping received 524288 bytes back
Round trip time was 90.0193 milliseconds in repetition 182
tcp_ping received 524288 bytes back
Round trip time was 89.6474 milliseconds in repetition 183
tcp_ping received 524288 bytes back
Round trip time was 89.7953 milliseconds in repetition 184
tcp_ping received 524288 bytes back
Round trip time was 94.8068 milliseconds in repetition 185
tcp_ping received 524288 bytes back
Round trip time was 91.1832 milliseconds in repetition 186
tcp_ping received 524288 bytes back
Round trip time was 89.8548 milliseconds in repetition 187
tcp_ping received 524288 bytes back
Round trip time was 89.7351 milliseconds in repetition 188
tcp_ping received 524288 bytes back
Round trip time was 89.8209 milliseconds in repetition 189
tcp_ping received 524288 bytes back
Round trip time was 89.7711 milliseconds in repetition 190
tcp_ping received 524288 bytes back
Round trip time was 89.7859 milliseconds in repetition 191
tcp_ping received 524288 bytes back
Round trip time was 89.6822 milliseconds in repetition 192
tcp_ping received 524288 bytes back
Round trip time was 90.0191 milliseconds in repetition 193
tcp_ping received 524288 bytes back
Round trip time was 89.9732 milliseconds in repetition 194
tcp_ping received 524288 bytes back
Round trip time was 89.6458 milliseconds in repetition 195
tcp_ping received 524288 bytes back
Round trip time was 89.8101 milliseconds in repetition 196
tcp_ping received 524288 bytes back
Round trip time was 89.8476 milliseconds in repetition 197
tcp_ping received 524288 bytes back
Round trip time was 89.7946 milliseconds in repetition 198
tcp_ping received 524288 bytes back
Round trip time was 89.9989 milliseconds in repetition 199
tcp_ping received 524288 bytes back
Round trip time was 89.97 milliseconds in repetition 200
tcp_ping received 524288 bytes back
Round trip time was 89.8963 milliseconds in repetition 201
tcp_ping received 524288 bytes back
Round trip time was 89.8446 milliseconds in repetition 202
tcp_ping received 524288 bytes back
Round trip time was 89.8518 milliseconds in repetition 203
tcp_ping received 524288 bytes back
Round trip time was 89.9272 milliseconds in repetition 204
tcp_ping received 524288 bytes back
Round trip time was 89.8461 milliseconds in repetition 205
tcp_ping received 524288 bytes back
Round trip time was 89.9832 milliseconds in repetition 206
tcp_ping received 524288 bytes back
Round trip time was 89.7641 milliseconds in repetition 207
tcp_ping received 524288 bytes back
Round trip time was 89.7067 milliseconds in repetition 208
tcp_ping received 524288 bytes back
Round trip time was 89.7536 milliseconds in repetition 209
tcp_ping received 524288 bytes back
Round trip time was 89.8203 milliseconds in repetition 210
tcp_ping received 524288 bytes back
Round trip time was 90.1034 milliseconds in repetition 211
tcp_ping received 524288 bytes back
Round trip time was 89.9049 milliseconds in repetition 212
tcp_ping received 524288 bytes back
Round trip time was 89.9637 milliseconds in repetition 213
tcp_ping received 524288 bytes back
Round trip time was 89.7925 milliseconds in repetition 214
tcp_ping received 524288 bytes back
Round trip time was 89.7179 milliseconds in repetition 215
tcp_ping received 524288 bytes back
Round trip time was 89.9671 milliseconds in repetition 216
tcp_ping received 524288 bytes back
Round trip time was 89.8578 milliseconds in repetition 217
tcp_ping received 524288 bytes back
Round trip time was 90.0461 milliseconds in repetition 218
tcp_ping received 524288 bytes back
Round trip time was 89.9773 milliseconds in repetition 219
tcp_ping received 524288 bytes back
Round trip time was 89.8534 milliseconds in repetition 220
tcp_ping received 524288 bytes back
Round trip time was 89.6542 milliseconds in repetition 221
tcp_ping received 524288 bytes back
Round trip time was 89.8197 milliseconds in repetition 222
tcp_ping received 524288 bytes back
Round trip time was 89.7572 milliseconds in repetition 223
tcp_ping received 524288 bytes back
Round trip time was 89.7875 milliseconds in repetition 224
tcp_ping received 524288 bytes back
Round trip time was 89.9358 milliseconds in repetition 225
tcp_ping received 524288 bytes back
Round trip time was 89.7383 milliseconds in repetition 226
tcp_ping received 524288 bytes back
Round trip time was 89.914 milliseconds in repetition 227
tcp_ping received 524288 bytes back
Round trip time was 89.6891 milliseconds in repetition 228
tcp_ping received 524288 bytes back
Round trip time was 89.7219 milliseconds in repetition 229
tcp_ping received 524288 bytes back
Round trip time was 89.7392 milliseconds in repetition 230
tcp_ping received 524288 bytes back
Round trip time was 89.7432 milliseconds in repetition 231
tcp_ping received 524288 bytes back
Round trip time was 89.8281 milliseconds in repetition 232
tcp_ping received 524288 bytes back
Round trip time was 89.7905 milliseconds in repetition 233
tcp_ping received 524288 bytes back
Round trip time was 89.7121 milliseconds in repetition 234
tcp_ping received 524288 bytes back
Round trip time was 89.8025 milliseconds in repetition 235
tcp_ping received 524288 bytes back
Round trip time was 89.7383 milliseconds in repetition 236
tcp_ping received 524288 bytes back
Round trip time was 89.8638 milliseconds in repetition 237
tcp_ping received 524288 bytes back
Round trip time was 89.8116 milliseconds in repetition 238
tcp_ping received 524288 bytes back
Round trip time was 89.7356 milliseconds in repetition 239
tcp_ping received 524288 bytes back
Round trip time was 89.8855 milliseconds in repetition 240
tcp_ping received 524288 bytes back
Round trip time was 89.7726 milliseconds in repetition 241
tcp_ping received 524288 bytes back
Round trip time was 89.8981 milliseconds in repetition 242
tcp_ping received 524288 bytes back
Round trip time was 89.9068 milliseconds in repetition 243
tcp_ping received 524288 bytes back
Round trip time was 89.7378 milliseconds in repetition 244
tcp_ping received 524288 bytes back
Round trip time was 89.9099 milliseconds in repetition 245
tcp_ping received 524288 bytes back
Round trip time was 89.7571 milliseconds in repetition 246
tcp_ping received 524288 bytes back
Round trip time was 93.6175 milliseconds in repetition 247
tcp_ping received 524288 bytes back
Round trip time was 89.7991 milliseconds in repetition 248
tcp_ping received 524288 bytes back
Round trip time was 89.7491 milliseconds in repetition 249
tcp_ping received 524288 bytes back
Round trip time was 89.7637 milliseconds in repetition 250
tcp_ping received 524288 bytes back
Round trip time was 89.8316 milliseconds in repetition 251
tcp_ping received 524288 bytes back
Round trip time was 89.6587 milliseconds in repetition 252
tcp_ping received 524288 bytes back
Round trip time was 89.9656 milliseconds in repetition 253
tcp_ping received 524288 bytes back
Round trip time was 89.6957 milliseconds in repetition 254
tcp_ping received 524288 bytes back
Round trip time was 89.7129 milliseconds in repetition 255
tcp_ping received 524288 bytes back
Round trip time was 89.7743 milliseconds in repetition 256
tcp_ping received 524288 bytes back
Round trip time was 89.7372 milliseconds in repetition 257
tcp_ping received 524288 bytes back
Round trip time was 89.813 milliseconds in repetition 258
tcp_ping received 524288 bytes back
Round trip time was 89.9419 milliseconds in repetition 259
tcp_ping received 524288 bytes back
Round trip time was 90.0036 milliseconds in repetition 260
tcp_ping received 524288 bytes back
Round trip time was 89.8011 milliseconds in repetition 261
tcp_ping received 524288 bytes back
Round trip time was 89.6463 milliseconds in repetition 262
tcp_ping received 524288 bytes back
Round trip time was 89.656 milliseconds in repetition 263
tcp_ping received 524288 bytes back
Round trip time was 89.8829 milliseconds in repetition 264
tcp_ping received 524288 bytes back
Round trip time was 89.9708 milliseconds in repetition 265
tcp_ping received 524288 bytes back
Round trip time was 89.7216 milliseconds in repetition 266
tcp_ping received 524288 bytes back
Round trip time was 89.8935 milliseconds in repetition 267
tcp_ping received 524288 bytes back
Round trip time was 89.7907 milliseconds in repetition 268
tcp_ping received 524288 bytes back
Round trip time was 89.8136 milliseconds in repetition 269
tcp_ping received 524288 bytes back
Round trip time was 90 milliseconds in repetition 270
tcp_ping received 524288 bytes back
Round trip time was 89.8529 milliseconds in repetition 271
tcp_ping received 524288 bytes back
Round trip time was 89.8679 milliseconds in repetition 272
tcp_ping received 524288 bytes back
Round trip time was 89.8646 milliseconds in repetition 273
tcp_ping received 524288 bytes back
Round trip time was 89.8475 milliseconds in repetition 274
tcp_ping received 524288 bytes back
Round trip time was 89.9394 milliseconds in repetition 275
tcp_ping received 524288 bytes back
Round trip time was 89.8125 milliseconds in repetition 276
tcp_ping received 524288 bytes back
Round trip time was 89.8157 milliseconds in repetition 277
tcp_ping received 524288 bytes back
Round trip time was 89.8939 milliseconds in repetition 278
tcp_ping received 524288 bytes back
Round trip time was 90.1716 milliseconds in repetition 279
tcp_ping received 524288 bytes back
Round trip time was 90.0365 milliseconds in repetition 280
tcp_ping received 524288 bytes back
Round trip time was 89.7764 milliseconds in repetition 281
tcp_ping received 524288 bytes back
Round trip time was 89.825 milliseconds in repetition 282
tcp_ping received 524288 bytes back
Round trip time was 89.8311 milliseconds in repetition 283
tcp_ping received 524288 bytes back
Round trip time was 89.8602 milliseconds in repetition 284
tcp_ping received 524288 bytes back
Round trip time was 89.9301 milliseconds in repetition 285
tcp_ping received 524288 bytes back
Round trip time was 89.9632 milliseconds in repetition 286
tcp_ping received 524288 bytes back
Round trip time was 89.7077 milliseconds in repetition 287
tcp_ping received 524288 bytes back
Round trip time was 89.7478 milliseconds in repetition 288
tcp_ping received 524288 bytes back
Round trip time was 89.6843 milliseconds in repetition 289
tcp_ping received 524288 bytes back
Round trip time was 89.9454 milliseconds in repetition 290
tcp_ping received 524288 bytes back
Round trip time was 89.8764 milliseconds in repetition 291
tcp_ping received 524288 bytes back
Round trip time was 89.8701 milliseconds in repetition 292
tcp_ping received 524288 bytes back
Round trip time was 90.0627 milliseconds in repetition 293
tcp_ping received 524288 bytes back
Round trip time was 89.8099 milliseconds in repetition 294
tcp_ping received 524288 bytes back
Round trip time was 89.8964 milliseconds in repetition 295
tcp_ping received 524288 bytes back
Round trip time was 89.876 milliseconds in repetition 296
tcp_ping received 524288 bytes back
Round trip time was 89.7431 milliseconds in repetition 297
tcp_ping received 524288 bytes back
Round trip time was 90.5697 milliseconds in repetition 298
tcp_ping received 524288 bytes back
Round trip time was 89.9917 milliseconds in repetition 299
tcp_ping received 524288 bytes back
Round trip time was 89.7316 milliseconds in repetition 300
tcp_ping received 524288 bytes back
Round trip time was 89.6891 milliseconds in repetition 301
tcp_ping received 524288 bytes back
Round trip time was 89.6933 milliseconds in repetition 302
tcp_ping received 524288 bytes back
Round trip time was 90.0027 milliseconds in repetition 303
tcp_ping received 524288 bytes back
Round trip time was 90.0248 milliseconds in repetition 304
tcp_ping received 524288 bytes back
Round trip time was 89.795 milliseconds in repetition 305
tcp_ping received 524288 bytes back
Round trip time was 89.8617 milliseconds in repetition 306
tcp_ping received 524288 bytes back
Round trip time was 89.7812 milliseconds in repetition 307
tcp_ping received 524288 bytes back
Round trip time was 89.6918 milliseconds in repetition 308
tcp_ping received 524288 bytes back
Round trip time was 89.756 milliseconds in repetition 309
tcp_ping received 524288 bytes back
Round trip time was 89.9601 milliseconds in repetition 310
tcp_ping received 524288 bytes back
Round trip time was 89.7665 milliseconds in repetition 311
tcp_ping received 524288 bytes back
Round trip time was 89.8834 milliseconds in repetition 312
tcp_ping received 524288 bytes back
Round trip time was 90.0142 milliseconds in repetition 313
tcp_ping received 524288 bytes back
Round trip time was 89.7899 milliseconds in repetition 314
tcp_ping received 524288 bytes back
Round trip time was 89.8879 milliseconds in repetition 315
tcp_ping received 524288 bytes back
Round trip time was 89.833 milliseconds in repetition 316
tcp_ping received 524288 bytes back
Round trip time was 89.8636 milliseconds in repetition 317
tcp_ping received 524288 bytes back
Round trip time was 89.774 milliseconds in repetition 318
tcp_ping received 524288 bytes back
Round trip time was 89.7628 milliseconds in repetition 319
tcp_ping received 524288 bytes back
Round trip time was 89.8148 milliseconds in repetition 320
tcp_ping received 524288 bytes back
Round trip time was 90.1354 milliseconds in repetition 321
tcp_ping received 524288 bytes back
Round trip time was 89.6422 milliseconds in repetition 322
tcp_ping received 524288 bytes back
Round trip time was 89.8106 milliseconds in repetition 323
tcp_ping received 524288 bytes back
Round trip time was 89.7799 milliseconds in repetition 324
tcp_ping received 524288 bytes back
Round trip time was 89.668 milliseconds in repetition 325
tcp_ping received 524288 bytes back
Round trip time was 89.7745 milliseconds in repetition 326
tcp_ping received 524288 bytes back
Round trip time was 89.6896 milliseconds in repetition 327
tcp_ping received 524288 bytes back
Round trip time was 89.7516 milliseconds in repetition 328
tcp_ping received 524288 bytes back
Round trip time was 89.801 milliseconds in repetition 329
tcp_ping received 524288 bytes back
Round trip time was 89.8337 milliseconds in repetition 330
tcp_ping received 524288 bytes back
Round trip time was 89.8042 milliseconds in repetition 331
tcp_ping received 524288 bytes back
Round trip time was 89.7169 milliseconds in repetition 332
tcp_ping received 524288 bytes back
Round trip time was 89.6246 milliseconds in repetition 333
tcp_ping received 524288 bytes back
Round trip time was 89.7063 milliseconds in repetition 334
tcp_ping received 524288 bytes back
Round trip time was 89.7861 milliseconds in repetition 335
tcp_ping received 524288 bytes back
Round trip time was 89.7661 milliseconds in repetition 336
tcp_ping received 524288 bytes back
Round trip time was 89.6285 milliseconds in repetition 337
tcp_ping received 524288 bytes back
Round trip time was 89.7299 milliseconds in repetition 338
tcp_ping received 524288 bytes back
Round trip time was 89.7068 milliseconds in repetition 339
tcp_ping received 524288 bytes back
Round trip time was 90.099 milliseconds in repetition 340
tcp_ping received 524288 bytes back
Round trip time was 89.7448 milliseconds in repetition 341
tcp_ping received 524288 bytes back
Round trip time was 89.782 milliseconds in repetition 342
tcp_ping received 524288 bytes back
Round trip time was 89.6636 milliseconds in repetition 343
tcp_ping received 524288 bytes back
Round trip time was 89.761 milliseconds in repetition 344
tcp_ping received 524288 bytes back
Round trip time was 89.7582 milliseconds in repetition 345
tcp_ping received 524288 bytes back
Round trip time was 89.9829 milliseconds in repetition 346
tcp_ping received 524288 bytes back
Round trip time was 89.9838 milliseconds in repetition 347
tcp_ping received 524288 bytes back
Round trip time was 89.7788 milliseconds in repetition 348
tcp_ping received 524288 bytes back
Round trip time was 89.6723 milliseconds in repetition 349
tcp_ping received 524288 bytes back
Round trip time was 89.7816 milliseconds in repetition 350
tcp_ping received 524288 bytes back
Round trip time was 89.8016 milliseconds in repetition 351
tcp_ping received 524288 bytes back
Round trip time was 89.7678 milliseconds in repetition 352
tcp_ping received 524288 bytes back
Round trip time was 89.9362 milliseconds in repetition 353
tcp_ping received 524288 bytes back
Round trip time was 89.6347 milliseconds in repetition 354
tcp_ping received 524288 bytes back
Round trip time was 89.7426 milliseconds in repetition 355
tcp_ping received 524288 bytes back
Round trip time was 89.7218 milliseconds in repetition 356
tcp_ping received 524288 bytes back
Round trip time was 89.6951 milliseconds in repetition 357
tcp_ping received 524288 bytes back
Round trip time was 89.7328 milliseconds in repetition 358
tcp_ping received 524288 bytes back
Round trip time was 89.7941 milliseconds in repetition 359
tcp_ping received 524288 bytes back
Round trip time was 89.64 milliseconds in repetition 360
tcp_ping received 524288 bytes back
Round trip time was 89.6965 milliseconds in repetition 361
tcp_ping received 524288 bytes back
Round trip time was 89.7402 milliseconds in repetition 362
tcp_ping received 524288 bytes back
Round trip time was 89.7865 milliseconds in repetition 363
tcp_ping received 524288 bytes back
Round trip time was 89.9261 milliseconds in repetition 364
tcp_ping received 524288 bytes back
Round trip time was 89.7712 milliseconds in repetition 365
tcp_ping received 524288 bytes back
Round trip time was 89.8058 milliseconds in repetition 366
tcp_ping received 524288 bytes back
Round trip time was 89.7291 milliseconds in repetition 367
tcp_ping received 524288 bytes back
Round trip time was 89.6415 milliseconds in repetition 368
tcp_ping received 524288 bytes back
Round trip time was 89.8449 milliseconds in repetition 369
tcp_ping received 524288 bytes back
Round trip time was 89.7123 milliseconds in repetition 370
tcp_ping received 524288 bytes back
Round trip time was 89.8458 milliseconds in repetition 371
tcp_ping received 524288 bytes back
Round trip time was 89.6354 milliseconds in repetition 372
tcp_ping received 524288 bytes back
Round trip time was 89.73 milliseconds in repetition 373
tcp_ping received 524288 bytes back
Round trip time was 89.6345 milliseconds in repetition 374
tcp_ping received 524288 bytes back
Round trip time was 89.7618 milliseconds in repetition 375
tcp_ping received 524288 bytes back
Round trip time was 89.7776 milliseconds in repetition 376
tcp_ping received 524288 bytes back
Round trip time was 89.7606 milliseconds in repetition 377
tcp_ping received 524288 bytes back
Round trip time was 89.6867 milliseconds in repetition 378
tcp_ping received 524288 bytes back
Round trip time was 89.8017 milliseconds in repetition 379
tcp_ping received 524288 bytes back
Round trip time was 89.7455 milliseconds in repetition 380
tcp_ping received 524288 bytes back
Round trip time was 89.643 milliseconds in repetition 381
tcp_ping received 524288 bytes back
Round trip time was 89.7654 milliseconds in repetition 382
tcp_ping received 524288 bytes back
Round trip time was 89.929 milliseconds in repetition 383
tcp_ping received 524288 bytes back
Round trip time was 89.7746 milliseconds in repetition 384
tcp_ping received 524288 bytes back
Round trip time was 89.7493 milliseconds in repetition 385
tcp_ping received 524288 bytes back
Round trip time was 89.6528 milliseconds in repetition 386
tcp_ping received 524288 bytes back
Round trip time was 89.7501 milliseconds in repetition 387
tcp_ping received 524288 bytes back
Round trip time was 96.1068 milliseconds in repetition 388
tcp_ping received 524288 bytes back
Round trip time was 89.8366 milliseconds in repetition 389
tcp_ping received 524288 bytes back
Round trip time was 89.6491 milliseconds in repetition 390
tcp_ping received 524288 bytes back
Round trip time was 89.7412 milliseconds in repetition 391
tcp_ping received 524288 bytes back
Round trip time was 89.7308 milliseconds in repetition 392
tcp_ping received 524288 bytes back
Round trip time was 89.7895 milliseconds in repetition 393
tcp_ping received 524288 bytes back
Round trip time was 90.0643 milliseconds in repetition 394
tcp_ping received 524288 bytes back
Round trip time was 89.7665 milliseconds in repetition 395
tcp_ping received 524288 bytes back
Round trip time was 89.7181 milliseconds in repetition 396
tcp_ping received 524288 bytes back
Round trip time was 89.7577 milliseconds in repetition 397
tcp_ping received 524288 bytes back
Round trip time was 89.8134 milliseconds in repetition 398
tcp_ping received 524288 bytes back
Round trip time was 89.8027 milliseconds in repetition 399
tcp_ping received 524288 bytes back
Round trip time was 90.1453 milliseconds in repetition 400
tcp_ping received 524288 bytes back
Round trip time was 90.1441 milliseconds in repetition 401
tcp_ping received 524288 bytes back
Round trip time was 89.7156 milliseconds in repetition 402
tcp_ping received 524288 bytes back
Round trip time was 89.7065 milliseconds in repetition 403
tcp_ping received 524288 bytes back
Round trip time was 89.6554 milliseconds in repetition 404
tcp_ping received 524288 bytes back
Round trip time was 89.7526 milliseconds in repetition 405
tcp_ping received 524288 bytes back
Round trip time was 89.6468 milliseconds in repetition 406
tcp_ping received 524288 bytes back
Round trip time was 90.0464 milliseconds in repetition 407
tcp_ping received 524288 bytes back
Round trip time was 89.9056 milliseconds in repetition 408
tcp_ping received 524288 bytes back
Round trip time was 89.6414 milliseconds in repetition 409
tcp_ping received 524288 bytes back
Round trip time was 89.7785 milliseconds in repetition 410
tcp_ping received 524288 bytes back
Round trip time was 89.7541 milliseconds in repetition 411
tcp_ping received 524288 bytes back
Round trip time was 89.7513 milliseconds in repetition 412
tcp_ping received 524288 bytes back
Round trip time was 89.7559 milliseconds in repetition 413
tcp_ping received 524288 bytes back
Round trip time was 90.1677 milliseconds in repetition 414
tcp_ping received 524288 bytes back
Round trip time was 89.6271 milliseconds in repetition 415
tcp_ping received 524288 bytes back
Round trip time was 89.7789 milliseconds in repetition 416
tcp_ping received 524288 bytes back
Round trip time was 89.7977 milliseconds in repetition 417
tcp_ping received 524288 bytes back
Round trip time was 89.7568 milliseconds in repetition 418
tcp_ping received 524288 bytes back
Round trip time was 89.8095 milliseconds in repetition 419
tcp_ping received 524288 bytes back
Round trip time was 89.9797 milliseconds in repetition 420
tcp_ping received 524288 bytes back
Round trip time was 89.684 milliseconds in repetition 421
tcp_ping received 524288 bytes back
Round trip time was 89.919 milliseconds in repetition 422
tcp_ping received 524288 bytes back
Round trip time was 89.8418 milliseconds in repetition 423
tcp_ping received 524288 bytes back
Round trip time was 89.768 milliseconds in repetition 424
tcp_ping received 524288 bytes back
Round trip time was 89.7363 milliseconds in repetition 425
tcp_ping received 524288 bytes back
Round trip time was 89.748 milliseconds in repetition 426
tcp_ping received 524288 bytes back
Round trip time was 89.7548 milliseconds in repetition 427
tcp_ping received 524288 bytes back
Round trip time was 89.8428 milliseconds in repetition 428
tcp_ping received 524288 bytes back
Round trip time was 89.9718 milliseconds in repetition 429
tcp_ping received 524288 bytes back
Round trip time was 89.6779 milliseconds in repetition 430
tcp_ping received 524288 bytes back
Round trip time was 89.7094 milliseconds in repetition 431
tcp_ping received 524288 bytes back
Round trip time was 89.9222 milliseconds in repetition 432
tcp_ping received 524288 bytes back
Round trip time was 89.7298 milliseconds in repetition 433
tcp_ping received 524288 bytes back
Round trip time was 89.7168 milliseconds in repetition 434
tcp_ping received 524288 bytes back
Round trip time was 89.6706 milliseconds in repetition 435
tcp_ping received 524288 bytes back
Round trip time was 89.7042 milliseconds in repetition 436
tcp_ping received 524288 bytes back
Round trip time was 89.7474 milliseconds in repetition 437
tcp_ping received 524288 bytes back
Round trip time was 89.6621 milliseconds in repetition 438
tcp_ping received 524288 bytes back
Round trip time was 89.6534 milliseconds in repetition 439
tcp_ping received 524288 bytes back
Round trip time was 89.801 milliseconds in repetition 440
tcp_ping received 524288 bytes back
Round trip time was 89.9876 milliseconds in repetition 441
tcp_ping received 524288 bytes back
Round trip time was 90.0022 milliseconds in repetition 442
tcp_ping received 524288 bytes back
Round trip time was 89.6486 milliseconds in repetition 443
tcp_ping received 524288 bytes back
Round trip time was 89.6419 milliseconds in repetition 444
tcp_ping received 524288 bytes back
Round trip time was 89.6582 milliseconds in repetition 445
tcp_ping received 524288 bytes back
Round trip time was 89.6135 milliseconds in repetition 446
tcp_ping received 524288 bytes back
Round trip time was 90.019 milliseconds in repetition 447
tcp_ping received 524288 bytes back
Round trip time was 89.7502 milliseconds in repetition 448
tcp_ping received 524288 bytes back
Round trip time was 89.7704 milliseconds in repetition 449
tcp_ping received 524288 bytes back
Round trip time was 89.7441 milliseconds in repetition 450
tcp_ping received 524288 bytes back
Round trip time was 89.6581 milliseconds in repetition 451
tcp_ping received 524288 bytes back
Round trip time was 89.8017 milliseconds in repetition 452
tcp_ping received 524288 bytes back
Round trip time was 89.7211 milliseconds in repetition 453
tcp_ping received 524288 bytes back
Round trip time was 89.8105 milliseconds in repetition 454
tcp_ping received 524288 bytes back
Round trip time was 89.741 milliseconds in repetition 455
tcp_ping received 524288 bytes back
Round trip time was 89.7942 milliseconds in repetition 456
tcp_ping received 524288 bytes back
Round trip time was 89.8718 milliseconds in repetition 457
tcp_ping received 524288 bytes back
Round trip time was 89.8883 milliseconds in repetition 458
tcp_ping received 524288 bytes back
Round trip time was 89.9364 milliseconds in repetition 459
tcp_ping received 524288 bytes back
Round trip time was 89.734 milliseconds in repetition 460
tcp_ping received 524288 bytes back
Round trip time was 89.7416 milliseconds in repetition 461
tcp_ping received 524288 bytes back
Round trip time was 89.6781 milliseconds in repetition 462
tcp_ping received 524288 bytes back
Round trip time was 89.6385 milliseconds in repetition 463
tcp_ping received 524288 bytes back
Round trip time was 89.8936 milliseconds in repetition 464
tcp_ping received 524288 bytes back
Round trip time was 89.7547 milliseconds in repetition 465
tcp_ping received 524288 bytes back
Round trip time was 89.7349 milliseconds in repetition 466
tcp_ping received 524288 bytes back
Round trip time was 89.8894 milliseconds in repetition 467
tcp_ping received 524288 bytes back
Round trip time was 89.7072 milliseconds in repetition 468
tcp_ping received 524288 bytes back
Round trip time was 89.9206 milliseconds in repetition 469
tcp_ping received 524288 bytes back
Round trip time was 89.7081 milliseconds in repetition 470
tcp_ping received 524288 bytes back
Round trip time was 89.8023 milliseconds in repetition 471
tcp_ping received 524288 bytes back
Round trip time was 90.1379 milliseconds in repetition 472
tcp_ping received 524288 bytes back
Round trip time was 89.7234 milliseconds in repetition 473
tcp_ping received 524288 bytes back
Round trip time was 89.8457 milliseconds in repetition 474
tcp_ping received 524288 bytes back
Round trip time was 89.7284 milliseconds in repetition 475
tcp_ping received 524288 bytes back
Round trip time was 89.7096 milliseconds in repetition 476
tcp_ping received 524288 bytes back
Round trip time was 90.1717 milliseconds in repetition 477
tcp_ping received 524288 bytes back
Round trip time was 89.6958 milliseconds in repetition 478
tcp_ping received 524288 bytes back
Round trip time was 89.8247 milliseconds in repetition 479
tcp_ping received 524288 bytes back
Round trip time was 89.6695 milliseconds in repetition 480
tcp_ping received 524288 bytes back
Round trip time was 89.7722 milliseconds in repetition 481
tcp_ping received 524288 bytes back
Round trip time was 89.7677 milliseconds in repetition 482
tcp_ping received 524288 bytes back
Round trip time was 89.6563 milliseconds in repetition 483
tcp_ping received 524288 bytes back
Round trip time was 89.7761 milliseconds in repetition 484
tcp_ping received 524288 bytes back
Round trip time was 89.7446 milliseconds in repetition 485
tcp_ping received 524288 bytes back
Round trip time was 89.7585 milliseconds in repetition 486
tcp_ping received 524288 bytes back
Round trip time was 89.7438 milliseconds in repetition 487
tcp_ping received 524288 bytes back
Round trip time was 89.9362 milliseconds in repetition 488
tcp_ping received 524288 bytes back
Round trip time was 89.8481 milliseconds in repetition 489
tcp_ping received 524288 bytes back
Round trip time was 90.421 milliseconds in repetition 490
tcp_ping received 524288 bytes back
Round trip time was 89.9867 milliseconds in repetition 491
tcp_ping received 524288 bytes back
Round trip time was 89.8303 milliseconds in repetition 492
tcp_ping received 524288 bytes back
Round trip time was 89.8801 milliseconds in repetition 493
tcp_ping received 524288 bytes back
Round trip time was 90.3218 milliseconds in repetition 494
tcp_ping received 524288 bytes back
Round trip time was 89.7135 milliseconds in repetition 495
tcp_ping received 524288 bytes back
Round trip time was 89.6812 milliseconds in repetition 496
tcp_ping received 524288 bytes back
Round trip time was 89.7847 milliseconds in repetition 497
tcp_ping received 524288 bytes back
Round trip time was 89.6998 milliseconds in repetition 498
tcp_ping received 524288 bytes back
Round trip time was 89.8534 milliseconds in repetition 499
tcp_ping received 524288 bytes back
Round trip time was 89.7676 milliseconds in repetition 500
tcp_ping received 524288 bytes back
Round trip time was 89.8154 milliseconds in repetition 501

 ... clock resolution was 1e-06
TCP Ping:  Statistics over 501 repetitions of 524288 byte messages

RTT : percentile 10: 89.6822, median: 89.801, percentile 90: 89.9917, average: 89.8808, variance: 0.324718

RTT histogram:
   overall Throughput : 11666.3 KB/s

