TCP Ping trying to connect to server 192.168.1.110 (192.168.1.110) on port 1491
 ... connected to Pong server: asking for 501 repetitions of 65536 bytes TCP messages
 ... Pong server agreed :-)
tcp_ping received 65536 bytes back
Round trip time was 11.9593 milliseconds in repetition 1
tcp_ping received 65536 bytes back
Round trip time was 11.8381 milliseconds in repetition 2
tcp_ping received 65536 bytes back
Round trip time was 11.703 milliseconds in repetition 3
tcp_ping received 65536 bytes back
Round trip time was 11.8749 milliseconds in repetition 4
tcp_ping received 65536 bytes back
Round trip time was 11.6934 milliseconds in repetition 5
tcp_ping received 65536 bytes back
Round trip time was 11.9709 milliseconds in repetition 6
tcp_ping received 65536 bytes back
Round trip time was 11.8173 milliseconds in repetition 7
tcp_ping received 65536 bytes back
Round trip time was 26.7534 milliseconds in repetition 8
tcp_ping received 65536 bytes back
Round trip time was 11.8221 milliseconds in repetition 9
tcp_ping received 65536 bytes back
Round trip time was 12.0227 milliseconds in repetition 10
tcp_ping received 65536 bytes back
Round trip time was 11.8948 milliseconds in repetition 11
tcp_ping received 65536 bytes back
Round trip time was 12.0401 milliseconds in repetition 12
tcp_ping received 65536 bytes back
Round trip time was 11.8623 milliseconds in repetition 13
tcp_ping received 65536 bytes back
Round trip time was 11.7775 milliseconds in repetition 14
tcp_ping received 65536 bytes back
Round trip time was 11.7784 milliseconds in repetition 15
tcp_ping received 65536 bytes back
Round trip time was 11.7682 milliseconds in repetition 16
tcp_ping received 65536 bytes back
Round trip time was 11.9592 milliseconds in repetition 17
tcp_ping received 65536 bytes back
Round trip time was 11.849 milliseconds in repetition 18
tcp_ping received 65536 bytes back
Round trip time was 11.7443 milliseconds in repetition 19
tcp_ping received 65536 bytes back
Round trip time was 11.7782 milliseconds in repetition 20
tcp_ping received 65536 bytes back
Round trip time was 11.7666 milliseconds in repetition 21
tcp_ping received 65536 bytes back
Round trip time was 11.7458 milliseconds in repetition 22
tcp_ping received 65536 bytes back
Round trip time was 11.8424 milliseconds in repetition 23
tcp_ping received 65536 bytes back
Round trip time was 11.799 milliseconds in repetition 24
tcp_ping received 65536 bytes back
Round trip time was 11.784 milliseconds in repetition 25
tcp_ping received 65536 bytes back
Round trip time was 11.8041 milliseconds in repetition 26
tcp_ping received 65536 bytes back
Round trip time was 11.8224 milliseconds in repetition 27
tcp_ping received 65536 bytes back
Round trip time was 11.7608 milliseconds in repetition 28
tcp_ping received 65536 bytes back
Round trip time was 11.8315 milliseconds in repetition 29
tcp_ping received 65536 bytes back
Round trip time was 11.7766 milliseconds in repetition 30
tcp_ping received 65536 bytes back
Round trip time was 11.7126 milliseconds in repetition 31
tcp_ping received 65536 bytes back
Round trip time was 11.9807 milliseconds in repetition 32
tcp_ping received 65536 bytes back
Round trip time was 11.7105 milliseconds in repetition 33
tcp_ping received 65536 bytes back
Round trip time was 11.8518 milliseconds in repetition 34
tcp_ping received 65536 bytes back
Round trip time was 11.7985 milliseconds in repetition 35
tcp_ping received 65536 bytes back
Round trip time was 24.8248 milliseconds in repetition 36
tcp_ping received 65536 bytes back
Round trip time was 11.9211 milliseconds in repetition 37
tcp_ping received 65536 bytes back
Round trip time was 11.801 milliseconds in repetition 38
tcp_ping received 65536 bytes back
Round trip time was 11.7495 milliseconds in repetition 39
tcp_ping received 65536 bytes back
Round trip time was 11.7879 milliseconds in repetition 40
tcp_ping received 65536 bytes back
Round trip time was 11.7318 milliseconds in repetition 41
tcp_ping received 65536 bytes back
Round trip time was 11.8148 milliseconds in repetition 42
tcp_ping received 65536 bytes back
Round trip time was 11.9481 milliseconds in repetition 43
tcp_ping received 65536 bytes back
Round trip time was 11.9455 milliseconds in repetition 44
tcp_ping received 65536 bytes back
Round trip time was 11.6672 milliseconds in repetition 45
tcp_ping received 65536 bytes back
Round trip time was 11.8325 milliseconds in repetition 46
tcp_ping received 65536 bytes back
Round trip time was 11.6954 milliseconds in repetition 47
tcp_ping received 65536 bytes back
Round trip time was 11.7526 milliseconds in repetition 48
tcp_ping received 65536 bytes back
Round trip time was 11.8077 milliseconds in repetition 49
tcp_ping received 65536 bytes back
Round trip time was 11.97 milliseconds in repetition 50
tcp_ping received 65536 bytes back
Round trip time was 11.8128 milliseconds in repetition 51
tcp_ping received 65536 bytes back
Round trip time was 11.811 milliseconds in repetition 52
tcp_ping received 65536 bytes back
Round trip time was 11.7935 milliseconds in repetition 53
tcp_ping received 65536 bytes back
Round trip time was 11.8239 milliseconds in repetition 54
tcp_ping received 65536 bytes back
Round trip time was 11.7971 milliseconds in repetition 55
tcp_ping received 65536 bytes back
Round trip time was 11.809 milliseconds in repetition 56
tcp_ping received 65536 bytes back
Round trip time was 11.7537 milliseconds in repetition 57
tcp_ping received 65536 bytes back
Round trip time was 11.6875 milliseconds in repetition 58
tcp_ping received 65536 bytes back
Round trip time was 11.7926 milliseconds in repetition 59
tcp_ping received 65536 bytes back
Round trip time was 11.708 milliseconds in repetition 60
tcp_ping received 65536 bytes back
Round trip time was 11.8489 milliseconds in repetition 61
tcp_ping received 65536 bytes back
Round trip time was 11.8212 milliseconds in repetition 62
tcp_ping received 65536 bytes back
Round trip time was 11.7248 milliseconds in repetition 63
tcp_ping received 65536 bytes back
Round trip time was 11.7677 milliseconds in repetition 64
tcp_ping received 65536 bytes back
Round trip time was 11.9243 milliseconds in repetition 65
tcp_ping received 65536 bytes back
Round trip time was 11.9227 milliseconds in repetition 66
tcp_ping received 65536 bytes back
Round trip time was 11.9253 milliseconds in repetition 67
tcp_ping received 65536 bytes back
Round trip time was 11.8378 milliseconds in repetition 68
tcp_ping received 65536 bytes back
Round trip time was 11.7608 milliseconds in repetition 69
tcp_ping received 65536 bytes back
Round trip time was 19.3844 milliseconds in repetition 70
tcp_ping received 65536 bytes back
Round trip time was 11.8779 milliseconds in repetition 71
tcp_ping received 65536 bytes back
Round trip time was 11.9005 milliseconds in repetition 72
tcp_ping received 65536 bytes back
Round trip time was 11.7992 milliseconds in repetition 73
tcp_ping received 65536 bytes back
Round trip time was 11.8877 milliseconds in repetition 74
tcp_ping received 65536 bytes back
Round trip time was 11.8175 milliseconds in repetition 75
tcp_ping received 65536 bytes back
Round trip time was 12.0325 milliseconds in repetition 76
tcp_ping received 65536 bytes back
Round trip time was 11.9137 milliseconds in repetition 77
tcp_ping received 65536 bytes back
Round trip time was 11.8646 milliseconds in repetition 78
tcp_ping received 65536 bytes back
Round trip time was 11.7453 milliseconds in repetition 79
tcp_ping received 65536 bytes back
Round trip time was 11.7976 milliseconds in repetition 80
tcp_ping received 65536 bytes back
Round trip time was 11.7995 milliseconds in repetition 81
tcp_ping received 65536 bytes back
Round trip time was 11.8464 milliseconds in repetition 82
tcp_ping received 65536 bytes back
Round trip time was 11.7745 milliseconds in repetition 83
tcp_ping received 65536 bytes back
Round trip time was 11.7517 milliseconds in repetition 84
tcp_ping received 65536 bytes back
Round trip time was 11.7295 milliseconds in repetition 85
tcp_ping received 65536 bytes back
Round trip time was 11.7 milliseconds in repetition 86
tcp_ping received 65536 bytes back
Round trip time was 11.7876 milliseconds in repetition 87
tcp_ping received 65536 bytes back
Round trip time was 11.8295 milliseconds in repetition 88
tcp_ping received 65536 bytes back
Round trip time was 11.9104 milliseconds in repetition 89
tcp_ping received 65536 bytes back
Round trip time was 11.7376 milliseconds in repetition 90
tcp_ping received 65536 bytes back
Round trip time was 11.9256 milliseconds in repetition 91
tcp_ping received 65536 bytes back
Round trip time was 11.7531 milliseconds in repetition 92
tcp_ping received 65536 bytes back
Round trip time was 11.7473 milliseconds in repetition 93
tcp_ping received 65536 bytes back
Round trip time was 11.8649 milliseconds in repetition 94
tcp_ping received 65536 bytes back
Round trip time was 11.7965 milliseconds in repetition 95
tcp_ping received 65536 bytes back
Round trip time was 11.7467 milliseconds in repetition 96
tcp_ping received 65536 bytes back
Round trip time was 11.916 milliseconds in repetition 97
tcp_ping received 65536 bytes back
Round trip time was 11.8261 milliseconds in repetition 98
tcp_ping received 65536 bytes back
Round trip time was 11.773 milliseconds in repetition 99
tcp_ping received 65536 bytes back
Round trip time was 11.749 milliseconds in repetition 100
tcp_ping received 65536 bytes back
Round trip time was 11.6824 milliseconds in repetition 101
tcp_ping received 65536 bytes back
Round trip time was 11.769 milliseconds in repetition 102
tcp_ping received 65536 bytes back
Round trip time was 11.879 milliseconds in repetition 103
tcp_ping received 65536 bytes back
Round trip time was 11.8747 milliseconds in repetition 104
tcp_ping received 65536 bytes back
Round trip time was 11.9432 milliseconds in repetition 105
tcp_ping received 65536 bytes back
Round trip time was 11.779 milliseconds in repetition 106
tcp_ping received 65536 bytes back
Round trip time was 11.726 milliseconds in repetition 107
tcp_ping received 65536 bytes back
Round trip time was 12.0689 milliseconds in repetition 108
tcp_ping received 65536 bytes back
Round trip time was 11.8309 milliseconds in repetition 109
tcp_ping received 65536 bytes back
Round trip time was 11.766 milliseconds in repetition 110
tcp_ping received 65536 bytes back
Round trip time was 11.7734 milliseconds in repetition 111
tcp_ping received 65536 bytes back
Round trip time was 11.9021 milliseconds in repetition 112
tcp_ping received 65536 bytes back
Round trip time was 11.8154 milliseconds in repetition 113
tcp_ping received 65536 bytes back
Round trip time was 11.7247 milliseconds in repetition 114
tcp_ping received 65536 bytes back
Round trip time was 11.7769 milliseconds in repetition 115
tcp_ping received 65536 bytes back
Round trip time was 11.7986 milliseconds in repetition 116
tcp_ping received 65536 bytes back
Round trip time was 11.7974 milliseconds in repetition 117
tcp_ping received 65536 bytes back
Round trip time was 11.686 milliseconds in repetition 118
tcp_ping received 65536 bytes back
Round trip time was 11.7875 milliseconds in repetition 119
tcp_ping received 65536 bytes back
Round trip time was 11.8642 milliseconds in repetition 120
tcp_ping received 65536 bytes back
Round trip time was 11.9549 milliseconds in repetition 121
tcp_ping received 65536 bytes back
Round trip time was 11.776 milliseconds in repetition 122
tcp_ping received 65536 bytes back
Round trip time was 11.8035 milliseconds in repetition 123
tcp_ping received 65536 bytes back
Round trip time was 11.7563 milliseconds in repetition 124
tcp_ping received 65536 bytes back
Round trip time was 11.7464 milliseconds in repetition 125
tcp_ping received 65536 bytes back
Round trip time was 11.7477 milliseconds in repetition 126
tcp_ping received 65536 bytes back
Round trip time was 11.8425 milliseconds in repetition 127
tcp_ping received 65536 bytes back
Round trip time was 11.812 milliseconds in repetition 128
tcp_ping received 65536 bytes back
Round trip time was 11.9232 milliseconds in repetition 129
tcp_ping received 65536 bytes back
Round trip time was 11.8375 milliseconds in repetition 130
tcp_ping received 65536 bytes back
Round trip time was 11.7813 milliseconds in repetition 131
tcp_ping received 65536 bytes back
Round trip time was 11.7397 milliseconds in repetition 132
tcp_ping received 65536 bytes back
Round trip time was 11.7961 milliseconds in repetition 133
tcp_ping received 65536 bytes back
Round trip time was 11.859 milliseconds in repetition 134
tcp_ping received 65536 bytes back
Round trip time was 11.7729 milliseconds in repetition 135
tcp_ping received 65536 bytes back
Round trip time was 11.7638 milliseconds in repetition 136
tcp_ping received 65536 bytes back
Round trip time was 11.8189 milliseconds in repetition 137
tcp_ping received 65536 bytes back
Round trip time was 11.837 milliseconds in repetition 138
tcp_ping received 65536 bytes back
Round trip time was 11.7938 milliseconds in repetition 139
tcp_ping received 65536 bytes back
Round trip time was 11.8439 milliseconds in repetition 140
tcp_ping received 65536 bytes back
Round trip time was 11.8683 milliseconds in repetition 141
tcp_ping received 65536 bytes back
Round trip time was 11.8788 milliseconds in repetition 142
tcp_ping received 65536 bytes back
Round trip time was 11.75 milliseconds in repetition 143
tcp_ping received 65536 bytes back
Round trip time was 11.8403 milliseconds in repetition 144
tcp_ping received 65536 bytes back
Round trip time was 11.8322 milliseconds in repetition 145
tcp_ping received 65536 bytes back
Round trip time was 11.9071 milliseconds in repetition 146
tcp_ping received 65536 bytes back
Round trip time was 11.7665 milliseconds in repetition 147
tcp_ping received 65536 bytes back
Round trip time was 11.7431 milliseconds in repetition 148
tcp_ping received 65536 bytes back
Round trip time was 11.8248 milliseconds in repetition 149
tcp_ping received 65536 bytes back
Round trip time was 11.8054 milliseconds in repetition 150
tcp_ping received 65536 bytes back
Round trip time was 11.7965 milliseconds in repetition 151
tcp_ping received 65536 bytes back
Round trip time was 11.8523 milliseconds in repetition 152
tcp_ping received 65536 bytes back
Round trip time was 11.7636 milliseconds in repetition 153
tcp_ping received 65536 bytes back
Round trip time was 11.8086 milliseconds in repetition 154
tcp_ping received 65536 bytes back
Round trip time was 11.8373 milliseconds in repetition 155
tcp_ping received 65536 bytes back
Round trip time was 11.7774 milliseconds in repetition 156
tcp_ping received 65536 bytes back
Round trip time was 11.8404 milliseconds in repetition 157
tcp_ping received 65536 bytes back
Round trip time was 11.8337 milliseconds in repetition 158
tcp_ping received 65536 bytes back
Round trip time was 11.817 milliseconds in repetition 159
tcp_ping received 65536 bytes back
Round trip time was 11.7474 milliseconds in repetition 160
tcp_ping received 65536 bytes back
Round trip time was 11.762 milliseconds in repetition 161
tcp_ping received 65536 bytes back
Round trip time was 11.7486 milliseconds in repetition 162
tcp_ping received 65536 bytes back
Round trip time was 11.7391 milliseconds in repetition 163
tcp_ping received 65536 bytes back
Round trip time was 11.7731 milliseconds in repetition 164
tcp_ping received 65536 bytes back
Round trip time was 11.9488 milliseconds in repetition 165
tcp_ping received 65536 bytes back
Round trip time was 11.8762 milliseconds in repetition 166
tcp_ping received 65536 bytes back
Round trip time was 11.8617 milliseconds in repetition 167
tcp_ping received 65536 bytes back
Round trip time was 11.8311 milliseconds in repetition 168
tcp_ping received 65536 bytes back
Round trip time was 11.7895 milliseconds in repetition 169
tcp_ping received 65536 bytes back
Round trip time was 11.8567 milliseconds in repetition 170
tcp_ping received 65536 bytes back
Round trip time was 11.6741 milliseconds in repetition 171
tcp_ping received 65536 bytes back
Round trip time was 11.8614 milliseconds in repetition 172
tcp_ping received 65536 bytes back
Round trip time was 11.9218 milliseconds in repetition 173
tcp_ping received 65536 bytes back
Round trip time was 11.7458 milliseconds in repetition 174
tcp_ping received 65536 bytes back
Round trip time was 11.8266 milliseconds in repetition 175
tcp_ping received 65536 bytes back
Round trip time was 11.7623 milliseconds in repetition 176
tcp_ping received 65536 bytes back
Round trip time was 11.8276 milliseconds in repetition 177
tcp_ping received 65536 bytes back
Round trip time was 11.8271 milliseconds in repetition 178
tcp_ping received 65536 bytes back
Round trip time was 12.1786 milliseconds in repetition 179
tcp_ping received 65536 bytes back
Round trip time was 11.966 milliseconds in repetition 180
tcp_ping received 65536 bytes back
Round trip time was 11.8019 milliseconds in repetition 181
tcp_ping received 65536 bytes back
Round trip time was 11.8564 milliseconds in repetition 182
tcp_ping received 65536 bytes back
Round trip time was 11.9058 milliseconds in repetition 183
tcp_ping received 65536 bytes back
Round trip time was 12.4173 milliseconds in repetition 184
tcp_ping received 65536 bytes back
Round trip time was 11.8953 milliseconds in repetition 185
tcp_ping received 65536 bytes back
Round trip time was 11.8453 milliseconds in repetition 186
tcp_ping received 65536 bytes back
Round trip time was 11.7921 milliseconds in repetition 187
tcp_ping received 65536 bytes back
Round trip time was 11.7334 milliseconds in repetition 188
tcp_ping received 65536 bytes back
Round trip time was 11.9243 milliseconds in repetition 189
tcp_ping received 65536 bytes back
Round trip time was 11.7112 milliseconds in repetition 190
tcp_ping received 65536 bytes back
Round trip time was 11.7476 milliseconds in repetition 191
tcp_ping received 65536 bytes back
Round trip time was 11.8746 milliseconds in repetition 192
tcp_ping received 65536 bytes back
Round trip time was 11.7794 milliseconds in repetition 193
tcp_ping received 65536 bytes back
Round trip time was 11.7331 milliseconds in repetition 194
tcp_ping received 65536 bytes back
Round trip time was 11.8074 milliseconds in repetition 195
tcp_ping received 65536 bytes back
Round trip time was 11.9445 milliseconds in repetition 196
tcp_ping received 65536 bytes back
Round trip time was 11.7895 milliseconds in repetition 197
tcp_ping received 65536 bytes back
Round trip time was 11.8826 milliseconds in repetition 198
tcp_ping received 65536 bytes back
Round trip time was 11.7748 milliseconds in repetition 199
tcp_ping received 65536 bytes back
Round trip time was 11.873 milliseconds in repetition 200
tcp_ping received 65536 bytes back
Round trip time was 11.755 milliseconds in repetition 201
tcp_ping received 65536 bytes back
Round trip time was 11.7716 milliseconds in repetition 202
tcp_ping received 65536 bytes back
Round trip time was 11.8374 milliseconds in repetition 203
tcp_ping received 65536 bytes back
Round trip time was 11.7519 milliseconds in repetition 204
tcp_ping received 65536 bytes back
Round trip time was 11.7655 milliseconds in repetition 205
tcp_ping received 65536 bytes back
Round trip time was 11.7933 milliseconds in repetition 206
tcp_ping received 65536 bytes back
Round trip time was 11.9009 milliseconds in repetition 207
tcp_ping received 65536 bytes back
Round trip time was 11.8682 milliseconds in repetition 208
tcp_ping received 65536 bytes back
Round trip time was 11.8645 milliseconds in repetition 209
tcp_ping received 65536 bytes back
Round trip time was 11.9336 milliseconds in repetition 210
tcp_ping received 65536 bytes back
Round trip time was 11.8797 milliseconds in repetition 211
tcp_ping received 65536 bytes back
Round trip time was 11.8524 milliseconds in repetition 212
tcp_ping received 65536 bytes back
Round trip time was 11.8413 milliseconds in repetition 213
tcp_ping received 65536 bytes back
Round trip time was 11.8695 milliseconds in repetition 214
tcp_ping received 65536 bytes back
Round trip time was 11.8282 milliseconds in repetition 215
tcp_ping received 65536 bytes back
Round trip time was 11.7889 milliseconds in repetition 216
tcp_ping received 65536 bytes back
Round trip time was 11.9273 milliseconds in repetition 217
tcp_ping received 65536 bytes back
Round trip time was 11.9631 milliseconds in repetition 218
tcp_ping received 65536 bytes back
Round trip time was 11.8559 milliseconds in repetition 219
tcp_ping received 65536 bytes back
Round trip time was 11.8632 milliseconds in repetition 220
tcp_ping received 65536 bytes back
Round trip time was 11.8521 milliseconds in repetition 221
tcp_ping received 65536 bytes back
Round trip time was 11.8182 milliseconds in repetition 222
tcp_ping received 65536 bytes back
Round trip time was 11.7932 milliseconds in repetition 223
tcp_ping received 65536 bytes back
Round trip time was 11.7594 milliseconds in repetition 224
tcp_ping received 65536 bytes back
Round trip time was 11.839 milliseconds in repetition 225
tcp_ping received 65536 bytes back
Round trip time was 11.7288 milliseconds in repetition 226
tcp_ping received 65536 bytes back
Round trip time was 11.9177 milliseconds in repetition 227
tcp_ping received 65536 bytes back
Round trip time was 11.7474 milliseconds in repetition 228
tcp_ping received 65536 bytes back
Round trip time was 11.8268 milliseconds in repetition 229
tcp_ping received 65536 bytes back
Round trip time was 11.8926 milliseconds in repetition 230
tcp_ping received 65536 bytes back
Round trip time was 11.8885 milliseconds in repetition 231
tcp_ping received 65536 bytes back
Round trip time was 11.8493 milliseconds in repetition 232
tcp_ping received 65536 bytes back
Round trip time was 11.7705 milliseconds in repetition 233
tcp_ping received 65536 bytes back
Round trip time was 11.8048 milliseconds in repetition 234
tcp_ping received 65536 bytes back
Round trip time was 11.7594 milliseconds in repetition 235
tcp_ping received 65536 bytes back
Round trip time was 11.7574 milliseconds in repetition 236
tcp_ping received 65536 bytes back
Round trip time was 11.8051 milliseconds in repetition 237
tcp_ping received 65536 bytes back
Round trip time was 11.9411 milliseconds in repetition 238
tcp_ping received 65536 bytes back
Round trip time was 11.8183 milliseconds in repetition 239
tcp_ping received 65536 bytes back
Round trip time was 11.8967 milliseconds in repetition 240
tcp_ping received 65536 bytes back
Round trip time was 11.8617 milliseconds in repetition 241
tcp_ping received 65536 bytes back
Round trip time was 11.7557 milliseconds in repetition 242
tcp_ping received 65536 bytes back
Round trip time was 11.8688 milliseconds in repetition 243
tcp_ping received 65536 bytes back
Round trip time was 11.7487 milliseconds in repetition 244
tcp_ping received 65536 bytes back
Round trip time was 11.7423 milliseconds in repetition 245
tcp_ping received 65536 bytes back
Round trip time was 11.8667 milliseconds in repetition 246
tcp_ping received 65536 bytes back
Round trip time was 13.3448 milliseconds in repetition 247
tcp_ping received 65536 bytes back
Round trip time was 11.8682 milliseconds in repetition 248
tcp_ping received 65536 bytes back
Round trip time was 11.7919 milliseconds in repetition 249
tcp_ping received 65536 bytes back
Round trip time was 11.7698 milliseconds in repetition 250
tcp_ping received 65536 bytes back
Round trip time was 11.6868 milliseconds in repetition 251
tcp_ping received 65536 bytes back
Round trip time was 11.8377 milliseconds in repetition 252
tcp_ping received 65536 bytes back
Round trip time was 11.7393 milliseconds in repetition 253
tcp_ping received 65536 bytes back
Round trip time was 11.9797 milliseconds in repetition 254
tcp_ping received 65536 bytes back
Round trip time was 11.8106 milliseconds in repetition 255
tcp_ping received 65536 bytes back
Round trip time was 11.9856 milliseconds in repetition 256
tcp_ping received 65536 bytes back
Round trip time was 11.8399 milliseconds in repetition 257
tcp_ping received 65536 bytes back
Round trip time was 11.7896 milliseconds in repetition 258
tcp_ping received 65536 bytes back
Round trip time was 11.7365 milliseconds in repetition 259
tcp_ping received 65536 bytes back
Round trip time was 11.856 milliseconds in repetition 260
tcp_ping received 65536 bytes back
Round trip time was 11.8181 milliseconds in repetition 261
tcp_ping received 65536 bytes back
Round trip time was 11.8766 milliseconds in repetition 262
tcp_ping received 65536 bytes back
Round trip time was 11.7382 milliseconds in repetition 263
tcp_ping received 65536 bytes back
Round trip time was 11.7961 milliseconds in repetition 264
tcp_ping received 65536 bytes back
Round trip time was 11.9052 milliseconds in repetition 265
tcp_ping received 65536 bytes back
Round trip time was 11.7559 milliseconds in repetition 266
tcp_ping received 65536 bytes back
Round trip time was 11.7448 milliseconds in repetition 267
tcp_ping received 65536 bytes back
Round trip time was 11.897 milliseconds in repetition 268
tcp_ping received 65536 bytes back
Round trip time was 11.8877 milliseconds in repetition 269
tcp_ping received 65536 bytes back
Round trip time was 11.8746 milliseconds in repetition 270
tcp_ping received 65536 bytes back
Round trip time was 11.9117 milliseconds in repetition 271
tcp_ping received 65536 bytes back
Round trip time was 11.7772 milliseconds in repetition 272
tcp_ping received 65536 bytes back
Round trip time was 11.7174 milliseconds in repetition 273
tcp_ping received 65536 bytes back
Round trip time was 11.8625 milliseconds in repetition 274
tcp_ping received 65536 bytes back
Round trip time was 11.8847 milliseconds in repetition 275
tcp_ping received 65536 bytes back
Round trip time was 11.9381 milliseconds in repetition 276
tcp_ping received 65536 bytes back
Round trip time was 11.9184 milliseconds in repetition 277
tcp_ping received 65536 bytes back
Round trip time was 11.9302 milliseconds in repetition 278
tcp_ping received 65536 bytes back
Round trip time was 11.8031 milliseconds in repetition 279
tcp_ping received 65536 bytes back
Round trip time was 11.7505 milliseconds in repetition 280
tcp_ping received 65536 bytes back
Round trip time was 11.7492 milliseconds in repetition 281
tcp_ping received 65536 bytes back
Round trip time was 11.894 milliseconds in repetition 282
tcp_ping received 65536 bytes back
Round trip time was 11.7502 milliseconds in repetition 283
tcp_ping received 65536 bytes back
Round trip time was 11.7643 milliseconds in repetition 284
tcp_ping received 65536 bytes back
Round trip time was 11.7962 milliseconds in repetition 285
tcp_ping received 65536 bytes back
Round trip time was 11.7525 milliseconds in repetition 286
tcp_ping received 65536 bytes back
Round trip time was 11.762 milliseconds in repetition 287
tcp_ping received 65536 bytes back
Round trip time was 11.8082 milliseconds in repetition 288
tcp_ping received 65536 bytes back
Round trip time was 11.7918 milliseconds in repetition 289
tcp_ping received 65536 bytes back
Round trip time was 11.7772 milliseconds in repetition 290
tcp_ping received 65536 bytes back
Round trip time was 11.7761 milliseconds in repetition 291
tcp_ping received 65536 bytes back
Round trip time was 11.8687 milliseconds in repetition 292
tcp_ping received 65536 bytes back
Round trip time was 11.8462 milliseconds in repetition 293
tcp_ping received 65536 bytes back
Round trip time was 22.6996 milliseconds in repetition 294
tcp_ping received 65536 bytes back
Round trip time was 11.8652 milliseconds in repetition 295
tcp_ping received 65536 bytes back
Round trip time was 11.976 milliseconds in repetition 296
tcp_ping received 65536 bytes back
Round trip time was 11.9549 milliseconds in repetition 297
tcp_ping received 65536 bytes back
Round trip time was 11.9638 milliseconds in repetition 298
tcp_ping received 65536 bytes back
Round trip time was 12.0412 milliseconds in repetition 299
tcp_ping received 65536 bytes back
Round trip time was 11.8629 milliseconds in repetition 300
tcp_ping received 65536 bytes back
Round trip time was 11.9408 milliseconds in repetition 301
tcp_ping received 65536 bytes back
Round trip time was 11.8722 milliseconds in repetition 302
tcp_ping received 65536 bytes back
Round trip time was 11.8985 milliseconds in repetition 303
tcp_ping received 65536 bytes back
Round trip time was 11.964 milliseconds in repetition 304
tcp_ping received 65536 bytes back
Round trip time was 12.0382 milliseconds in repetition 305
tcp_ping received 65536 bytes back
Round trip time was 11.9094 milliseconds in repetition 306
tcp_ping received 65536 bytes back
Round trip time was 11.8835 milliseconds in repetition 307
tcp_ping received 65536 bytes back
Round trip time was 11.9613 milliseconds in repetition 308
tcp_ping received 65536 bytes back
Round trip time was 11.8695 milliseconds in repetition 309
tcp_ping received 65536 bytes back
Round trip time was 12.0345 milliseconds in repetition 310
tcp_ping received 65536 bytes back
Round trip time was 12.0606 milliseconds in repetition 311
tcp_ping received 65536 bytes back
Round trip time was 11.9035 milliseconds in repetition 312
tcp_ping received 65536 bytes back
Round trip time was 11.8686 milliseconds in repetition 313
tcp_ping received 65536 bytes back
Round trip time was 11.8759 milliseconds in repetition 314
tcp_ping received 65536 bytes back
Round trip time was 11.9104 milliseconds in repetition 315
tcp_ping received 65536 bytes back
Round trip time was 11.8816 milliseconds in repetition 316
tcp_ping received 65536 bytes back
Round trip time was 11.8612 milliseconds in repetition 317
tcp_ping received 65536 bytes back
Round trip time was 11.9402 milliseconds in repetition 318
tcp_ping received 65536 bytes back
Round trip time was 11.8797 milliseconds in repetition 319
tcp_ping received 65536 bytes back
Round trip time was 11.9246 milliseconds in repetition 320
tcp_ping received 65536 bytes back
Round trip time was 11.9648 milliseconds in repetition 321
tcp_ping received 65536 bytes back
Round trip time was 11.9104 milliseconds in repetition 322
tcp_ping received 65536 bytes back
Round trip time was 11.8849 milliseconds in repetition 323
tcp_ping received 65536 bytes back
Round trip time was 12.0319 milliseconds in repetition 324
tcp_ping received 65536 bytes back
Round trip time was 19.6973 milliseconds in repetition 325
tcp_ping received 65536 bytes back
Round trip time was 17.9322 milliseconds in repetition 326
tcp_ping received 65536 bytes back
Round trip time was 15.6992 milliseconds in repetition 327
tcp_ping received 65536 bytes back
Round trip time was 11.9307 milliseconds in repetition 328
tcp_ping received 65536 bytes back
Round trip time was 12.0541 milliseconds in repetition 329
tcp_ping received 65536 bytes back
Round trip time was 11.9473 milliseconds in repetition 330
tcp_ping received 65536 bytes back
Round trip time was 12.0765 milliseconds in repetition 331
tcp_ping received 65536 bytes back
Round trip time was 11.8947 milliseconds in repetition 332
tcp_ping received 65536 bytes back
Round trip time was 11.8449 milliseconds in repetition 333
tcp_ping received 65536 bytes back
Round trip time was 11.9405 milliseconds in repetition 334
tcp_ping received 65536 bytes back
Round trip time was 12.0545 milliseconds in repetition 335
tcp_ping received 65536 bytes back
Round trip time was 11.9062 milliseconds in repetition 336
tcp_ping received 65536 bytes back
Round trip time was 11.944 milliseconds in repetition 337
tcp_ping received 65536 bytes back
Round trip time was 11.8644 milliseconds in repetition 338
tcp_ping received 65536 bytes back
Round trip time was 12.0466 milliseconds in repetition 339
tcp_ping received 65536 bytes back
Round trip time was 11.903 milliseconds in repetition 340
tcp_ping received 65536 bytes back
Round trip time was 12.0469 milliseconds in repetition 341
tcp_ping received 65536 bytes back
Round trip time was 11.9119 milliseconds in repetition 342
tcp_ping received 65536 bytes back
Round trip time was 11.9394 milliseconds in repetition 343
tcp_ping received 65536 bytes back
Round trip time was 12.0257 milliseconds in repetition 344
tcp_ping received 65536 bytes back
Round trip time was 12.0016 milliseconds in repetition 345
tcp_ping received 65536 bytes back
Round trip time was 12.0087 milliseconds in repetition 346
tcp_ping received 65536 bytes back
Round trip time was 11.9426 milliseconds in repetition 347
tcp_ping received 65536 bytes back
Round trip time was 11.9022 milliseconds in repetition 348
tcp_ping received 65536 bytes back
Round trip time was 12.0594 milliseconds in repetition 349
tcp_ping received 65536 bytes back
Round trip time was 11.9245 milliseconds in repetition 350
tcp_ping received 65536 bytes back
Round trip time was 11.9801 milliseconds in repetition 351
tcp_ping received 65536 bytes back
Round trip time was 11.9445 milliseconds in repetition 352
tcp_ping received 65536 bytes back
Round trip time was 11.8508 milliseconds in repetition 353
tcp_ping received 65536 bytes back
Round trip time was 11.9344 milliseconds in repetition 354
tcp_ping received 65536 bytes back
Round trip time was 11.8944 milliseconds in repetition 355
tcp_ping received 65536 bytes back
Round trip time was 11.8567 milliseconds in repetition 356
tcp_ping received 65536 bytes back
Round trip time was 11.9049 milliseconds in repetition 357
tcp_ping received 65536 bytes back
Round trip time was 11.9164 milliseconds in repetition 358
tcp_ping received 65536 bytes back
Round trip time was 12.0281 milliseconds in repetition 359
tcp_ping received 65536 bytes back
Round trip time was 12.0108 milliseconds in repetition 360
tcp_ping received 65536 bytes back
Round trip time was 11.9301 milliseconds in repetition 361
tcp_ping received 65536 bytes back
Round trip time was 12.1505 milliseconds in repetition 362
tcp_ping received 65536 bytes back
Round trip time was 12.052 milliseconds in repetition 363
tcp_ping received 65536 bytes back
Round trip time was 11.9441 milliseconds in repetition 364
tcp_ping received 65536 bytes back
Round trip time was 11.7891 milliseconds in repetition 365
tcp_ping received 65536 bytes back
Round trip time was 11.9041 milliseconds in repetition 366
tcp_ping received 65536 bytes back
Round trip time was 11.8961 milliseconds in repetition 367
tcp_ping received 65536 bytes back
Round trip time was 11.7976 milliseconds in repetition 368
tcp_ping received 65536 bytes back
Round trip time was 11.8629 milliseconds in repetition 369
tcp_ping received 65536 bytes back
Round trip time was 12.0186 milliseconds in repetition 370
tcp_ping received 65536 bytes back
Round trip time was 11.8592 milliseconds in repetition 371
tcp_ping received 65536 bytes back
Round trip time was 11.9548 milliseconds in repetition 372
tcp_ping received 65536 bytes back
Round trip time was 11.898 milliseconds in repetition 373
tcp_ping received 65536 bytes back
Round trip time was 11.8887 milliseconds in repetition 374
tcp_ping received 65536 bytes back
Round trip time was 11.925 milliseconds in repetition 375
tcp_ping received 65536 bytes back
Round trip time was 12.0241 milliseconds in repetition 376
tcp_ping received 65536 bytes back
Round trip time was 11.9706 milliseconds in repetition 377
tcp_ping received 65536 bytes back
Round trip time was 11.9899 milliseconds in repetition 378
tcp_ping received 65536 bytes back
Round trip time was 12.0633 milliseconds in repetition 379
tcp_ping received 65536 bytes back
Round trip time was 11.8251 milliseconds in repetition 380
tcp_ping received 65536 bytes back
Round trip time was 11.8487 milliseconds in repetition 381
tcp_ping received 65536 bytes back
Round trip time was 11.9661 milliseconds in repetition 382
tcp_ping received 65536 bytes back
Round trip time was 11.8426 milliseconds in repetition 383
tcp_ping received 65536 bytes back
Round trip time was 12.0021 milliseconds in repetition 384
tcp_ping received 65536 bytes back
Round trip time was 11.9831 milliseconds in repetition 385
tcp_ping received 65536 bytes back
Round trip time was 11.9633 milliseconds in repetition 386
tcp_ping received 65536 bytes back
Round trip time was 11.9745 milliseconds in repetition 387
tcp_ping received 65536 bytes back
Round trip time was 12.0124 milliseconds in repetition 388
tcp_ping received 65536 bytes back
Round trip time was 11.9281 milliseconds in repetition 389
tcp_ping received 65536 bytes back
Round trip time was 11.7597 milliseconds in repetition 390
tcp_ping received 65536 bytes back
Round trip time was 11.8904 milliseconds in repetition 391
tcp_ping received 65536 bytes back
Round trip time was 12.0429 milliseconds in repetition 392
tcp_ping received 65536 bytes back
Round trip time was 11.9153 milliseconds in repetition 393
tcp_ping received 65536 bytes back
Round trip time was 12.0318 milliseconds in repetition 394
tcp_ping received 65536 bytes back
Round trip time was 12.0795 milliseconds in repetition 395
tcp_ping received 65536 bytes back
Round trip time was 11.8358 milliseconds in repetition 396
tcp_ping received 65536 bytes back
Round trip time was 11.8928 milliseconds in repetition 397
tcp_ping received 65536 bytes back
Round trip time was 11.9845 milliseconds in repetition 398
tcp_ping received 65536 bytes back
Round trip time was 11.8382 milliseconds in repetition 399
tcp_ping received 65536 bytes back
Round trip time was 11.8706 milliseconds in repetition 400
tcp_ping received 65536 bytes back
Round trip time was 11.9356 milliseconds in repetition 401
tcp_ping received 65536 bytes back
Round trip time was 11.8396 milliseconds in repetition 402
tcp_ping received 65536 bytes back
Round trip time was 11.9967 milliseconds in repetition 403
tcp_ping received 65536 bytes back
Round trip time was 11.8895 milliseconds in repetition 404
tcp_ping received 65536 bytes back
Round trip time was 11.9529 milliseconds in repetition 405
tcp_ping received 65536 bytes back
Round trip time was 11.9256 milliseconds in repetition 406
tcp_ping received 65536 bytes back
Round trip time was 11.9102 milliseconds in repetition 407
tcp_ping received 65536 bytes back
Round trip time was 12.0022 milliseconds in repetition 408
tcp_ping received 65536 bytes back
Round trip time was 11.8761 milliseconds in repetition 409
tcp_ping received 65536 bytes back
Round trip time was 11.9088 milliseconds in repetition 410
tcp_ping received 65536 bytes back
Round trip time was 11.9601 milliseconds in repetition 411
tcp_ping received 65536 bytes back
Round trip time was 12.036 milliseconds in repetition 412
tcp_ping received 65536 bytes back
Round trip time was 11.9966 milliseconds in repetition 413
tcp_ping received 65536 bytes back
Round trip time was 11.92 milliseconds in repetition 414
tcp_ping received 65536 bytes back
Round trip time was 12.0627 milliseconds in repetition 415
tcp_ping received 65536 bytes back
Round trip time was 11.9742 milliseconds in repetition 416
tcp_ping received 65536 bytes back
Round trip time was 11.9868 milliseconds in repetition 417
tcp_ping received 65536 bytes back
Round trip time was 11.9635 milliseconds in repetition 418
tcp_ping received 65536 bytes back
Round trip time was 11.8857 milliseconds in repetition 419
tcp_ping received 65536 bytes back
Round trip time was 12.0894 milliseconds in repetition 420
tcp_ping received 65536 bytes back
Round trip time was 11.7542 milliseconds in repetition 421
tcp_ping received 65536 bytes back
Round trip time was 12.8098 milliseconds in repetition 422
tcp_ping received 65536 bytes back
Round trip time was 11.757 milliseconds in repetition 423
tcp_ping received 65536 bytes back
Round trip time was 11.8906 milliseconds in repetition 424
tcp_ping received 65536 bytes back
Round trip time was 11.8441 milliseconds in repetition 425
tcp_ping received 65536 bytes back
Round trip time was 12.4689 milliseconds in repetition 426
tcp_ping received 65536 bytes back
Round trip time was 11.8456 milliseconds in repetition 427
tcp_ping received 65536 bytes back
Round trip time was 11.751 milliseconds in repetition 428
tcp_ping received 65536 bytes back
Round trip time was 11.9061 milliseconds in repetition 429
tcp_ping received 65536 bytes back
Round trip time was 11.8219 milliseconds in repetition 430
tcp_ping received 65536 bytes back
Round trip time was 11.791 milliseconds in repetition 431
tcp_ping received 65536 bytes back
Round trip time was 11.7144 milliseconds in repetition 432
tcp_ping received 65536 bytes back
Round trip time was 11.7537 milliseconds in repetition 433
tcp_ping received 65536 bytes back
Round trip time was 11.7114 milliseconds in repetition 434
tcp_ping received 65536 bytes back
Round trip time was 11.8398 milliseconds in repetition 435
tcp_ping received 65536 bytes back
Round trip time was 11.8361 milliseconds in repetition 436
tcp_ping received 65536 bytes back
Round trip time was 11.7723 milliseconds in repetition 437
tcp_ping received 65536 bytes back
Round trip time was 11.7391 milliseconds in repetition 438
tcp_ping received 65536 bytes back
Round trip time was 11.7763 milliseconds in repetition 439
tcp_ping received 65536 bytes back
Round trip time was 11.7731 milliseconds in repetition 440
tcp_ping received 65536 bytes back
Round trip time was 11.7491 milliseconds in repetition 441
tcp_ping received 65536 bytes back
Round trip time was 11.8985 milliseconds in repetition 442
tcp_ping received 65536 bytes back
Round trip time was 11.7332 milliseconds in repetition 443
tcp_ping received 65536 bytes back
Round trip time was 11.7275 milliseconds in repetition 444
tcp_ping received 65536 bytes back
Round trip time was 11.8065 milliseconds in repetition 445
tcp_ping received 65536 bytes back
Round trip time was 11.8704 milliseconds in repetition 446
tcp_ping received 65536 bytes back
Round trip time was 11.7486 milliseconds in repetition 447
tcp_ping received 65536 bytes back
Round trip time was 11.8292 milliseconds in repetition 448
tcp_ping received 65536 bytes back
Round trip time was 11.9838 milliseconds in repetition 449
tcp_ping received 65536 bytes back
Round trip time was 11.8644 milliseconds in repetition 450
tcp_ping received 65536 bytes back
Round trip time was 11.831 milliseconds in repetition 451
tcp_ping received 65536 bytes back
Round trip time was 11.8806 milliseconds in repetition 452
tcp_ping received 65536 bytes back
Round trip time was 11.7972 milliseconds in repetition 453
tcp_ping received 65536 bytes back
Round trip time was 11.8352 milliseconds in repetition 454
tcp_ping received 65536 bytes back
Round trip time was 11.8496 milliseconds in repetition 455
tcp_ping received 65536 bytes back
Round trip time was 11.7357 milliseconds in repetition 456
tcp_ping received 65536 bytes back
Round trip time was 11.8249 milliseconds in repetition 457
tcp_ping received 65536 bytes back
Round trip time was 11.9011 milliseconds in repetition 458
tcp_ping received 65536 bytes back
Round trip time was 11.8076 milliseconds in repetition 459
tcp_ping received 65536 bytes back
Round trip time was 11.7899 milliseconds in repetition 460
tcp_ping received 65536 bytes back
Round trip time was 11.8928 milliseconds in repetition 461
tcp_ping received 65536 bytes back
Round trip time was 11.9036 milliseconds in repetition 462
tcp_ping received 65536 bytes back
Round trip time was 11.7773 milliseconds in repetition 463
tcp_ping received 65536 bytes back
Round trip time was 11.7741 milliseconds in repetition 464
tcp_ping received 65536 bytes back
Round trip time was 11.7705 milliseconds in repetition 465
tcp_ping received 65536 bytes back
Round trip time was 11.8707 milliseconds in repetition 466
tcp_ping received 65536 bytes back
Round trip time was 11.816 milliseconds in repetition 467
tcp_ping received 65536 bytes back
Round trip time was 11.8206 milliseconds in repetition 468
tcp_ping received 65536 bytes back
Round trip time was 11.8333 milliseconds in repetition 469
tcp_ping received 65536 bytes back
Round trip time was 11.9124 milliseconds in repetition 470
tcp_ping received 65536 bytes back
Round trip time was 11.8602 milliseconds in repetition 471
tcp_ping received 65536 bytes back
Round trip time was 11.7736 milliseconds in repetition 472
tcp_ping received 65536 bytes back
Round trip time was 11.7322 milliseconds in repetition 473
tcp_ping received 65536 bytes back
Round trip time was 11.8354 milliseconds in repetition 474
tcp_ping received 65536 bytes back
Round trip time was 11.8046 milliseconds in repetition 475
tcp_ping received 65536 bytes back
Round trip time was 11.8008 milliseconds in repetition 476
tcp_ping received 65536 bytes back
Round trip time was 11.7891 milliseconds in repetition 477
tcp_ping received 65536 bytes back
Round trip time was 11.7575 milliseconds in repetition 478
tcp_ping received 65536 bytes back
Round trip time was 11.732 milliseconds in repetition 479
tcp_ping received 65536 bytes back
Round trip time was 11.8246 milliseconds in repetition 480
tcp_ping received 65536 bytes back
Round trip time was 11.7671 milliseconds in repetition 481
tcp_ping received 65536 bytes back
Round trip time was 11.838 milliseconds in repetition 482
tcp_ping received 65536 bytes back
Round trip time was 11.8157 milliseconds in repetition 483
tcp_ping received 65536 bytes back
Round trip time was 11.7787 milliseconds in repetition 484
tcp_ping received 65536 bytes back
Round trip time was 11.8408 milliseconds in repetition 485
tcp_ping received 65536 bytes back
Round trip time was 11.81 milliseconds in repetition 486
tcp_ping received 65536 bytes back
Round trip time was 11.7415 milliseconds in repetition 487
tcp_ping received 65536 bytes back
Round trip time was 11.8455 milliseconds in repetition 488
tcp_ping received 65536 bytes back
Round trip time was 11.8612 milliseconds in repetition 489
tcp_ping received 65536 bytes back
Round trip time was 11.8442 milliseconds in repetition 490
tcp_ping received 65536 bytes back
Round trip time was 11.7042 milliseconds in repetition 491
tcp_ping received 65536 bytes back
Round trip time was 11.7805 milliseconds in repetition 492
tcp_ping received 65536 bytes back
Round trip time was 11.7528 milliseconds in repetition 493
tcp_ping received 65536 bytes back
Round trip time was 11.9319 milliseconds in repetition 494
tcp_ping received 65536 bytes back
Round trip time was 11.78 milliseconds in repetition 495
tcp_ping received 65536 bytes back
Round trip time was 11.8204 milliseconds in repetition 496
tcp_ping received 65536 bytes back
Round trip time was 11.8559 milliseconds in repetition 497
tcp_ping received 65536 bytes back
Round trip time was 11.7382 milliseconds in repetition 498
tcp_ping received 65536 bytes back
Round trip time was 11.8234 milliseconds in repetition 499
tcp_ping received 65536 bytes back
Round trip time was 11.8538 milliseconds in repetition 500
tcp_ping received 65536 bytes back
Round trip time was 11.8065 milliseconds in repetition 501

 ... clock resolution was 1e-06
TCP Ping:  Statistics over 501 repetitions of 65536 byte messages

RTT : percentile 10: 11.7474, median: 11.8424, percentile 90: 11.9856, average: 11.9855, variance: 1.35391

RTT histogram:
   overall Throughput : 10935.9 KB/s

