TCP Ping trying to connect to server 192.168.1.110 (192.168.1.110) on port 1491
 ... connected to Pong server: asking for 501 repetitions of 1024 bytes TCP messages
 ... Pong server agreed :-)
tcp_ping received 1024 bytes back
Round trip time was 2.13324 milliseconds in repetition 1
tcp_ping received 1024 bytes back
Round trip time was 1.1194 milliseconds in repetition 2
tcp_ping received 1024 bytes back
Round trip time was 2.28663 milliseconds in repetition 3
tcp_ping received 1024 bytes back
Round trip time was 1.66976 milliseconds in repetition 4
tcp_ping received 1024 bytes back
Round trip time was 2.51581 milliseconds in repetition 5
tcp_ping received 1024 bytes back
Round trip time was 1.63592 milliseconds in repetition 6
tcp_ping received 1024 bytes back
Round trip time was 2.53474 milliseconds in repetition 7
tcp_ping received 1024 bytes back
Round trip time was 1.26797 milliseconds in repetition 8
tcp_ping received 1024 bytes back
Round trip time was 2.53242 milliseconds in repetition 9
tcp_ping received 1024 bytes back
Round trip time was 1.57603 milliseconds in repetition 10
tcp_ping received 1024 bytes back
Round trip time was 2.47148 milliseconds in repetition 11
tcp_ping received 1024 bytes back
Round trip time was 1.44411 milliseconds in repetition 12
tcp_ping received 1024 bytes back
Round trip time was 2.49109 milliseconds in repetition 13
tcp_ping received 1024 bytes back
Round trip time was 1.46354 milliseconds in repetition 14
tcp_ping received 1024 bytes back
Round trip time was 2.45301 milliseconds in repetition 15
tcp_ping received 1024 bytes back
Round trip time was 1.7074 milliseconds in repetition 16
tcp_ping received 1024 bytes back
Round trip time was 2.54869 milliseconds in repetition 17
tcp_ping received 1024 bytes back
Round trip time was 1.22326 milliseconds in repetition 18
tcp_ping received 1024 bytes back
Round trip time was 2.49392 milliseconds in repetition 19
tcp_ping received 1024 bytes back
Round trip time was 1.40402 milliseconds in repetition 20
tcp_ping received 1024 bytes back
Round trip time was 2.43942 milliseconds in repetition 21
tcp_ping received 1024 bytes back
Round trip time was 1.72981 milliseconds in repetition 22
tcp_ping received 1024 bytes back
Round trip time was 1.60163 milliseconds in repetition 23
tcp_ping received 1024 bytes back
Round trip time was 2.42948 milliseconds in repetition 24
tcp_ping received 1024 bytes back
Round trip time was 2.52219 milliseconds in repetition 25
tcp_ping received 1024 bytes back
Round trip time was 1.24979 milliseconds in repetition 26
tcp_ping received 1024 bytes back
Round trip time was 2.30621 milliseconds in repetition 27
tcp_ping received 1024 bytes back
Round trip time was 1.74619 milliseconds in repetition 28
tcp_ping received 1024 bytes back
Round trip time was 2.44255 milliseconds in repetition 29
tcp_ping received 1024 bytes back
Round trip time was 1.43512 milliseconds in repetition 30
tcp_ping received 1024 bytes back
Round trip time was 2.31195 milliseconds in repetition 31
tcp_ping received 1024 bytes back
Round trip time was 1.68112 milliseconds in repetition 32
tcp_ping received 1024 bytes back
Round trip time was 2.52141 milliseconds in repetition 33
tcp_ping received 1024 bytes back
Round trip time was 1.44915 milliseconds in repetition 34
tcp_ping received 1024 bytes back
Round trip time was 2.38787 milliseconds in repetition 35
tcp_ping received 1024 bytes back
Round trip time was 25.1031 milliseconds in repetition 36
tcp_ping received 1024 bytes back
Round trip time was 2.71942 milliseconds in repetition 37
tcp_ping received 1024 bytes back
Round trip time was 2.50884 milliseconds in repetition 38
tcp_ping received 1024 bytes back
Round trip time was 2.57901 milliseconds in repetition 39
tcp_ping received 1024 bytes back
Round trip time was 2.50077 milliseconds in repetition 40
tcp_ping received 1024 bytes back
Round trip time was 2.49795 milliseconds in repetition 41
tcp_ping received 1024 bytes back
Round trip time was 2.50201 milliseconds in repetition 42
tcp_ping received 1024 bytes back
Round trip time was 2.58667 milliseconds in repetition 43
tcp_ping received 1024 bytes back
Round trip time was 2.37988 milliseconds in repetition 44
tcp_ping received 1024 bytes back
Round trip time was 2.54963 milliseconds in repetition 45
tcp_ping received 1024 bytes back
Round trip time was 1.4534 milliseconds in repetition 46
tcp_ping received 1024 bytes back
Round trip time was 9.71487 milliseconds in repetition 47
tcp_ping received 1024 bytes back
Round trip time was 2.52716 milliseconds in repetition 48
tcp_ping received 1024 bytes back
Round trip time was 2.50338 milliseconds in repetition 49
tcp_ping received 1024 bytes back
Round trip time was 2.38351 milliseconds in repetition 50
tcp_ping received 1024 bytes back
Round trip time was 2.50311 milliseconds in repetition 51
tcp_ping received 1024 bytes back
Round trip time was 2.56806 milliseconds in repetition 52
tcp_ping received 1024 bytes back
Round trip time was 2.49768 milliseconds in repetition 53
tcp_ping received 1024 bytes back
Round trip time was 2.51403 milliseconds in repetition 54
tcp_ping received 1024 bytes back
Round trip time was 2.40241 milliseconds in repetition 55
tcp_ping received 1024 bytes back
Round trip time was 2.35538 milliseconds in repetition 56
tcp_ping received 1024 bytes back
Round trip time was 2.33965 milliseconds in repetition 57
tcp_ping received 1024 bytes back
Round trip time was 2.34697 milliseconds in repetition 58
tcp_ping received 1024 bytes back
Round trip time was 2.38181 milliseconds in repetition 59
tcp_ping received 1024 bytes back
Round trip time was 2.35064 milliseconds in repetition 60
tcp_ping received 1024 bytes back
Round trip time was 2.1353 milliseconds in repetition 61
tcp_ping received 1024 bytes back
Round trip time was 2.39301 milliseconds in repetition 62
tcp_ping received 1024 bytes back
Round trip time was 2.64168 milliseconds in repetition 63
tcp_ping received 1024 bytes back
Round trip time was 16.5387 milliseconds in repetition 64
tcp_ping received 1024 bytes back
Round trip time was 6.84829 milliseconds in repetition 65
tcp_ping received 1024 bytes back
Round trip time was 2.38684 milliseconds in repetition 66
tcp_ping received 1024 bytes back
Round trip time was 0.988822 milliseconds in repetition 67
tcp_ping received 1024 bytes back
Round trip time was 2.31339 milliseconds in repetition 68
tcp_ping received 1024 bytes back
Round trip time was 2.31478 milliseconds in repetition 69
tcp_ping received 1024 bytes back
Round trip time was 2.25638 milliseconds in repetition 70
tcp_ping received 1024 bytes back
Round trip time was 2.37771 milliseconds in repetition 71
tcp_ping received 1024 bytes back
Round trip time was 2.33676 milliseconds in repetition 72
tcp_ping received 1024 bytes back
Round trip time was 2.4027 milliseconds in repetition 73
tcp_ping received 1024 bytes back
Round trip time was 2.0549 milliseconds in repetition 74
tcp_ping received 1024 bytes back
Round trip time was 2.46174 milliseconds in repetition 75
tcp_ping received 1024 bytes back
Round trip time was 1.41248 milliseconds in repetition 76
tcp_ping received 1024 bytes back
Round trip time was 2.35997 milliseconds in repetition 77
tcp_ping received 1024 bytes back
Round trip time was 2.31366 milliseconds in repetition 78
tcp_ping received 1024 bytes back
Round trip time was 2.59484 milliseconds in repetition 79
tcp_ping received 1024 bytes back
Round trip time was 2.52887 milliseconds in repetition 80
tcp_ping received 1024 bytes back
Round trip time was 2.41238 milliseconds in repetition 81
tcp_ping received 1024 bytes back
Round trip time was 2.51507 milliseconds in repetition 82
tcp_ping received 1024 bytes back
Round trip time was 1.15413 milliseconds in repetition 83
tcp_ping received 1024 bytes back
Round trip time was 2.50162 milliseconds in repetition 84
tcp_ping received 1024 bytes back
Round trip time was 2.44876 milliseconds in repetition 85
tcp_ping received 1024 bytes back
Round trip time was 2.48985 milliseconds in repetition 86
tcp_ping received 1024 bytes back
Round trip time was 2.52038 milliseconds in repetition 87
tcp_ping received 1024 bytes back
Round trip time was 11.6868 milliseconds in repetition 88
tcp_ping received 1024 bytes back
Round trip time was 2.65539 milliseconds in repetition 89
tcp_ping received 1024 bytes back
Round trip time was 1.69463 milliseconds in repetition 90
tcp_ping received 1024 bytes back
Round trip time was 1.84515 milliseconds in repetition 91
tcp_ping received 1024 bytes back
Round trip time was 2.16397 milliseconds in repetition 92
tcp_ping received 1024 bytes back
Round trip time was 1.79199 milliseconds in repetition 93
tcp_ping received 1024 bytes back
Round trip time was 2.49122 milliseconds in repetition 94
tcp_ping received 1024 bytes back
Round trip time was 2.44582 milliseconds in repetition 95
tcp_ping received 1024 bytes back
Round trip time was 2.40534 milliseconds in repetition 96
tcp_ping received 1024 bytes back
Round trip time was 2.52323 milliseconds in repetition 97
tcp_ping received 1024 bytes back
Round trip time was 2.45462 milliseconds in repetition 98
tcp_ping received 1024 bytes back
Round trip time was 2.29676 milliseconds in repetition 99
tcp_ping received 1024 bytes back
Round trip time was 1.08935 milliseconds in repetition 100
tcp_ping received 1024 bytes back
Round trip time was 2.44742 milliseconds in repetition 101
tcp_ping received 1024 bytes back
Round trip time was 2.44516 milliseconds in repetition 102
tcp_ping received 1024 bytes back
Round trip time was 2.31546 milliseconds in repetition 103
tcp_ping received 1024 bytes back
Round trip time was 2.46317 milliseconds in repetition 104
tcp_ping received 1024 bytes back
Round trip time was 2.31348 milliseconds in repetition 105
tcp_ping received 1024 bytes back
Round trip time was 2.45409 milliseconds in repetition 106
tcp_ping received 1024 bytes back
Round trip time was 1.52496 milliseconds in repetition 107
tcp_ping received 1024 bytes back
Round trip time was 2.34136 milliseconds in repetition 108
tcp_ping received 1024 bytes back
Round trip time was 1.54572 milliseconds in repetition 109
tcp_ping received 1024 bytes back
Round trip time was 2.30647 milliseconds in repetition 110
tcp_ping received 1024 bytes back
Round trip time was 2.32013 milliseconds in repetition 111
tcp_ping received 1024 bytes back
Round trip time was 2.40444 milliseconds in repetition 112
tcp_ping received 1024 bytes back
Round trip time was 2.44449 milliseconds in repetition 113
tcp_ping received 1024 bytes back
Round trip time was 2.52217 milliseconds in repetition 114
tcp_ping received 1024 bytes back
Round trip time was 2.49733 milliseconds in repetition 115
tcp_ping received 1024 bytes back
Round trip time was 1.50184 milliseconds in repetition 116
tcp_ping received 1024 bytes back
Round trip time was 2.465 milliseconds in repetition 117
tcp_ping received 1024 bytes back
Round trip time was 1.49608 milliseconds in repetition 118
tcp_ping received 1024 bytes back
Round trip time was 2.42999 milliseconds in repetition 119
tcp_ping received 1024 bytes back
Round trip time was 1.31881 milliseconds in repetition 120
tcp_ping received 1024 bytes back
Round trip time was 2.3715 milliseconds in repetition 121
tcp_ping received 1024 bytes back
Round trip time was 2.5709 milliseconds in repetition 122
tcp_ping received 1024 bytes back
Round trip time was 2.40359 milliseconds in repetition 123
tcp_ping received 1024 bytes back
Round trip time was 2.47305 milliseconds in repetition 124
tcp_ping received 1024 bytes back
Round trip time was 2.53102 milliseconds in repetition 125
tcp_ping received 1024 bytes back
Round trip time was 2.41701 milliseconds in repetition 126
tcp_ping received 1024 bytes back
Round trip time was 2.36033 milliseconds in repetition 127
tcp_ping received 1024 bytes back
Round trip time was 2.11492 milliseconds in repetition 128
tcp_ping received 1024 bytes back
Round trip time was 9.72288 milliseconds in repetition 129
tcp_ping received 1024 bytes back
Round trip time was 2.48306 milliseconds in repetition 130
tcp_ping received 1024 bytes back
Round trip time was 2.40216 milliseconds in repetition 131
tcp_ping received 1024 bytes back
Round trip time was 2.15757 milliseconds in repetition 132
tcp_ping received 1024 bytes back
Round trip time was 1.85772 milliseconds in repetition 133
tcp_ping received 1024 bytes back
Round trip time was 2.51171 milliseconds in repetition 134
tcp_ping received 1024 bytes back
Round trip time was 2.53639 milliseconds in repetition 135
tcp_ping received 1024 bytes back
Round trip time was 2.42296 milliseconds in repetition 136
tcp_ping received 1024 bytes back
Round trip time was 2.3321 milliseconds in repetition 137
tcp_ping received 1024 bytes back
Round trip time was 2.37303 milliseconds in repetition 138
tcp_ping received 1024 bytes back
Round trip time was 1.57792 milliseconds in repetition 139
tcp_ping received 1024 bytes back
Round trip time was 2.4419 milliseconds in repetition 140
tcp_ping received 1024 bytes back
Round trip time was 1.51401 milliseconds in repetition 141
tcp_ping received 1024 bytes back
Round trip time was 2.44988 milliseconds in repetition 142
tcp_ping received 1024 bytes back
Round trip time was 2.36786 milliseconds in repetition 143
tcp_ping received 1024 bytes back
Round trip time was 2.34328 milliseconds in repetition 144
tcp_ping received 1024 bytes back
Round trip time was 2.37634 milliseconds in repetition 145
tcp_ping received 1024 bytes back
Round trip time was 2.37264 milliseconds in repetition 146
tcp_ping received 1024 bytes back
Round trip time was 2.37825 milliseconds in repetition 147
tcp_ping received 1024 bytes back
Round trip time was 1.58781 milliseconds in repetition 148
tcp_ping received 1024 bytes back
Round trip time was 2.43988 milliseconds in repetition 149
tcp_ping received 1024 bytes back
Round trip time was 1.49088 milliseconds in repetition 150
tcp_ping received 1024 bytes back
Round trip time was 2.39137 milliseconds in repetition 151
tcp_ping received 1024 bytes back
Round trip time was 2.39531 milliseconds in repetition 152
tcp_ping received 1024 bytes back
Round trip time was 2.46141 milliseconds in repetition 153
tcp_ping received 1024 bytes back
Round trip time was 2.37019 milliseconds in repetition 154
tcp_ping received 1024 bytes back
Round trip time was 2.29202 milliseconds in repetition 155
tcp_ping received 1024 bytes back
Round trip time was 2.38987 milliseconds in repetition 156
tcp_ping received 1024 bytes back
Round trip time was 1.49134 milliseconds in repetition 157
tcp_ping received 1024 bytes back
Round trip time was 2.32997 milliseconds in repetition 158
tcp_ping received 1024 bytes back
Round trip time was 11.2869 milliseconds in repetition 159
tcp_ping received 1024 bytes back
Round trip time was 2.56111 milliseconds in repetition 160
tcp_ping received 1024 bytes back
Round trip time was 4.95602 milliseconds in repetition 161
tcp_ping received 1024 bytes back
Round trip time was 20.725 milliseconds in repetition 162
tcp_ping received 1024 bytes back
Round trip time was 3.59545 milliseconds in repetition 163
tcp_ping received 1024 bytes back
Round trip time was 8.93459 milliseconds in repetition 164
tcp_ping received 1024 bytes back
Round trip time was 2.57032 milliseconds in repetition 165
tcp_ping received 1024 bytes back
Round trip time was 12.368 milliseconds in repetition 166
tcp_ping received 1024 bytes back
Round trip time was 7.81038 milliseconds in repetition 167
tcp_ping received 1024 bytes back
Round trip time was 4.19975 milliseconds in repetition 168
tcp_ping received 1024 bytes back
Round trip time was 2.4374 milliseconds in repetition 169
tcp_ping received 1024 bytes back
Round trip time was 2.38942 milliseconds in repetition 170
tcp_ping received 1024 bytes back
Round trip time was 2.35067 milliseconds in repetition 171
tcp_ping received 1024 bytes back
Round trip time was 2.37637 milliseconds in repetition 172
tcp_ping received 1024 bytes back
Round trip time was 2.36976 milliseconds in repetition 173
tcp_ping received 1024 bytes back
Round trip time was 2.1906 milliseconds in repetition 174
tcp_ping received 1024 bytes back
Round trip time was 2.54326 milliseconds in repetition 175
tcp_ping received 1024 bytes back
Round trip time was 1.45664 milliseconds in repetition 176
tcp_ping received 1024 bytes back
Round trip time was 2.39679 milliseconds in repetition 177
tcp_ping received 1024 bytes back
Round trip time was 1.75496 milliseconds in repetition 178
tcp_ping received 1024 bytes back
Round trip time was 3.09619 milliseconds in repetition 179
tcp_ping received 1024 bytes back
Round trip time was 3.01735 milliseconds in repetition 180
tcp_ping received 1024 bytes back
Round trip time was 4.20683 milliseconds in repetition 181
tcp_ping received 1024 bytes back
Round trip time was 6.13427 milliseconds in repetition 182
tcp_ping received 1024 bytes back
Round trip time was 7.01729 milliseconds in repetition 183
tcp_ping received 1024 bytes back
Round trip time was 1.38027 milliseconds in repetition 184
tcp_ping received 1024 bytes back
Round trip time was 15.5734 milliseconds in repetition 185
tcp_ping received 1024 bytes back
Round trip time was 12.6654 milliseconds in repetition 186
tcp_ping received 1024 bytes back
Round trip time was 3.40007 milliseconds in repetition 187
tcp_ping received 1024 bytes back
Round trip time was 2.27409 milliseconds in repetition 188
tcp_ping received 1024 bytes back
Round trip time was 8.92769 milliseconds in repetition 189
tcp_ping received 1024 bytes back
Round trip time was 2.91959 milliseconds in repetition 190
tcp_ping received 1024 bytes back
Round trip time was 8.08577 milliseconds in repetition 191
tcp_ping received 1024 bytes back
Round trip time was 2.7089 milliseconds in repetition 192
tcp_ping received 1024 bytes back
Round trip time was 5.74959 milliseconds in repetition 193
tcp_ping received 1024 bytes back
Round trip time was 2.00685 milliseconds in repetition 194
tcp_ping received 1024 bytes back
Round trip time was 1.91331 milliseconds in repetition 195
tcp_ping received 1024 bytes back
Round trip time was 8.78595 milliseconds in repetition 196
tcp_ping received 1024 bytes back
Round trip time was 2.58467 milliseconds in repetition 197
tcp_ping received 1024 bytes back
Round trip time was 2.08869 milliseconds in repetition 198
tcp_ping received 1024 bytes back
Round trip time was 2.39514 milliseconds in repetition 199
tcp_ping received 1024 bytes back
Round trip time was 2.69048 milliseconds in repetition 200
tcp_ping received 1024 bytes back
Round trip time was 1.41275 milliseconds in repetition 201
tcp_ping received 1024 bytes back
Round trip time was 12.5862 milliseconds in repetition 202
tcp_ping received 1024 bytes back
Round trip time was 14.4566 milliseconds in repetition 203
tcp_ping received 1024 bytes back
Round trip time was 1.17926 milliseconds in repetition 204
tcp_ping received 1024 bytes back
Round trip time was 1.42907 milliseconds in repetition 205
tcp_ping received 1024 bytes back
Round trip time was 2.32426 milliseconds in repetition 206
tcp_ping received 1024 bytes back
Round trip time was 10.4657 milliseconds in repetition 207
tcp_ping received 1024 bytes back
Round trip time was 1.44532 milliseconds in repetition 208
tcp_ping received 1024 bytes back
Round trip time was 1.22907 milliseconds in repetition 209
tcp_ping received 1024 bytes back
Round trip time was 1.17114 milliseconds in repetition 210
tcp_ping received 1024 bytes back
Round trip time was 1.04434 milliseconds in repetition 211
tcp_ping received 1024 bytes back
Round trip time was 1.25325 milliseconds in repetition 212
tcp_ping received 1024 bytes back
Round trip time was 1.25721 milliseconds in repetition 213
tcp_ping received 1024 bytes back
Round trip time was 1.2635 milliseconds in repetition 214
tcp_ping received 1024 bytes back
Round trip time was 1.2484 milliseconds in repetition 215
tcp_ping received 1024 bytes back
Round trip time was 8.46959 milliseconds in repetition 216
tcp_ping received 1024 bytes back
Round trip time was 1.46872 milliseconds in repetition 217
tcp_ping received 1024 bytes back
Round trip time was 1.27541 milliseconds in repetition 218
tcp_ping received 1024 bytes back
Round trip time was 1.2176 milliseconds in repetition 219
tcp_ping received 1024 bytes back
Round trip time was 1.22249 milliseconds in repetition 220
tcp_ping received 1024 bytes back
Round trip time was 2.36563 milliseconds in repetition 221
tcp_ping received 1024 bytes back
Round trip time was 2.48261 milliseconds in repetition 222
tcp_ping received 1024 bytes back
Round trip time was 1.51579 milliseconds in repetition 223
tcp_ping received 1024 bytes back
Round trip time was 2.74444 milliseconds in repetition 224
tcp_ping received 1024 bytes back
Round trip time was 4.85599 milliseconds in repetition 225
tcp_ping received 1024 bytes back
Round trip time was 2.00899 milliseconds in repetition 226
tcp_ping received 1024 bytes back
Round trip time was 2.03029 milliseconds in repetition 227
tcp_ping received 1024 bytes back
Round trip time was 1.65306 milliseconds in repetition 228
tcp_ping received 1024 bytes back
Round trip time was 2.11784 milliseconds in repetition 229
tcp_ping received 1024 bytes back
Round trip time was 12.7351 milliseconds in repetition 230
tcp_ping received 1024 bytes back
Round trip time was 2.78113 milliseconds in repetition 231
tcp_ping received 1024 bytes back
Round trip time was 7.54455 milliseconds in repetition 232
tcp_ping received 1024 bytes back
Round trip time was 5.58379 milliseconds in repetition 233
tcp_ping received 1024 bytes back
Round trip time was 1.737 milliseconds in repetition 234
tcp_ping received 1024 bytes back
Round trip time was 1.29456 milliseconds in repetition 235
tcp_ping received 1024 bytes back
Round trip time was 4.10015 milliseconds in repetition 236
tcp_ping received 1024 bytes back
Round trip time was 2.39382 milliseconds in repetition 237
tcp_ping received 1024 bytes back
Round trip time was 2.4272 milliseconds in repetition 238
tcp_ping received 1024 bytes back
Round trip time was 2.38947 milliseconds in repetition 239
tcp_ping received 1024 bytes back
Round trip time was 10.2392 milliseconds in repetition 240
tcp_ping received 1024 bytes back
Round trip time was 11.6441 milliseconds in repetition 241
tcp_ping received 1024 bytes back
Round trip time was 14.8932 milliseconds in repetition 242
tcp_ping received 1024 bytes back
Round trip time was 11.9398 milliseconds in repetition 243
tcp_ping received 1024 bytes back
Round trip time was 18.023 milliseconds in repetition 244
tcp_ping received 1024 bytes back
Round trip time was 13.681 milliseconds in repetition 245
tcp_ping received 1024 bytes back
Round trip time was 2.47599 milliseconds in repetition 246
tcp_ping received 1024 bytes back
Round trip time was 2.34238 milliseconds in repetition 247
tcp_ping received 1024 bytes back
Round trip time was 9.4311 milliseconds in repetition 248
tcp_ping received 1024 bytes back
Round trip time was 9.49937 milliseconds in repetition 249
tcp_ping received 1024 bytes back
Round trip time was 2.45589 milliseconds in repetition 250
tcp_ping received 1024 bytes back
Round trip time was 2.43173 milliseconds in repetition 251
tcp_ping received 1024 bytes back
Round trip time was 1.89655 milliseconds in repetition 252
tcp_ping received 1024 bytes back
Round trip time was 2.45355 milliseconds in repetition 253
tcp_ping received 1024 bytes back
Round trip time was 2.42464 milliseconds in repetition 254
tcp_ping received 1024 bytes back
Round trip time was 2.40102 milliseconds in repetition 255
tcp_ping received 1024 bytes back
Round trip time was 2.36241 milliseconds in repetition 256
tcp_ping received 1024 bytes back
Round trip time was 2.42947 milliseconds in repetition 257
tcp_ping received 1024 bytes back
Round trip time was 2.36198 milliseconds in repetition 258
tcp_ping received 1024 bytes back
Round trip time was 2.26641 milliseconds in repetition 259
tcp_ping received 1024 bytes back
Round trip time was 2.27596 milliseconds in repetition 260
tcp_ping received 1024 bytes back
Round trip time was 2.26421 milliseconds in repetition 261
tcp_ping received 1024 bytes back
Round trip time was 6.48754 milliseconds in repetition 262
tcp_ping received 1024 bytes back
Round trip time was 2.59701 milliseconds in repetition 263
tcp_ping received 1024 bytes back
Round trip time was 14.0404 milliseconds in repetition 264
tcp_ping received 1024 bytes back
Round trip time was 2.45914 milliseconds in repetition 265
tcp_ping received 1024 bytes back
Round trip time was 12.7958 milliseconds in repetition 266
tcp_ping received 1024 bytes back
Round trip time was 3.12275 milliseconds in repetition 267
tcp_ping received 1024 bytes back
Round trip time was 2.78638 milliseconds in repetition 268
tcp_ping received 1024 bytes back
Round trip time was 7.46703 milliseconds in repetition 269
tcp_ping received 1024 bytes back
Round trip time was 6.75658 milliseconds in repetition 270
tcp_ping received 1024 bytes back
Round trip time was 2.27026 milliseconds in repetition 271
tcp_ping received 1024 bytes back
Round trip time was 1.9046 milliseconds in repetition 272
tcp_ping received 1024 bytes back
Round trip time was 2.30413 milliseconds in repetition 273
tcp_ping received 1024 bytes back
Round trip time was 3.38179 milliseconds in repetition 274
tcp_ping received 1024 bytes back
Round trip time was 3.46076 milliseconds in repetition 275
tcp_ping received 1024 bytes back
Round trip time was 2.85075 milliseconds in repetition 276
tcp_ping received 1024 bytes back
Round trip time was 2.62164 milliseconds in repetition 277
tcp_ping received 1024 bytes back
Round trip time was 1.69608 milliseconds in repetition 278
tcp_ping received 1024 bytes back
Round trip time was 2.21373 milliseconds in repetition 279
tcp_ping received 1024 bytes back
Round trip time was 10.2174 milliseconds in repetition 280
tcp_ping received 1024 bytes back
Round trip time was 5.60933 milliseconds in repetition 281
tcp_ping received 1024 bytes back
Round trip time was 2.3987 milliseconds in repetition 282
tcp_ping received 1024 bytes back
Round trip time was 2.31814 milliseconds in repetition 283
tcp_ping received 1024 bytes back
Round trip time was 2.29882 milliseconds in repetition 284
tcp_ping received 1024 bytes back
Round trip time was 2.36867 milliseconds in repetition 285
tcp_ping received 1024 bytes back
Round trip time was 4.46071 milliseconds in repetition 286
tcp_ping received 1024 bytes back
Round trip time was 2.333 milliseconds in repetition 287
tcp_ping received 1024 bytes back
Round trip time was 2.2932 milliseconds in repetition 288
tcp_ping received 1024 bytes back
Round trip time was 2.3095 milliseconds in repetition 289
tcp_ping received 1024 bytes back
Round trip time was 2.28139 milliseconds in repetition 290
tcp_ping received 1024 bytes back
Round trip time was 2.26405 milliseconds in repetition 291
tcp_ping received 1024 bytes back
Round trip time was 2.35916 milliseconds in repetition 292
tcp_ping received 1024 bytes back
Round trip time was 1.64402 milliseconds in repetition 293
tcp_ping received 1024 bytes back
Round trip time was 2.34597 milliseconds in repetition 294
tcp_ping received 1024 bytes back
Round trip time was 1.60829 milliseconds in repetition 295
tcp_ping received 1024 bytes back
Round trip time was 2.53955 milliseconds in repetition 296
tcp_ping received 1024 bytes back
Round trip time was 2.29237 milliseconds in repetition 297
tcp_ping received 1024 bytes back
Round trip time was 2.2959 milliseconds in repetition 298
tcp_ping received 1024 bytes back
Round trip time was 2.30391 milliseconds in repetition 299
tcp_ping received 1024 bytes back
Round trip time was 2.28635 milliseconds in repetition 300
tcp_ping received 1024 bytes back
Round trip time was 2.27537 milliseconds in repetition 301
tcp_ping received 1024 bytes back
Round trip time was 1.87445 milliseconds in repetition 302
tcp_ping received 1024 bytes back
Round trip time was 2.32969 milliseconds in repetition 303
tcp_ping received 1024 bytes back
Round trip time was 1.5705 milliseconds in repetition 304
tcp_ping received 1024 bytes back
Round trip time was 2.21014 milliseconds in repetition 305
tcp_ping received 1024 bytes back
Round trip time was 2.2555 milliseconds in repetition 306
tcp_ping received 1024 bytes back
Round trip time was 2.71486 milliseconds in repetition 307
tcp_ping received 1024 bytes back
Round trip time was 2.36432 milliseconds in repetition 308
tcp_ping received 1024 bytes back
Round trip time was 2.91056 milliseconds in repetition 309
tcp_ping received 1024 bytes back
Round trip time was 2.27881 milliseconds in repetition 310
tcp_ping received 1024 bytes back
Round trip time was 2.19999 milliseconds in repetition 311
tcp_ping received 1024 bytes back
Round trip time was 2.26542 milliseconds in repetition 312
tcp_ping received 1024 bytes back
Round trip time was 2.58101 milliseconds in repetition 313
tcp_ping received 1024 bytes back
Round trip time was 2.01118 milliseconds in repetition 314
tcp_ping received 1024 bytes back
Round trip time was 2.2369 milliseconds in repetition 315
tcp_ping received 1024 bytes back
Round trip time was 3.1478 milliseconds in repetition 316
tcp_ping received 1024 bytes back
Round trip time was 3.45392 milliseconds in repetition 317
tcp_ping received 1024 bytes back
Round trip time was 23.5774 milliseconds in repetition 318
tcp_ping received 1024 bytes back
Round trip time was 3.12312 milliseconds in repetition 319
tcp_ping received 1024 bytes back
Round trip time was 15.0786 milliseconds in repetition 320
tcp_ping received 1024 bytes back
Round trip time was 4.62237 milliseconds in repetition 321
tcp_ping received 1024 bytes back
Round trip time was 2.40155 milliseconds in repetition 322
tcp_ping received 1024 bytes back
Round trip time was 2.35002 milliseconds in repetition 323
tcp_ping received 1024 bytes back
Round trip time was 2.46761 milliseconds in repetition 324
tcp_ping received 1024 bytes back
Round trip time was 2.68273 milliseconds in repetition 325
tcp_ping received 1024 bytes back
Round trip time was 3.98296 milliseconds in repetition 326
tcp_ping received 1024 bytes back
Round trip time was 3.72597 milliseconds in repetition 327
tcp_ping received 1024 bytes back
Round trip time was 8.56795 milliseconds in repetition 328
tcp_ping received 1024 bytes back
Round trip time was 4.01947 milliseconds in repetition 329
tcp_ping received 1024 bytes back
Round trip time was 6.62268 milliseconds in repetition 330
tcp_ping received 1024 bytes back
Round trip time was 2.64407 milliseconds in repetition 331
tcp_ping received 1024 bytes back
Round trip time was 3.49699 milliseconds in repetition 332
tcp_ping received 1024 bytes back
Round trip time was 2.99606 milliseconds in repetition 333
tcp_ping received 1024 bytes back
Round trip time was 2.39146 milliseconds in repetition 334
tcp_ping received 1024 bytes back
Round trip time was 2.43456 milliseconds in repetition 335
tcp_ping received 1024 bytes back
Round trip time was 4.95779 milliseconds in repetition 336
tcp_ping received 1024 bytes back
Round trip time was 2.36226 milliseconds in repetition 337
tcp_ping received 1024 bytes back
Round trip time was 2.35545 milliseconds in repetition 338
tcp_ping received 1024 bytes back
Round trip time was 2.3765 milliseconds in repetition 339
tcp_ping received 1024 bytes back
Round trip time was 1.81058 milliseconds in repetition 340
tcp_ping received 1024 bytes back
Round trip time was 1.98074 milliseconds in repetition 341
tcp_ping received 1024 bytes back
Round trip time was 1.20109 milliseconds in repetition 342
tcp_ping received 1024 bytes back
Round trip time was 3.11193 milliseconds in repetition 343
tcp_ping received 1024 bytes back
Round trip time was 1.13121 milliseconds in repetition 344
tcp_ping received 1024 bytes back
Round trip time was 3.87262 milliseconds in repetition 345
tcp_ping received 1024 bytes back
Round trip time was 2.41152 milliseconds in repetition 346
tcp_ping received 1024 bytes back
Round trip time was 2.25782 milliseconds in repetition 347
tcp_ping received 1024 bytes back
Round trip time was 2.34063 milliseconds in repetition 348
tcp_ping received 1024 bytes back
Round trip time was 3.40357 milliseconds in repetition 349
tcp_ping received 1024 bytes back
Round trip time was 6.15088 milliseconds in repetition 350
tcp_ping received 1024 bytes back
Round trip time was 16.7368 milliseconds in repetition 351
tcp_ping received 1024 bytes back
Round trip time was 1.87688 milliseconds in repetition 352
tcp_ping received 1024 bytes back
Round trip time was 2.16984 milliseconds in repetition 353
tcp_ping received 1024 bytes back
Round trip time was 2.35872 milliseconds in repetition 354
tcp_ping received 1024 bytes back
Round trip time was 4.92144 milliseconds in repetition 355
tcp_ping received 1024 bytes back
Round trip time was 2.69052 milliseconds in repetition 356
tcp_ping received 1024 bytes back
Round trip time was 8.98563 milliseconds in repetition 357
tcp_ping received 1024 bytes back
Round trip time was 9.81139 milliseconds in repetition 358
tcp_ping received 1024 bytes back
Round trip time was 2.46159 milliseconds in repetition 359
tcp_ping received 1024 bytes back
Round trip time was 2.36481 milliseconds in repetition 360
tcp_ping received 1024 bytes back
Round trip time was 11.0957 milliseconds in repetition 361
tcp_ping received 1024 bytes back
Round trip time was 2.45318 milliseconds in repetition 362
tcp_ping received 1024 bytes back
Round trip time was 1.42024 milliseconds in repetition 363
tcp_ping received 1024 bytes back
Round trip time was 2.04969 milliseconds in repetition 364
tcp_ping received 1024 bytes back
Round trip time was 1.91828 milliseconds in repetition 365
tcp_ping received 1024 bytes back
Round trip time was 13.0999 milliseconds in repetition 366
tcp_ping received 1024 bytes back
Round trip time was 1.70186 milliseconds in repetition 367
tcp_ping received 1024 bytes back
Round trip time was 1.79994 milliseconds in repetition 368
tcp_ping received 1024 bytes back
Round trip time was 2.30333 milliseconds in repetition 369
tcp_ping received 1024 bytes back
Round trip time was 2.32967 milliseconds in repetition 370
tcp_ping received 1024 bytes back
Round trip time was 2.36359 milliseconds in repetition 371
tcp_ping received 1024 bytes back
Round trip time was 1.68466 milliseconds in repetition 372
tcp_ping received 1024 bytes back
Round trip time was 2.30344 milliseconds in repetition 373
tcp_ping received 1024 bytes back
Round trip time was 2.06703 milliseconds in repetition 374
tcp_ping received 1024 bytes back
Round trip time was 3.33451 milliseconds in repetition 375
tcp_ping received 1024 bytes back
Round trip time was 2.40055 milliseconds in repetition 376
tcp_ping received 1024 bytes back
Round trip time was 2.88589 milliseconds in repetition 377
tcp_ping received 1024 bytes back
Round trip time was 3.07939 milliseconds in repetition 378
tcp_ping received 1024 bytes back
Round trip time was 2.4302 milliseconds in repetition 379
tcp_ping received 1024 bytes back
Round trip time was 2.76296 milliseconds in repetition 380
tcp_ping received 1024 bytes back
Round trip time was 9.59354 milliseconds in repetition 381
tcp_ping received 1024 bytes back
Round trip time was 2.52259 milliseconds in repetition 382
tcp_ping received 1024 bytes back
Round trip time was 3.50084 milliseconds in repetition 383
tcp_ping received 1024 bytes back
Round trip time was 2.09633 milliseconds in repetition 384
tcp_ping received 1024 bytes back
Round trip time was 2.0051 milliseconds in repetition 385
tcp_ping received 1024 bytes back
Round trip time was 2.46401 milliseconds in repetition 386
tcp_ping received 1024 bytes back
Round trip time was 3.11065 milliseconds in repetition 387
tcp_ping received 1024 bytes back
Round trip time was 2.43929 milliseconds in repetition 388
tcp_ping received 1024 bytes back
Round trip time was 2.27652 milliseconds in repetition 389
tcp_ping received 1024 bytes back
Round trip time was 15.7488 milliseconds in repetition 390
tcp_ping received 1024 bytes back
Round trip time was 10.5031 milliseconds in repetition 391
tcp_ping received 1024 bytes back
Round trip time was 5.38372 milliseconds in repetition 392
tcp_ping received 1024 bytes back
Round trip time was 7.31965 milliseconds in repetition 393
tcp_ping received 1024 bytes back
Round trip time was 9.69446 milliseconds in repetition 394
tcp_ping received 1024 bytes back
Round trip time was 5.46558 milliseconds in repetition 395
tcp_ping received 1024 bytes back
Round trip time was 1.83462 milliseconds in repetition 396
tcp_ping received 1024 bytes back
Round trip time was 3.14219 milliseconds in repetition 397
tcp_ping received 1024 bytes back
Round trip time was 3.80642 milliseconds in repetition 398
tcp_ping received 1024 bytes back
Round trip time was 4.56293 milliseconds in repetition 399
tcp_ping received 1024 bytes back
Round trip time was 4.47314 milliseconds in repetition 400
tcp_ping received 1024 bytes back
Round trip time was 2.91624 milliseconds in repetition 401
tcp_ping received 1024 bytes back
Round trip time was 2.36028 milliseconds in repetition 402
tcp_ping received 1024 bytes back
Round trip time was 2.38465 milliseconds in repetition 403
tcp_ping received 1024 bytes back
Round trip time was 2.4478 milliseconds in repetition 404
tcp_ping received 1024 bytes back
Round trip time was 7.33683 milliseconds in repetition 405
tcp_ping received 1024 bytes back
Round trip time was 8.71002 milliseconds in repetition 406
tcp_ping received 1024 bytes back
Round trip time was 2.41849 milliseconds in repetition 407
tcp_ping received 1024 bytes back
Round trip time was 3.65322 milliseconds in repetition 408
tcp_ping received 1024 bytes back
Round trip time was 8.3998 milliseconds in repetition 409
tcp_ping received 1024 bytes back
Round trip time was 2.50434 milliseconds in repetition 410
tcp_ping received 1024 bytes back
Round trip time was 16.3474 milliseconds in repetition 411
tcp_ping received 1024 bytes back
Round trip time was 1.76699 milliseconds in repetition 412
tcp_ping received 1024 bytes back
Round trip time was 1.22039 milliseconds in repetition 413
tcp_ping received 1024 bytes back
Round trip time was 1.04247 milliseconds in repetition 414
tcp_ping received 1024 bytes back
Round trip time was 2.33468 milliseconds in repetition 415
tcp_ping received 1024 bytes back
Round trip time was 2.32956 milliseconds in repetition 416
tcp_ping received 1024 bytes back
Round trip time was 2.36061 milliseconds in repetition 417
tcp_ping received 1024 bytes back
Round trip time was 2.2528 milliseconds in repetition 418
tcp_ping received 1024 bytes back
Round trip time was 2.32562 milliseconds in repetition 419
tcp_ping received 1024 bytes back
Round trip time was 2.33487 milliseconds in repetition 420
tcp_ping received 1024 bytes back
Round trip time was 2.3546 milliseconds in repetition 421
tcp_ping received 1024 bytes back
Round trip time was 2.29468 milliseconds in repetition 422
tcp_ping received 1024 bytes back
Round trip time was 0.950492 milliseconds in repetition 423
tcp_ping received 1024 bytes back
Round trip time was 2.3088 milliseconds in repetition 424
tcp_ping received 1024 bytes back
Round trip time was 2.3171 milliseconds in repetition 425
tcp_ping received 1024 bytes back
Round trip time was 2.26452 milliseconds in repetition 426
tcp_ping received 1024 bytes back
Round trip time was 2.4269 milliseconds in repetition 427
tcp_ping received 1024 bytes back
Round trip time was 2.43216 milliseconds in repetition 428
tcp_ping received 1024 bytes back
Round trip time was 2.40157 milliseconds in repetition 429
tcp_ping received 1024 bytes back
Round trip time was 2.32399 milliseconds in repetition 430
tcp_ping received 1024 bytes back
Round trip time was 2.2914 milliseconds in repetition 431
tcp_ping received 1024 bytes back
Round trip time was 1.02892 milliseconds in repetition 432
tcp_ping received 1024 bytes back
Round trip time was 2.33192 milliseconds in repetition 433
tcp_ping received 1024 bytes back
Round trip time was 2.33269 milliseconds in repetition 434
tcp_ping received 1024 bytes back
Round trip time was 12.0886 milliseconds in repetition 435
tcp_ping received 1024 bytes back
Round trip time was 6.24317 milliseconds in repetition 436
tcp_ping received 1024 bytes back
Round trip time was 10.0039 milliseconds in repetition 437
tcp_ping received 1024 bytes back
Round trip time was 2.67495 milliseconds in repetition 438
tcp_ping received 1024 bytes back
Round trip time was 4.70122 milliseconds in repetition 439
tcp_ping received 1024 bytes back
Round trip time was 3.51344 milliseconds in repetition 440
tcp_ping received 1024 bytes back
Round trip time was 4.40384 milliseconds in repetition 441
tcp_ping received 1024 bytes back
Round trip time was 3.23402 milliseconds in repetition 442
tcp_ping received 1024 bytes back
Round trip time was 4.52059 milliseconds in repetition 443
tcp_ping received 1024 bytes back
Round trip time was 2.45083 milliseconds in repetition 444
tcp_ping received 1024 bytes back
Round trip time was 2.46059 milliseconds in repetition 445
tcp_ping received 1024 bytes back
Round trip time was 2.9712 milliseconds in repetition 446
tcp_ping received 1024 bytes back
Round trip time was 4.19643 milliseconds in repetition 447
tcp_ping received 1024 bytes back
Round trip time was 2.50879 milliseconds in repetition 448
tcp_ping received 1024 bytes back
Round trip time was 2.82773 milliseconds in repetition 449
tcp_ping received 1024 bytes back
Round trip time was 2.55581 milliseconds in repetition 450
tcp_ping received 1024 bytes back
Round trip time was 2.39387 milliseconds in repetition 451
tcp_ping received 1024 bytes back
Round trip time was 10.7252 milliseconds in repetition 452
tcp_ping received 1024 bytes back
Round trip time was 23.9511 milliseconds in repetition 453
tcp_ping received 1024 bytes back
Round trip time was 29.577 milliseconds in repetition 454
tcp_ping received 1024 bytes back
Round trip time was 12.241 milliseconds in repetition 455
tcp_ping received 1024 bytes back
Round trip time was 3.52984 milliseconds in repetition 456
tcp_ping received 1024 bytes back
Round trip time was 13.9375 milliseconds in repetition 457
tcp_ping received 1024 bytes back
Round trip time was 16.7971 milliseconds in repetition 458
tcp_ping received 1024 bytes back
Round trip time was 19.1073 milliseconds in repetition 459
tcp_ping received 1024 bytes back
Round trip time was 19.5015 milliseconds in repetition 460
tcp_ping received 1024 bytes back
Round trip time was 18.0007 milliseconds in repetition 461
tcp_ping received 1024 bytes back
Round trip time was 5.06474 milliseconds in repetition 462
tcp_ping received 1024 bytes back
Round trip time was 2.76563 milliseconds in repetition 463
tcp_ping received 1024 bytes back
Round trip time was 3.0347 milliseconds in repetition 464
tcp_ping received 1024 bytes back
Round trip time was 13.0311 milliseconds in repetition 465
tcp_ping received 1024 bytes back
Round trip time was 11.7477 milliseconds in repetition 466
tcp_ping received 1024 bytes back
Round trip time was 2.60997 milliseconds in repetition 467
tcp_ping received 1024 bytes back
Round trip time was 2.41378 milliseconds in repetition 468
tcp_ping received 1024 bytes back
Round trip time was 2.96348 milliseconds in repetition 469
tcp_ping received 1024 bytes back
Round trip time was 6.02802 milliseconds in repetition 470
tcp_ping received 1024 bytes back
Round trip time was 3.91043 milliseconds in repetition 471
tcp_ping received 1024 bytes back
Round trip time was 2.37002 milliseconds in repetition 472
tcp_ping received 1024 bytes back
Round trip time was 2.30682 milliseconds in repetition 473
tcp_ping received 1024 bytes back
Round trip time was 5.98949 milliseconds in repetition 474
tcp_ping received 1024 bytes back
Round trip time was 2.05628 milliseconds in repetition 475
tcp_ping received 1024 bytes back
Round trip time was 3.09696 milliseconds in repetition 476
tcp_ping received 1024 bytes back
Round trip time was 2.32094 milliseconds in repetition 477
tcp_ping received 1024 bytes back
Round trip time was 0.944503 milliseconds in repetition 478
tcp_ping received 1024 bytes back
Round trip time was 2.27728 milliseconds in repetition 479
tcp_ping received 1024 bytes back
Round trip time was 2.37783 milliseconds in repetition 480
tcp_ping received 1024 bytes back
Round trip time was 2.5621 milliseconds in repetition 481
tcp_ping received 1024 bytes back
Round trip time was 2.57706 milliseconds in repetition 482
tcp_ping received 1024 bytes back
Round trip time was 2.40491 milliseconds in repetition 483
tcp_ping received 1024 bytes back
Round trip time was 2.39094 milliseconds in repetition 484
tcp_ping received 1024 bytes back
Round trip time was 8.16113 milliseconds in repetition 485
tcp_ping received 1024 bytes back
Round trip time was 2.60871 milliseconds in repetition 486
tcp_ping received 1024 bytes back
Round trip time was 2.74042 milliseconds in repetition 487
tcp_ping received 1024 bytes back
Round trip time was 2.76253 milliseconds in repetition 488
tcp_ping received 1024 bytes back
Round trip time was 8.4949 milliseconds in repetition 489
tcp_ping received 1024 bytes back
Round trip time was 3.25527 milliseconds in repetition 490
tcp_ping received 1024 bytes back
Round trip time was 4.23667 milliseconds in repetition 491
tcp_ping received 1024 bytes back
Round trip time was 2.37416 milliseconds in repetition 492
tcp_ping received 1024 bytes back
Round trip time was 2.28194 milliseconds in repetition 493
tcp_ping received 1024 bytes back
Round trip time was 2.30546 milliseconds in repetition 494
tcp_ping received 1024 bytes back
Round trip time was 2.29618 milliseconds in repetition 495
tcp_ping received 1024 bytes back
Round trip time was 15.4182 milliseconds in repetition 496
tcp_ping received 1024 bytes back
Round trip time was 2.30069 milliseconds in repetition 497
tcp_ping received 1024 bytes back
Round trip time was 1.83196 milliseconds in repetition 498
tcp_ping received 1024 bytes back
Round trip time was 2.25744 milliseconds in repetition 499
tcp_ping received 1024 bytes back
Round trip time was 1.59375 milliseconds in repetition 500
tcp_ping received 1024 bytes back
Round trip time was 2.18617 milliseconds in repetition 501

 ... clock resolution was 1e-06
TCP Ping:  Statistics over 501 repetitions of 1024 byte messages

RTT : percentile 10: 1.57603, median: 2.42296, percentile 90: 8.98563, average: 3.86425, variance: 15.6667

RTT histogram:
   overall Throughput : 529.987 KB/s

