UDP Ping trying to connect to server 192.168.1.110 (192.168.1.110) on TCP port 1491
 ... connected to Pong server: asking for 501 repetitions of 96 _bytes UDP messages
 ... Pong server agreed to ping-pong using port 62831 :-)
Round trip time was  2.063 milliseconds in repetition 1
Round trip time was  0.554 milliseconds in repetition 2
Round trip time was  2.204 milliseconds in repetition 3
Round trip time was  2.246 milliseconds in repetition 4
Round trip time was  2.251 milliseconds in repetition 5
Round trip time was  1.450 milliseconds in repetition 6
Round trip time was  1.936 milliseconds in repetition 7
Round trip time was  1.483 milliseconds in repetition 8
Round trip time was  0.750 milliseconds in repetition 9
Round trip time was  2.224 milliseconds in repetition 10
Round trip time was  1.735 milliseconds in repetition 11
Round trip time was  1.948 milliseconds in repetition 12
Round trip time was  2.176 milliseconds in repetition 13
Round trip time was  2.199 milliseconds in repetition 14
Round trip time was  1.952 milliseconds in repetition 15
Round trip time was  2.171 milliseconds in repetition 16
Round trip time was  1.730 milliseconds in repetition 17
Round trip time was  2.223 milliseconds in repetition 18
Round trip time was  1.687 milliseconds in repetition 19
Round trip time was  1.988 milliseconds in repetition 20
Round trip time was  2.044 milliseconds in repetition 21
Round trip time was  2.162 milliseconds in repetition 22
Round trip time was  1.538 milliseconds in repetition 23
Round trip time was  1.985 milliseconds in repetition 24
Round trip time was  2.196 milliseconds in repetition 25
Round trip time was  2.227 milliseconds in repetition 26
Round trip time was  2.231 milliseconds in repetition 27
Round trip time was  1.992 milliseconds in repetition 28
Round trip time was  2.021 milliseconds in repetition 29
Round trip time was  1.941 milliseconds in repetition 30
Round trip time was  1.393 milliseconds in repetition 31
Round trip time was  1.929 milliseconds in repetition 32
Round trip time was  1.939 milliseconds in repetition 33
Round trip time was  1.377 milliseconds in repetition 34
Round trip time was  1.870 milliseconds in repetition 35
Round trip time was  1.853 milliseconds in repetition 36
Round trip time was  1.949 milliseconds in repetition 37
Round trip time was  2.192 milliseconds in repetition 38
Round trip time was  2.168 milliseconds in repetition 39
Round trip time was  0.765 milliseconds in repetition 40
Round trip time was  1.892 milliseconds in repetition 41
Round trip time was  2.161 milliseconds in repetition 42
Round trip time was  2.083 milliseconds in repetition 43
Round trip time was  2.237 milliseconds in repetition 44
Round trip time was  2.225 milliseconds in repetition 45
Round trip time was  1.204 milliseconds in repetition 46
Round trip time was  2.190 milliseconds in repetition 47
Round trip time was  2.259 milliseconds in repetition 48
Round trip time was  2.162 milliseconds in repetition 49
Round trip time was  1.823 milliseconds in repetition 50
Round trip time was  2.252 milliseconds in repetition 51
Round trip time was  1.966 milliseconds in repetition 52
Round trip time was  2.182 milliseconds in repetition 53
Round trip time was  0.561 milliseconds in repetition 54
Round trip time was  0.822 milliseconds in repetition 55
Round trip time was  2.084 milliseconds in repetition 56
Round trip time was  1.897 milliseconds in repetition 57
Round trip time was  2.182 milliseconds in repetition 58
Round trip time was  1.911 milliseconds in repetition 59
Round trip time was  2.241 milliseconds in repetition 60
Round trip time was  1.732 milliseconds in repetition 61
Round trip time was  2.238 milliseconds in repetition 62
Round trip time was  1.693 milliseconds in repetition 63
Round trip time was  1.922 milliseconds in repetition 64
Round trip time was  2.056 milliseconds in repetition 65
Round trip time was  1.905 milliseconds in repetition 66
Round trip time was  2.220 milliseconds in repetition 67
Round trip time was  2.226 milliseconds in repetition 68
Round trip time was  1.650 milliseconds in repetition 69
Round trip time was  2.225 milliseconds in repetition 70
Round trip time was  2.265 milliseconds in repetition 71
Round trip time was  2.140 milliseconds in repetition 72
Round trip time was  1.273 milliseconds in repetition 73
Round trip time was  2.184 milliseconds in repetition 74
Round trip time was  1.865 milliseconds in repetition 75
Round trip time was  2.174 milliseconds in repetition 76
Round trip time was  1.993 milliseconds in repetition 77
Round trip time was  2.228 milliseconds in repetition 78
Round trip time was  2.201 milliseconds in repetition 79
Round trip time was  1.897 milliseconds in repetition 80
Round trip time was  1.238 milliseconds in repetition 81
Round trip time was  2.175 milliseconds in repetition 82
Round trip time was  2.211 milliseconds in repetition 83
Round trip time was  2.204 milliseconds in repetition 84
Round trip time was  2.220 milliseconds in repetition 85
Round trip time was  2.384 milliseconds in repetition 86
Round trip time was  0.668 milliseconds in repetition 87
Round trip time was  2.157 milliseconds in repetition 88
Round trip time was  1.966 milliseconds in repetition 89
Round trip time was  2.172 milliseconds in repetition 90
Round trip time was  2.035 milliseconds in repetition 91
Round trip time was  2.232 milliseconds in repetition 92
Round trip time was  2.233 milliseconds in repetition 93
Round trip time was  1.302 milliseconds in repetition 94
Round trip time was  1.968 milliseconds in repetition 95
Round trip time was  2.194 milliseconds in repetition 96
Round trip time was  1.924 milliseconds in repetition 97
Round trip time was  2.178 milliseconds in repetition 98
Round trip time was  1.934 milliseconds in repetition 99
Round trip time was  2.208 milliseconds in repetition 100
Round trip time was  1.806 milliseconds in repetition 101
Round trip time was  2.230 milliseconds in repetition 102
Round trip time was  1.806 milliseconds in repetition 103
Round trip time was  2.157 milliseconds in repetition 104
Round trip time was  1.728 milliseconds in repetition 105
Round trip time was  2.187 milliseconds in repetition 106
Round trip time was  1.742 milliseconds in repetition 107
Round trip time was  2.241 milliseconds in repetition 108
Round trip time was  2.214 milliseconds in repetition 109
Round trip time was  1.954 milliseconds in repetition 110
Round trip time was  1.656 milliseconds in repetition 111
Round trip time was  2.231 milliseconds in repetition 112
Round trip time was  2.251 milliseconds in repetition 113
Round trip time was  1.952 milliseconds in repetition 114
Round trip time was  1.410 milliseconds in repetition 115
Round trip time was  2.188 milliseconds in repetition 116
Round trip time was  2.182 milliseconds in repetition 117
Round trip time was  2.179 milliseconds in repetition 118
Round trip time was  1.364 milliseconds in repetition 119
Round trip time was  2.226 milliseconds in repetition 120
Round trip time was  2.184 milliseconds in repetition 121
Round trip time was  2.196 milliseconds in repetition 122
Round trip time was  1.524 milliseconds in repetition 123
Round trip time was  2.218 milliseconds in repetition 124
Round trip time was  2.371 milliseconds in repetition 125
Round trip time was  2.141 milliseconds in repetition 126
Round trip time was  1.778 milliseconds in repetition 127
Round trip time was  2.230 milliseconds in repetition 128
Round trip time was  2.034 milliseconds in repetition 129
Round trip time was  2.018 milliseconds in repetition 130
Round trip time was  2.237 milliseconds in repetition 131
Round trip time was  2.176 milliseconds in repetition 132
Round trip time was  1.897 milliseconds in repetition 133
Round trip time was  2.196 milliseconds in repetition 134
Round trip time was  1.819 milliseconds in repetition 135
Round trip time was  2.196 milliseconds in repetition 136
Round trip time was  1.881 milliseconds in repetition 137
Round trip time was  1.935 milliseconds in repetition 138
Round trip time was  2.203 milliseconds in repetition 139
Round trip time was  2.425 milliseconds in repetition 140
Round trip time was  2.248 milliseconds in repetition 141
Round trip time was  2.226 milliseconds in repetition 142
Round trip time was  1.428 milliseconds in repetition 143
Round trip time was  2.186 milliseconds in repetition 144
Round trip time was  2.186 milliseconds in repetition 145
Round trip time was  1.534 milliseconds in repetition 146
Round trip time was  2.115 milliseconds in repetition 147
Round trip time was  2.178 milliseconds in repetition 148
Round trip time was  2.196 milliseconds in repetition 149
Round trip time was  2.214 milliseconds in repetition 150
Round trip time was  2.028 milliseconds in repetition 151
Round trip time was  2.238 milliseconds in repetition 152
Round trip time was  2.148 milliseconds in repetition 153
Round trip time was  2.227 milliseconds in repetition 154
Round trip time was  2.169 milliseconds in repetition 155
Round trip time was  2.201 milliseconds in repetition 156
Round trip time was  2.235 milliseconds in repetition 157
Round trip time was  2.212 milliseconds in repetition 158
Round trip time was  0.986 milliseconds in repetition 159
Round trip time was  0.590 milliseconds in repetition 160
Round trip time was  2.022 milliseconds in repetition 161
Round trip time was  2.283 milliseconds in repetition 162
Round trip time was  1.835 milliseconds in repetition 163
Round trip time was  2.106 milliseconds in repetition 164
Round trip time was  2.149 milliseconds in repetition 165
Round trip time was  2.229 milliseconds in repetition 166
Round trip time was  2.216 milliseconds in repetition 167
Round trip time was  1.315 milliseconds in repetition 168
Round trip time was  1.827 milliseconds in repetition 169
Round trip time was  2.213 milliseconds in repetition 170
Round trip time was  1.914 milliseconds in repetition 171
Round trip time was  2.175 milliseconds in repetition 172
Round trip time was  2.227 milliseconds in repetition 173
Round trip time was  2.226 milliseconds in repetition 174
Round trip time was  2.222 milliseconds in repetition 175
Round trip time was  1.359 milliseconds in repetition 176
Round trip time was  2.178 milliseconds in repetition 177
Round trip time was  1.851 milliseconds in repetition 178
Round trip time was  2.206 milliseconds in repetition 179
Round trip time was  2.173 milliseconds in repetition 180
Round trip time was  2.229 milliseconds in repetition 181
Round trip time was  2.237 milliseconds in repetition 182
Round trip time was  2.225 milliseconds in repetition 183
Round trip time was  1.772 milliseconds in repetition 184
Round trip time was  2.154 milliseconds in repetition 185
Round trip time was  0.488 milliseconds in repetition 186
Round trip time was  2.137 milliseconds in repetition 187
Round trip time was  1.961 milliseconds in repetition 188
Round trip time was  2.209 milliseconds in repetition 189
Round trip time was  2.234 milliseconds in repetition 190
Round trip time was  2.221 milliseconds in repetition 191
Round trip time was  2.210 milliseconds in repetition 192
Round trip time was  1.270 milliseconds in repetition 193
Round trip time was  2.040 milliseconds in repetition 194
Round trip time was  2.157 milliseconds in repetition 195
Round trip time was  2.022 milliseconds in repetition 196
Round trip time was  2.215 milliseconds in repetition 197
Round trip time was  2.230 milliseconds in repetition 198
Round trip time was  2.216 milliseconds in repetition 199
Round trip time was  1.272 milliseconds in repetition 200
Round trip time was  2.142 milliseconds in repetition 201
Round trip time was  1.610 milliseconds in repetition 202
Round trip time was  2.032 milliseconds in repetition 203
Round trip time was  2.061 milliseconds in repetition 204
Round trip time was  1.993 milliseconds in repetition 205
Round trip time was  1.942 milliseconds in repetition 206
Round trip time was  1.956 milliseconds in repetition 207
Round trip time was  1.923 milliseconds in repetition 208
Round trip time was  2.055 milliseconds in repetition 209
Round trip time was  1.274 milliseconds in repetition 210
Round trip time was  2.169 milliseconds in repetition 211
Round trip time was  2.248 milliseconds in repetition 212
Round trip time was  1.861 milliseconds in repetition 213
Round trip time was  2.202 milliseconds in repetition 214
Round trip time was  2.182 milliseconds in repetition 215
Round trip time was  2.186 milliseconds in repetition 216
Round trip time was  2.029 milliseconds in repetition 217
Round trip time was  1.746 milliseconds in repetition 218
Round trip time was  1.034 milliseconds in repetition 219
Round trip time was  0.877 milliseconds in repetition 220
Round trip time was  0.865 milliseconds in repetition 221
Round trip time was  0.877 milliseconds in repetition 222
Round trip time was  1.000 milliseconds in repetition 223
Round trip time was  0.818 milliseconds in repetition 224
Round trip time was  0.857 milliseconds in repetition 225
Round trip time was  0.730 milliseconds in repetition 226
Round trip time was  0.719 milliseconds in repetition 227
Round trip time was  0.738 milliseconds in repetition 228
Round trip time was  0.737 milliseconds in repetition 229
Round trip time was  0.736 milliseconds in repetition 230
Round trip time was  0.743 milliseconds in repetition 231
Round trip time was  0.677 milliseconds in repetition 232
Round trip time was  0.603 milliseconds in repetition 233
Round trip time was  0.617 milliseconds in repetition 234
Round trip time was  0.601 milliseconds in repetition 235
Round trip time was  0.727 milliseconds in repetition 236
Round trip time was  0.721 milliseconds in repetition 237
Round trip time was  0.740 milliseconds in repetition 238
Round trip time was  0.742 milliseconds in repetition 239
Round trip time was  0.738 milliseconds in repetition 240
Round trip time was  0.735 milliseconds in repetition 241
Round trip time was  0.738 milliseconds in repetition 242
Round trip time was  0.735 milliseconds in repetition 243
Round trip time was  0.624 milliseconds in repetition 244
Round trip time was  0.721 milliseconds in repetition 245
Round trip time was  0.610 milliseconds in repetition 246
Round trip time was  0.615 milliseconds in repetition 247
Round trip time was  0.595 milliseconds in repetition 248
Round trip time was  0.665 milliseconds in repetition 249
Round trip time was  0.719 milliseconds in repetition 250
Round trip time was  0.723 milliseconds in repetition 251
Round trip time was  0.711 milliseconds in repetition 252
Round trip time was  0.719 milliseconds in repetition 253
Round trip time was  0.672 milliseconds in repetition 254
Round trip time was  0.598 milliseconds in repetition 255
Round trip time was  0.516 milliseconds in repetition 256
Round trip time was  0.589 milliseconds in repetition 257
Round trip time was  0.589 milliseconds in repetition 258
Round trip time was  0.589 milliseconds in repetition 259
Round trip time was  0.655 milliseconds in repetition 260
Round trip time was  0.724 milliseconds in repetition 261
Round trip time was  0.769 milliseconds in repetition 262
Round trip time was  0.726 milliseconds in repetition 263
Round trip time was  0.727 milliseconds in repetition 264
Round trip time was  0.727 milliseconds in repetition 265
Round trip time was  0.724 milliseconds in repetition 266
Round trip time was  0.734 milliseconds in repetition 267
Round trip time was  1.089 milliseconds in repetition 268
Round trip time was  1.137 milliseconds in repetition 269
Round trip time was  0.771 milliseconds in repetition 270
Round trip time was  0.717 milliseconds in repetition 271
Round trip time was  0.942 milliseconds in repetition 272
Round trip time was  0.927 milliseconds in repetition 273
Round trip time was  1.007 milliseconds in repetition 274
Round trip time was  0.939 milliseconds in repetition 275
Round trip time was  0.670 milliseconds in repetition 276
Round trip time was  1.132 milliseconds in repetition 277
Round trip time was  0.808 milliseconds in repetition 278
Round trip time was  1.021 milliseconds in repetition 279
Round trip time was  1.057 milliseconds in repetition 280
Round trip time was  1.250 milliseconds in repetition 281
Round trip time was  1.059 milliseconds in repetition 282
Round trip time was  1.093 milliseconds in repetition 283
Round trip time was  0.893 milliseconds in repetition 284
Round trip time was  1.089 milliseconds in repetition 285
Round trip time was  1.260 milliseconds in repetition 286
Round trip time was  1.261 milliseconds in repetition 287
Round trip time was  0.690 milliseconds in repetition 288
Round trip time was  0.837 milliseconds in repetition 289
Round trip time was  1.161 milliseconds in repetition 290
Round trip time was  1.264 milliseconds in repetition 291
Round trip time was  0.811 milliseconds in repetition 292
Round trip time was  1.047 milliseconds in repetition 293
Round trip time was  1.233 milliseconds in repetition 294
Round trip time was  1.028 milliseconds in repetition 295
Round trip time was  1.004 milliseconds in repetition 296
Round trip time was  1.194 milliseconds in repetition 297
Round trip time was  1.062 milliseconds in repetition 298
Round trip time was  0.876 milliseconds in repetition 299
Round trip time was  1.015 milliseconds in repetition 300
Round trip time was  1.121 milliseconds in repetition 301
Round trip time was  1.300 milliseconds in repetition 302
Round trip time was  0.906 milliseconds in repetition 303
Round trip time was  0.624 milliseconds in repetition 304
Round trip time was  0.822 milliseconds in repetition 305
Round trip time was  1.218 milliseconds in repetition 306
Round trip time was  0.757 milliseconds in repetition 307
Round trip time was  0.609 milliseconds in repetition 308
Round trip time was  0.689 milliseconds in repetition 309
Round trip time was  1.071 milliseconds in repetition 310
Round trip time was  2.036 milliseconds in repetition 311
Round trip time was  2.026 milliseconds in repetition 312
Round trip time was  2.233 milliseconds in repetition 313
Round trip time was  2.222 milliseconds in repetition 314
Round trip time was  2.292 milliseconds in repetition 315
Round trip time was  2.046 milliseconds in repetition 316
Round trip time was  0.993 milliseconds in repetition 317
Round trip time was  2.063 milliseconds in repetition 318
Round trip time was  2.236 milliseconds in repetition 319
Round trip time was  2.229 milliseconds in repetition 320
Round trip time was  1.382 milliseconds in repetition 321
Round trip time was  2.238 milliseconds in repetition 322
Round trip time was  2.192 milliseconds in repetition 323
Round trip time was  2.126 milliseconds in repetition 324
Round trip time was  1.782 milliseconds in repetition 325
Round trip time was  2.168 milliseconds in repetition 326
Round trip time was  2.237 milliseconds in repetition 327
Round trip time was  2.232 milliseconds in repetition 328
Round trip time was  1.690 milliseconds in repetition 329
Round trip time was  2.230 milliseconds in repetition 330
Round trip time was  1.394 milliseconds in repetition 331
Round trip time was  2.167 milliseconds in repetition 332
Round trip time was  1.826 milliseconds in repetition 333
Round trip time was  2.139 milliseconds in repetition 334
Round trip time was  2.212 milliseconds in repetition 335
Round trip time was  2.201 milliseconds in repetition 336
Round trip time was  2.233 milliseconds in repetition 337
Round trip time was  2.187 milliseconds in repetition 338
Round trip time was  2.247 milliseconds in repetition 339
Round trip time was  1.834 milliseconds in repetition 340
Round trip time was  0.568 milliseconds in repetition 341
Round trip time was  0.512 milliseconds in repetition 342
Round trip time was  0.417 milliseconds in repetition 343
Round trip time was  0.410 milliseconds in repetition 344
Round trip time was  0.468 milliseconds in repetition 345
Round trip time was  0.541 milliseconds in repetition 346
Round trip time was  0.551 milliseconds in repetition 347
Round trip time was  0.545 milliseconds in repetition 348
Round trip time was  0.658 milliseconds in repetition 349
Round trip time was  2.189 milliseconds in repetition 350
Round trip time was  1.668 milliseconds in repetition 351
Round trip time was  1.971 milliseconds in repetition 352
Round trip time was  2.087 milliseconds in repetition 353
Round trip time was  2.238 milliseconds in repetition 354
Round trip time was  1.752 milliseconds in repetition 355
Round trip time was  1.941 milliseconds in repetition 356
Round trip time was  2.243 milliseconds in repetition 357
Round trip time was  2.229 milliseconds in repetition 358
Round trip time was  1.898 milliseconds in repetition 359
Round trip time was  2.153 milliseconds in repetition 360
Round trip time was  2.166 milliseconds in repetition 361
Round trip time was  1.888 milliseconds in repetition 362
Round trip time was  2.018 milliseconds in repetition 363
Round trip time was  2.252 milliseconds in repetition 364
Round trip time was  2.203 milliseconds in repetition 365
Round trip time was  2.213 milliseconds in repetition 366
Round trip time was  0.607 milliseconds in repetition 367
Round trip time was  2.141 milliseconds in repetition 368
Round trip time was  0.876 milliseconds in repetition 369
Round trip time was  2.162 milliseconds in repetition 370
Round trip time was  2.227 milliseconds in repetition 371
Round trip time was  1.933 milliseconds in repetition 372
Round trip time was  2.152 milliseconds in repetition 373
Round trip time was  0.780 milliseconds in repetition 374
Round trip time was  1.962 milliseconds in repetition 375
Round trip time was  2.178 milliseconds in repetition 376
Round trip time was  2.196 milliseconds in repetition 377
Round trip time was  1.110 milliseconds in repetition 378
Round trip time was  2.225 milliseconds in repetition 379
Round trip time was  2.198 milliseconds in repetition 380
Round trip time was  1.880 milliseconds in repetition 381
Round trip time was  3.681 milliseconds in repetition 382
Round trip time was  2.249 milliseconds in repetition 383
Round trip time was  2.260 milliseconds in repetition 384
Round trip time was  2.137 milliseconds in repetition 385
Round trip time was  2.205 milliseconds in repetition 386
Round trip time was  1.754 milliseconds in repetition 387
Round trip time was  2.154 milliseconds in repetition 388
Round trip time was  2.059 milliseconds in repetition 389
Round trip time was  2.241 milliseconds in repetition 390
Round trip time was  1.999 milliseconds in repetition 391
Round trip time was  2.177 milliseconds in repetition 392
Round trip time was  2.177 milliseconds in repetition 393
Round trip time was  2.228 milliseconds in repetition 394
Round trip time was  2.026 milliseconds in repetition 395
Round trip time was  1.937 milliseconds in repetition 396
Round trip time was  0.695 milliseconds in repetition 397
Round trip time was  2.146 milliseconds in repetition 398
Round trip time was  2.122 milliseconds in repetition 399
Round trip time was  2.198 milliseconds in repetition 400
Round trip time was  1.633 milliseconds in repetition 401
Round trip time was  1.627 milliseconds in repetition 402
Round trip time was  2.198 milliseconds in repetition 403
Round trip time was  2.239 milliseconds in repetition 404
Round trip time was  1.950 milliseconds in repetition 405
Round trip time was  2.125 milliseconds in repetition 406
Round trip time was  1.967 milliseconds in repetition 407
Round trip time was  2.194 milliseconds in repetition 408
Round trip time was  1.761 milliseconds in repetition 409
Round trip time was  2.162 milliseconds in repetition 410
Round trip time was  2.191 milliseconds in repetition 411
Round trip time was  2.114 milliseconds in repetition 412
Round trip time was  1.923 milliseconds in repetition 413
Round trip time was  2.168 milliseconds in repetition 414
Round trip time was  2.236 milliseconds in repetition 415
Round trip time was  2.217 milliseconds in repetition 416
Round trip time was  2.233 milliseconds in repetition 417
Round trip time was  1.506 milliseconds in repetition 418
Round trip time was  0.726 milliseconds in repetition 419
Round trip time was  2.258 milliseconds in repetition 420
Round trip time was  2.192 milliseconds in repetition 421
Round trip time was  2.258 milliseconds in repetition 422
Round trip time was  2.201 milliseconds in repetition 423
Round trip time was  2.214 milliseconds in repetition 424
Round trip time was  1.307 milliseconds in repetition 425
Round trip time was  2.232 milliseconds in repetition 426
Round trip time was  1.172 milliseconds in repetition 427
Round trip time was  1.990 milliseconds in repetition 428
Round trip time was  2.202 milliseconds in repetition 429
Round trip time was  1.926 milliseconds in repetition 430
Round trip time was  2.224 milliseconds in repetition 431
Round trip time was  2.212 milliseconds in repetition 432
Round trip time was  2.228 milliseconds in repetition 433
Round trip time was  2.220 milliseconds in repetition 434
Round trip time was  1.533 milliseconds in repetition 435
Round trip time was  2.171 milliseconds in repetition 436
Round trip time was  2.292 milliseconds in repetition 437
Round trip time was  1.811 milliseconds in repetition 438
Round trip time was  2.218 milliseconds in repetition 439
Round trip time was  2.222 milliseconds in repetition 440
Round trip time was  2.233 milliseconds in repetition 441
Round trip time was  2.219 milliseconds in repetition 442
Round trip time was  1.428 milliseconds in repetition 443
Round trip time was  2.106 milliseconds in repetition 444
Round trip time was  2.178 milliseconds in repetition 445
Round trip time was  1.938 milliseconds in repetition 446
Round trip time was  2.126 milliseconds in repetition 447
Round trip time was  2.232 milliseconds in repetition 448
Round trip time was  2.208 milliseconds in repetition 449
Round trip time was  2.206 milliseconds in repetition 450
Round trip time was  1.771 milliseconds in repetition 451
Round trip time was  1.880 milliseconds in repetition 452
Round trip time was  2.210 milliseconds in repetition 453
Round trip time was  2.087 milliseconds in repetition 454
Round trip time was  2.161 milliseconds in repetition 455
Round trip time was  2.229 milliseconds in repetition 456
Round trip time was  2.225 milliseconds in repetition 457
Round trip time was  2.204 milliseconds in repetition 458
Round trip time was  1.365 milliseconds in repetition 459
Round trip time was  2.205 milliseconds in repetition 460
Round trip time was  2.224 milliseconds in repetition 461
Round trip time was  2.024 milliseconds in repetition 462
Round trip time was  1.944 milliseconds in repetition 463
Round trip time was  1.782 milliseconds in repetition 464
Round trip time was  2.221 milliseconds in repetition 465
Round trip time was  2.202 milliseconds in repetition 466
Round trip time was  1.957 milliseconds in repetition 467
Round trip time was  1.506 milliseconds in repetition 468
Round trip time was  2.198 milliseconds in repetition 469
Round trip time was  1.910 milliseconds in repetition 470
Round trip time was  2.082 milliseconds in repetition 471
Round trip time was  2.115 milliseconds in repetition 472
Round trip time was  2.077 milliseconds in repetition 473
Round trip time was  2.270 milliseconds in repetition 474
Round trip time was  2.210 milliseconds in repetition 475
Round trip time was  0.723 milliseconds in repetition 476
Round trip time was  2.116 milliseconds in repetition 477
Round trip time was  2.257 milliseconds in repetition 478
Round trip time was  1.948 milliseconds in repetition 479
Round trip time was  2.199 milliseconds in repetition 480
Round trip time was  2.226 milliseconds in repetition 481
Round trip time was  1.621 milliseconds in repetition 482
Round trip time was  1.905 milliseconds in repetition 483
Round trip time was  2.133 milliseconds in repetition 484
Round trip time was  2.214 milliseconds in repetition 485
Round trip time was  2.231 milliseconds in repetition 486
Round trip time was  2.015 milliseconds in repetition 487
Round trip time was  2.225 milliseconds in repetition 488
Round trip time was  2.218 milliseconds in repetition 489
Round trip time was  1.915 milliseconds in repetition 490
Round trip time was  2.151 milliseconds in repetition 491
Round trip time was  0.701 milliseconds in repetition 492
Round trip time was  2.180 milliseconds in repetition 493
Round trip time was  2.234 milliseconds in repetition 494
Round trip time was  2.290 milliseconds in repetition 495
Round trip time was  2.163 milliseconds in repetition 496
Round trip time was  2.223 milliseconds in repetition 497
Round trip time was  0.592 milliseconds in repetition 498
Round trip time was  2.032 milliseconds in repetition 499
Round trip time was  2.169 milliseconds in repetition 500
Round trip time was  1.625 milliseconds in repetition 501

 ... clock resolution was 1e-06
UDP Ping:  Statistics over 501 repetitions of 96 byte messages

RTT : percentile 10: 0.7255, median: 2.026, percentile 90: 2.2321, average: 1.7516, variance: 0.346665

RTT histogram:
   overall Throughput : 109.614 KB/s

